[2024-06-05T00:02:37.897+0000] {processor.py:161} INFO - Started process (PID=59) to work on /home/airflow/.local/lib/python3.12/site-packages/airflow/example_dags/example_sensors.py
[2024-06-05T00:02:37.898+0000] {processor.py:830} INFO - Processing file /home/airflow/.local/lib/python3.12/site-packages/airflow/example_dags/example_sensors.py for tasks to queue
[2024-06-05T00:02:37.900+0000] {logging_mixin.py:188} INFO - [2024-06-05T00:02:37.900+0000] {dagbag.py:545} INFO - Filling up the DagBag from /home/airflow/.local/lib/python3.12/site-packages/airflow/example_dags/example_sensors.py
[2024-06-05T00:02:37.911+0000] {processor.py:840} INFO - DAG(s) 'example_sensors' retrieved from /home/airflow/.local/lib/python3.12/site-packages/airflow/example_dags/example_sensors.py
[2024-06-05T00:02:37.939+0000] {logging_mixin.py:188} INFO - [2024-06-05T00:02:37.939+0000] {dag.py:3096} INFO - Sync 1 DAGs
[2024-06-05T00:02:37.955+0000] {logging_mixin.py:188} INFO - [2024-06-05T00:02:37.955+0000] {dag.py:3954} INFO - Setting next_dagrun for example_sensors to None, run_after=None
[2024-06-05T00:02:37.975+0000] {processor.py:183} INFO - Processing /home/airflow/.local/lib/python3.12/site-packages/airflow/example_dags/example_sensors.py took 0.083 seconds
[2024-06-05T00:03:08.876+0000] {processor.py:161} INFO - Started process (PID=119) to work on /home/airflow/.local/lib/python3.12/site-packages/airflow/example_dags/example_sensors.py
[2024-06-05T00:03:08.877+0000] {processor.py:830} INFO - Processing file /home/airflow/.local/lib/python3.12/site-packages/airflow/example_dags/example_sensors.py for tasks to queue
[2024-06-05T00:03:08.881+0000] {logging_mixin.py:188} INFO - [2024-06-05T00:03:08.880+0000] {dagbag.py:545} INFO - Filling up the DagBag from /home/airflow/.local/lib/python3.12/site-packages/airflow/example_dags/example_sensors.py
[2024-06-05T00:03:08.896+0000] {processor.py:840} INFO - DAG(s) 'example_sensors' retrieved from /home/airflow/.local/lib/python3.12/site-packages/airflow/example_dags/example_sensors.py
[2024-06-05T00:03:08.955+0000] {logging_mixin.py:188} INFO - [2024-06-05T00:03:08.955+0000] {dag.py:3096} INFO - Sync 1 DAGs
[2024-06-05T00:03:08.976+0000] {logging_mixin.py:188} INFO - [2024-06-05T00:03:08.976+0000] {dag.py:3954} INFO - Setting next_dagrun for example_sensors to None, run_after=None
[2024-06-05T00:03:09.017+0000] {processor.py:183} INFO - Processing /home/airflow/.local/lib/python3.12/site-packages/airflow/example_dags/example_sensors.py took 0.149 seconds
[2024-06-05T00:03:39.746+0000] {processor.py:161} INFO - Started process (PID=179) to work on /home/airflow/.local/lib/python3.12/site-packages/airflow/example_dags/example_sensors.py
[2024-06-05T00:03:39.747+0000] {processor.py:830} INFO - Processing file /home/airflow/.local/lib/python3.12/site-packages/airflow/example_dags/example_sensors.py for tasks to queue
[2024-06-05T00:03:39.748+0000] {logging_mixin.py:188} INFO - [2024-06-05T00:03:39.748+0000] {dagbag.py:545} INFO - Filling up the DagBag from /home/airflow/.local/lib/python3.12/site-packages/airflow/example_dags/example_sensors.py
[2024-06-05T00:03:39.756+0000] {processor.py:840} INFO - DAG(s) 'example_sensors' retrieved from /home/airflow/.local/lib/python3.12/site-packages/airflow/example_dags/example_sensors.py
[2024-06-05T00:03:39.775+0000] {logging_mixin.py:188} INFO - [2024-06-05T00:03:39.775+0000] {dag.py:3096} INFO - Sync 1 DAGs
[2024-06-05T00:03:39.786+0000] {logging_mixin.py:188} INFO - [2024-06-05T00:03:39.786+0000] {dag.py:3954} INFO - Setting next_dagrun for example_sensors to None, run_after=None
[2024-06-05T00:03:39.801+0000] {processor.py:183} INFO - Processing /home/airflow/.local/lib/python3.12/site-packages/airflow/example_dags/example_sensors.py took 0.060 seconds
[2024-06-05T00:04:09.873+0000] {processor.py:161} INFO - Started process (PID=238) to work on /home/airflow/.local/lib/python3.12/site-packages/airflow/example_dags/example_sensors.py
[2024-06-05T00:04:09.874+0000] {processor.py:830} INFO - Processing file /home/airflow/.local/lib/python3.12/site-packages/airflow/example_dags/example_sensors.py for tasks to queue
[2024-06-05T00:04:09.876+0000] {logging_mixin.py:188} INFO - [2024-06-05T00:04:09.876+0000] {dagbag.py:545} INFO - Filling up the DagBag from /home/airflow/.local/lib/python3.12/site-packages/airflow/example_dags/example_sensors.py
[2024-06-05T00:04:09.884+0000] {processor.py:840} INFO - DAG(s) 'example_sensors' retrieved from /home/airflow/.local/lib/python3.12/site-packages/airflow/example_dags/example_sensors.py
[2024-06-05T00:04:09.907+0000] {logging_mixin.py:188} INFO - [2024-06-05T00:04:09.907+0000] {dag.py:3096} INFO - Sync 1 DAGs
[2024-06-05T00:04:09.919+0000] {logging_mixin.py:188} INFO - [2024-06-05T00:04:09.919+0000] {dag.py:3954} INFO - Setting next_dagrun for example_sensors to None, run_after=None
[2024-06-05T00:04:09.934+0000] {processor.py:183} INFO - Processing /home/airflow/.local/lib/python3.12/site-packages/airflow/example_dags/example_sensors.py took 0.066 seconds
[2024-06-05T00:04:40.062+0000] {processor.py:161} INFO - Started process (PID=298) to work on /home/airflow/.local/lib/python3.12/site-packages/airflow/example_dags/example_sensors.py
[2024-06-05T00:04:40.062+0000] {processor.py:830} INFO - Processing file /home/airflow/.local/lib/python3.12/site-packages/airflow/example_dags/example_sensors.py for tasks to queue
[2024-06-05T00:04:40.065+0000] {logging_mixin.py:188} INFO - [2024-06-05T00:04:40.065+0000] {dagbag.py:545} INFO - Filling up the DagBag from /home/airflow/.local/lib/python3.12/site-packages/airflow/example_dags/example_sensors.py
[2024-06-05T00:04:40.076+0000] {processor.py:840} INFO - DAG(s) 'example_sensors' retrieved from /home/airflow/.local/lib/python3.12/site-packages/airflow/example_dags/example_sensors.py
[2024-06-05T00:04:40.105+0000] {logging_mixin.py:188} INFO - [2024-06-05T00:04:40.105+0000] {dag.py:3096} INFO - Sync 1 DAGs
[2024-06-05T00:04:40.118+0000] {logging_mixin.py:188} INFO - [2024-06-05T00:04:40.118+0000] {dag.py:3954} INFO - Setting next_dagrun for example_sensors to None, run_after=None
[2024-06-05T00:04:40.134+0000] {processor.py:183} INFO - Processing /home/airflow/.local/lib/python3.12/site-packages/airflow/example_dags/example_sensors.py took 0.077 seconds
[2024-06-05T00:05:10.489+0000] {processor.py:161} INFO - Started process (PID=358) to work on /home/airflow/.local/lib/python3.12/site-packages/airflow/example_dags/example_sensors.py
[2024-06-05T00:05:10.490+0000] {processor.py:830} INFO - Processing file /home/airflow/.local/lib/python3.12/site-packages/airflow/example_dags/example_sensors.py for tasks to queue
[2024-06-05T00:05:10.492+0000] {logging_mixin.py:188} INFO - [2024-06-05T00:05:10.491+0000] {dagbag.py:545} INFO - Filling up the DagBag from /home/airflow/.local/lib/python3.12/site-packages/airflow/example_dags/example_sensors.py
[2024-06-05T00:05:10.500+0000] {processor.py:840} INFO - DAG(s) 'example_sensors' retrieved from /home/airflow/.local/lib/python3.12/site-packages/airflow/example_dags/example_sensors.py
[2024-06-05T00:05:10.526+0000] {logging_mixin.py:188} INFO - [2024-06-05T00:05:10.526+0000] {dag.py:3096} INFO - Sync 1 DAGs
[2024-06-05T00:05:10.538+0000] {logging_mixin.py:188} INFO - [2024-06-05T00:05:10.537+0000] {dag.py:3954} INFO - Setting next_dagrun for example_sensors to None, run_after=None
[2024-06-05T00:05:10.553+0000] {processor.py:183} INFO - Processing /home/airflow/.local/lib/python3.12/site-packages/airflow/example_dags/example_sensors.py took 0.070 seconds
[2024-06-05T00:05:40.620+0000] {processor.py:161} INFO - Started process (PID=418) to work on /home/airflow/.local/lib/python3.12/site-packages/airflow/example_dags/example_sensors.py
[2024-06-05T00:05:40.620+0000] {processor.py:830} INFO - Processing file /home/airflow/.local/lib/python3.12/site-packages/airflow/example_dags/example_sensors.py for tasks to queue
[2024-06-05T00:05:40.622+0000] {logging_mixin.py:188} INFO - [2024-06-05T00:05:40.622+0000] {dagbag.py:545} INFO - Filling up the DagBag from /home/airflow/.local/lib/python3.12/site-packages/airflow/example_dags/example_sensors.py
[2024-06-05T00:05:40.629+0000] {processor.py:840} INFO - DAG(s) 'example_sensors' retrieved from /home/airflow/.local/lib/python3.12/site-packages/airflow/example_dags/example_sensors.py
[2024-06-05T00:05:40.651+0000] {logging_mixin.py:188} INFO - [2024-06-05T00:05:40.650+0000] {dag.py:3096} INFO - Sync 1 DAGs
[2024-06-05T00:05:40.661+0000] {logging_mixin.py:188} INFO - [2024-06-05T00:05:40.661+0000] {dag.py:3954} INFO - Setting next_dagrun for example_sensors to None, run_after=None
[2024-06-05T00:05:40.679+0000] {processor.py:183} INFO - Processing /home/airflow/.local/lib/python3.12/site-packages/airflow/example_dags/example_sensors.py took 0.064 seconds
[2024-06-05T00:06:11.157+0000] {processor.py:161} INFO - Started process (PID=478) to work on /home/airflow/.local/lib/python3.12/site-packages/airflow/example_dags/example_sensors.py
[2024-06-05T00:06:11.158+0000] {processor.py:830} INFO - Processing file /home/airflow/.local/lib/python3.12/site-packages/airflow/example_dags/example_sensors.py for tasks to queue
[2024-06-05T00:06:11.160+0000] {logging_mixin.py:188} INFO - [2024-06-05T00:06:11.159+0000] {dagbag.py:545} INFO - Filling up the DagBag from /home/airflow/.local/lib/python3.12/site-packages/airflow/example_dags/example_sensors.py
[2024-06-05T00:06:11.169+0000] {processor.py:840} INFO - DAG(s) 'example_sensors' retrieved from /home/airflow/.local/lib/python3.12/site-packages/airflow/example_dags/example_sensors.py
[2024-06-05T00:06:11.207+0000] {logging_mixin.py:188} INFO - [2024-06-05T00:06:11.207+0000] {dag.py:3096} INFO - Sync 1 DAGs
[2024-06-05T00:06:11.225+0000] {logging_mixin.py:188} INFO - [2024-06-05T00:06:11.225+0000] {dag.py:3954} INFO - Setting next_dagrun for example_sensors to None, run_after=None
[2024-06-05T00:06:11.249+0000] {processor.py:183} INFO - Processing /home/airflow/.local/lib/python3.12/site-packages/airflow/example_dags/example_sensors.py took 0.097 seconds
[2024-06-05T00:06:41.291+0000] {processor.py:161} INFO - Started process (PID=536) to work on /home/airflow/.local/lib/python3.12/site-packages/airflow/example_dags/example_sensors.py
[2024-06-05T00:06:41.292+0000] {processor.py:830} INFO - Processing file /home/airflow/.local/lib/python3.12/site-packages/airflow/example_dags/example_sensors.py for tasks to queue
[2024-06-05T00:06:41.294+0000] {logging_mixin.py:188} INFO - [2024-06-05T00:06:41.294+0000] {dagbag.py:545} INFO - Filling up the DagBag from /home/airflow/.local/lib/python3.12/site-packages/airflow/example_dags/example_sensors.py
[2024-06-05T00:06:41.303+0000] {processor.py:840} INFO - DAG(s) 'example_sensors' retrieved from /home/airflow/.local/lib/python3.12/site-packages/airflow/example_dags/example_sensors.py
[2024-06-05T00:06:41.326+0000] {logging_mixin.py:188} INFO - [2024-06-05T00:06:41.326+0000] {dag.py:3096} INFO - Sync 1 DAGs
[2024-06-05T00:06:41.338+0000] {logging_mixin.py:188} INFO - [2024-06-05T00:06:41.338+0000] {dag.py:3954} INFO - Setting next_dagrun for example_sensors to None, run_after=None
[2024-06-05T00:06:41.356+0000] {processor.py:183} INFO - Processing /home/airflow/.local/lib/python3.12/site-packages/airflow/example_dags/example_sensors.py took 0.070 seconds
[2024-06-05T00:07:11.556+0000] {processor.py:161} INFO - Started process (PID=596) to work on /home/airflow/.local/lib/python3.12/site-packages/airflow/example_dags/example_sensors.py
[2024-06-05T00:07:11.556+0000] {processor.py:830} INFO - Processing file /home/airflow/.local/lib/python3.12/site-packages/airflow/example_dags/example_sensors.py for tasks to queue
[2024-06-05T00:07:11.559+0000] {logging_mixin.py:188} INFO - [2024-06-05T00:07:11.559+0000] {dagbag.py:545} INFO - Filling up the DagBag from /home/airflow/.local/lib/python3.12/site-packages/airflow/example_dags/example_sensors.py
[2024-06-05T00:07:11.567+0000] {processor.py:840} INFO - DAG(s) 'example_sensors' retrieved from /home/airflow/.local/lib/python3.12/site-packages/airflow/example_dags/example_sensors.py
[2024-06-05T00:07:11.589+0000] {logging_mixin.py:188} INFO - [2024-06-05T00:07:11.588+0000] {dag.py:3096} INFO - Sync 1 DAGs
[2024-06-05T00:07:11.600+0000] {logging_mixin.py:188} INFO - [2024-06-05T00:07:11.600+0000] {dag.py:3954} INFO - Setting next_dagrun for example_sensors to None, run_after=None
[2024-06-05T00:07:11.622+0000] {processor.py:183} INFO - Processing /home/airflow/.local/lib/python3.12/site-packages/airflow/example_dags/example_sensors.py took 0.071 seconds
[2024-06-05T00:07:42.218+0000] {processor.py:161} INFO - Started process (PID=656) to work on /home/airflow/.local/lib/python3.12/site-packages/airflow/example_dags/example_sensors.py
[2024-06-05T00:07:42.219+0000] {processor.py:830} INFO - Processing file /home/airflow/.local/lib/python3.12/site-packages/airflow/example_dags/example_sensors.py for tasks to queue
[2024-06-05T00:07:42.221+0000] {logging_mixin.py:188} INFO - [2024-06-05T00:07:42.220+0000] {dagbag.py:545} INFO - Filling up the DagBag from /home/airflow/.local/lib/python3.12/site-packages/airflow/example_dags/example_sensors.py
[2024-06-05T00:07:42.228+0000] {processor.py:840} INFO - DAG(s) 'example_sensors' retrieved from /home/airflow/.local/lib/python3.12/site-packages/airflow/example_dags/example_sensors.py
[2024-06-05T00:07:42.250+0000] {logging_mixin.py:188} INFO - [2024-06-05T00:07:42.249+0000] {dag.py:3096} INFO - Sync 1 DAGs
[2024-06-05T00:07:42.260+0000] {logging_mixin.py:188} INFO - [2024-06-05T00:07:42.260+0000] {dag.py:3954} INFO - Setting next_dagrun for example_sensors to None, run_after=None
[2024-06-05T00:07:42.273+0000] {processor.py:183} INFO - Processing /home/airflow/.local/lib/python3.12/site-packages/airflow/example_dags/example_sensors.py took 0.060 seconds
[2024-06-05T00:08:12.538+0000] {processor.py:161} INFO - Started process (PID=716) to work on /home/airflow/.local/lib/python3.12/site-packages/airflow/example_dags/example_sensors.py
[2024-06-05T00:08:12.539+0000] {processor.py:830} INFO - Processing file /home/airflow/.local/lib/python3.12/site-packages/airflow/example_dags/example_sensors.py for tasks to queue
[2024-06-05T00:08:12.540+0000] {logging_mixin.py:188} INFO - [2024-06-05T00:08:12.540+0000] {dagbag.py:545} INFO - Filling up the DagBag from /home/airflow/.local/lib/python3.12/site-packages/airflow/example_dags/example_sensors.py
[2024-06-05T00:08:12.548+0000] {processor.py:840} INFO - DAG(s) 'example_sensors' retrieved from /home/airflow/.local/lib/python3.12/site-packages/airflow/example_dags/example_sensors.py
[2024-06-05T00:08:12.566+0000] {logging_mixin.py:188} INFO - [2024-06-05T00:08:12.566+0000] {dag.py:3096} INFO - Sync 1 DAGs
[2024-06-05T00:08:12.576+0000] {logging_mixin.py:188} INFO - [2024-06-05T00:08:12.576+0000] {dag.py:3954} INFO - Setting next_dagrun for example_sensors to None, run_after=None
[2024-06-05T00:08:12.591+0000] {processor.py:183} INFO - Processing /home/airflow/.local/lib/python3.12/site-packages/airflow/example_dags/example_sensors.py took 0.058 seconds
[2024-06-05T00:08:43.008+0000] {processor.py:161} INFO - Started process (PID=776) to work on /home/airflow/.local/lib/python3.12/site-packages/airflow/example_dags/example_sensors.py
[2024-06-05T00:08:43.009+0000] {processor.py:830} INFO - Processing file /home/airflow/.local/lib/python3.12/site-packages/airflow/example_dags/example_sensors.py for tasks to queue
[2024-06-05T00:08:43.011+0000] {logging_mixin.py:188} INFO - [2024-06-05T00:08:43.010+0000] {dagbag.py:545} INFO - Filling up the DagBag from /home/airflow/.local/lib/python3.12/site-packages/airflow/example_dags/example_sensors.py
[2024-06-05T00:08:43.018+0000] {processor.py:840} INFO - DAG(s) 'example_sensors' retrieved from /home/airflow/.local/lib/python3.12/site-packages/airflow/example_dags/example_sensors.py
[2024-06-05T00:08:43.038+0000] {logging_mixin.py:188} INFO - [2024-06-05T00:08:43.038+0000] {dag.py:3096} INFO - Sync 1 DAGs
[2024-06-05T00:08:43.049+0000] {logging_mixin.py:188} INFO - [2024-06-05T00:08:43.049+0000] {dag.py:3954} INFO - Setting next_dagrun for example_sensors to None, run_after=None
[2024-06-05T00:08:43.062+0000] {processor.py:183} INFO - Processing /home/airflow/.local/lib/python3.12/site-packages/airflow/example_dags/example_sensors.py took 0.059 seconds
[2024-06-05T00:09:13.660+0000] {processor.py:161} INFO - Started process (PID=836) to work on /home/airflow/.local/lib/python3.12/site-packages/airflow/example_dags/example_sensors.py
[2024-06-05T00:09:13.661+0000] {processor.py:830} INFO - Processing file /home/airflow/.local/lib/python3.12/site-packages/airflow/example_dags/example_sensors.py for tasks to queue
[2024-06-05T00:09:13.663+0000] {logging_mixin.py:188} INFO - [2024-06-05T00:09:13.662+0000] {dagbag.py:545} INFO - Filling up the DagBag from /home/airflow/.local/lib/python3.12/site-packages/airflow/example_dags/example_sensors.py
[2024-06-05T00:09:13.670+0000] {processor.py:840} INFO - DAG(s) 'example_sensors' retrieved from /home/airflow/.local/lib/python3.12/site-packages/airflow/example_dags/example_sensors.py
[2024-06-05T00:09:13.693+0000] {logging_mixin.py:188} INFO - [2024-06-05T00:09:13.692+0000] {dag.py:3096} INFO - Sync 1 DAGs
[2024-06-05T00:09:13.704+0000] {logging_mixin.py:188} INFO - [2024-06-05T00:09:13.704+0000] {dag.py:3954} INFO - Setting next_dagrun for example_sensors to None, run_after=None
[2024-06-05T00:09:13.718+0000] {processor.py:183} INFO - Processing /home/airflow/.local/lib/python3.12/site-packages/airflow/example_dags/example_sensors.py took 0.063 seconds
[2024-06-05T00:09:44.426+0000] {processor.py:161} INFO - Started process (PID=897) to work on /home/airflow/.local/lib/python3.12/site-packages/airflow/example_dags/example_sensors.py
[2024-06-05T00:09:44.428+0000] {processor.py:830} INFO - Processing file /home/airflow/.local/lib/python3.12/site-packages/airflow/example_dags/example_sensors.py for tasks to queue
[2024-06-05T00:09:44.430+0000] {logging_mixin.py:188} INFO - [2024-06-05T00:09:44.430+0000] {dagbag.py:545} INFO - Filling up the DagBag from /home/airflow/.local/lib/python3.12/site-packages/airflow/example_dags/example_sensors.py
[2024-06-05T00:09:44.456+0000] {processor.py:840} INFO - DAG(s) 'example_sensors' retrieved from /home/airflow/.local/lib/python3.12/site-packages/airflow/example_dags/example_sensors.py
[2024-06-05T00:09:44.502+0000] {logging_mixin.py:188} INFO - [2024-06-05T00:09:44.502+0000] {dag.py:3096} INFO - Sync 1 DAGs
[2024-06-05T00:09:44.520+0000] {logging_mixin.py:188} INFO - [2024-06-05T00:09:44.519+0000] {dag.py:3954} INFO - Setting next_dagrun for example_sensors to None, run_after=None
[2024-06-05T00:09:44.552+0000] {processor.py:183} INFO - Processing /home/airflow/.local/lib/python3.12/site-packages/airflow/example_dags/example_sensors.py took 0.140 seconds
