[2024-06-05T00:02:39.029+0000] {processor.py:161} INFO - Started process (PID=72) to work on /home/airflow/.local/lib/python3.12/site-packages/airflow/example_dags/example_display_name.py
[2024-06-05T00:02:39.031+0000] {processor.py:830} INFO - Processing file /home/airflow/.local/lib/python3.12/site-packages/airflow/example_dags/example_display_name.py for tasks to queue
[2024-06-05T00:02:39.034+0000] {logging_mixin.py:188} INFO - [2024-06-05T00:02:39.033+0000] {dagbag.py:545} INFO - Filling up the DagBag from /home/airflow/.local/lib/python3.12/site-packages/airflow/example_dags/example_display_name.py
[2024-06-05T00:02:39.049+0000] {processor.py:840} INFO - DAG(s) 'example_display_name' retrieved from /home/airflow/.local/lib/python3.12/site-packages/airflow/example_dags/example_display_name.py
[2024-06-05T00:02:39.077+0000] {logging_mixin.py:188} INFO - [2024-06-05T00:02:39.077+0000] {dag.py:3096} INFO - Sync 1 DAGs
[2024-06-05T00:02:39.101+0000] {logging_mixin.py:188} INFO - [2024-06-05T00:02:39.101+0000] {dag.py:3954} INFO - Setting next_dagrun for example_display_name to None, run_after=None
[2024-06-05T00:02:39.160+0000] {processor.py:183} INFO - Processing /home/airflow/.local/lib/python3.12/site-packages/airflow/example_dags/example_display_name.py took 0.140 seconds
[2024-06-05T00:03:10.569+0000] {processor.py:161} INFO - Started process (PID=132) to work on /home/airflow/.local/lib/python3.12/site-packages/airflow/example_dags/example_display_name.py
[2024-06-05T00:03:10.571+0000] {processor.py:830} INFO - Processing file /home/airflow/.local/lib/python3.12/site-packages/airflow/example_dags/example_display_name.py for tasks to queue
[2024-06-05T00:03:10.574+0000] {logging_mixin.py:188} INFO - [2024-06-05T00:03:10.573+0000] {dagbag.py:545} INFO - Filling up the DagBag from /home/airflow/.local/lib/python3.12/site-packages/airflow/example_dags/example_display_name.py
[2024-06-05T00:03:10.583+0000] {processor.py:840} INFO - DAG(s) 'example_display_name' retrieved from /home/airflow/.local/lib/python3.12/site-packages/airflow/example_dags/example_display_name.py
[2024-06-05T00:03:10.612+0000] {logging_mixin.py:188} INFO - [2024-06-05T00:03:10.612+0000] {dag.py:3096} INFO - Sync 1 DAGs
[2024-06-05T00:03:10.638+0000] {logging_mixin.py:188} INFO - [2024-06-05T00:03:10.638+0000] {dag.py:3954} INFO - Setting next_dagrun for example_display_name to None, run_after=None
[2024-06-05T00:03:10.665+0000] {processor.py:183} INFO - Processing /home/airflow/.local/lib/python3.12/site-packages/airflow/example_dags/example_display_name.py took 0.105 seconds
[2024-06-05T00:03:41.458+0000] {processor.py:161} INFO - Started process (PID=192) to work on /home/airflow/.local/lib/python3.12/site-packages/airflow/example_dags/example_display_name.py
[2024-06-05T00:03:41.459+0000] {processor.py:830} INFO - Processing file /home/airflow/.local/lib/python3.12/site-packages/airflow/example_dags/example_display_name.py for tasks to queue
[2024-06-05T00:03:41.461+0000] {logging_mixin.py:188} INFO - [2024-06-05T00:03:41.460+0000] {dagbag.py:545} INFO - Filling up the DagBag from /home/airflow/.local/lib/python3.12/site-packages/airflow/example_dags/example_display_name.py
[2024-06-05T00:03:41.466+0000] {processor.py:840} INFO - DAG(s) 'example_display_name' retrieved from /home/airflow/.local/lib/python3.12/site-packages/airflow/example_dags/example_display_name.py
[2024-06-05T00:03:41.481+0000] {logging_mixin.py:188} INFO - [2024-06-05T00:03:41.481+0000] {dag.py:3096} INFO - Sync 1 DAGs
[2024-06-05T00:03:41.491+0000] {logging_mixin.py:188} INFO - [2024-06-05T00:03:41.491+0000] {dag.py:3954} INFO - Setting next_dagrun for example_display_name to None, run_after=None
[2024-06-05T00:03:41.505+0000] {processor.py:183} INFO - Processing /home/airflow/.local/lib/python3.12/site-packages/airflow/example_dags/example_display_name.py took 0.052 seconds
[2024-06-05T00:04:11.637+0000] {processor.py:161} INFO - Started process (PID=252) to work on /home/airflow/.local/lib/python3.12/site-packages/airflow/example_dags/example_display_name.py
[2024-06-05T00:04:11.637+0000] {processor.py:830} INFO - Processing file /home/airflow/.local/lib/python3.12/site-packages/airflow/example_dags/example_display_name.py for tasks to queue
[2024-06-05T00:04:11.640+0000] {logging_mixin.py:188} INFO - [2024-06-05T00:04:11.639+0000] {dagbag.py:545} INFO - Filling up the DagBag from /home/airflow/.local/lib/python3.12/site-packages/airflow/example_dags/example_display_name.py
[2024-06-05T00:04:11.645+0000] {processor.py:840} INFO - DAG(s) 'example_display_name' retrieved from /home/airflow/.local/lib/python3.12/site-packages/airflow/example_dags/example_display_name.py
[2024-06-05T00:04:11.660+0000] {logging_mixin.py:188} INFO - [2024-06-05T00:04:11.660+0000] {dag.py:3096} INFO - Sync 1 DAGs
[2024-06-05T00:04:11.671+0000] {logging_mixin.py:188} INFO - [2024-06-05T00:04:11.671+0000] {dag.py:3954} INFO - Setting next_dagrun for example_display_name to None, run_after=None
[2024-06-05T00:04:11.685+0000] {processor.py:183} INFO - Processing /home/airflow/.local/lib/python3.12/site-packages/airflow/example_dags/example_display_name.py took 0.053 seconds
[2024-06-05T00:04:41.845+0000] {processor.py:161} INFO - Started process (PID=312) to work on /home/airflow/.local/lib/python3.12/site-packages/airflow/example_dags/example_display_name.py
[2024-06-05T00:04:41.846+0000] {processor.py:830} INFO - Processing file /home/airflow/.local/lib/python3.12/site-packages/airflow/example_dags/example_display_name.py for tasks to queue
[2024-06-05T00:04:41.849+0000] {logging_mixin.py:188} INFO - [2024-06-05T00:04:41.848+0000] {dagbag.py:545} INFO - Filling up the DagBag from /home/airflow/.local/lib/python3.12/site-packages/airflow/example_dags/example_display_name.py
[2024-06-05T00:04:41.855+0000] {processor.py:840} INFO - DAG(s) 'example_display_name' retrieved from /home/airflow/.local/lib/python3.12/site-packages/airflow/example_dags/example_display_name.py
[2024-06-05T00:04:41.872+0000] {logging_mixin.py:188} INFO - [2024-06-05T00:04:41.871+0000] {dag.py:3096} INFO - Sync 1 DAGs
[2024-06-05T00:04:41.883+0000] {logging_mixin.py:188} INFO - [2024-06-05T00:04:41.883+0000] {dag.py:3954} INFO - Setting next_dagrun for example_display_name to None, run_after=None
[2024-06-05T00:04:41.898+0000] {processor.py:183} INFO - Processing /home/airflow/.local/lib/python3.12/site-packages/airflow/example_dags/example_display_name.py took 0.058 seconds
[2024-06-05T00:05:12.217+0000] {processor.py:161} INFO - Started process (PID=372) to work on /home/airflow/.local/lib/python3.12/site-packages/airflow/example_dags/example_display_name.py
[2024-06-05T00:05:12.218+0000] {processor.py:830} INFO - Processing file /home/airflow/.local/lib/python3.12/site-packages/airflow/example_dags/example_display_name.py for tasks to queue
[2024-06-05T00:05:12.220+0000] {logging_mixin.py:188} INFO - [2024-06-05T00:05:12.219+0000] {dagbag.py:545} INFO - Filling up the DagBag from /home/airflow/.local/lib/python3.12/site-packages/airflow/example_dags/example_display_name.py
[2024-06-05T00:05:12.225+0000] {processor.py:840} INFO - DAG(s) 'example_display_name' retrieved from /home/airflow/.local/lib/python3.12/site-packages/airflow/example_dags/example_display_name.py
[2024-06-05T00:05:12.241+0000] {logging_mixin.py:188} INFO - [2024-06-05T00:05:12.240+0000] {dag.py:3096} INFO - Sync 1 DAGs
[2024-06-05T00:05:12.251+0000] {logging_mixin.py:188} INFO - [2024-06-05T00:05:12.251+0000] {dag.py:3954} INFO - Setting next_dagrun for example_display_name to None, run_after=None
[2024-06-05T00:05:12.266+0000] {processor.py:183} INFO - Processing /home/airflow/.local/lib/python3.12/site-packages/airflow/example_dags/example_display_name.py took 0.054 seconds
[2024-06-05T00:05:42.393+0000] {processor.py:161} INFO - Started process (PID=432) to work on /home/airflow/.local/lib/python3.12/site-packages/airflow/example_dags/example_display_name.py
[2024-06-05T00:05:42.393+0000] {processor.py:830} INFO - Processing file /home/airflow/.local/lib/python3.12/site-packages/airflow/example_dags/example_display_name.py for tasks to queue
[2024-06-05T00:05:42.395+0000] {logging_mixin.py:188} INFO - [2024-06-05T00:05:42.395+0000] {dagbag.py:545} INFO - Filling up the DagBag from /home/airflow/.local/lib/python3.12/site-packages/airflow/example_dags/example_display_name.py
[2024-06-05T00:05:42.400+0000] {processor.py:840} INFO - DAG(s) 'example_display_name' retrieved from /home/airflow/.local/lib/python3.12/site-packages/airflow/example_dags/example_display_name.py
[2024-06-05T00:05:42.415+0000] {logging_mixin.py:188} INFO - [2024-06-05T00:05:42.414+0000] {dag.py:3096} INFO - Sync 1 DAGs
[2024-06-05T00:05:42.424+0000] {logging_mixin.py:188} INFO - [2024-06-05T00:05:42.424+0000] {dag.py:3954} INFO - Setting next_dagrun for example_display_name to None, run_after=None
[2024-06-05T00:05:42.439+0000] {processor.py:183} INFO - Processing /home/airflow/.local/lib/python3.12/site-packages/airflow/example_dags/example_display_name.py took 0.051 seconds
[2024-06-05T00:06:13.325+0000] {processor.py:161} INFO - Started process (PID=492) to work on /home/airflow/.local/lib/python3.12/site-packages/airflow/example_dags/example_display_name.py
[2024-06-05T00:06:13.326+0000] {processor.py:830} INFO - Processing file /home/airflow/.local/lib/python3.12/site-packages/airflow/example_dags/example_display_name.py for tasks to queue
[2024-06-05T00:06:13.328+0000] {logging_mixin.py:188} INFO - [2024-06-05T00:06:13.327+0000] {dagbag.py:545} INFO - Filling up the DagBag from /home/airflow/.local/lib/python3.12/site-packages/airflow/example_dags/example_display_name.py
[2024-06-05T00:06:13.334+0000] {processor.py:840} INFO - DAG(s) 'example_display_name' retrieved from /home/airflow/.local/lib/python3.12/site-packages/airflow/example_dags/example_display_name.py
[2024-06-05T00:06:13.350+0000] {logging_mixin.py:188} INFO - [2024-06-05T00:06:13.350+0000] {dag.py:3096} INFO - Sync 1 DAGs
[2024-06-05T00:06:13.361+0000] {logging_mixin.py:188} INFO - [2024-06-05T00:06:13.360+0000] {dag.py:3954} INFO - Setting next_dagrun for example_display_name to None, run_after=None
[2024-06-05T00:06:13.377+0000] {processor.py:183} INFO - Processing /home/airflow/.local/lib/python3.12/site-packages/airflow/example_dags/example_display_name.py took 0.057 seconds
[2024-06-05T00:06:43.418+0000] {processor.py:161} INFO - Started process (PID=552) to work on /home/airflow/.local/lib/python3.12/site-packages/airflow/example_dags/example_display_name.py
[2024-06-05T00:06:43.419+0000] {processor.py:830} INFO - Processing file /home/airflow/.local/lib/python3.12/site-packages/airflow/example_dags/example_display_name.py for tasks to queue
[2024-06-05T00:06:43.420+0000] {logging_mixin.py:188} INFO - [2024-06-05T00:06:43.420+0000] {dagbag.py:545} INFO - Filling up the DagBag from /home/airflow/.local/lib/python3.12/site-packages/airflow/example_dags/example_display_name.py
[2024-06-05T00:06:43.426+0000] {processor.py:840} INFO - DAG(s) 'example_display_name' retrieved from /home/airflow/.local/lib/python3.12/site-packages/airflow/example_dags/example_display_name.py
[2024-06-05T00:06:43.441+0000] {logging_mixin.py:188} INFO - [2024-06-05T00:06:43.440+0000] {dag.py:3096} INFO - Sync 1 DAGs
[2024-06-05T00:06:43.452+0000] {logging_mixin.py:188} INFO - [2024-06-05T00:06:43.452+0000] {dag.py:3954} INFO - Setting next_dagrun for example_display_name to None, run_after=None
[2024-06-05T00:06:43.469+0000] {processor.py:183} INFO - Processing /home/airflow/.local/lib/python3.12/site-packages/airflow/example_dags/example_display_name.py took 0.057 seconds
[2024-06-05T00:07:14.486+0000] {processor.py:161} INFO - Started process (PID=612) to work on /home/airflow/.local/lib/python3.12/site-packages/airflow/example_dags/example_display_name.py
[2024-06-05T00:07:14.487+0000] {processor.py:830} INFO - Processing file /home/airflow/.local/lib/python3.12/site-packages/airflow/example_dags/example_display_name.py for tasks to queue
[2024-06-05T00:07:14.488+0000] {logging_mixin.py:188} INFO - [2024-06-05T00:07:14.488+0000] {dagbag.py:545} INFO - Filling up the DagBag from /home/airflow/.local/lib/python3.12/site-packages/airflow/example_dags/example_display_name.py
[2024-06-05T00:07:14.494+0000] {processor.py:840} INFO - DAG(s) 'example_display_name' retrieved from /home/airflow/.local/lib/python3.12/site-packages/airflow/example_dags/example_display_name.py
[2024-06-05T00:07:14.511+0000] {logging_mixin.py:188} INFO - [2024-06-05T00:07:14.511+0000] {dag.py:3096} INFO - Sync 1 DAGs
[2024-06-05T00:07:14.523+0000] {logging_mixin.py:188} INFO - [2024-06-05T00:07:14.523+0000] {dag.py:3954} INFO - Setting next_dagrun for example_display_name to None, run_after=None
[2024-06-05T00:07:14.538+0000] {processor.py:183} INFO - Processing /home/airflow/.local/lib/python3.12/site-packages/airflow/example_dags/example_display_name.py took 0.057 seconds
[2024-06-05T00:07:45.793+0000] {processor.py:161} INFO - Started process (PID=672) to work on /home/airflow/.local/lib/python3.12/site-packages/airflow/example_dags/example_display_name.py
[2024-06-05T00:07:45.795+0000] {processor.py:830} INFO - Processing file /home/airflow/.local/lib/python3.12/site-packages/airflow/example_dags/example_display_name.py for tasks to queue
[2024-06-05T00:07:45.799+0000] {logging_mixin.py:188} INFO - [2024-06-05T00:07:45.798+0000] {dagbag.py:545} INFO - Filling up the DagBag from /home/airflow/.local/lib/python3.12/site-packages/airflow/example_dags/example_display_name.py
[2024-06-05T00:07:45.808+0000] {processor.py:840} INFO - DAG(s) 'example_display_name' retrieved from /home/airflow/.local/lib/python3.12/site-packages/airflow/example_dags/example_display_name.py
[2024-06-05T00:07:45.833+0000] {logging_mixin.py:188} INFO - [2024-06-05T00:07:45.832+0000] {dag.py:3096} INFO - Sync 1 DAGs
[2024-06-05T00:07:45.848+0000] {logging_mixin.py:188} INFO - [2024-06-05T00:07:45.848+0000] {dag.py:3954} INFO - Setting next_dagrun for example_display_name to None, run_after=None
[2024-06-05T00:07:45.876+0000] {processor.py:183} INFO - Processing /home/airflow/.local/lib/python3.12/site-packages/airflow/example_dags/example_display_name.py took 0.092 seconds
[2024-06-05T00:08:16.902+0000] {processor.py:161} INFO - Started process (PID=732) to work on /home/airflow/.local/lib/python3.12/site-packages/airflow/example_dags/example_display_name.py
[2024-06-05T00:08:16.903+0000] {processor.py:830} INFO - Processing file /home/airflow/.local/lib/python3.12/site-packages/airflow/example_dags/example_display_name.py for tasks to queue
[2024-06-05T00:08:16.905+0000] {logging_mixin.py:188} INFO - [2024-06-05T00:08:16.904+0000] {dagbag.py:545} INFO - Filling up the DagBag from /home/airflow/.local/lib/python3.12/site-packages/airflow/example_dags/example_display_name.py
[2024-06-05T00:08:16.910+0000] {processor.py:840} INFO - DAG(s) 'example_display_name' retrieved from /home/airflow/.local/lib/python3.12/site-packages/airflow/example_dags/example_display_name.py
[2024-06-05T00:08:16.925+0000] {logging_mixin.py:188} INFO - [2024-06-05T00:08:16.925+0000] {dag.py:3096} INFO - Sync 1 DAGs
[2024-06-05T00:08:16.936+0000] {logging_mixin.py:188} INFO - [2024-06-05T00:08:16.936+0000] {dag.py:3954} INFO - Setting next_dagrun for example_display_name to None, run_after=None
[2024-06-05T00:08:16.953+0000] {processor.py:183} INFO - Processing /home/airflow/.local/lib/python3.12/site-packages/airflow/example_dags/example_display_name.py took 0.057 seconds
[2024-06-05T00:08:47.944+0000] {processor.py:161} INFO - Started process (PID=792) to work on /home/airflow/.local/lib/python3.12/site-packages/airflow/example_dags/example_display_name.py
[2024-06-05T00:08:47.945+0000] {processor.py:830} INFO - Processing file /home/airflow/.local/lib/python3.12/site-packages/airflow/example_dags/example_display_name.py for tasks to queue
[2024-06-05T00:08:47.947+0000] {logging_mixin.py:188} INFO - [2024-06-05T00:08:47.946+0000] {dagbag.py:545} INFO - Filling up the DagBag from /home/airflow/.local/lib/python3.12/site-packages/airflow/example_dags/example_display_name.py
[2024-06-05T00:08:47.952+0000] {processor.py:840} INFO - DAG(s) 'example_display_name' retrieved from /home/airflow/.local/lib/python3.12/site-packages/airflow/example_dags/example_display_name.py
[2024-06-05T00:08:47.970+0000] {logging_mixin.py:188} INFO - [2024-06-05T00:08:47.970+0000] {dag.py:3096} INFO - Sync 1 DAGs
[2024-06-05T00:08:47.981+0000] {logging_mixin.py:188} INFO - [2024-06-05T00:08:47.981+0000] {dag.py:3954} INFO - Setting next_dagrun for example_display_name to None, run_after=None
[2024-06-05T00:08:47.997+0000] {processor.py:183} INFO - Processing /home/airflow/.local/lib/python3.12/site-packages/airflow/example_dags/example_display_name.py took 0.058 seconds
[2024-06-05T00:09:18.607+0000] {processor.py:161} INFO - Started process (PID=852) to work on /home/airflow/.local/lib/python3.12/site-packages/airflow/example_dags/example_display_name.py
[2024-06-05T00:09:18.608+0000] {processor.py:830} INFO - Processing file /home/airflow/.local/lib/python3.12/site-packages/airflow/example_dags/example_display_name.py for tasks to queue
[2024-06-05T00:09:18.610+0000] {logging_mixin.py:188} INFO - [2024-06-05T00:09:18.610+0000] {dagbag.py:545} INFO - Filling up the DagBag from /home/airflow/.local/lib/python3.12/site-packages/airflow/example_dags/example_display_name.py
[2024-06-05T00:09:18.615+0000] {processor.py:840} INFO - DAG(s) 'example_display_name' retrieved from /home/airflow/.local/lib/python3.12/site-packages/airflow/example_dags/example_display_name.py
[2024-06-05T00:09:18.629+0000] {logging_mixin.py:188} INFO - [2024-06-05T00:09:18.629+0000] {dag.py:3096} INFO - Sync 1 DAGs
[2024-06-05T00:09:18.639+0000] {logging_mixin.py:188} INFO - [2024-06-05T00:09:18.639+0000] {dag.py:3954} INFO - Setting next_dagrun for example_display_name to None, run_after=None
[2024-06-05T00:09:18.653+0000] {processor.py:183} INFO - Processing /home/airflow/.local/lib/python3.12/site-packages/airflow/example_dags/example_display_name.py took 0.051 seconds
