[2024-06-05T00:02:37.961+0000] {processor.py:161} INFO - Started process (PID=60) to work on /home/airflow/.local/lib/python3.12/site-packages/airflow/example_dags/example_nested_branch_dag.py
[2024-06-05T00:02:37.962+0000] {processor.py:830} INFO - Processing file /home/airflow/.local/lib/python3.12/site-packages/airflow/example_dags/example_nested_branch_dag.py for tasks to queue
[2024-06-05T00:02:37.965+0000] {logging_mixin.py:188} INFO - [2024-06-05T00:02:37.965+0000] {dagbag.py:545} INFO - Filling up the DagBag from /home/airflow/.local/lib/python3.12/site-packages/airflow/example_dags/example_nested_branch_dag.py
[2024-06-05T00:02:37.975+0000] {processor.py:840} INFO - DAG(s) 'example_nested_branch_dag' retrieved from /home/airflow/.local/lib/python3.12/site-packages/airflow/example_dags/example_nested_branch_dag.py
[2024-06-05T00:02:38.000+0000] {logging_mixin.py:188} INFO - [2024-06-05T00:02:37.999+0000] {dag.py:3096} INFO - Sync 1 DAGs
[2024-06-05T00:02:38.032+0000] {logging_mixin.py:188} INFO - [2024-06-05T00:02:38.032+0000] {dag.py:3954} INFO - Setting next_dagrun for example_nested_branch_dag to 2024-06-04 00:00:00+00:00, run_after=2024-06-05 00:00:00+00:00
[2024-06-05T00:02:38.089+0000] {processor.py:183} INFO - Processing /home/airflow/.local/lib/python3.12/site-packages/airflow/example_dags/example_nested_branch_dag.py took 0.135 seconds
[2024-06-05T00:03:09.055+0000] {processor.py:161} INFO - Started process (PID=120) to work on /home/airflow/.local/lib/python3.12/site-packages/airflow/example_dags/example_nested_branch_dag.py
[2024-06-05T00:03:09.058+0000] {processor.py:830} INFO - Processing file /home/airflow/.local/lib/python3.12/site-packages/airflow/example_dags/example_nested_branch_dag.py for tasks to queue
[2024-06-05T00:03:09.061+0000] {logging_mixin.py:188} INFO - [2024-06-05T00:03:09.060+0000] {dagbag.py:545} INFO - Filling up the DagBag from /home/airflow/.local/lib/python3.12/site-packages/airflow/example_dags/example_nested_branch_dag.py
[2024-06-05T00:03:09.082+0000] {processor.py:840} INFO - DAG(s) 'example_nested_branch_dag' retrieved from /home/airflow/.local/lib/python3.12/site-packages/airflow/example_dags/example_nested_branch_dag.py
[2024-06-05T00:03:09.121+0000] {logging_mixin.py:188} INFO - [2024-06-05T00:03:09.120+0000] {dag.py:3096} INFO - Sync 1 DAGs
[2024-06-05T00:03:09.169+0000] {logging_mixin.py:188} INFO - [2024-06-05T00:03:09.169+0000] {dag.py:3954} INFO - Setting next_dagrun for example_nested_branch_dag to 2024-06-04 00:00:00+00:00, run_after=2024-06-05 00:00:00+00:00
[2024-06-05T00:03:09.204+0000] {processor.py:183} INFO - Processing /home/airflow/.local/lib/python3.12/site-packages/airflow/example_dags/example_nested_branch_dag.py took 0.158 seconds
[2024-06-05T00:03:39.822+0000] {processor.py:161} INFO - Started process (PID=180) to work on /home/airflow/.local/lib/python3.12/site-packages/airflow/example_dags/example_nested_branch_dag.py
[2024-06-05T00:03:39.823+0000] {processor.py:830} INFO - Processing file /home/airflow/.local/lib/python3.12/site-packages/airflow/example_dags/example_nested_branch_dag.py for tasks to queue
[2024-06-05T00:03:39.825+0000] {logging_mixin.py:188} INFO - [2024-06-05T00:03:39.825+0000] {dagbag.py:545} INFO - Filling up the DagBag from /home/airflow/.local/lib/python3.12/site-packages/airflow/example_dags/example_nested_branch_dag.py
[2024-06-05T00:03:39.833+0000] {processor.py:840} INFO - DAG(s) 'example_nested_branch_dag' retrieved from /home/airflow/.local/lib/python3.12/site-packages/airflow/example_dags/example_nested_branch_dag.py
[2024-06-05T00:03:39.850+0000] {logging_mixin.py:188} INFO - [2024-06-05T00:03:39.849+0000] {dag.py:3096} INFO - Sync 1 DAGs
[2024-06-05T00:03:39.868+0000] {logging_mixin.py:188} INFO - [2024-06-05T00:03:39.868+0000] {dag.py:3954} INFO - Setting next_dagrun for example_nested_branch_dag to 2024-06-04 00:00:00+00:00, run_after=2024-06-05 00:00:00+00:00
[2024-06-05T00:03:39.882+0000] {processor.py:183} INFO - Processing /home/airflow/.local/lib/python3.12/site-packages/airflow/example_dags/example_nested_branch_dag.py took 0.065 seconds
[2024-06-05T00:04:09.959+0000] {processor.py:161} INFO - Started process (PID=240) to work on /home/airflow/.local/lib/python3.12/site-packages/airflow/example_dags/example_nested_branch_dag.py
[2024-06-05T00:04:09.960+0000] {processor.py:830} INFO - Processing file /home/airflow/.local/lib/python3.12/site-packages/airflow/example_dags/example_nested_branch_dag.py for tasks to queue
[2024-06-05T00:04:09.962+0000] {logging_mixin.py:188} INFO - [2024-06-05T00:04:09.962+0000] {dagbag.py:545} INFO - Filling up the DagBag from /home/airflow/.local/lib/python3.12/site-packages/airflow/example_dags/example_nested_branch_dag.py
[2024-06-05T00:04:09.974+0000] {processor.py:840} INFO - DAG(s) 'example_nested_branch_dag' retrieved from /home/airflow/.local/lib/python3.12/site-packages/airflow/example_dags/example_nested_branch_dag.py
[2024-06-05T00:04:09.995+0000] {logging_mixin.py:188} INFO - [2024-06-05T00:04:09.995+0000] {dag.py:3096} INFO - Sync 1 DAGs
[2024-06-05T00:04:10.021+0000] {logging_mixin.py:188} INFO - [2024-06-05T00:04:10.021+0000] {dag.py:3954} INFO - Setting next_dagrun for example_nested_branch_dag to 2024-06-04 00:00:00+00:00, run_after=2024-06-05 00:00:00+00:00
[2024-06-05T00:04:10.040+0000] {processor.py:183} INFO - Processing /home/airflow/.local/lib/python3.12/site-packages/airflow/example_dags/example_nested_branch_dag.py took 0.087 seconds
[2024-06-05T00:04:40.122+0000] {processor.py:161} INFO - Started process (PID=299) to work on /home/airflow/.local/lib/python3.12/site-packages/airflow/example_dags/example_nested_branch_dag.py
[2024-06-05T00:04:40.122+0000] {processor.py:830} INFO - Processing file /home/airflow/.local/lib/python3.12/site-packages/airflow/example_dags/example_nested_branch_dag.py for tasks to queue
[2024-06-05T00:04:40.124+0000] {logging_mixin.py:188} INFO - [2024-06-05T00:04:40.124+0000] {dagbag.py:545} INFO - Filling up the DagBag from /home/airflow/.local/lib/python3.12/site-packages/airflow/example_dags/example_nested_branch_dag.py
[2024-06-05T00:04:40.133+0000] {processor.py:840} INFO - DAG(s) 'example_nested_branch_dag' retrieved from /home/airflow/.local/lib/python3.12/site-packages/airflow/example_dags/example_nested_branch_dag.py
[2024-06-05T00:04:40.151+0000] {logging_mixin.py:188} INFO - [2024-06-05T00:04:40.151+0000] {dag.py:3096} INFO - Sync 1 DAGs
[2024-06-05T00:04:40.173+0000] {logging_mixin.py:188} INFO - [2024-06-05T00:04:40.173+0000] {dag.py:3954} INFO - Setting next_dagrun for example_nested_branch_dag to 2024-06-04 00:00:00+00:00, run_after=2024-06-05 00:00:00+00:00
[2024-06-05T00:04:40.188+0000] {processor.py:183} INFO - Processing /home/airflow/.local/lib/python3.12/site-packages/airflow/example_dags/example_nested_branch_dag.py took 0.072 seconds
[2024-06-05T00:05:10.494+0000] {processor.py:161} INFO - Started process (PID=359) to work on /home/airflow/.local/lib/python3.12/site-packages/airflow/example_dags/example_nested_branch_dag.py
[2024-06-05T00:05:10.495+0000] {processor.py:830} INFO - Processing file /home/airflow/.local/lib/python3.12/site-packages/airflow/example_dags/example_nested_branch_dag.py for tasks to queue
[2024-06-05T00:05:10.496+0000] {logging_mixin.py:188} INFO - [2024-06-05T00:05:10.496+0000] {dagbag.py:545} INFO - Filling up the DagBag from /home/airflow/.local/lib/python3.12/site-packages/airflow/example_dags/example_nested_branch_dag.py
[2024-06-05T00:05:10.506+0000] {processor.py:840} INFO - DAG(s) 'example_nested_branch_dag' retrieved from /home/airflow/.local/lib/python3.12/site-packages/airflow/example_dags/example_nested_branch_dag.py
[2024-06-05T00:05:10.527+0000] {logging_mixin.py:188} INFO - [2024-06-05T00:05:10.527+0000] {dag.py:3096} INFO - Sync 1 DAGs
[2024-06-05T00:05:10.546+0000] {logging_mixin.py:188} INFO - [2024-06-05T00:05:10.545+0000] {dag.py:3954} INFO - Setting next_dagrun for example_nested_branch_dag to 2024-06-04 00:00:00+00:00, run_after=2024-06-05 00:00:00+00:00
[2024-06-05T00:05:10.561+0000] {processor.py:183} INFO - Processing /home/airflow/.local/lib/python3.12/site-packages/airflow/example_dags/example_nested_branch_dag.py took 0.072 seconds
[2024-06-05T00:05:40.683+0000] {processor.py:161} INFO - Started process (PID=419) to work on /home/airflow/.local/lib/python3.12/site-packages/airflow/example_dags/example_nested_branch_dag.py
[2024-06-05T00:05:40.684+0000] {processor.py:830} INFO - Processing file /home/airflow/.local/lib/python3.12/site-packages/airflow/example_dags/example_nested_branch_dag.py for tasks to queue
[2024-06-05T00:05:40.686+0000] {logging_mixin.py:188} INFO - [2024-06-05T00:05:40.685+0000] {dagbag.py:545} INFO - Filling up the DagBag from /home/airflow/.local/lib/python3.12/site-packages/airflow/example_dags/example_nested_branch_dag.py
[2024-06-05T00:05:40.694+0000] {processor.py:840} INFO - DAG(s) 'example_nested_branch_dag' retrieved from /home/airflow/.local/lib/python3.12/site-packages/airflow/example_dags/example_nested_branch_dag.py
[2024-06-05T00:05:40.712+0000] {logging_mixin.py:188} INFO - [2024-06-05T00:05:40.712+0000] {dag.py:3096} INFO - Sync 1 DAGs
[2024-06-05T00:05:40.732+0000] {logging_mixin.py:188} INFO - [2024-06-05T00:05:40.732+0000] {dag.py:3954} INFO - Setting next_dagrun for example_nested_branch_dag to 2024-06-04 00:00:00+00:00, run_after=2024-06-05 00:00:00+00:00
[2024-06-05T00:05:40.747+0000] {processor.py:183} INFO - Processing /home/airflow/.local/lib/python3.12/site-packages/airflow/example_dags/example_nested_branch_dag.py took 0.071 seconds
[2024-06-05T00:06:11.291+0000] {processor.py:161} INFO - Started process (PID=479) to work on /home/airflow/.local/lib/python3.12/site-packages/airflow/example_dags/example_nested_branch_dag.py
[2024-06-05T00:06:11.292+0000] {processor.py:830} INFO - Processing file /home/airflow/.local/lib/python3.12/site-packages/airflow/example_dags/example_nested_branch_dag.py for tasks to queue
[2024-06-05T00:06:11.294+0000] {logging_mixin.py:188} INFO - [2024-06-05T00:06:11.294+0000] {dagbag.py:545} INFO - Filling up the DagBag from /home/airflow/.local/lib/python3.12/site-packages/airflow/example_dags/example_nested_branch_dag.py
[2024-06-05T00:06:11.313+0000] {processor.py:840} INFO - DAG(s) 'example_nested_branch_dag' retrieved from /home/airflow/.local/lib/python3.12/site-packages/airflow/example_dags/example_nested_branch_dag.py
[2024-06-05T00:06:11.345+0000] {logging_mixin.py:188} INFO - [2024-06-05T00:06:11.345+0000] {dag.py:3096} INFO - Sync 1 DAGs
[2024-06-05T00:06:11.388+0000] {logging_mixin.py:188} INFO - [2024-06-05T00:06:11.387+0000] {dag.py:3954} INFO - Setting next_dagrun for example_nested_branch_dag to 2024-06-04 00:00:00+00:00, run_after=2024-06-05 00:00:00+00:00
[2024-06-05T00:06:11.422+0000] {processor.py:183} INFO - Processing /home/airflow/.local/lib/python3.12/site-packages/airflow/example_dags/example_nested_branch_dag.py took 0.141 seconds
[2024-06-05T00:06:42.679+0000] {processor.py:161} INFO - Started process (PID=540) to work on /home/airflow/.local/lib/python3.12/site-packages/airflow/example_dags/example_nested_branch_dag.py
[2024-06-05T00:06:42.680+0000] {processor.py:830} INFO - Processing file /home/airflow/.local/lib/python3.12/site-packages/airflow/example_dags/example_nested_branch_dag.py for tasks to queue
[2024-06-05T00:06:42.682+0000] {logging_mixin.py:188} INFO - [2024-06-05T00:06:42.682+0000] {dagbag.py:545} INFO - Filling up the DagBag from /home/airflow/.local/lib/python3.12/site-packages/airflow/example_dags/example_nested_branch_dag.py
[2024-06-05T00:06:42.691+0000] {processor.py:840} INFO - DAG(s) 'example_nested_branch_dag' retrieved from /home/airflow/.local/lib/python3.12/site-packages/airflow/example_dags/example_nested_branch_dag.py
[2024-06-05T00:06:42.710+0000] {logging_mixin.py:188} INFO - [2024-06-05T00:06:42.709+0000] {dag.py:3096} INFO - Sync 1 DAGs
[2024-06-05T00:06:42.729+0000] {logging_mixin.py:188} INFO - [2024-06-05T00:06:42.729+0000] {dag.py:3954} INFO - Setting next_dagrun for example_nested_branch_dag to 2024-06-04 00:00:00+00:00, run_after=2024-06-05 00:00:00+00:00
[2024-06-05T00:06:42.744+0000] {processor.py:183} INFO - Processing /home/airflow/.local/lib/python3.12/site-packages/airflow/example_dags/example_nested_branch_dag.py took 0.070 seconds
[2024-06-05T00:07:13.807+0000] {processor.py:161} INFO - Started process (PID=600) to work on /home/airflow/.local/lib/python3.12/site-packages/airflow/example_dags/example_nested_branch_dag.py
[2024-06-05T00:07:13.808+0000] {processor.py:830} INFO - Processing file /home/airflow/.local/lib/python3.12/site-packages/airflow/example_dags/example_nested_branch_dag.py for tasks to queue
[2024-06-05T00:07:13.811+0000] {logging_mixin.py:188} INFO - [2024-06-05T00:07:13.810+0000] {dagbag.py:545} INFO - Filling up the DagBag from /home/airflow/.local/lib/python3.12/site-packages/airflow/example_dags/example_nested_branch_dag.py
[2024-06-05T00:07:13.820+0000] {processor.py:840} INFO - DAG(s) 'example_nested_branch_dag' retrieved from /home/airflow/.local/lib/python3.12/site-packages/airflow/example_dags/example_nested_branch_dag.py
[2024-06-05T00:07:13.839+0000] {logging_mixin.py:188} INFO - [2024-06-05T00:07:13.838+0000] {dag.py:3096} INFO - Sync 1 DAGs
[2024-06-05T00:07:13.868+0000] {logging_mixin.py:188} INFO - [2024-06-05T00:07:13.868+0000] {dag.py:3954} INFO - Setting next_dagrun for example_nested_branch_dag to 2024-06-04 00:00:00+00:00, run_after=2024-06-05 00:00:00+00:00
[2024-06-05T00:07:13.885+0000] {processor.py:183} INFO - Processing /home/airflow/.local/lib/python3.12/site-packages/airflow/example_dags/example_nested_branch_dag.py took 0.083 seconds
[2024-06-05T00:07:44.608+0000] {processor.py:161} INFO - Started process (PID=660) to work on /home/airflow/.local/lib/python3.12/site-packages/airflow/example_dags/example_nested_branch_dag.py
[2024-06-05T00:07:44.609+0000] {processor.py:830} INFO - Processing file /home/airflow/.local/lib/python3.12/site-packages/airflow/example_dags/example_nested_branch_dag.py for tasks to queue
[2024-06-05T00:07:44.612+0000] {logging_mixin.py:188} INFO - [2024-06-05T00:07:44.611+0000] {dagbag.py:545} INFO - Filling up the DagBag from /home/airflow/.local/lib/python3.12/site-packages/airflow/example_dags/example_nested_branch_dag.py
[2024-06-05T00:07:44.621+0000] {processor.py:840} INFO - DAG(s) 'example_nested_branch_dag' retrieved from /home/airflow/.local/lib/python3.12/site-packages/airflow/example_dags/example_nested_branch_dag.py
[2024-06-05T00:07:44.644+0000] {logging_mixin.py:188} INFO - [2024-06-05T00:07:44.644+0000] {dag.py:3096} INFO - Sync 1 DAGs
[2024-06-05T00:07:44.677+0000] {logging_mixin.py:188} INFO - [2024-06-05T00:07:44.677+0000] {dag.py:3954} INFO - Setting next_dagrun for example_nested_branch_dag to 2024-06-04 00:00:00+00:00, run_after=2024-06-05 00:00:00+00:00
[2024-06-05T00:07:44.709+0000] {processor.py:183} INFO - Processing /home/airflow/.local/lib/python3.12/site-packages/airflow/example_dags/example_nested_branch_dag.py took 0.106 seconds
[2024-06-05T00:08:14.826+0000] {processor.py:161} INFO - Started process (PID=718) to work on /home/airflow/.local/lib/python3.12/site-packages/airflow/example_dags/example_nested_branch_dag.py
[2024-06-05T00:08:14.827+0000] {processor.py:830} INFO - Processing file /home/airflow/.local/lib/python3.12/site-packages/airflow/example_dags/example_nested_branch_dag.py for tasks to queue
[2024-06-05T00:08:14.829+0000] {logging_mixin.py:188} INFO - [2024-06-05T00:08:14.829+0000] {dagbag.py:545} INFO - Filling up the DagBag from /home/airflow/.local/lib/python3.12/site-packages/airflow/example_dags/example_nested_branch_dag.py
[2024-06-05T00:08:14.837+0000] {processor.py:840} INFO - DAG(s) 'example_nested_branch_dag' retrieved from /home/airflow/.local/lib/python3.12/site-packages/airflow/example_dags/example_nested_branch_dag.py
[2024-06-05T00:08:14.854+0000] {logging_mixin.py:188} INFO - [2024-06-05T00:08:14.854+0000] {dag.py:3096} INFO - Sync 1 DAGs
[2024-06-05T00:08:14.871+0000] {logging_mixin.py:188} INFO - [2024-06-05T00:08:14.870+0000] {dag.py:3954} INFO - Setting next_dagrun for example_nested_branch_dag to 2024-06-04 00:00:00+00:00, run_after=2024-06-05 00:00:00+00:00
[2024-06-05T00:08:14.886+0000] {processor.py:183} INFO - Processing /home/airflow/.local/lib/python3.12/site-packages/airflow/example_dags/example_nested_branch_dag.py took 0.065 seconds
[2024-06-05T00:08:45.081+0000] {processor.py:161} INFO - Started process (PID=778) to work on /home/airflow/.local/lib/python3.12/site-packages/airflow/example_dags/example_nested_branch_dag.py
[2024-06-05T00:08:45.082+0000] {processor.py:830} INFO - Processing file /home/airflow/.local/lib/python3.12/site-packages/airflow/example_dags/example_nested_branch_dag.py for tasks to queue
[2024-06-05T00:08:45.084+0000] {logging_mixin.py:188} INFO - [2024-06-05T00:08:45.084+0000] {dagbag.py:545} INFO - Filling up the DagBag from /home/airflow/.local/lib/python3.12/site-packages/airflow/example_dags/example_nested_branch_dag.py
[2024-06-05T00:08:45.093+0000] {processor.py:840} INFO - DAG(s) 'example_nested_branch_dag' retrieved from /home/airflow/.local/lib/python3.12/site-packages/airflow/example_dags/example_nested_branch_dag.py
[2024-06-05T00:08:45.113+0000] {logging_mixin.py:188} INFO - [2024-06-05T00:08:45.112+0000] {dag.py:3096} INFO - Sync 1 DAGs
[2024-06-05T00:08:45.133+0000] {logging_mixin.py:188} INFO - [2024-06-05T00:08:45.132+0000] {dag.py:3954} INFO - Setting next_dagrun for example_nested_branch_dag to 2024-06-04 00:00:00+00:00, run_after=2024-06-05 00:00:00+00:00
[2024-06-05T00:08:45.159+0000] {processor.py:183} INFO - Processing /home/airflow/.local/lib/python3.12/site-packages/airflow/example_dags/example_nested_branch_dag.py took 0.085 seconds
[2024-06-05T00:09:15.740+0000] {processor.py:161} INFO - Started process (PID=838) to work on /home/airflow/.local/lib/python3.12/site-packages/airflow/example_dags/example_nested_branch_dag.py
[2024-06-05T00:09:15.741+0000] {processor.py:830} INFO - Processing file /home/airflow/.local/lib/python3.12/site-packages/airflow/example_dags/example_nested_branch_dag.py for tasks to queue
[2024-06-05T00:09:15.742+0000] {logging_mixin.py:188} INFO - [2024-06-05T00:09:15.742+0000] {dagbag.py:545} INFO - Filling up the DagBag from /home/airflow/.local/lib/python3.12/site-packages/airflow/example_dags/example_nested_branch_dag.py
[2024-06-05T00:09:15.750+0000] {processor.py:840} INFO - DAG(s) 'example_nested_branch_dag' retrieved from /home/airflow/.local/lib/python3.12/site-packages/airflow/example_dags/example_nested_branch_dag.py
[2024-06-05T00:09:15.767+0000] {logging_mixin.py:188} INFO - [2024-06-05T00:09:15.766+0000] {dag.py:3096} INFO - Sync 1 DAGs
[2024-06-05T00:09:15.785+0000] {logging_mixin.py:188} INFO - [2024-06-05T00:09:15.785+0000] {dag.py:3954} INFO - Setting next_dagrun for example_nested_branch_dag to 2024-06-04 00:00:00+00:00, run_after=2024-06-05 00:00:00+00:00
[2024-06-05T00:09:15.814+0000] {processor.py:183} INFO - Processing /home/airflow/.local/lib/python3.12/site-packages/airflow/example_dags/example_nested_branch_dag.py took 0.079 seconds
