[2024-06-05T00:02:36.817+0000] {processor.py:161} INFO - Started process (PID=49) to work on /home/airflow/.local/lib/python3.12/site-packages/airflow/example_dags/example_branch_python_dop_operator_3.py
[2024-06-05T00:02:36.821+0000] {processor.py:830} INFO - Processing file /home/airflow/.local/lib/python3.12/site-packages/airflow/example_dags/example_branch_python_dop_operator_3.py for tasks to queue
[2024-06-05T00:02:36.826+0000] {logging_mixin.py:188} INFO - [2024-06-05T00:02:36.825+0000] {dagbag.py:545} INFO - Filling up the DagBag from /home/airflow/.local/lib/python3.12/site-packages/airflow/example_dags/example_branch_python_dop_operator_3.py
[2024-06-05T00:02:36.840+0000] {processor.py:840} INFO - DAG(s) 'example_branch_dop_operator_v3' retrieved from /home/airflow/.local/lib/python3.12/site-packages/airflow/example_dags/example_branch_python_dop_operator_3.py
[2024-06-05T00:02:36.880+0000] {logging_mixin.py:188} INFO - [2024-06-05T00:02:36.879+0000] {dag.py:3096} INFO - Sync 1 DAGs
[2024-06-05T00:02:36.907+0000] {logging_mixin.py:188} INFO - [2024-06-05T00:02:36.906+0000] {dag.py:3954} INFO - Setting next_dagrun for example_branch_dop_operator_v3 to 2024-06-05 00:01:00+00:00, run_after=2024-06-05 00:02:00+00:00
[2024-06-05T00:02:36.948+0000] {processor.py:183} INFO - Processing /home/airflow/.local/lib/python3.12/site-packages/airflow/example_dags/example_branch_python_dop_operator_3.py took 0.153 seconds
[2024-06-05T00:03:07.599+0000] {processor.py:161} INFO - Started process (PID=109) to work on /home/airflow/.local/lib/python3.12/site-packages/airflow/example_dags/example_branch_python_dop_operator_3.py
[2024-06-05T00:03:07.600+0000] {processor.py:830} INFO - Processing file /home/airflow/.local/lib/python3.12/site-packages/airflow/example_dags/example_branch_python_dop_operator_3.py for tasks to queue
[2024-06-05T00:03:07.603+0000] {logging_mixin.py:188} INFO - [2024-06-05T00:03:07.602+0000] {dagbag.py:545} INFO - Filling up the DagBag from /home/airflow/.local/lib/python3.12/site-packages/airflow/example_dags/example_branch_python_dop_operator_3.py
[2024-06-05T00:03:07.621+0000] {processor.py:840} INFO - DAG(s) 'example_branch_dop_operator_v3' retrieved from /home/airflow/.local/lib/python3.12/site-packages/airflow/example_dags/example_branch_python_dop_operator_3.py
[2024-06-05T00:03:07.660+0000] {logging_mixin.py:188} INFO - [2024-06-05T00:03:07.660+0000] {dag.py:3096} INFO - Sync 1 DAGs
[2024-06-05T00:03:07.705+0000] {logging_mixin.py:188} INFO - [2024-06-05T00:03:07.705+0000] {dag.py:3954} INFO - Setting next_dagrun for example_branch_dop_operator_v3 to 2024-06-05 00:02:00+00:00, run_after=2024-06-05 00:03:00+00:00
[2024-06-05T00:03:07.747+0000] {processor.py:183} INFO - Processing /home/airflow/.local/lib/python3.12/site-packages/airflow/example_dags/example_branch_python_dop_operator_3.py took 0.156 seconds
[2024-06-05T00:03:38.324+0000] {processor.py:161} INFO - Started process (PID=169) to work on /home/airflow/.local/lib/python3.12/site-packages/airflow/example_dags/example_branch_python_dop_operator_3.py
[2024-06-05T00:03:38.325+0000] {processor.py:830} INFO - Processing file /home/airflow/.local/lib/python3.12/site-packages/airflow/example_dags/example_branch_python_dop_operator_3.py for tasks to queue
[2024-06-05T00:03:38.327+0000] {logging_mixin.py:188} INFO - [2024-06-05T00:03:38.327+0000] {dagbag.py:545} INFO - Filling up the DagBag from /home/airflow/.local/lib/python3.12/site-packages/airflow/example_dags/example_branch_python_dop_operator_3.py
[2024-06-05T00:03:38.335+0000] {processor.py:840} INFO - DAG(s) 'example_branch_dop_operator_v3' retrieved from /home/airflow/.local/lib/python3.12/site-packages/airflow/example_dags/example_branch_python_dop_operator_3.py
[2024-06-05T00:03:38.350+0000] {logging_mixin.py:188} INFO - [2024-06-05T00:03:38.350+0000] {dag.py:3096} INFO - Sync 1 DAGs
[2024-06-05T00:03:38.371+0000] {logging_mixin.py:188} INFO - [2024-06-05T00:03:38.370+0000] {dag.py:3954} INFO - Setting next_dagrun for example_branch_dop_operator_v3 to 2024-06-05 00:02:00+00:00, run_after=2024-06-05 00:03:00+00:00
[2024-06-05T00:03:38.386+0000] {processor.py:183} INFO - Processing /home/airflow/.local/lib/python3.12/site-packages/airflow/example_dags/example_branch_python_dop_operator_3.py took 0.067 seconds
[2024-06-05T00:04:09.421+0000] {processor.py:161} INFO - Started process (PID=229) to work on /home/airflow/.local/lib/python3.12/site-packages/airflow/example_dags/example_branch_python_dop_operator_3.py
[2024-06-05T00:04:09.422+0000] {processor.py:830} INFO - Processing file /home/airflow/.local/lib/python3.12/site-packages/airflow/example_dags/example_branch_python_dop_operator_3.py for tasks to queue
[2024-06-05T00:04:09.424+0000] {logging_mixin.py:188} INFO - [2024-06-05T00:04:09.424+0000] {dagbag.py:545} INFO - Filling up the DagBag from /home/airflow/.local/lib/python3.12/site-packages/airflow/example_dags/example_branch_python_dop_operator_3.py
[2024-06-05T00:04:09.435+0000] {processor.py:840} INFO - DAG(s) 'example_branch_dop_operator_v3' retrieved from /home/airflow/.local/lib/python3.12/site-packages/airflow/example_dags/example_branch_python_dop_operator_3.py
[2024-06-05T00:04:09.452+0000] {logging_mixin.py:188} INFO - [2024-06-05T00:04:09.452+0000] {dag.py:3096} INFO - Sync 1 DAGs
[2024-06-05T00:04:09.475+0000] {logging_mixin.py:188} INFO - [2024-06-05T00:04:09.475+0000] {dag.py:3954} INFO - Setting next_dagrun for example_branch_dop_operator_v3 to 2024-06-05 00:03:00+00:00, run_after=2024-06-05 00:04:00+00:00
[2024-06-05T00:04:09.493+0000] {processor.py:183} INFO - Processing /home/airflow/.local/lib/python3.12/site-packages/airflow/example_dags/example_branch_python_dop_operator_3.py took 0.079 seconds
[2024-06-05T00:04:39.681+0000] {processor.py:161} INFO - Started process (PID=289) to work on /home/airflow/.local/lib/python3.12/site-packages/airflow/example_dags/example_branch_python_dop_operator_3.py
[2024-06-05T00:04:39.682+0000] {processor.py:830} INFO - Processing file /home/airflow/.local/lib/python3.12/site-packages/airflow/example_dags/example_branch_python_dop_operator_3.py for tasks to queue
[2024-06-05T00:04:39.684+0000] {logging_mixin.py:188} INFO - [2024-06-05T00:04:39.683+0000] {dagbag.py:545} INFO - Filling up the DagBag from /home/airflow/.local/lib/python3.12/site-packages/airflow/example_dags/example_branch_python_dop_operator_3.py
[2024-06-05T00:04:39.692+0000] {processor.py:840} INFO - DAG(s) 'example_branch_dop_operator_v3' retrieved from /home/airflow/.local/lib/python3.12/site-packages/airflow/example_dags/example_branch_python_dop_operator_3.py
[2024-06-05T00:04:39.712+0000] {logging_mixin.py:188} INFO - [2024-06-05T00:04:39.712+0000] {dag.py:3096} INFO - Sync 1 DAGs
[2024-06-05T00:04:39.735+0000] {logging_mixin.py:188} INFO - [2024-06-05T00:04:39.735+0000] {dag.py:3954} INFO - Setting next_dagrun for example_branch_dop_operator_v3 to 2024-06-05 00:03:00+00:00, run_after=2024-06-05 00:04:00+00:00
[2024-06-05T00:04:39.750+0000] {processor.py:183} INFO - Processing /home/airflow/.local/lib/python3.12/site-packages/airflow/example_dags/example_branch_python_dop_operator_3.py took 0.074 seconds
[2024-06-05T00:05:09.823+0000] {processor.py:161} INFO - Started process (PID=349) to work on /home/airflow/.local/lib/python3.12/site-packages/airflow/example_dags/example_branch_python_dop_operator_3.py
[2024-06-05T00:05:09.824+0000] {processor.py:830} INFO - Processing file /home/airflow/.local/lib/python3.12/site-packages/airflow/example_dags/example_branch_python_dop_operator_3.py for tasks to queue
[2024-06-05T00:05:09.826+0000] {logging_mixin.py:188} INFO - [2024-06-05T00:05:09.825+0000] {dagbag.py:545} INFO - Filling up the DagBag from /home/airflow/.local/lib/python3.12/site-packages/airflow/example_dags/example_branch_python_dop_operator_3.py
[2024-06-05T00:05:09.833+0000] {processor.py:840} INFO - DAG(s) 'example_branch_dop_operator_v3' retrieved from /home/airflow/.local/lib/python3.12/site-packages/airflow/example_dags/example_branch_python_dop_operator_3.py
[2024-06-05T00:05:09.850+0000] {logging_mixin.py:188} INFO - [2024-06-05T00:05:09.850+0000] {dag.py:3096} INFO - Sync 1 DAGs
[2024-06-05T00:05:09.871+0000] {logging_mixin.py:188} INFO - [2024-06-05T00:05:09.871+0000] {dag.py:3954} INFO - Setting next_dagrun for example_branch_dop_operator_v3 to 2024-06-05 00:04:00+00:00, run_after=2024-06-05 00:05:00+00:00
[2024-06-05T00:05:09.886+0000] {processor.py:183} INFO - Processing /home/airflow/.local/lib/python3.12/site-packages/airflow/example_dags/example_branch_python_dop_operator_3.py took 0.068 seconds
[2024-06-05T00:05:39.954+0000] {processor.py:161} INFO - Started process (PID=407) to work on /home/airflow/.local/lib/python3.12/site-packages/airflow/example_dags/example_branch_python_dop_operator_3.py
[2024-06-05T00:05:39.955+0000] {processor.py:830} INFO - Processing file /home/airflow/.local/lib/python3.12/site-packages/airflow/example_dags/example_branch_python_dop_operator_3.py for tasks to queue
[2024-06-05T00:05:39.957+0000] {logging_mixin.py:188} INFO - [2024-06-05T00:05:39.956+0000] {dagbag.py:545} INFO - Filling up the DagBag from /home/airflow/.local/lib/python3.12/site-packages/airflow/example_dags/example_branch_python_dop_operator_3.py
[2024-06-05T00:05:39.964+0000] {processor.py:840} INFO - DAG(s) 'example_branch_dop_operator_v3' retrieved from /home/airflow/.local/lib/python3.12/site-packages/airflow/example_dags/example_branch_python_dop_operator_3.py
[2024-06-05T00:05:39.979+0000] {logging_mixin.py:188} INFO - [2024-06-05T00:05:39.978+0000] {dag.py:3096} INFO - Sync 1 DAGs
[2024-06-05T00:05:39.998+0000] {logging_mixin.py:188} INFO - [2024-06-05T00:05:39.997+0000] {dag.py:3954} INFO - Setting next_dagrun for example_branch_dop_operator_v3 to 2024-06-05 00:04:00+00:00, run_after=2024-06-05 00:05:00+00:00
[2024-06-05T00:05:40.011+0000] {processor.py:183} INFO - Processing /home/airflow/.local/lib/python3.12/site-packages/airflow/example_dags/example_branch_python_dop_operator_3.py took 0.063 seconds
[2024-06-05T00:06:10.619+0000] {processor.py:161} INFO - Started process (PID=467) to work on /home/airflow/.local/lib/python3.12/site-packages/airflow/example_dags/example_branch_python_dop_operator_3.py
[2024-06-05T00:06:10.619+0000] {processor.py:830} INFO - Processing file /home/airflow/.local/lib/python3.12/site-packages/airflow/example_dags/example_branch_python_dop_operator_3.py for tasks to queue
[2024-06-05T00:06:10.621+0000] {logging_mixin.py:188} INFO - [2024-06-05T00:06:10.621+0000] {dagbag.py:545} INFO - Filling up the DagBag from /home/airflow/.local/lib/python3.12/site-packages/airflow/example_dags/example_branch_python_dop_operator_3.py
[2024-06-05T00:06:10.628+0000] {processor.py:840} INFO - DAG(s) 'example_branch_dop_operator_v3' retrieved from /home/airflow/.local/lib/python3.12/site-packages/airflow/example_dags/example_branch_python_dop_operator_3.py
[2024-06-05T00:06:10.646+0000] {logging_mixin.py:188} INFO - [2024-06-05T00:06:10.646+0000] {dag.py:3096} INFO - Sync 1 DAGs
[2024-06-05T00:06:10.669+0000] {logging_mixin.py:188} INFO - [2024-06-05T00:06:10.669+0000] {dag.py:3954} INFO - Setting next_dagrun for example_branch_dop_operator_v3 to 2024-06-05 00:05:00+00:00, run_after=2024-06-05 00:06:00+00:00
[2024-06-05T00:06:10.684+0000] {processor.py:183} INFO - Processing /home/airflow/.local/lib/python3.12/site-packages/airflow/example_dags/example_branch_python_dop_operator_3.py took 0.072 seconds
[2024-06-05T00:06:40.753+0000] {processor.py:161} INFO - Started process (PID=527) to work on /home/airflow/.local/lib/python3.12/site-packages/airflow/example_dags/example_branch_python_dop_operator_3.py
[2024-06-05T00:06:40.754+0000] {processor.py:830} INFO - Processing file /home/airflow/.local/lib/python3.12/site-packages/airflow/example_dags/example_branch_python_dop_operator_3.py for tasks to queue
[2024-06-05T00:06:40.756+0000] {logging_mixin.py:188} INFO - [2024-06-05T00:06:40.755+0000] {dagbag.py:545} INFO - Filling up the DagBag from /home/airflow/.local/lib/python3.12/site-packages/airflow/example_dags/example_branch_python_dop_operator_3.py
[2024-06-05T00:06:40.767+0000] {processor.py:840} INFO - DAG(s) 'example_branch_dop_operator_v3' retrieved from /home/airflow/.local/lib/python3.12/site-packages/airflow/example_dags/example_branch_python_dop_operator_3.py
[2024-06-05T00:06:40.789+0000] {logging_mixin.py:188} INFO - [2024-06-05T00:06:40.789+0000] {dag.py:3096} INFO - Sync 1 DAGs
[2024-06-05T00:06:40.822+0000] {logging_mixin.py:188} INFO - [2024-06-05T00:06:40.821+0000] {dag.py:3954} INFO - Setting next_dagrun for example_branch_dop_operator_v3 to 2024-06-05 00:05:00+00:00, run_after=2024-06-05 00:06:00+00:00
[2024-06-05T00:06:40.844+0000] {processor.py:183} INFO - Processing /home/airflow/.local/lib/python3.12/site-packages/airflow/example_dags/example_branch_python_dop_operator_3.py took 0.100 seconds
[2024-06-05T00:07:11.076+0000] {processor.py:161} INFO - Started process (PID=587) to work on /home/airflow/.local/lib/python3.12/site-packages/airflow/example_dags/example_branch_python_dop_operator_3.py
[2024-06-05T00:07:11.077+0000] {processor.py:830} INFO - Processing file /home/airflow/.local/lib/python3.12/site-packages/airflow/example_dags/example_branch_python_dop_operator_3.py for tasks to queue
[2024-06-05T00:07:11.080+0000] {logging_mixin.py:188} INFO - [2024-06-05T00:07:11.079+0000] {dagbag.py:545} INFO - Filling up the DagBag from /home/airflow/.local/lib/python3.12/site-packages/airflow/example_dags/example_branch_python_dop_operator_3.py
[2024-06-05T00:07:11.091+0000] {processor.py:840} INFO - DAG(s) 'example_branch_dop_operator_v3' retrieved from /home/airflow/.local/lib/python3.12/site-packages/airflow/example_dags/example_branch_python_dop_operator_3.py
[2024-06-05T00:07:11.116+0000] {logging_mixin.py:188} INFO - [2024-06-05T00:07:11.116+0000] {dag.py:3096} INFO - Sync 1 DAGs
[2024-06-05T00:07:11.140+0000] {logging_mixin.py:188} INFO - [2024-06-05T00:07:11.140+0000] {dag.py:3954} INFO - Setting next_dagrun for example_branch_dop_operator_v3 to 2024-06-05 00:06:00+00:00, run_after=2024-06-05 00:07:00+00:00
[2024-06-05T00:07:11.157+0000] {processor.py:183} INFO - Processing /home/airflow/.local/lib/python3.12/site-packages/airflow/example_dags/example_branch_python_dop_operator_3.py took 0.087 seconds
[2024-06-05T00:07:41.847+0000] {processor.py:161} INFO - Started process (PID=647) to work on /home/airflow/.local/lib/python3.12/site-packages/airflow/example_dags/example_branch_python_dop_operator_3.py
[2024-06-05T00:07:41.848+0000] {processor.py:830} INFO - Processing file /home/airflow/.local/lib/python3.12/site-packages/airflow/example_dags/example_branch_python_dop_operator_3.py for tasks to queue
[2024-06-05T00:07:41.850+0000] {logging_mixin.py:188} INFO - [2024-06-05T00:07:41.849+0000] {dagbag.py:545} INFO - Filling up the DagBag from /home/airflow/.local/lib/python3.12/site-packages/airflow/example_dags/example_branch_python_dop_operator_3.py
[2024-06-05T00:07:41.857+0000] {processor.py:840} INFO - DAG(s) 'example_branch_dop_operator_v3' retrieved from /home/airflow/.local/lib/python3.12/site-packages/airflow/example_dags/example_branch_python_dop_operator_3.py
[2024-06-05T00:07:41.873+0000] {logging_mixin.py:188} INFO - [2024-06-05T00:07:41.872+0000] {dag.py:3096} INFO - Sync 1 DAGs
[2024-06-05T00:07:41.893+0000] {logging_mixin.py:188} INFO - [2024-06-05T00:07:41.893+0000] {dag.py:3954} INFO - Setting next_dagrun for example_branch_dop_operator_v3 to 2024-06-05 00:06:00+00:00, run_after=2024-06-05 00:07:00+00:00
[2024-06-05T00:07:41.907+0000] {processor.py:183} INFO - Processing /home/airflow/.local/lib/python3.12/site-packages/airflow/example_dags/example_branch_python_dop_operator_3.py took 0.067 seconds
[2024-06-05T00:08:12.124+0000] {processor.py:161} INFO - Started process (PID=707) to work on /home/airflow/.local/lib/python3.12/site-packages/airflow/example_dags/example_branch_python_dop_operator_3.py
[2024-06-05T00:08:12.125+0000] {processor.py:830} INFO - Processing file /home/airflow/.local/lib/python3.12/site-packages/airflow/example_dags/example_branch_python_dop_operator_3.py for tasks to queue
[2024-06-05T00:08:12.126+0000] {logging_mixin.py:188} INFO - [2024-06-05T00:08:12.126+0000] {dagbag.py:545} INFO - Filling up the DagBag from /home/airflow/.local/lib/python3.12/site-packages/airflow/example_dags/example_branch_python_dop_operator_3.py
[2024-06-05T00:08:12.134+0000] {processor.py:840} INFO - DAG(s) 'example_branch_dop_operator_v3' retrieved from /home/airflow/.local/lib/python3.12/site-packages/airflow/example_dags/example_branch_python_dop_operator_3.py
[2024-06-05T00:08:12.150+0000] {logging_mixin.py:188} INFO - [2024-06-05T00:08:12.150+0000] {dag.py:3096} INFO - Sync 1 DAGs
[2024-06-05T00:08:12.171+0000] {logging_mixin.py:188} INFO - [2024-06-05T00:08:12.171+0000] {dag.py:3954} INFO - Setting next_dagrun for example_branch_dop_operator_v3 to 2024-06-05 00:07:00+00:00, run_after=2024-06-05 00:08:00+00:00
[2024-06-05T00:08:12.186+0000] {processor.py:183} INFO - Processing /home/airflow/.local/lib/python3.12/site-packages/airflow/example_dags/example_branch_python_dop_operator_3.py took 0.068 seconds
[2024-06-05T00:08:42.652+0000] {processor.py:161} INFO - Started process (PID=767) to work on /home/airflow/.local/lib/python3.12/site-packages/airflow/example_dags/example_branch_python_dop_operator_3.py
[2024-06-05T00:08:42.653+0000] {processor.py:830} INFO - Processing file /home/airflow/.local/lib/python3.12/site-packages/airflow/example_dags/example_branch_python_dop_operator_3.py for tasks to queue
[2024-06-05T00:08:42.655+0000] {logging_mixin.py:188} INFO - [2024-06-05T00:08:42.655+0000] {dagbag.py:545} INFO - Filling up the DagBag from /home/airflow/.local/lib/python3.12/site-packages/airflow/example_dags/example_branch_python_dop_operator_3.py
[2024-06-05T00:08:42.663+0000] {processor.py:840} INFO - DAG(s) 'example_branch_dop_operator_v3' retrieved from /home/airflow/.local/lib/python3.12/site-packages/airflow/example_dags/example_branch_python_dop_operator_3.py
[2024-06-05T00:08:42.680+0000] {logging_mixin.py:188} INFO - [2024-06-05T00:08:42.679+0000] {dag.py:3096} INFO - Sync 1 DAGs
[2024-06-05T00:08:42.700+0000] {logging_mixin.py:188} INFO - [2024-06-05T00:08:42.700+0000] {dag.py:3954} INFO - Setting next_dagrun for example_branch_dop_operator_v3 to 2024-06-05 00:07:00+00:00, run_after=2024-06-05 00:08:00+00:00
[2024-06-05T00:08:42.714+0000] {processor.py:183} INFO - Processing /home/airflow/.local/lib/python3.12/site-packages/airflow/example_dags/example_branch_python_dop_operator_3.py took 0.067 seconds
[2024-06-05T00:09:13.281+0000] {processor.py:161} INFO - Started process (PID=827) to work on /home/airflow/.local/lib/python3.12/site-packages/airflow/example_dags/example_branch_python_dop_operator_3.py
[2024-06-05T00:09:13.282+0000] {processor.py:830} INFO - Processing file /home/airflow/.local/lib/python3.12/site-packages/airflow/example_dags/example_branch_python_dop_operator_3.py for tasks to queue
[2024-06-05T00:09:13.284+0000] {logging_mixin.py:188} INFO - [2024-06-05T00:09:13.284+0000] {dagbag.py:545} INFO - Filling up the DagBag from /home/airflow/.local/lib/python3.12/site-packages/airflow/example_dags/example_branch_python_dop_operator_3.py
[2024-06-05T00:09:13.292+0000] {processor.py:840} INFO - DAG(s) 'example_branch_dop_operator_v3' retrieved from /home/airflow/.local/lib/python3.12/site-packages/airflow/example_dags/example_branch_python_dop_operator_3.py
[2024-06-05T00:09:13.308+0000] {logging_mixin.py:188} INFO - [2024-06-05T00:09:13.308+0000] {dag.py:3096} INFO - Sync 1 DAGs
[2024-06-05T00:09:13.328+0000] {logging_mixin.py:188} INFO - [2024-06-05T00:09:13.328+0000] {dag.py:3954} INFO - Setting next_dagrun for example_branch_dop_operator_v3 to 2024-06-05 00:08:00+00:00, run_after=2024-06-05 00:09:00+00:00
[2024-06-05T00:09:13.345+0000] {processor.py:183} INFO - Processing /home/airflow/.local/lib/python3.12/site-packages/airflow/example_dags/example_branch_python_dop_operator_3.py took 0.069 seconds
[2024-06-05T00:09:43.919+0000] {processor.py:161} INFO - Started process (PID=888) to work on /home/airflow/.local/lib/python3.12/site-packages/airflow/example_dags/example_branch_python_dop_operator_3.py
[2024-06-05T00:09:43.920+0000] {processor.py:830} INFO - Processing file /home/airflow/.local/lib/python3.12/site-packages/airflow/example_dags/example_branch_python_dop_operator_3.py for tasks to queue
[2024-06-05T00:09:43.922+0000] {logging_mixin.py:188} INFO - [2024-06-05T00:09:43.921+0000] {dagbag.py:545} INFO - Filling up the DagBag from /home/airflow/.local/lib/python3.12/site-packages/airflow/example_dags/example_branch_python_dop_operator_3.py
[2024-06-05T00:09:43.930+0000] {processor.py:840} INFO - DAG(s) 'example_branch_dop_operator_v3' retrieved from /home/airflow/.local/lib/python3.12/site-packages/airflow/example_dags/example_branch_python_dop_operator_3.py
[2024-06-05T00:09:43.947+0000] {logging_mixin.py:188} INFO - [2024-06-05T00:09:43.947+0000] {dag.py:3096} INFO - Sync 1 DAGs
[2024-06-05T00:09:43.970+0000] {logging_mixin.py:188} INFO - [2024-06-05T00:09:43.970+0000] {dag.py:3954} INFO - Setting next_dagrun for example_branch_dop_operator_v3 to 2024-06-05 00:08:00+00:00, run_after=2024-06-05 00:09:00+00:00
[2024-06-05T00:09:43.986+0000] {processor.py:183} INFO - Processing /home/airflow/.local/lib/python3.12/site-packages/airflow/example_dags/example_branch_python_dop_operator_3.py took 0.073 seconds
