[2024-06-05T00:02:38.179+0000] {processor.py:161} INFO - Started process (PID=63) to work on /home/airflow/.local/lib/python3.12/site-packages/airflow/example_dags/example_latest_only.py
[2024-06-05T00:02:38.180+0000] {processor.py:830} INFO - Processing file /home/airflow/.local/lib/python3.12/site-packages/airflow/example_dags/example_latest_only.py for tasks to queue
[2024-06-05T00:02:38.182+0000] {logging_mixin.py:188} INFO - [2024-06-05T00:02:38.181+0000] {dagbag.py:545} INFO - Filling up the DagBag from /home/airflow/.local/lib/python3.12/site-packages/airflow/example_dags/example_latest_only.py
[2024-06-05T00:02:38.186+0000] {processor.py:840} INFO - DAG(s) 'latest_only' retrieved from /home/airflow/.local/lib/python3.12/site-packages/airflow/example_dags/example_latest_only.py
[2024-06-05T00:02:38.206+0000] {logging_mixin.py:188} INFO - [2024-06-05T00:02:38.205+0000] {dag.py:3096} INFO - Sync 1 DAGs
[2024-06-05T00:02:38.231+0000] {logging_mixin.py:188} INFO - [2024-06-05T00:02:38.231+0000] {dag.py:3954} INFO - Setting next_dagrun for latest_only to 2024-06-04 20:00:00+00:00, run_after=2024-06-05 00:00:00+00:00
[2024-06-05T00:02:38.252+0000] {processor.py:183} INFO - Processing /home/airflow/.local/lib/python3.12/site-packages/airflow/example_dags/example_latest_only.py took 0.079 seconds
[2024-06-05T00:03:09.393+0000] {processor.py:161} INFO - Started process (PID=123) to work on /home/airflow/.local/lib/python3.12/site-packages/airflow/example_dags/example_latest_only.py
[2024-06-05T00:03:09.394+0000] {processor.py:830} INFO - Processing file /home/airflow/.local/lib/python3.12/site-packages/airflow/example_dags/example_latest_only.py for tasks to queue
[2024-06-05T00:03:09.397+0000] {logging_mixin.py:188} INFO - [2024-06-05T00:03:09.397+0000] {dagbag.py:545} INFO - Filling up the DagBag from /home/airflow/.local/lib/python3.12/site-packages/airflow/example_dags/example_latest_only.py
[2024-06-05T00:03:09.405+0000] {processor.py:840} INFO - DAG(s) 'latest_only' retrieved from /home/airflow/.local/lib/python3.12/site-packages/airflow/example_dags/example_latest_only.py
[2024-06-05T00:03:09.436+0000] {logging_mixin.py:188} INFO - [2024-06-05T00:03:09.435+0000] {dag.py:3096} INFO - Sync 1 DAGs
[2024-06-05T00:03:09.487+0000] {logging_mixin.py:188} INFO - [2024-06-05T00:03:09.487+0000] {dag.py:3954} INFO - Setting next_dagrun for latest_only to 2024-06-04 20:00:00+00:00, run_after=2024-06-05 00:00:00+00:00
[2024-06-05T00:03:09.542+0000] {processor.py:183} INFO - Processing /home/airflow/.local/lib/python3.12/site-packages/airflow/example_dags/example_latest_only.py took 0.159 seconds
[2024-06-05T00:03:39.977+0000] {processor.py:161} INFO - Started process (PID=183) to work on /home/airflow/.local/lib/python3.12/site-packages/airflow/example_dags/example_latest_only.py
[2024-06-05T00:03:39.978+0000] {processor.py:830} INFO - Processing file /home/airflow/.local/lib/python3.12/site-packages/airflow/example_dags/example_latest_only.py for tasks to queue
[2024-06-05T00:03:39.980+0000] {logging_mixin.py:188} INFO - [2024-06-05T00:03:39.980+0000] {dagbag.py:545} INFO - Filling up the DagBag from /home/airflow/.local/lib/python3.12/site-packages/airflow/example_dags/example_latest_only.py
[2024-06-05T00:03:39.985+0000] {processor.py:840} INFO - DAG(s) 'latest_only' retrieved from /home/airflow/.local/lib/python3.12/site-packages/airflow/example_dags/example_latest_only.py
[2024-06-05T00:03:40.002+0000] {logging_mixin.py:188} INFO - [2024-06-05T00:03:40.001+0000] {dag.py:3096} INFO - Sync 1 DAGs
[2024-06-05T00:03:40.020+0000] {logging_mixin.py:188} INFO - [2024-06-05T00:03:40.020+0000] {dag.py:3954} INFO - Setting next_dagrun for latest_only to 2024-06-04 20:00:00+00:00, run_after=2024-06-05 00:00:00+00:00
[2024-06-05T00:03:40.035+0000] {processor.py:183} INFO - Processing /home/airflow/.local/lib/python3.12/site-packages/airflow/example_dags/example_latest_only.py took 0.064 seconds
[2024-06-05T00:04:10.196+0000] {processor.py:161} INFO - Started process (PID=243) to work on /home/airflow/.local/lib/python3.12/site-packages/airflow/example_dags/example_latest_only.py
[2024-06-05T00:04:10.197+0000] {processor.py:830} INFO - Processing file /home/airflow/.local/lib/python3.12/site-packages/airflow/example_dags/example_latest_only.py for tasks to queue
[2024-06-05T00:04:10.199+0000] {logging_mixin.py:188} INFO - [2024-06-05T00:04:10.199+0000] {dagbag.py:545} INFO - Filling up the DagBag from /home/airflow/.local/lib/python3.12/site-packages/airflow/example_dags/example_latest_only.py
[2024-06-05T00:04:10.204+0000] {processor.py:840} INFO - DAG(s) 'latest_only' retrieved from /home/airflow/.local/lib/python3.12/site-packages/airflow/example_dags/example_latest_only.py
[2024-06-05T00:04:10.221+0000] {logging_mixin.py:188} INFO - [2024-06-05T00:04:10.220+0000] {dag.py:3096} INFO - Sync 1 DAGs
[2024-06-05T00:04:10.239+0000] {logging_mixin.py:188} INFO - [2024-06-05T00:04:10.239+0000] {dag.py:3954} INFO - Setting next_dagrun for latest_only to 2024-06-04 20:00:00+00:00, run_after=2024-06-05 00:00:00+00:00
[2024-06-05T00:04:10.254+0000] {processor.py:183} INFO - Processing /home/airflow/.local/lib/python3.12/site-packages/airflow/example_dags/example_latest_only.py took 0.063 seconds
[2024-06-05T00:04:40.332+0000] {processor.py:161} INFO - Started process (PID=303) to work on /home/airflow/.local/lib/python3.12/site-packages/airflow/example_dags/example_latest_only.py
[2024-06-05T00:04:40.333+0000] {processor.py:830} INFO - Processing file /home/airflow/.local/lib/python3.12/site-packages/airflow/example_dags/example_latest_only.py for tasks to queue
[2024-06-05T00:04:40.335+0000] {logging_mixin.py:188} INFO - [2024-06-05T00:04:40.335+0000] {dagbag.py:545} INFO - Filling up the DagBag from /home/airflow/.local/lib/python3.12/site-packages/airflow/example_dags/example_latest_only.py
[2024-06-05T00:04:40.339+0000] {processor.py:840} INFO - DAG(s) 'latest_only' retrieved from /home/airflow/.local/lib/python3.12/site-packages/airflow/example_dags/example_latest_only.py
[2024-06-05T00:04:40.357+0000] {logging_mixin.py:188} INFO - [2024-06-05T00:04:40.357+0000] {dag.py:3096} INFO - Sync 1 DAGs
[2024-06-05T00:04:40.377+0000] {logging_mixin.py:188} INFO - [2024-06-05T00:04:40.376+0000] {dag.py:3954} INFO - Setting next_dagrun for latest_only to 2024-06-04 20:00:00+00:00, run_after=2024-06-05 00:00:00+00:00
[2024-06-05T00:04:40.395+0000] {processor.py:183} INFO - Processing /home/airflow/.local/lib/python3.12/site-packages/airflow/example_dags/example_latest_only.py took 0.069 seconds
[2024-06-05T00:05:10.729+0000] {processor.py:161} INFO - Started process (PID=363) to work on /home/airflow/.local/lib/python3.12/site-packages/airflow/example_dags/example_latest_only.py
[2024-06-05T00:05:10.730+0000] {processor.py:830} INFO - Processing file /home/airflow/.local/lib/python3.12/site-packages/airflow/example_dags/example_latest_only.py for tasks to queue
[2024-06-05T00:05:10.732+0000] {logging_mixin.py:188} INFO - [2024-06-05T00:05:10.732+0000] {dagbag.py:545} INFO - Filling up the DagBag from /home/airflow/.local/lib/python3.12/site-packages/airflow/example_dags/example_latest_only.py
[2024-06-05T00:05:10.737+0000] {processor.py:840} INFO - DAG(s) 'latest_only' retrieved from /home/airflow/.local/lib/python3.12/site-packages/airflow/example_dags/example_latest_only.py
[2024-06-05T00:05:10.755+0000] {logging_mixin.py:188} INFO - [2024-06-05T00:05:10.755+0000] {dag.py:3096} INFO - Sync 1 DAGs
[2024-06-05T00:05:10.775+0000] {logging_mixin.py:188} INFO - [2024-06-05T00:05:10.775+0000] {dag.py:3954} INFO - Setting next_dagrun for latest_only to 2024-06-04 20:00:00+00:00, run_after=2024-06-05 00:00:00+00:00
[2024-06-05T00:05:10.792+0000] {processor.py:183} INFO - Processing /home/airflow/.local/lib/python3.12/site-packages/airflow/example_dags/example_latest_only.py took 0.068 seconds
[2024-06-05T00:05:40.844+0000] {processor.py:161} INFO - Started process (PID=423) to work on /home/airflow/.local/lib/python3.12/site-packages/airflow/example_dags/example_latest_only.py
[2024-06-05T00:05:40.845+0000] {processor.py:830} INFO - Processing file /home/airflow/.local/lib/python3.12/site-packages/airflow/example_dags/example_latest_only.py for tasks to queue
[2024-06-05T00:05:40.847+0000] {logging_mixin.py:188} INFO - [2024-06-05T00:05:40.846+0000] {dagbag.py:545} INFO - Filling up the DagBag from /home/airflow/.local/lib/python3.12/site-packages/airflow/example_dags/example_latest_only.py
[2024-06-05T00:05:40.851+0000] {processor.py:840} INFO - DAG(s) 'latest_only' retrieved from /home/airflow/.local/lib/python3.12/site-packages/airflow/example_dags/example_latest_only.py
[2024-06-05T00:05:40.866+0000] {logging_mixin.py:188} INFO - [2024-06-05T00:05:40.866+0000] {dag.py:3096} INFO - Sync 1 DAGs
[2024-06-05T00:05:40.884+0000] {logging_mixin.py:188} INFO - [2024-06-05T00:05:40.883+0000] {dag.py:3954} INFO - Setting next_dagrun for latest_only to 2024-06-04 20:00:00+00:00, run_after=2024-06-05 00:00:00+00:00
[2024-06-05T00:05:40.898+0000] {processor.py:183} INFO - Processing /home/airflow/.local/lib/python3.12/site-packages/airflow/example_dags/example_latest_only.py took 0.059 seconds
[2024-06-05T00:06:11.709+0000] {processor.py:161} INFO - Started process (PID=483) to work on /home/airflow/.local/lib/python3.12/site-packages/airflow/example_dags/example_latest_only.py
[2024-06-05T00:06:11.710+0000] {processor.py:830} INFO - Processing file /home/airflow/.local/lib/python3.12/site-packages/airflow/example_dags/example_latest_only.py for tasks to queue
[2024-06-05T00:06:11.711+0000] {logging_mixin.py:188} INFO - [2024-06-05T00:06:11.711+0000] {dagbag.py:545} INFO - Filling up the DagBag from /home/airflow/.local/lib/python3.12/site-packages/airflow/example_dags/example_latest_only.py
[2024-06-05T00:06:11.716+0000] {processor.py:840} INFO - DAG(s) 'latest_only' retrieved from /home/airflow/.local/lib/python3.12/site-packages/airflow/example_dags/example_latest_only.py
[2024-06-05T00:06:11.732+0000] {logging_mixin.py:188} INFO - [2024-06-05T00:06:11.732+0000] {dag.py:3096} INFO - Sync 1 DAGs
[2024-06-05T00:06:11.750+0000] {logging_mixin.py:188} INFO - [2024-06-05T00:06:11.750+0000] {dag.py:3954} INFO - Setting next_dagrun for latest_only to 2024-06-04 20:00:00+00:00, run_after=2024-06-05 00:00:00+00:00
[2024-06-05T00:06:11.767+0000] {processor.py:183} INFO - Processing /home/airflow/.local/lib/python3.12/site-packages/airflow/example_dags/example_latest_only.py took 0.063 seconds
[2024-06-05T00:06:42.846+0000] {processor.py:161} INFO - Started process (PID=543) to work on /home/airflow/.local/lib/python3.12/site-packages/airflow/example_dags/example_latest_only.py
[2024-06-05T00:06:42.847+0000] {processor.py:830} INFO - Processing file /home/airflow/.local/lib/python3.12/site-packages/airflow/example_dags/example_latest_only.py for tasks to queue
[2024-06-05T00:06:42.849+0000] {logging_mixin.py:188} INFO - [2024-06-05T00:06:42.849+0000] {dagbag.py:545} INFO - Filling up the DagBag from /home/airflow/.local/lib/python3.12/site-packages/airflow/example_dags/example_latest_only.py
[2024-06-05T00:06:42.854+0000] {processor.py:840} INFO - DAG(s) 'latest_only' retrieved from /home/airflow/.local/lib/python3.12/site-packages/airflow/example_dags/example_latest_only.py
[2024-06-05T00:06:42.870+0000] {logging_mixin.py:188} INFO - [2024-06-05T00:06:42.870+0000] {dag.py:3096} INFO - Sync 1 DAGs
[2024-06-05T00:06:42.889+0000] {logging_mixin.py:188} INFO - [2024-06-05T00:06:42.888+0000] {dag.py:3954} INFO - Setting next_dagrun for latest_only to 2024-06-04 20:00:00+00:00, run_after=2024-06-05 00:00:00+00:00
[2024-06-05T00:06:42.907+0000] {processor.py:183} INFO - Processing /home/airflow/.local/lib/python3.12/site-packages/airflow/example_dags/example_latest_only.py took 0.066 seconds
[2024-06-05T00:07:14.056+0000] {processor.py:161} INFO - Started process (PID=603) to work on /home/airflow/.local/lib/python3.12/site-packages/airflow/example_dags/example_latest_only.py
[2024-06-05T00:07:14.057+0000] {processor.py:830} INFO - Processing file /home/airflow/.local/lib/python3.12/site-packages/airflow/example_dags/example_latest_only.py for tasks to queue
[2024-06-05T00:07:14.059+0000] {logging_mixin.py:188} INFO - [2024-06-05T00:07:14.059+0000] {dagbag.py:545} INFO - Filling up the DagBag from /home/airflow/.local/lib/python3.12/site-packages/airflow/example_dags/example_latest_only.py
[2024-06-05T00:07:14.064+0000] {processor.py:840} INFO - DAG(s) 'latest_only' retrieved from /home/airflow/.local/lib/python3.12/site-packages/airflow/example_dags/example_latest_only.py
[2024-06-05T00:07:14.080+0000] {logging_mixin.py:188} INFO - [2024-06-05T00:07:14.080+0000] {dag.py:3096} INFO - Sync 1 DAGs
[2024-06-05T00:07:14.099+0000] {logging_mixin.py:188} INFO - [2024-06-05T00:07:14.098+0000] {dag.py:3954} INFO - Setting next_dagrun for latest_only to 2024-06-04 20:00:00+00:00, run_after=2024-06-05 00:00:00+00:00
[2024-06-05T00:07:14.115+0000] {processor.py:183} INFO - Processing /home/airflow/.local/lib/python3.12/site-packages/airflow/example_dags/example_latest_only.py took 0.065 seconds
[2024-06-05T00:07:44.911+0000] {processor.py:161} INFO - Started process (PID=663) to work on /home/airflow/.local/lib/python3.12/site-packages/airflow/example_dags/example_latest_only.py
[2024-06-05T00:07:44.912+0000] {processor.py:830} INFO - Processing file /home/airflow/.local/lib/python3.12/site-packages/airflow/example_dags/example_latest_only.py for tasks to queue
[2024-06-05T00:07:44.915+0000] {logging_mixin.py:188} INFO - [2024-06-05T00:07:44.915+0000] {dagbag.py:545} INFO - Filling up the DagBag from /home/airflow/.local/lib/python3.12/site-packages/airflow/example_dags/example_latest_only.py
[2024-06-05T00:07:44.923+0000] {processor.py:840} INFO - DAG(s) 'latest_only' retrieved from /home/airflow/.local/lib/python3.12/site-packages/airflow/example_dags/example_latest_only.py
[2024-06-05T00:07:44.971+0000] {logging_mixin.py:188} INFO - [2024-06-05T00:07:44.971+0000] {dag.py:3096} INFO - Sync 1 DAGs
[2024-06-05T00:07:45.014+0000] {logging_mixin.py:188} INFO - [2024-06-05T00:07:45.013+0000] {dag.py:3954} INFO - Setting next_dagrun for latest_only to 2024-06-04 20:00:00+00:00, run_after=2024-06-05 00:00:00+00:00
[2024-06-05T00:07:45.062+0000] {processor.py:183} INFO - Processing /home/airflow/.local/lib/python3.12/site-packages/airflow/example_dags/example_latest_only.py took 0.160 seconds
[2024-06-05T00:08:15.335+0000] {processor.py:161} INFO - Started process (PID=723) to work on /home/airflow/.local/lib/python3.12/site-packages/airflow/example_dags/example_latest_only.py
[2024-06-05T00:08:15.335+0000] {processor.py:830} INFO - Processing file /home/airflow/.local/lib/python3.12/site-packages/airflow/example_dags/example_latest_only.py for tasks to queue
[2024-06-05T00:08:15.337+0000] {logging_mixin.py:188} INFO - [2024-06-05T00:08:15.337+0000] {dagbag.py:545} INFO - Filling up the DagBag from /home/airflow/.local/lib/python3.12/site-packages/airflow/example_dags/example_latest_only.py
[2024-06-05T00:08:15.341+0000] {processor.py:840} INFO - DAG(s) 'latest_only' retrieved from /home/airflow/.local/lib/python3.12/site-packages/airflow/example_dags/example_latest_only.py
[2024-06-05T00:08:15.356+0000] {logging_mixin.py:188} INFO - [2024-06-05T00:08:15.356+0000] {dag.py:3096} INFO - Sync 1 DAGs
[2024-06-05T00:08:15.374+0000] {logging_mixin.py:188} INFO - [2024-06-05T00:08:15.374+0000] {dag.py:3954} INFO - Setting next_dagrun for latest_only to 2024-06-04 20:00:00+00:00, run_after=2024-06-05 00:00:00+00:00
[2024-06-05T00:08:15.392+0000] {processor.py:183} INFO - Processing /home/airflow/.local/lib/python3.12/site-packages/airflow/example_dags/example_latest_only.py took 0.063 seconds
[2024-06-05T00:08:46.375+0000] {processor.py:161} INFO - Started process (PID=783) to work on /home/airflow/.local/lib/python3.12/site-packages/airflow/example_dags/example_latest_only.py
[2024-06-05T00:08:46.376+0000] {processor.py:830} INFO - Processing file /home/airflow/.local/lib/python3.12/site-packages/airflow/example_dags/example_latest_only.py for tasks to queue
[2024-06-05T00:08:46.377+0000] {logging_mixin.py:188} INFO - [2024-06-05T00:08:46.377+0000] {dagbag.py:545} INFO - Filling up the DagBag from /home/airflow/.local/lib/python3.12/site-packages/airflow/example_dags/example_latest_only.py
[2024-06-05T00:08:46.382+0000] {processor.py:840} INFO - DAG(s) 'latest_only' retrieved from /home/airflow/.local/lib/python3.12/site-packages/airflow/example_dags/example_latest_only.py
[2024-06-05T00:08:46.398+0000] {logging_mixin.py:188} INFO - [2024-06-05T00:08:46.398+0000] {dag.py:3096} INFO - Sync 1 DAGs
[2024-06-05T00:08:46.415+0000] {logging_mixin.py:188} INFO - [2024-06-05T00:08:46.415+0000] {dag.py:3954} INFO - Setting next_dagrun for latest_only to 2024-06-04 20:00:00+00:00, run_after=2024-06-05 00:00:00+00:00
[2024-06-05T00:08:46.431+0000] {processor.py:183} INFO - Processing /home/airflow/.local/lib/python3.12/site-packages/airflow/example_dags/example_latest_only.py took 0.061 seconds
[2024-06-05T00:09:17.020+0000] {processor.py:161} INFO - Started process (PID=843) to work on /home/airflow/.local/lib/python3.12/site-packages/airflow/example_dags/example_latest_only.py
[2024-06-05T00:09:17.020+0000] {processor.py:830} INFO - Processing file /home/airflow/.local/lib/python3.12/site-packages/airflow/example_dags/example_latest_only.py for tasks to queue
[2024-06-05T00:09:17.022+0000] {logging_mixin.py:188} INFO - [2024-06-05T00:09:17.022+0000] {dagbag.py:545} INFO - Filling up the DagBag from /home/airflow/.local/lib/python3.12/site-packages/airflow/example_dags/example_latest_only.py
[2024-06-05T00:09:17.026+0000] {processor.py:840} INFO - DAG(s) 'latest_only' retrieved from /home/airflow/.local/lib/python3.12/site-packages/airflow/example_dags/example_latest_only.py
[2024-06-05T00:09:17.043+0000] {logging_mixin.py:188} INFO - [2024-06-05T00:09:17.042+0000] {dag.py:3096} INFO - Sync 1 DAGs
[2024-06-05T00:09:17.061+0000] {logging_mixin.py:188} INFO - [2024-06-05T00:09:17.061+0000] {dag.py:3954} INFO - Setting next_dagrun for latest_only to 2024-06-04 20:00:00+00:00, run_after=2024-06-05 00:00:00+00:00
[2024-06-05T00:09:17.076+0000] {processor.py:183} INFO - Processing /home/airflow/.local/lib/python3.12/site-packages/airflow/example_dags/example_latest_only.py took 0.061 seconds
