[2024-06-05T00:02:35.175+0000] {processor.py:161} INFO - Started process (PID=35) to work on /home/airflow/.local/lib/python3.12/site-packages/airflow/example_dags/example_branch_operator.py
[2024-06-05T00:02:35.176+0000] {processor.py:830} INFO - Processing file /home/airflow/.local/lib/python3.12/site-packages/airflow/example_dags/example_branch_operator.py for tasks to queue
[2024-06-05T00:02:35.179+0000] {logging_mixin.py:188} INFO - [2024-06-05T00:02:35.179+0000] {dagbag.py:545} INFO - Filling up the DagBag from /home/airflow/.local/lib/python3.12/site-packages/airflow/example_dags/example_branch_operator.py
[2024-06-05T00:02:35.236+0000] {processor.py:840} INFO - DAG(s) 'example_branch_operator' retrieved from /home/airflow/.local/lib/python3.12/site-packages/airflow/example_dags/example_branch_operator.py
[2024-06-05T00:02:35.378+0000] {logging_mixin.py:188} INFO - [2024-06-05T00:02:35.377+0000] {dag.py:3096} INFO - Sync 1 DAGs
[2024-06-05T00:02:35.435+0000] {logging_mixin.py:188} INFO - [2024-06-05T00:02:35.435+0000] {dag.py:3954} INFO - Setting next_dagrun for example_branch_operator to 2024-06-04 00:00:00+00:00, run_after=2024-06-05 00:00:00+00:00
[2024-06-05T00:02:35.532+0000] {processor.py:183} INFO - Processing /home/airflow/.local/lib/python3.12/site-packages/airflow/example_dags/example_branch_operator.py took 0.373 seconds
[2024-06-05T00:03:05.888+0000] {processor.py:161} INFO - Started process (PID=95) to work on /home/airflow/.local/lib/python3.12/site-packages/airflow/example_dags/example_branch_operator.py
[2024-06-05T00:03:05.889+0000] {processor.py:830} INFO - Processing file /home/airflow/.local/lib/python3.12/site-packages/airflow/example_dags/example_branch_operator.py for tasks to queue
[2024-06-05T00:03:05.892+0000] {logging_mixin.py:188} INFO - [2024-06-05T00:03:05.891+0000] {dagbag.py:545} INFO - Filling up the DagBag from /home/airflow/.local/lib/python3.12/site-packages/airflow/example_dags/example_branch_operator.py
[2024-06-05T00:03:05.918+0000] {processor.py:840} INFO - DAG(s) 'example_branch_operator' retrieved from /home/airflow/.local/lib/python3.12/site-packages/airflow/example_dags/example_branch_operator.py
[2024-06-05T00:03:05.947+0000] {logging_mixin.py:188} INFO - [2024-06-05T00:03:05.947+0000] {dag.py:3096} INFO - Sync 1 DAGs
[2024-06-05T00:03:06.016+0000] {logging_mixin.py:188} INFO - [2024-06-05T00:03:06.016+0000] {dag.py:3954} INFO - Setting next_dagrun for example_branch_operator to 2024-06-04 00:00:00+00:00, run_after=2024-06-05 00:00:00+00:00
[2024-06-05T00:03:06.058+0000] {processor.py:183} INFO - Processing /home/airflow/.local/lib/python3.12/site-packages/airflow/example_dags/example_branch_operator.py took 0.177 seconds
[2024-06-05T00:03:36.407+0000] {processor.py:161} INFO - Started process (PID=153) to work on /home/airflow/.local/lib/python3.12/site-packages/airflow/example_dags/example_branch_operator.py
[2024-06-05T00:03:36.408+0000] {processor.py:830} INFO - Processing file /home/airflow/.local/lib/python3.12/site-packages/airflow/example_dags/example_branch_operator.py for tasks to queue
[2024-06-05T00:03:36.410+0000] {logging_mixin.py:188} INFO - [2024-06-05T00:03:36.410+0000] {dagbag.py:545} INFO - Filling up the DagBag from /home/airflow/.local/lib/python3.12/site-packages/airflow/example_dags/example_branch_operator.py
[2024-06-05T00:03:36.425+0000] {processor.py:840} INFO - DAG(s) 'example_branch_operator' retrieved from /home/airflow/.local/lib/python3.12/site-packages/airflow/example_dags/example_branch_operator.py
[2024-06-05T00:03:36.449+0000] {logging_mixin.py:188} INFO - [2024-06-05T00:03:36.448+0000] {dag.py:3096} INFO - Sync 1 DAGs
[2024-06-05T00:03:36.472+0000] {logging_mixin.py:188} INFO - [2024-06-05T00:03:36.472+0000] {dag.py:3954} INFO - Setting next_dagrun for example_branch_operator to 2024-06-04 00:00:00+00:00, run_after=2024-06-05 00:00:00+00:00
[2024-06-05T00:03:36.489+0000] {processor.py:183} INFO - Processing /home/airflow/.local/lib/python3.12/site-packages/airflow/example_dags/example_branch_operator.py took 0.089 seconds
[2024-06-05T00:04:06.527+0000] {processor.py:161} INFO - Started process (PID=213) to work on /home/airflow/.local/lib/python3.12/site-packages/airflow/example_dags/example_branch_operator.py
[2024-06-05T00:04:06.528+0000] {processor.py:830} INFO - Processing file /home/airflow/.local/lib/python3.12/site-packages/airflow/example_dags/example_branch_operator.py for tasks to queue
[2024-06-05T00:04:06.530+0000] {logging_mixin.py:188} INFO - [2024-06-05T00:04:06.530+0000] {dagbag.py:545} INFO - Filling up the DagBag from /home/airflow/.local/lib/python3.12/site-packages/airflow/example_dags/example_branch_operator.py
[2024-06-05T00:04:06.543+0000] {processor.py:840} INFO - DAG(s) 'example_branch_operator' retrieved from /home/airflow/.local/lib/python3.12/site-packages/airflow/example_dags/example_branch_operator.py
[2024-06-05T00:04:06.565+0000] {logging_mixin.py:188} INFO - [2024-06-05T00:04:06.564+0000] {dag.py:3096} INFO - Sync 1 DAGs
[2024-06-05T00:04:06.583+0000] {logging_mixin.py:188} INFO - [2024-06-05T00:04:06.583+0000] {dag.py:3954} INFO - Setting next_dagrun for example_branch_operator to 2024-06-04 00:00:00+00:00, run_after=2024-06-05 00:00:00+00:00
[2024-06-05T00:04:06.598+0000] {processor.py:183} INFO - Processing /home/airflow/.local/lib/python3.12/site-packages/airflow/example_dags/example_branch_operator.py took 0.076 seconds
[2024-06-05T00:04:36.727+0000] {processor.py:161} INFO - Started process (PID=273) to work on /home/airflow/.local/lib/python3.12/site-packages/airflow/example_dags/example_branch_operator.py
[2024-06-05T00:04:36.728+0000] {processor.py:830} INFO - Processing file /home/airflow/.local/lib/python3.12/site-packages/airflow/example_dags/example_branch_operator.py for tasks to queue
[2024-06-05T00:04:36.730+0000] {logging_mixin.py:188} INFO - [2024-06-05T00:04:36.729+0000] {dagbag.py:545} INFO - Filling up the DagBag from /home/airflow/.local/lib/python3.12/site-packages/airflow/example_dags/example_branch_operator.py
[2024-06-05T00:04:36.743+0000] {processor.py:840} INFO - DAG(s) 'example_branch_operator' retrieved from /home/airflow/.local/lib/python3.12/site-packages/airflow/example_dags/example_branch_operator.py
[2024-06-05T00:04:36.767+0000] {logging_mixin.py:188} INFO - [2024-06-05T00:04:36.766+0000] {dag.py:3096} INFO - Sync 1 DAGs
[2024-06-05T00:04:36.786+0000] {logging_mixin.py:188} INFO - [2024-06-05T00:04:36.786+0000] {dag.py:3954} INFO - Setting next_dagrun for example_branch_operator to 2024-06-04 00:00:00+00:00, run_after=2024-06-05 00:00:00+00:00
[2024-06-05T00:04:36.803+0000] {processor.py:183} INFO - Processing /home/airflow/.local/lib/python3.12/site-packages/airflow/example_dags/example_branch_operator.py took 0.082 seconds
[2024-06-05T00:05:06.962+0000] {processor.py:161} INFO - Started process (PID=333) to work on /home/airflow/.local/lib/python3.12/site-packages/airflow/example_dags/example_branch_operator.py
[2024-06-05T00:05:06.962+0000] {processor.py:830} INFO - Processing file /home/airflow/.local/lib/python3.12/site-packages/airflow/example_dags/example_branch_operator.py for tasks to queue
[2024-06-05T00:05:06.965+0000] {logging_mixin.py:188} INFO - [2024-06-05T00:05:06.964+0000] {dagbag.py:545} INFO - Filling up the DagBag from /home/airflow/.local/lib/python3.12/site-packages/airflow/example_dags/example_branch_operator.py
[2024-06-05T00:05:06.978+0000] {processor.py:840} INFO - DAG(s) 'example_branch_operator' retrieved from /home/airflow/.local/lib/python3.12/site-packages/airflow/example_dags/example_branch_operator.py
[2024-06-05T00:05:07.003+0000] {logging_mixin.py:188} INFO - [2024-06-05T00:05:07.002+0000] {dag.py:3096} INFO - Sync 1 DAGs
[2024-06-05T00:05:07.022+0000] {logging_mixin.py:188} INFO - [2024-06-05T00:05:07.022+0000] {dag.py:3954} INFO - Setting next_dagrun for example_branch_operator to 2024-06-04 00:00:00+00:00, run_after=2024-06-05 00:00:00+00:00
[2024-06-05T00:05:07.041+0000] {processor.py:183} INFO - Processing /home/airflow/.local/lib/python3.12/site-packages/airflow/example_dags/example_branch_operator.py took 0.084 seconds
[2024-06-05T00:05:37.250+0000] {processor.py:161} INFO - Started process (PID=393) to work on /home/airflow/.local/lib/python3.12/site-packages/airflow/example_dags/example_branch_operator.py
[2024-06-05T00:05:37.251+0000] {processor.py:830} INFO - Processing file /home/airflow/.local/lib/python3.12/site-packages/airflow/example_dags/example_branch_operator.py for tasks to queue
[2024-06-05T00:05:37.252+0000] {logging_mixin.py:188} INFO - [2024-06-05T00:05:37.252+0000] {dagbag.py:545} INFO - Filling up the DagBag from /home/airflow/.local/lib/python3.12/site-packages/airflow/example_dags/example_branch_operator.py
[2024-06-05T00:05:37.266+0000] {processor.py:840} INFO - DAG(s) 'example_branch_operator' retrieved from /home/airflow/.local/lib/python3.12/site-packages/airflow/example_dags/example_branch_operator.py
[2024-06-05T00:05:37.289+0000] {logging_mixin.py:188} INFO - [2024-06-05T00:05:37.289+0000] {dag.py:3096} INFO - Sync 1 DAGs
[2024-06-05T00:05:37.308+0000] {logging_mixin.py:188} INFO - [2024-06-05T00:05:37.307+0000] {dag.py:3954} INFO - Setting next_dagrun for example_branch_operator to 2024-06-04 00:00:00+00:00, run_after=2024-06-05 00:00:00+00:00
[2024-06-05T00:05:37.322+0000] {processor.py:183} INFO - Processing /home/airflow/.local/lib/python3.12/site-packages/airflow/example_dags/example_branch_operator.py took 0.077 seconds
[2024-06-05T00:06:07.437+0000] {processor.py:161} INFO - Started process (PID=453) to work on /home/airflow/.local/lib/python3.12/site-packages/airflow/example_dags/example_branch_operator.py
[2024-06-05T00:06:07.438+0000] {processor.py:830} INFO - Processing file /home/airflow/.local/lib/python3.12/site-packages/airflow/example_dags/example_branch_operator.py for tasks to queue
[2024-06-05T00:06:07.441+0000] {logging_mixin.py:188} INFO - [2024-06-05T00:06:07.440+0000] {dagbag.py:545} INFO - Filling up the DagBag from /home/airflow/.local/lib/python3.12/site-packages/airflow/example_dags/example_branch_operator.py
[2024-06-05T00:06:07.461+0000] {processor.py:840} INFO - DAG(s) 'example_branch_operator' retrieved from /home/airflow/.local/lib/python3.12/site-packages/airflow/example_dags/example_branch_operator.py
[2024-06-05T00:06:07.489+0000] {logging_mixin.py:188} INFO - [2024-06-05T00:06:07.488+0000] {dag.py:3096} INFO - Sync 1 DAGs
[2024-06-05T00:06:07.511+0000] {logging_mixin.py:188} INFO - [2024-06-05T00:06:07.511+0000] {dag.py:3954} INFO - Setting next_dagrun for example_branch_operator to 2024-06-04 00:00:00+00:00, run_after=2024-06-05 00:00:00+00:00
[2024-06-05T00:06:07.530+0000] {processor.py:183} INFO - Processing /home/airflow/.local/lib/python3.12/site-packages/airflow/example_dags/example_branch_operator.py took 0.101 seconds
[2024-06-05T00:06:38.103+0000] {processor.py:161} INFO - Started process (PID=513) to work on /home/airflow/.local/lib/python3.12/site-packages/airflow/example_dags/example_branch_operator.py
[2024-06-05T00:06:38.104+0000] {processor.py:830} INFO - Processing file /home/airflow/.local/lib/python3.12/site-packages/airflow/example_dags/example_branch_operator.py for tasks to queue
[2024-06-05T00:06:38.105+0000] {logging_mixin.py:188} INFO - [2024-06-05T00:06:38.105+0000] {dagbag.py:545} INFO - Filling up the DagBag from /home/airflow/.local/lib/python3.12/site-packages/airflow/example_dags/example_branch_operator.py
[2024-06-05T00:06:38.120+0000] {processor.py:840} INFO - DAG(s) 'example_branch_operator' retrieved from /home/airflow/.local/lib/python3.12/site-packages/airflow/example_dags/example_branch_operator.py
[2024-06-05T00:06:38.143+0000] {logging_mixin.py:188} INFO - [2024-06-05T00:06:38.143+0000] {dag.py:3096} INFO - Sync 1 DAGs
[2024-06-05T00:06:38.163+0000] {logging_mixin.py:188} INFO - [2024-06-05T00:06:38.162+0000] {dag.py:3954} INFO - Setting next_dagrun for example_branch_operator to 2024-06-04 00:00:00+00:00, run_after=2024-06-05 00:00:00+00:00
[2024-06-05T00:06:38.185+0000] {processor.py:183} INFO - Processing /home/airflow/.local/lib/python3.12/site-packages/airflow/example_dags/example_branch_operator.py took 0.087 seconds
[2024-06-05T00:07:08.451+0000] {processor.py:161} INFO - Started process (PID=573) to work on /home/airflow/.local/lib/python3.12/site-packages/airflow/example_dags/example_branch_operator.py
[2024-06-05T00:07:08.452+0000] {processor.py:830} INFO - Processing file /home/airflow/.local/lib/python3.12/site-packages/airflow/example_dags/example_branch_operator.py for tasks to queue
[2024-06-05T00:07:08.455+0000] {logging_mixin.py:188} INFO - [2024-06-05T00:07:08.454+0000] {dagbag.py:545} INFO - Filling up the DagBag from /home/airflow/.local/lib/python3.12/site-packages/airflow/example_dags/example_branch_operator.py
[2024-06-05T00:07:08.469+0000] {processor.py:840} INFO - DAG(s) 'example_branch_operator' retrieved from /home/airflow/.local/lib/python3.12/site-packages/airflow/example_dags/example_branch_operator.py
[2024-06-05T00:07:08.491+0000] {logging_mixin.py:188} INFO - [2024-06-05T00:07:08.490+0000] {dag.py:3096} INFO - Sync 1 DAGs
[2024-06-05T00:07:08.511+0000] {logging_mixin.py:188} INFO - [2024-06-05T00:07:08.511+0000] {dag.py:3954} INFO - Setting next_dagrun for example_branch_operator to 2024-06-04 00:00:00+00:00, run_after=2024-06-05 00:00:00+00:00
[2024-06-05T00:07:08.528+0000] {processor.py:183} INFO - Processing /home/airflow/.local/lib/python3.12/site-packages/airflow/example_dags/example_branch_operator.py took 0.083 seconds
[2024-06-05T00:07:39.242+0000] {processor.py:161} INFO - Started process (PID=633) to work on /home/airflow/.local/lib/python3.12/site-packages/airflow/example_dags/example_branch_operator.py
[2024-06-05T00:07:39.243+0000] {processor.py:830} INFO - Processing file /home/airflow/.local/lib/python3.12/site-packages/airflow/example_dags/example_branch_operator.py for tasks to queue
[2024-06-05T00:07:39.245+0000] {logging_mixin.py:188} INFO - [2024-06-05T00:07:39.244+0000] {dagbag.py:545} INFO - Filling up the DagBag from /home/airflow/.local/lib/python3.12/site-packages/airflow/example_dags/example_branch_operator.py
[2024-06-05T00:07:39.258+0000] {processor.py:840} INFO - DAG(s) 'example_branch_operator' retrieved from /home/airflow/.local/lib/python3.12/site-packages/airflow/example_dags/example_branch_operator.py
[2024-06-05T00:07:39.280+0000] {logging_mixin.py:188} INFO - [2024-06-05T00:07:39.280+0000] {dag.py:3096} INFO - Sync 1 DAGs
[2024-06-05T00:07:39.301+0000] {logging_mixin.py:188} INFO - [2024-06-05T00:07:39.301+0000] {dag.py:3954} INFO - Setting next_dagrun for example_branch_operator to 2024-06-04 00:00:00+00:00, run_after=2024-06-05 00:00:00+00:00
[2024-06-05T00:07:39.318+0000] {processor.py:183} INFO - Processing /home/airflow/.local/lib/python3.12/site-packages/airflow/example_dags/example_branch_operator.py took 0.081 seconds
[2024-06-05T00:08:09.498+0000] {processor.py:161} INFO - Started process (PID=693) to work on /home/airflow/.local/lib/python3.12/site-packages/airflow/example_dags/example_branch_operator.py
[2024-06-05T00:08:09.499+0000] {processor.py:830} INFO - Processing file /home/airflow/.local/lib/python3.12/site-packages/airflow/example_dags/example_branch_operator.py for tasks to queue
[2024-06-05T00:08:09.501+0000] {logging_mixin.py:188} INFO - [2024-06-05T00:08:09.501+0000] {dagbag.py:545} INFO - Filling up the DagBag from /home/airflow/.local/lib/python3.12/site-packages/airflow/example_dags/example_branch_operator.py
[2024-06-05T00:08:09.517+0000] {processor.py:840} INFO - DAG(s) 'example_branch_operator' retrieved from /home/airflow/.local/lib/python3.12/site-packages/airflow/example_dags/example_branch_operator.py
[2024-06-05T00:08:09.542+0000] {logging_mixin.py:188} INFO - [2024-06-05T00:08:09.541+0000] {dag.py:3096} INFO - Sync 1 DAGs
[2024-06-05T00:08:09.562+0000] {logging_mixin.py:188} INFO - [2024-06-05T00:08:09.562+0000] {dag.py:3954} INFO - Setting next_dagrun for example_branch_operator to 2024-06-04 00:00:00+00:00, run_after=2024-06-05 00:00:00+00:00
[2024-06-05T00:08:09.579+0000] {processor.py:183} INFO - Processing /home/airflow/.local/lib/python3.12/site-packages/airflow/example_dags/example_branch_operator.py took 0.086 seconds
[2024-06-05T00:08:40.068+0000] {processor.py:161} INFO - Started process (PID=753) to work on /home/airflow/.local/lib/python3.12/site-packages/airflow/example_dags/example_branch_operator.py
[2024-06-05T00:08:40.069+0000] {processor.py:830} INFO - Processing file /home/airflow/.local/lib/python3.12/site-packages/airflow/example_dags/example_branch_operator.py for tasks to queue
[2024-06-05T00:08:40.071+0000] {logging_mixin.py:188} INFO - [2024-06-05T00:08:40.070+0000] {dagbag.py:545} INFO - Filling up the DagBag from /home/airflow/.local/lib/python3.12/site-packages/airflow/example_dags/example_branch_operator.py
[2024-06-05T00:08:40.085+0000] {processor.py:840} INFO - DAG(s) 'example_branch_operator' retrieved from /home/airflow/.local/lib/python3.12/site-packages/airflow/example_dags/example_branch_operator.py
[2024-06-05T00:08:40.107+0000] {logging_mixin.py:188} INFO - [2024-06-05T00:08:40.107+0000] {dag.py:3096} INFO - Sync 1 DAGs
[2024-06-05T00:08:40.126+0000] {logging_mixin.py:188} INFO - [2024-06-05T00:08:40.126+0000] {dag.py:3954} INFO - Setting next_dagrun for example_branch_operator to 2024-06-04 00:00:00+00:00, run_after=2024-06-05 00:00:00+00:00
[2024-06-05T00:08:40.142+0000] {processor.py:183} INFO - Processing /home/airflow/.local/lib/python3.12/site-packages/airflow/example_dags/example_branch_operator.py took 0.079 seconds
[2024-06-05T00:09:10.617+0000] {processor.py:161} INFO - Started process (PID=813) to work on /home/airflow/.local/lib/python3.12/site-packages/airflow/example_dags/example_branch_operator.py
[2024-06-05T00:09:10.618+0000] {processor.py:830} INFO - Processing file /home/airflow/.local/lib/python3.12/site-packages/airflow/example_dags/example_branch_operator.py for tasks to queue
[2024-06-05T00:09:10.620+0000] {logging_mixin.py:188} INFO - [2024-06-05T00:09:10.619+0000] {dagbag.py:545} INFO - Filling up the DagBag from /home/airflow/.local/lib/python3.12/site-packages/airflow/example_dags/example_branch_operator.py
[2024-06-05T00:09:10.633+0000] {processor.py:840} INFO - DAG(s) 'example_branch_operator' retrieved from /home/airflow/.local/lib/python3.12/site-packages/airflow/example_dags/example_branch_operator.py
[2024-06-05T00:09:10.664+0000] {logging_mixin.py:188} INFO - [2024-06-05T00:09:10.664+0000] {dag.py:3096} INFO - Sync 1 DAGs
[2024-06-05T00:09:10.690+0000] {logging_mixin.py:188} INFO - [2024-06-05T00:09:10.690+0000] {dag.py:3954} INFO - Setting next_dagrun for example_branch_operator to 2024-06-04 00:00:00+00:00, run_after=2024-06-05 00:00:00+00:00
[2024-06-05T00:09:10.708+0000] {processor.py:183} INFO - Processing /home/airflow/.local/lib/python3.12/site-packages/airflow/example_dags/example_branch_operator.py took 0.097 seconds
[2024-06-05T00:09:41.246+0000] {processor.py:161} INFO - Started process (PID=874) to work on /home/airflow/.local/lib/python3.12/site-packages/airflow/example_dags/example_branch_operator.py
[2024-06-05T00:09:41.247+0000] {processor.py:830} INFO - Processing file /home/airflow/.local/lib/python3.12/site-packages/airflow/example_dags/example_branch_operator.py for tasks to queue
[2024-06-05T00:09:41.250+0000] {logging_mixin.py:188} INFO - [2024-06-05T00:09:41.249+0000] {dagbag.py:545} INFO - Filling up the DagBag from /home/airflow/.local/lib/python3.12/site-packages/airflow/example_dags/example_branch_operator.py
[2024-06-05T00:09:41.270+0000] {processor.py:840} INFO - DAG(s) 'example_branch_operator' retrieved from /home/airflow/.local/lib/python3.12/site-packages/airflow/example_dags/example_branch_operator.py
[2024-06-05T00:09:41.304+0000] {logging_mixin.py:188} INFO - [2024-06-05T00:09:41.303+0000] {dag.py:3096} INFO - Sync 1 DAGs
[2024-06-05T00:09:41.324+0000] {logging_mixin.py:188} INFO - [2024-06-05T00:09:41.323+0000] {dag.py:3954} INFO - Setting next_dagrun for example_branch_operator to 2024-06-04 00:00:00+00:00, run_after=2024-06-05 00:00:00+00:00
[2024-06-05T00:09:41.339+0000] {processor.py:183} INFO - Processing /home/airflow/.local/lib/python3.12/site-packages/airflow/example_dags/example_branch_operator.py took 0.101 seconds
