[2024-06-05T00:02:37.117+0000] {processor.py:161} INFO - Started process (PID=51) to work on /home/airflow/.local/lib/python3.12/site-packages/airflow/example_dags/example_skip_dag.py
[2024-06-05T00:02:37.118+0000] {processor.py:830} INFO - Processing file /home/airflow/.local/lib/python3.12/site-packages/airflow/example_dags/example_skip_dag.py for tasks to queue
[2024-06-05T00:02:37.120+0000] {logging_mixin.py:188} INFO - [2024-06-05T00:02:37.120+0000] {dagbag.py:545} INFO - Filling up the DagBag from /home/airflow/.local/lib/python3.12/site-packages/airflow/example_dags/example_skip_dag.py
[2024-06-05T00:02:37.127+0000] {processor.py:840} INFO - DAG(s) 'example_skip_dag' retrieved from /home/airflow/.local/lib/python3.12/site-packages/airflow/example_dags/example_skip_dag.py
[2024-06-05T00:02:37.148+0000] {logging_mixin.py:188} INFO - [2024-06-05T00:02:37.148+0000] {dag.py:3096} INFO - Sync 1 DAGs
[2024-06-05T00:02:37.172+0000] {logging_mixin.py:188} INFO - [2024-06-05T00:02:37.171+0000] {dag.py:3954} INFO - Setting next_dagrun for example_skip_dag to 2024-06-04 00:00:00+00:00, run_after=2024-06-05 00:00:00+00:00
[2024-06-05T00:02:37.198+0000] {processor.py:183} INFO - Processing /home/airflow/.local/lib/python3.12/site-packages/airflow/example_dags/example_skip_dag.py took 0.088 seconds
[2024-06-05T00:03:07.791+0000] {processor.py:161} INFO - Started process (PID=111) to work on /home/airflow/.local/lib/python3.12/site-packages/airflow/example_dags/example_skip_dag.py
[2024-06-05T00:03:07.792+0000] {processor.py:830} INFO - Processing file /home/airflow/.local/lib/python3.12/site-packages/airflow/example_dags/example_skip_dag.py for tasks to queue
[2024-06-05T00:03:07.795+0000] {logging_mixin.py:188} INFO - [2024-06-05T00:03:07.794+0000] {dagbag.py:545} INFO - Filling up the DagBag from /home/airflow/.local/lib/python3.12/site-packages/airflow/example_dags/example_skip_dag.py
[2024-06-05T00:03:07.807+0000] {processor.py:840} INFO - DAG(s) 'example_skip_dag' retrieved from /home/airflow/.local/lib/python3.12/site-packages/airflow/example_dags/example_skip_dag.py
[2024-06-05T00:03:07.844+0000] {logging_mixin.py:188} INFO - [2024-06-05T00:03:07.844+0000] {dag.py:3096} INFO - Sync 1 DAGs
[2024-06-05T00:03:07.901+0000] {logging_mixin.py:188} INFO - [2024-06-05T00:03:07.900+0000] {dag.py:3954} INFO - Setting next_dagrun for example_skip_dag to 2024-06-04 00:00:00+00:00, run_after=2024-06-05 00:00:00+00:00
[2024-06-05T00:03:07.942+0000] {processor.py:183} INFO - Processing /home/airflow/.local/lib/python3.12/site-packages/airflow/example_dags/example_skip_dag.py took 0.160 seconds
[2024-06-05T00:03:38.409+0000] {processor.py:161} INFO - Started process (PID=171) to work on /home/airflow/.local/lib/python3.12/site-packages/airflow/example_dags/example_skip_dag.py
[2024-06-05T00:03:38.410+0000] {processor.py:830} INFO - Processing file /home/airflow/.local/lib/python3.12/site-packages/airflow/example_dags/example_skip_dag.py for tasks to queue
[2024-06-05T00:03:38.412+0000] {logging_mixin.py:188} INFO - [2024-06-05T00:03:38.411+0000] {dagbag.py:545} INFO - Filling up the DagBag from /home/airflow/.local/lib/python3.12/site-packages/airflow/example_dags/example_skip_dag.py
[2024-06-05T00:03:38.418+0000] {processor.py:840} INFO - DAG(s) 'example_skip_dag' retrieved from /home/airflow/.local/lib/python3.12/site-packages/airflow/example_dags/example_skip_dag.py
[2024-06-05T00:03:38.436+0000] {logging_mixin.py:188} INFO - [2024-06-05T00:03:38.435+0000] {dag.py:3096} INFO - Sync 1 DAGs
[2024-06-05T00:03:38.458+0000] {logging_mixin.py:188} INFO - [2024-06-05T00:03:38.457+0000] {dag.py:3954} INFO - Setting next_dagrun for example_skip_dag to 2024-06-04 00:00:00+00:00, run_after=2024-06-05 00:00:00+00:00
[2024-06-05T00:03:38.472+0000] {processor.py:183} INFO - Processing /home/airflow/.local/lib/python3.12/site-packages/airflow/example_dags/example_skip_dag.py took 0.068 seconds
[2024-06-05T00:04:09.518+0000] {processor.py:161} INFO - Started process (PID=231) to work on /home/airflow/.local/lib/python3.12/site-packages/airflow/example_dags/example_skip_dag.py
[2024-06-05T00:04:09.519+0000] {processor.py:830} INFO - Processing file /home/airflow/.local/lib/python3.12/site-packages/airflow/example_dags/example_skip_dag.py for tasks to queue
[2024-06-05T00:04:09.521+0000] {logging_mixin.py:188} INFO - [2024-06-05T00:04:09.521+0000] {dagbag.py:545} INFO - Filling up the DagBag from /home/airflow/.local/lib/python3.12/site-packages/airflow/example_dags/example_skip_dag.py
[2024-06-05T00:04:09.527+0000] {processor.py:840} INFO - DAG(s) 'example_skip_dag' retrieved from /home/airflow/.local/lib/python3.12/site-packages/airflow/example_dags/example_skip_dag.py
[2024-06-05T00:04:09.545+0000] {logging_mixin.py:188} INFO - [2024-06-05T00:04:09.545+0000] {dag.py:3096} INFO - Sync 1 DAGs
[2024-06-05T00:04:09.566+0000] {logging_mixin.py:188} INFO - [2024-06-05T00:04:09.565+0000] {dag.py:3954} INFO - Setting next_dagrun for example_skip_dag to 2024-06-04 00:00:00+00:00, run_after=2024-06-05 00:00:00+00:00
[2024-06-05T00:04:09.583+0000] {processor.py:183} INFO - Processing /home/airflow/.local/lib/python3.12/site-packages/airflow/example_dags/example_skip_dag.py took 0.071 seconds
[2024-06-05T00:04:39.772+0000] {processor.py:161} INFO - Started process (PID=291) to work on /home/airflow/.local/lib/python3.12/site-packages/airflow/example_dags/example_skip_dag.py
[2024-06-05T00:04:39.773+0000] {processor.py:830} INFO - Processing file /home/airflow/.local/lib/python3.12/site-packages/airflow/example_dags/example_skip_dag.py for tasks to queue
[2024-06-05T00:04:39.775+0000] {logging_mixin.py:188} INFO - [2024-06-05T00:04:39.775+0000] {dagbag.py:545} INFO - Filling up the DagBag from /home/airflow/.local/lib/python3.12/site-packages/airflow/example_dags/example_skip_dag.py
[2024-06-05T00:04:39.781+0000] {processor.py:840} INFO - DAG(s) 'example_skip_dag' retrieved from /home/airflow/.local/lib/python3.12/site-packages/airflow/example_dags/example_skip_dag.py
[2024-06-05T00:04:39.804+0000] {logging_mixin.py:188} INFO - [2024-06-05T00:04:39.803+0000] {dag.py:3096} INFO - Sync 1 DAGs
[2024-06-05T00:04:39.822+0000] {logging_mixin.py:188} INFO - [2024-06-05T00:04:39.822+0000] {dag.py:3954} INFO - Setting next_dagrun for example_skip_dag to 2024-06-04 00:00:00+00:00, run_after=2024-06-05 00:00:00+00:00
[2024-06-05T00:04:39.837+0000] {processor.py:183} INFO - Processing /home/airflow/.local/lib/python3.12/site-packages/airflow/example_dags/example_skip_dag.py took 0.071 seconds
[2024-06-05T00:05:09.988+0000] {processor.py:161} INFO - Started process (PID=351) to work on /home/airflow/.local/lib/python3.12/site-packages/airflow/example_dags/example_skip_dag.py
[2024-06-05T00:05:09.989+0000] {processor.py:830} INFO - Processing file /home/airflow/.local/lib/python3.12/site-packages/airflow/example_dags/example_skip_dag.py for tasks to queue
[2024-06-05T00:05:09.990+0000] {logging_mixin.py:188} INFO - [2024-06-05T00:05:09.990+0000] {dagbag.py:545} INFO - Filling up the DagBag from /home/airflow/.local/lib/python3.12/site-packages/airflow/example_dags/example_skip_dag.py
[2024-06-05T00:05:09.996+0000] {processor.py:840} INFO - DAG(s) 'example_skip_dag' retrieved from /home/airflow/.local/lib/python3.12/site-packages/airflow/example_dags/example_skip_dag.py
[2024-06-05T00:05:10.025+0000] {logging_mixin.py:188} INFO - [2024-06-05T00:05:10.025+0000] {dag.py:3096} INFO - Sync 1 DAGs
[2024-06-05T00:05:10.051+0000] {logging_mixin.py:188} INFO - [2024-06-05T00:05:10.051+0000] {dag.py:3954} INFO - Setting next_dagrun for example_skip_dag to 2024-06-04 00:00:00+00:00, run_after=2024-06-05 00:00:00+00:00
[2024-06-05T00:05:10.070+0000] {processor.py:183} INFO - Processing /home/airflow/.local/lib/python3.12/site-packages/airflow/example_dags/example_skip_dag.py took 0.087 seconds
[2024-06-05T00:05:40.102+0000] {processor.py:161} INFO - Started process (PID=409) to work on /home/airflow/.local/lib/python3.12/site-packages/airflow/example_dags/example_skip_dag.py
[2024-06-05T00:05:40.103+0000] {processor.py:830} INFO - Processing file /home/airflow/.local/lib/python3.12/site-packages/airflow/example_dags/example_skip_dag.py for tasks to queue
[2024-06-05T00:05:40.104+0000] {logging_mixin.py:188} INFO - [2024-06-05T00:05:40.104+0000] {dagbag.py:545} INFO - Filling up the DagBag from /home/airflow/.local/lib/python3.12/site-packages/airflow/example_dags/example_skip_dag.py
[2024-06-05T00:05:40.110+0000] {processor.py:840} INFO - DAG(s) 'example_skip_dag' retrieved from /home/airflow/.local/lib/python3.12/site-packages/airflow/example_dags/example_skip_dag.py
[2024-06-05T00:05:40.126+0000] {logging_mixin.py:188} INFO - [2024-06-05T00:05:40.126+0000] {dag.py:3096} INFO - Sync 1 DAGs
[2024-06-05T00:05:40.144+0000] {logging_mixin.py:188} INFO - [2024-06-05T00:05:40.144+0000] {dag.py:3954} INFO - Setting next_dagrun for example_skip_dag to 2024-06-04 00:00:00+00:00, run_after=2024-06-05 00:00:00+00:00
[2024-06-05T00:05:40.158+0000] {processor.py:183} INFO - Processing /home/airflow/.local/lib/python3.12/site-packages/airflow/example_dags/example_skip_dag.py took 0.061 seconds
[2024-06-05T00:06:10.705+0000] {processor.py:161} INFO - Started process (PID=469) to work on /home/airflow/.local/lib/python3.12/site-packages/airflow/example_dags/example_skip_dag.py
[2024-06-05T00:06:10.705+0000] {processor.py:830} INFO - Processing file /home/airflow/.local/lib/python3.12/site-packages/airflow/example_dags/example_skip_dag.py for tasks to queue
[2024-06-05T00:06:10.707+0000] {logging_mixin.py:188} INFO - [2024-06-05T00:06:10.707+0000] {dagbag.py:545} INFO - Filling up the DagBag from /home/airflow/.local/lib/python3.12/site-packages/airflow/example_dags/example_skip_dag.py
[2024-06-05T00:06:10.713+0000] {processor.py:840} INFO - DAG(s) 'example_skip_dag' retrieved from /home/airflow/.local/lib/python3.12/site-packages/airflow/example_dags/example_skip_dag.py
[2024-06-05T00:06:10.730+0000] {logging_mixin.py:188} INFO - [2024-06-05T00:06:10.730+0000] {dag.py:3096} INFO - Sync 1 DAGs
[2024-06-05T00:06:10.748+0000] {logging_mixin.py:188} INFO - [2024-06-05T00:06:10.748+0000] {dag.py:3954} INFO - Setting next_dagrun for example_skip_dag to 2024-06-04 00:00:00+00:00, run_after=2024-06-05 00:00:00+00:00
[2024-06-05T00:06:10.763+0000] {processor.py:183} INFO - Processing /home/airflow/.local/lib/python3.12/site-packages/airflow/example_dags/example_skip_dag.py took 0.063 seconds
[2024-06-05T00:06:40.872+0000] {processor.py:161} INFO - Started process (PID=529) to work on /home/airflow/.local/lib/python3.12/site-packages/airflow/example_dags/example_skip_dag.py
[2024-06-05T00:06:40.872+0000] {processor.py:830} INFO - Processing file /home/airflow/.local/lib/python3.12/site-packages/airflow/example_dags/example_skip_dag.py for tasks to queue
[2024-06-05T00:06:40.874+0000] {logging_mixin.py:188} INFO - [2024-06-05T00:06:40.874+0000] {dagbag.py:545} INFO - Filling up the DagBag from /home/airflow/.local/lib/python3.12/site-packages/airflow/example_dags/example_skip_dag.py
[2024-06-05T00:06:40.880+0000] {processor.py:840} INFO - DAG(s) 'example_skip_dag' retrieved from /home/airflow/.local/lib/python3.12/site-packages/airflow/example_dags/example_skip_dag.py
[2024-06-05T00:06:40.900+0000] {logging_mixin.py:188} INFO - [2024-06-05T00:06:40.900+0000] {dag.py:3096} INFO - Sync 1 DAGs
[2024-06-05T00:06:40.921+0000] {logging_mixin.py:188} INFO - [2024-06-05T00:06:40.921+0000] {dag.py:3954} INFO - Setting next_dagrun for example_skip_dag to 2024-06-04 00:00:00+00:00, run_after=2024-06-05 00:00:00+00:00
[2024-06-05T00:06:40.944+0000] {processor.py:183} INFO - Processing /home/airflow/.local/lib/python3.12/site-packages/airflow/example_dags/example_skip_dag.py took 0.080 seconds
[2024-06-05T00:07:11.179+0000] {processor.py:161} INFO - Started process (PID=589) to work on /home/airflow/.local/lib/python3.12/site-packages/airflow/example_dags/example_skip_dag.py
[2024-06-05T00:07:11.180+0000] {processor.py:830} INFO - Processing file /home/airflow/.local/lib/python3.12/site-packages/airflow/example_dags/example_skip_dag.py for tasks to queue
[2024-06-05T00:07:11.182+0000] {logging_mixin.py:188} INFO - [2024-06-05T00:07:11.181+0000] {dagbag.py:545} INFO - Filling up the DagBag from /home/airflow/.local/lib/python3.12/site-packages/airflow/example_dags/example_skip_dag.py
[2024-06-05T00:07:11.188+0000] {processor.py:840} INFO - DAG(s) 'example_skip_dag' retrieved from /home/airflow/.local/lib/python3.12/site-packages/airflow/example_dags/example_skip_dag.py
[2024-06-05T00:07:11.208+0000] {logging_mixin.py:188} INFO - [2024-06-05T00:07:11.208+0000] {dag.py:3096} INFO - Sync 1 DAGs
[2024-06-05T00:07:11.230+0000] {logging_mixin.py:188} INFO - [2024-06-05T00:07:11.230+0000] {dag.py:3954} INFO - Setting next_dagrun for example_skip_dag to 2024-06-04 00:00:00+00:00, run_after=2024-06-05 00:00:00+00:00
[2024-06-05T00:07:11.253+0000] {processor.py:183} INFO - Processing /home/airflow/.local/lib/python3.12/site-packages/airflow/example_dags/example_skip_dag.py took 0.080 seconds
[2024-06-05T00:07:41.928+0000] {processor.py:161} INFO - Started process (PID=649) to work on /home/airflow/.local/lib/python3.12/site-packages/airflow/example_dags/example_skip_dag.py
[2024-06-05T00:07:41.928+0000] {processor.py:830} INFO - Processing file /home/airflow/.local/lib/python3.12/site-packages/airflow/example_dags/example_skip_dag.py for tasks to queue
[2024-06-05T00:07:41.930+0000] {logging_mixin.py:188} INFO - [2024-06-05T00:07:41.930+0000] {dagbag.py:545} INFO - Filling up the DagBag from /home/airflow/.local/lib/python3.12/site-packages/airflow/example_dags/example_skip_dag.py
[2024-06-05T00:07:41.936+0000] {processor.py:840} INFO - DAG(s) 'example_skip_dag' retrieved from /home/airflow/.local/lib/python3.12/site-packages/airflow/example_dags/example_skip_dag.py
[2024-06-05T00:07:41.953+0000] {logging_mixin.py:188} INFO - [2024-06-05T00:07:41.953+0000] {dag.py:3096} INFO - Sync 1 DAGs
[2024-06-05T00:07:41.971+0000] {logging_mixin.py:188} INFO - [2024-06-05T00:07:41.971+0000] {dag.py:3954} INFO - Setting next_dagrun for example_skip_dag to 2024-06-04 00:00:00+00:00, run_after=2024-06-05 00:00:00+00:00
[2024-06-05T00:07:41.985+0000] {processor.py:183} INFO - Processing /home/airflow/.local/lib/python3.12/site-packages/airflow/example_dags/example_skip_dag.py took 0.062 seconds
[2024-06-05T00:08:12.210+0000] {processor.py:161} INFO - Started process (PID=709) to work on /home/airflow/.local/lib/python3.12/site-packages/airflow/example_dags/example_skip_dag.py
[2024-06-05T00:08:12.210+0000] {processor.py:830} INFO - Processing file /home/airflow/.local/lib/python3.12/site-packages/airflow/example_dags/example_skip_dag.py for tasks to queue
[2024-06-05T00:08:12.212+0000] {logging_mixin.py:188} INFO - [2024-06-05T00:08:12.212+0000] {dagbag.py:545} INFO - Filling up the DagBag from /home/airflow/.local/lib/python3.12/site-packages/airflow/example_dags/example_skip_dag.py
[2024-06-05T00:08:12.218+0000] {processor.py:840} INFO - DAG(s) 'example_skip_dag' retrieved from /home/airflow/.local/lib/python3.12/site-packages/airflow/example_dags/example_skip_dag.py
[2024-06-05T00:08:12.235+0000] {logging_mixin.py:188} INFO - [2024-06-05T00:08:12.235+0000] {dag.py:3096} INFO - Sync 1 DAGs
[2024-06-05T00:08:12.252+0000] {logging_mixin.py:188} INFO - [2024-06-05T00:08:12.252+0000] {dag.py:3954} INFO - Setting next_dagrun for example_skip_dag to 2024-06-04 00:00:00+00:00, run_after=2024-06-05 00:00:00+00:00
[2024-06-05T00:08:12.268+0000] {processor.py:183} INFO - Processing /home/airflow/.local/lib/python3.12/site-packages/airflow/example_dags/example_skip_dag.py took 0.064 seconds
[2024-06-05T00:08:42.733+0000] {processor.py:161} INFO - Started process (PID=769) to work on /home/airflow/.local/lib/python3.12/site-packages/airflow/example_dags/example_skip_dag.py
[2024-06-05T00:08:42.734+0000] {processor.py:830} INFO - Processing file /home/airflow/.local/lib/python3.12/site-packages/airflow/example_dags/example_skip_dag.py for tasks to queue
[2024-06-05T00:08:42.736+0000] {logging_mixin.py:188} INFO - [2024-06-05T00:08:42.735+0000] {dagbag.py:545} INFO - Filling up the DagBag from /home/airflow/.local/lib/python3.12/site-packages/airflow/example_dags/example_skip_dag.py
[2024-06-05T00:08:42.741+0000] {processor.py:840} INFO - DAG(s) 'example_skip_dag' retrieved from /home/airflow/.local/lib/python3.12/site-packages/airflow/example_dags/example_skip_dag.py
[2024-06-05T00:08:42.758+0000] {logging_mixin.py:188} INFO - [2024-06-05T00:08:42.758+0000] {dag.py:3096} INFO - Sync 1 DAGs
[2024-06-05T00:08:42.777+0000] {logging_mixin.py:188} INFO - [2024-06-05T00:08:42.777+0000] {dag.py:3954} INFO - Setting next_dagrun for example_skip_dag to 2024-06-04 00:00:00+00:00, run_after=2024-06-05 00:00:00+00:00
[2024-06-05T00:08:42.792+0000] {processor.py:183} INFO - Processing /home/airflow/.local/lib/python3.12/site-packages/airflow/example_dags/example_skip_dag.py took 0.064 seconds
[2024-06-05T00:09:13.367+0000] {processor.py:161} INFO - Started process (PID=829) to work on /home/airflow/.local/lib/python3.12/site-packages/airflow/example_dags/example_skip_dag.py
[2024-06-05T00:09:13.368+0000] {processor.py:830} INFO - Processing file /home/airflow/.local/lib/python3.12/site-packages/airflow/example_dags/example_skip_dag.py for tasks to queue
[2024-06-05T00:09:13.370+0000] {logging_mixin.py:188} INFO - [2024-06-05T00:09:13.370+0000] {dagbag.py:545} INFO - Filling up the DagBag from /home/airflow/.local/lib/python3.12/site-packages/airflow/example_dags/example_skip_dag.py
[2024-06-05T00:09:13.376+0000] {processor.py:840} INFO - DAG(s) 'example_skip_dag' retrieved from /home/airflow/.local/lib/python3.12/site-packages/airflow/example_dags/example_skip_dag.py
[2024-06-05T00:09:13.398+0000] {logging_mixin.py:188} INFO - [2024-06-05T00:09:13.398+0000] {dag.py:3096} INFO - Sync 1 DAGs
[2024-06-05T00:09:13.422+0000] {logging_mixin.py:188} INFO - [2024-06-05T00:09:13.422+0000] {dag.py:3954} INFO - Setting next_dagrun for example_skip_dag to 2024-06-04 00:00:00+00:00, run_after=2024-06-05 00:00:00+00:00
[2024-06-05T00:09:13.438+0000] {processor.py:183} INFO - Processing /home/airflow/.local/lib/python3.12/site-packages/airflow/example_dags/example_skip_dag.py took 0.076 seconds
[2024-06-05T00:09:44.010+0000] {processor.py:161} INFO - Started process (PID=890) to work on /home/airflow/.local/lib/python3.12/site-packages/airflow/example_dags/example_skip_dag.py
[2024-06-05T00:09:44.011+0000] {processor.py:830} INFO - Processing file /home/airflow/.local/lib/python3.12/site-packages/airflow/example_dags/example_skip_dag.py for tasks to queue
[2024-06-05T00:09:44.013+0000] {logging_mixin.py:188} INFO - [2024-06-05T00:09:44.012+0000] {dagbag.py:545} INFO - Filling up the DagBag from /home/airflow/.local/lib/python3.12/site-packages/airflow/example_dags/example_skip_dag.py
[2024-06-05T00:09:44.020+0000] {processor.py:840} INFO - DAG(s) 'example_skip_dag' retrieved from /home/airflow/.local/lib/python3.12/site-packages/airflow/example_dags/example_skip_dag.py
[2024-06-05T00:09:44.037+0000] {logging_mixin.py:188} INFO - [2024-06-05T00:09:44.037+0000] {dag.py:3096} INFO - Sync 1 DAGs
[2024-06-05T00:09:44.060+0000] {logging_mixin.py:188} INFO - [2024-06-05T00:09:44.060+0000] {dag.py:3954} INFO - Setting next_dagrun for example_skip_dag to 2024-06-04 00:00:00+00:00, run_after=2024-06-05 00:00:00+00:00
[2024-06-05T00:09:44.080+0000] {processor.py:183} INFO - Processing /home/airflow/.local/lib/python3.12/site-packages/airflow/example_dags/example_skip_dag.py took 0.077 seconds
