[2024-06-05T00:02:38.643+0000] {processor.py:161} INFO - Started process (PID=68) to work on /home/airflow/.local/lib/python3.12/site-packages/airflow/example_dags/example_setup_teardown.py
[2024-06-05T00:02:38.644+0000] {processor.py:830} INFO - Processing file /home/airflow/.local/lib/python3.12/site-packages/airflow/example_dags/example_setup_teardown.py for tasks to queue
[2024-06-05T00:02:38.647+0000] {logging_mixin.py:188} INFO - [2024-06-05T00:02:38.646+0000] {dagbag.py:545} INFO - Filling up the DagBag from /home/airflow/.local/lib/python3.12/site-packages/airflow/example_dags/example_setup_teardown.py
[2024-06-05T00:02:38.656+0000] {processor.py:840} INFO - DAG(s) 'example_setup_teardown' retrieved from /home/airflow/.local/lib/python3.12/site-packages/airflow/example_dags/example_setup_teardown.py
[2024-06-05T00:02:38.691+0000] {logging_mixin.py:188} INFO - [2024-06-05T00:02:38.691+0000] {dag.py:3096} INFO - Sync 1 DAGs
[2024-06-05T00:02:38.735+0000] {logging_mixin.py:188} INFO - [2024-06-05T00:02:38.735+0000] {dag.py:3954} INFO - Setting next_dagrun for example_setup_teardown to 2024-06-04 00:00:00+00:00, run_after=2024-06-05 00:00:00+00:00
[2024-06-05T00:02:38.767+0000] {processor.py:183} INFO - Processing /home/airflow/.local/lib/python3.12/site-packages/airflow/example_dags/example_setup_teardown.py took 0.131 seconds
[2024-06-05T00:03:10.308+0000] {processor.py:161} INFO - Started process (PID=128) to work on /home/airflow/.local/lib/python3.12/site-packages/airflow/example_dags/example_setup_teardown.py
[2024-06-05T00:03:10.309+0000] {processor.py:830} INFO - Processing file /home/airflow/.local/lib/python3.12/site-packages/airflow/example_dags/example_setup_teardown.py for tasks to queue
[2024-06-05T00:03:10.313+0000] {logging_mixin.py:188} INFO - [2024-06-05T00:03:10.312+0000] {dagbag.py:545} INFO - Filling up the DagBag from /home/airflow/.local/lib/python3.12/site-packages/airflow/example_dags/example_setup_teardown.py
[2024-06-05T00:03:10.326+0000] {processor.py:840} INFO - DAG(s) 'example_setup_teardown' retrieved from /home/airflow/.local/lib/python3.12/site-packages/airflow/example_dags/example_setup_teardown.py
[2024-06-05T00:03:10.352+0000] {logging_mixin.py:188} INFO - [2024-06-05T00:03:10.352+0000] {dag.py:3096} INFO - Sync 1 DAGs
[2024-06-05T00:03:10.385+0000] {logging_mixin.py:188} INFO - [2024-06-05T00:03:10.385+0000] {dag.py:3954} INFO - Setting next_dagrun for example_setup_teardown to 2024-06-04 00:00:00+00:00, run_after=2024-06-05 00:00:00+00:00
[2024-06-05T00:03:10.410+0000] {processor.py:183} INFO - Processing /home/airflow/.local/lib/python3.12/site-packages/airflow/example_dags/example_setup_teardown.py took 0.108 seconds
[2024-06-05T00:03:41.217+0000] {processor.py:161} INFO - Started process (PID=188) to work on /home/airflow/.local/lib/python3.12/site-packages/airflow/example_dags/example_setup_teardown.py
[2024-06-05T00:03:41.218+0000] {processor.py:830} INFO - Processing file /home/airflow/.local/lib/python3.12/site-packages/airflow/example_dags/example_setup_teardown.py for tasks to queue
[2024-06-05T00:03:41.220+0000] {logging_mixin.py:188} INFO - [2024-06-05T00:03:41.220+0000] {dagbag.py:545} INFO - Filling up the DagBag from /home/airflow/.local/lib/python3.12/site-packages/airflow/example_dags/example_setup_teardown.py
[2024-06-05T00:03:41.228+0000] {processor.py:840} INFO - DAG(s) 'example_setup_teardown' retrieved from /home/airflow/.local/lib/python3.12/site-packages/airflow/example_dags/example_setup_teardown.py
[2024-06-05T00:03:41.246+0000] {logging_mixin.py:188} INFO - [2024-06-05T00:03:41.246+0000] {dag.py:3096} INFO - Sync 1 DAGs
[2024-06-05T00:03:41.263+0000] {logging_mixin.py:188} INFO - [2024-06-05T00:03:41.263+0000] {dag.py:3954} INFO - Setting next_dagrun for example_setup_teardown to 2024-06-04 00:00:00+00:00, run_after=2024-06-05 00:00:00+00:00
[2024-06-05T00:03:41.285+0000] {processor.py:183} INFO - Processing /home/airflow/.local/lib/python3.12/site-packages/airflow/example_dags/example_setup_teardown.py took 0.075 seconds
[2024-06-05T00:04:11.393+0000] {processor.py:161} INFO - Started process (PID=248) to work on /home/airflow/.local/lib/python3.12/site-packages/airflow/example_dags/example_setup_teardown.py
[2024-06-05T00:04:11.393+0000] {processor.py:830} INFO - Processing file /home/airflow/.local/lib/python3.12/site-packages/airflow/example_dags/example_setup_teardown.py for tasks to queue
[2024-06-05T00:04:11.395+0000] {logging_mixin.py:188} INFO - [2024-06-05T00:04:11.395+0000] {dagbag.py:545} INFO - Filling up the DagBag from /home/airflow/.local/lib/python3.12/site-packages/airflow/example_dags/example_setup_teardown.py
[2024-06-05T00:04:11.401+0000] {processor.py:840} INFO - DAG(s) 'example_setup_teardown' retrieved from /home/airflow/.local/lib/python3.12/site-packages/airflow/example_dags/example_setup_teardown.py
[2024-06-05T00:04:11.418+0000] {logging_mixin.py:188} INFO - [2024-06-05T00:04:11.417+0000] {dag.py:3096} INFO - Sync 1 DAGs
[2024-06-05T00:04:11.436+0000] {logging_mixin.py:188} INFO - [2024-06-05T00:04:11.436+0000] {dag.py:3954} INFO - Setting next_dagrun for example_setup_teardown to 2024-06-04 00:00:00+00:00, run_after=2024-06-05 00:00:00+00:00
[2024-06-05T00:04:11.454+0000] {processor.py:183} INFO - Processing /home/airflow/.local/lib/python3.12/site-packages/airflow/example_dags/example_setup_teardown.py took 0.067 seconds
[2024-06-05T00:04:41.585+0000] {processor.py:161} INFO - Started process (PID=308) to work on /home/airflow/.local/lib/python3.12/site-packages/airflow/example_dags/example_setup_teardown.py
[2024-06-05T00:04:41.586+0000] {processor.py:830} INFO - Processing file /home/airflow/.local/lib/python3.12/site-packages/airflow/example_dags/example_setup_teardown.py for tasks to queue
[2024-06-05T00:04:41.588+0000] {logging_mixin.py:188} INFO - [2024-06-05T00:04:41.588+0000] {dagbag.py:545} INFO - Filling up the DagBag from /home/airflow/.local/lib/python3.12/site-packages/airflow/example_dags/example_setup_teardown.py
[2024-06-05T00:04:41.595+0000] {processor.py:840} INFO - DAG(s) 'example_setup_teardown' retrieved from /home/airflow/.local/lib/python3.12/site-packages/airflow/example_dags/example_setup_teardown.py
[2024-06-05T00:04:41.613+0000] {logging_mixin.py:188} INFO - [2024-06-05T00:04:41.612+0000] {dag.py:3096} INFO - Sync 1 DAGs
[2024-06-05T00:04:41.632+0000] {logging_mixin.py:188} INFO - [2024-06-05T00:04:41.632+0000] {dag.py:3954} INFO - Setting next_dagrun for example_setup_teardown to 2024-06-04 00:00:00+00:00, run_after=2024-06-05 00:00:00+00:00
[2024-06-05T00:04:41.660+0000] {processor.py:183} INFO - Processing /home/airflow/.local/lib/python3.12/site-packages/airflow/example_dags/example_setup_teardown.py took 0.084 seconds
[2024-06-05T00:05:11.964+0000] {processor.py:161} INFO - Started process (PID=368) to work on /home/airflow/.local/lib/python3.12/site-packages/airflow/example_dags/example_setup_teardown.py
[2024-06-05T00:05:11.965+0000] {processor.py:830} INFO - Processing file /home/airflow/.local/lib/python3.12/site-packages/airflow/example_dags/example_setup_teardown.py for tasks to queue
[2024-06-05T00:05:11.968+0000] {logging_mixin.py:188} INFO - [2024-06-05T00:05:11.967+0000] {dagbag.py:545} INFO - Filling up the DagBag from /home/airflow/.local/lib/python3.12/site-packages/airflow/example_dags/example_setup_teardown.py
[2024-06-05T00:05:11.975+0000] {processor.py:840} INFO - DAG(s) 'example_setup_teardown' retrieved from /home/airflow/.local/lib/python3.12/site-packages/airflow/example_dags/example_setup_teardown.py
[2024-06-05T00:05:11.992+0000] {logging_mixin.py:188} INFO - [2024-06-05T00:05:11.992+0000] {dag.py:3096} INFO - Sync 1 DAGs
[2024-06-05T00:05:12.012+0000] {logging_mixin.py:188} INFO - [2024-06-05T00:05:12.012+0000] {dag.py:3954} INFO - Setting next_dagrun for example_setup_teardown to 2024-06-04 00:00:00+00:00, run_after=2024-06-05 00:00:00+00:00
[2024-06-05T00:05:12.038+0000] {processor.py:183} INFO - Processing /home/airflow/.local/lib/python3.12/site-packages/airflow/example_dags/example_setup_teardown.py took 0.080 seconds
[2024-06-05T00:05:42.144+0000] {processor.py:161} INFO - Started process (PID=428) to work on /home/airflow/.local/lib/python3.12/site-packages/airflow/example_dags/example_setup_teardown.py
[2024-06-05T00:05:42.145+0000] {processor.py:830} INFO - Processing file /home/airflow/.local/lib/python3.12/site-packages/airflow/example_dags/example_setup_teardown.py for tasks to queue
[2024-06-05T00:05:42.147+0000] {logging_mixin.py:188} INFO - [2024-06-05T00:05:42.147+0000] {dagbag.py:545} INFO - Filling up the DagBag from /home/airflow/.local/lib/python3.12/site-packages/airflow/example_dags/example_setup_teardown.py
[2024-06-05T00:05:42.154+0000] {processor.py:840} INFO - DAG(s) 'example_setup_teardown' retrieved from /home/airflow/.local/lib/python3.12/site-packages/airflow/example_dags/example_setup_teardown.py
[2024-06-05T00:05:42.171+0000] {logging_mixin.py:188} INFO - [2024-06-05T00:05:42.170+0000] {dag.py:3096} INFO - Sync 1 DAGs
[2024-06-05T00:05:42.192+0000] {logging_mixin.py:188} INFO - [2024-06-05T00:05:42.191+0000] {dag.py:3954} INFO - Setting next_dagrun for example_setup_teardown to 2024-06-04 00:00:00+00:00, run_after=2024-06-05 00:00:00+00:00
[2024-06-05T00:05:42.214+0000] {processor.py:183} INFO - Processing /home/airflow/.local/lib/python3.12/site-packages/airflow/example_dags/example_setup_teardown.py took 0.076 seconds
[2024-06-05T00:06:13.068+0000] {processor.py:161} INFO - Started process (PID=488) to work on /home/airflow/.local/lib/python3.12/site-packages/airflow/example_dags/example_setup_teardown.py
[2024-06-05T00:06:13.069+0000] {processor.py:830} INFO - Processing file /home/airflow/.local/lib/python3.12/site-packages/airflow/example_dags/example_setup_teardown.py for tasks to queue
[2024-06-05T00:06:13.071+0000] {logging_mixin.py:188} INFO - [2024-06-05T00:06:13.071+0000] {dagbag.py:545} INFO - Filling up the DagBag from /home/airflow/.local/lib/python3.12/site-packages/airflow/example_dags/example_setup_teardown.py
[2024-06-05T00:06:13.077+0000] {processor.py:840} INFO - DAG(s) 'example_setup_teardown' retrieved from /home/airflow/.local/lib/python3.12/site-packages/airflow/example_dags/example_setup_teardown.py
[2024-06-05T00:06:13.094+0000] {logging_mixin.py:188} INFO - [2024-06-05T00:06:13.094+0000] {dag.py:3096} INFO - Sync 1 DAGs
[2024-06-05T00:06:13.113+0000] {logging_mixin.py:188} INFO - [2024-06-05T00:06:13.113+0000] {dag.py:3954} INFO - Setting next_dagrun for example_setup_teardown to 2024-06-04 00:00:00+00:00, run_after=2024-06-05 00:00:00+00:00
[2024-06-05T00:06:13.137+0000] {processor.py:183} INFO - Processing /home/airflow/.local/lib/python3.12/site-packages/airflow/example_dags/example_setup_teardown.py took 0.076 seconds
[2024-06-05T00:06:43.242+0000] {processor.py:161} INFO - Started process (PID=548) to work on /home/airflow/.local/lib/python3.12/site-packages/airflow/example_dags/example_setup_teardown.py
[2024-06-05T00:06:43.243+0000] {processor.py:830} INFO - Processing file /home/airflow/.local/lib/python3.12/site-packages/airflow/example_dags/example_setup_teardown.py for tasks to queue
[2024-06-05T00:06:43.246+0000] {logging_mixin.py:188} INFO - [2024-06-05T00:06:43.245+0000] {dagbag.py:545} INFO - Filling up the DagBag from /home/airflow/.local/lib/python3.12/site-packages/airflow/example_dags/example_setup_teardown.py
[2024-06-05T00:06:43.254+0000] {processor.py:840} INFO - DAG(s) 'example_setup_teardown' retrieved from /home/airflow/.local/lib/python3.12/site-packages/airflow/example_dags/example_setup_teardown.py
[2024-06-05T00:06:43.274+0000] {logging_mixin.py:188} INFO - [2024-06-05T00:06:43.274+0000] {dag.py:3096} INFO - Sync 1 DAGs
[2024-06-05T00:06:43.294+0000] {logging_mixin.py:188} INFO - [2024-06-05T00:06:43.294+0000] {dag.py:3954} INFO - Setting next_dagrun for example_setup_teardown to 2024-06-04 00:00:00+00:00, run_after=2024-06-05 00:00:00+00:00
[2024-06-05T00:06:43.309+0000] {processor.py:183} INFO - Processing /home/airflow/.local/lib/python3.12/site-packages/airflow/example_dags/example_setup_teardown.py took 0.073 seconds
[2024-06-05T00:07:14.305+0000] {processor.py:161} INFO - Started process (PID=608) to work on /home/airflow/.local/lib/python3.12/site-packages/airflow/example_dags/example_setup_teardown.py
[2024-06-05T00:07:14.306+0000] {processor.py:830} INFO - Processing file /home/airflow/.local/lib/python3.12/site-packages/airflow/example_dags/example_setup_teardown.py for tasks to queue
[2024-06-05T00:07:14.308+0000] {logging_mixin.py:188} INFO - [2024-06-05T00:07:14.307+0000] {dagbag.py:545} INFO - Filling up the DagBag from /home/airflow/.local/lib/python3.12/site-packages/airflow/example_dags/example_setup_teardown.py
[2024-06-05T00:07:14.314+0000] {processor.py:840} INFO - DAG(s) 'example_setup_teardown' retrieved from /home/airflow/.local/lib/python3.12/site-packages/airflow/example_dags/example_setup_teardown.py
[2024-06-05T00:07:14.337+0000] {logging_mixin.py:188} INFO - [2024-06-05T00:07:14.336+0000] {dag.py:3096} INFO - Sync 1 DAGs
[2024-06-05T00:07:14.355+0000] {logging_mixin.py:188} INFO - [2024-06-05T00:07:14.355+0000] {dag.py:3954} INFO - Setting next_dagrun for example_setup_teardown to 2024-06-04 00:00:00+00:00, run_after=2024-06-05 00:00:00+00:00
[2024-06-05T00:07:14.374+0000] {processor.py:183} INFO - Processing /home/airflow/.local/lib/python3.12/site-packages/airflow/example_dags/example_setup_teardown.py took 0.075 seconds
[2024-06-05T00:07:45.400+0000] {processor.py:161} INFO - Started process (PID=668) to work on /home/airflow/.local/lib/python3.12/site-packages/airflow/example_dags/example_setup_teardown.py
[2024-06-05T00:07:45.402+0000] {processor.py:830} INFO - Processing file /home/airflow/.local/lib/python3.12/site-packages/airflow/example_dags/example_setup_teardown.py for tasks to queue
[2024-06-05T00:07:45.405+0000] {logging_mixin.py:188} INFO - [2024-06-05T00:07:45.405+0000] {dagbag.py:545} INFO - Filling up the DagBag from /home/airflow/.local/lib/python3.12/site-packages/airflow/example_dags/example_setup_teardown.py
[2024-06-05T00:07:45.417+0000] {processor.py:840} INFO - DAG(s) 'example_setup_teardown' retrieved from /home/airflow/.local/lib/python3.12/site-packages/airflow/example_dags/example_setup_teardown.py
[2024-06-05T00:07:45.467+0000] {logging_mixin.py:188} INFO - [2024-06-05T00:07:45.466+0000] {dag.py:3096} INFO - Sync 1 DAGs
[2024-06-05T00:07:45.519+0000] {logging_mixin.py:188} INFO - [2024-06-05T00:07:45.519+0000] {dag.py:3954} INFO - Setting next_dagrun for example_setup_teardown to 2024-06-04 00:00:00+00:00, run_after=2024-06-05 00:00:00+00:00
[2024-06-05T00:07:45.567+0000] {processor.py:183} INFO - Processing /home/airflow/.local/lib/python3.12/site-packages/airflow/example_dags/example_setup_teardown.py took 0.176 seconds
[2024-06-05T00:08:15.638+0000] {processor.py:161} INFO - Started process (PID=728) to work on /home/airflow/.local/lib/python3.12/site-packages/airflow/example_dags/example_setup_teardown.py
[2024-06-05T00:08:15.639+0000] {processor.py:830} INFO - Processing file /home/airflow/.local/lib/python3.12/site-packages/airflow/example_dags/example_setup_teardown.py for tasks to queue
[2024-06-05T00:08:15.642+0000] {logging_mixin.py:188} INFO - [2024-06-05T00:08:15.642+0000] {dagbag.py:545} INFO - Filling up the DagBag from /home/airflow/.local/lib/python3.12/site-packages/airflow/example_dags/example_setup_teardown.py
[2024-06-05T00:08:15.649+0000] {processor.py:840} INFO - DAG(s) 'example_setup_teardown' retrieved from /home/airflow/.local/lib/python3.12/site-packages/airflow/example_dags/example_setup_teardown.py
[2024-06-05T00:08:15.665+0000] {logging_mixin.py:188} INFO - [2024-06-05T00:08:15.664+0000] {dag.py:3096} INFO - Sync 1 DAGs
[2024-06-05T00:08:15.684+0000] {logging_mixin.py:188} INFO - [2024-06-05T00:08:15.684+0000] {dag.py:3954} INFO - Setting next_dagrun for example_setup_teardown to 2024-06-04 00:00:00+00:00, run_after=2024-06-05 00:00:00+00:00
[2024-06-05T00:08:15.699+0000] {processor.py:183} INFO - Processing /home/airflow/.local/lib/python3.12/site-packages/airflow/example_dags/example_setup_teardown.py took 0.066 seconds
[2024-06-05T00:08:46.760+0000] {processor.py:161} INFO - Started process (PID=788) to work on /home/airflow/.local/lib/python3.12/site-packages/airflow/example_dags/example_setup_teardown.py
[2024-06-05T00:08:46.760+0000] {processor.py:830} INFO - Processing file /home/airflow/.local/lib/python3.12/site-packages/airflow/example_dags/example_setup_teardown.py for tasks to queue
[2024-06-05T00:08:46.762+0000] {logging_mixin.py:188} INFO - [2024-06-05T00:08:46.762+0000] {dagbag.py:545} INFO - Filling up the DagBag from /home/airflow/.local/lib/python3.12/site-packages/airflow/example_dags/example_setup_teardown.py
[2024-06-05T00:08:46.768+0000] {processor.py:840} INFO - DAG(s) 'example_setup_teardown' retrieved from /home/airflow/.local/lib/python3.12/site-packages/airflow/example_dags/example_setup_teardown.py
[2024-06-05T00:08:46.784+0000] {logging_mixin.py:188} INFO - [2024-06-05T00:08:46.784+0000] {dag.py:3096} INFO - Sync 1 DAGs
[2024-06-05T00:08:46.802+0000] {logging_mixin.py:188} INFO - [2024-06-05T00:08:46.802+0000] {dag.py:3954} INFO - Setting next_dagrun for example_setup_teardown to 2024-06-04 00:00:00+00:00, run_after=2024-06-05 00:00:00+00:00
[2024-06-05T00:08:46.817+0000] {processor.py:183} INFO - Processing /home/airflow/.local/lib/python3.12/site-packages/airflow/example_dags/example_setup_teardown.py took 0.062 seconds
[2024-06-05T00:09:17.428+0000] {processor.py:161} INFO - Started process (PID=848) to work on /home/airflow/.local/lib/python3.12/site-packages/airflow/example_dags/example_setup_teardown.py
[2024-06-05T00:09:17.429+0000] {processor.py:830} INFO - Processing file /home/airflow/.local/lib/python3.12/site-packages/airflow/example_dags/example_setup_teardown.py for tasks to queue
[2024-06-05T00:09:17.431+0000] {logging_mixin.py:188} INFO - [2024-06-05T00:09:17.430+0000] {dagbag.py:545} INFO - Filling up the DagBag from /home/airflow/.local/lib/python3.12/site-packages/airflow/example_dags/example_setup_teardown.py
[2024-06-05T00:09:17.437+0000] {processor.py:840} INFO - DAG(s) 'example_setup_teardown' retrieved from /home/airflow/.local/lib/python3.12/site-packages/airflow/example_dags/example_setup_teardown.py
[2024-06-05T00:09:17.454+0000] {logging_mixin.py:188} INFO - [2024-06-05T00:09:17.454+0000] {dag.py:3096} INFO - Sync 1 DAGs
[2024-06-05T00:09:17.474+0000] {logging_mixin.py:188} INFO - [2024-06-05T00:09:17.474+0000] {dag.py:3954} INFO - Setting next_dagrun for example_setup_teardown to 2024-06-04 00:00:00+00:00, run_after=2024-06-05 00:00:00+00:00
[2024-06-05T00:09:17.491+0000] {processor.py:183} INFO - Processing /home/airflow/.local/lib/python3.12/site-packages/airflow/example_dags/example_setup_teardown.py took 0.068 seconds
