[2024-06-05T00:02:36.001+0000] {processor.py:161} INFO - Started process (PID=42) to work on /home/airflow/.local/lib/python3.12/site-packages/airflow/example_dags/example_latest_only_with_trigger.py
[2024-06-05T00:02:36.002+0000] {processor.py:830} INFO - Processing file /home/airflow/.local/lib/python3.12/site-packages/airflow/example_dags/example_latest_only_with_trigger.py for tasks to queue
[2024-06-05T00:02:36.006+0000] {logging_mixin.py:188} INFO - [2024-06-05T00:02:36.006+0000] {dagbag.py:545} INFO - Filling up the DagBag from /home/airflow/.local/lib/python3.12/site-packages/airflow/example_dags/example_latest_only_with_trigger.py
[2024-06-05T00:02:36.026+0000] {processor.py:840} INFO - DAG(s) 'latest_only_with_trigger' retrieved from /home/airflow/.local/lib/python3.12/site-packages/airflow/example_dags/example_latest_only_with_trigger.py
[2024-06-05T00:02:36.048+0000] {logging_mixin.py:188} INFO - [2024-06-05T00:02:36.048+0000] {dag.py:3096} INFO - Sync 1 DAGs
[2024-06-05T00:02:36.068+0000] {logging_mixin.py:188} INFO - [2024-06-05T00:02:36.068+0000] {dag.py:3954} INFO - Setting next_dagrun for latest_only_with_trigger to 2024-06-04 20:00:00+00:00, run_after=2024-06-05 00:00:00+00:00
[2024-06-05T00:02:36.091+0000] {processor.py:183} INFO - Processing /home/airflow/.local/lib/python3.12/site-packages/airflow/example_dags/example_latest_only_with_trigger.py took 0.112 seconds
[2024-06-05T00:03:06.802+0000] {processor.py:161} INFO - Started process (PID=102) to work on /home/airflow/.local/lib/python3.12/site-packages/airflow/example_dags/example_latest_only_with_trigger.py
[2024-06-05T00:03:06.803+0000] {processor.py:830} INFO - Processing file /home/airflow/.local/lib/python3.12/site-packages/airflow/example_dags/example_latest_only_with_trigger.py for tasks to queue
[2024-06-05T00:03:06.806+0000] {logging_mixin.py:188} INFO - [2024-06-05T00:03:06.806+0000] {dagbag.py:545} INFO - Filling up the DagBag from /home/airflow/.local/lib/python3.12/site-packages/airflow/example_dags/example_latest_only_with_trigger.py
[2024-06-05T00:03:06.814+0000] {processor.py:840} INFO - DAG(s) 'latest_only_with_trigger' retrieved from /home/airflow/.local/lib/python3.12/site-packages/airflow/example_dags/example_latest_only_with_trigger.py
[2024-06-05T00:03:06.861+0000] {logging_mixin.py:188} INFO - [2024-06-05T00:03:06.861+0000] {dag.py:3096} INFO - Sync 1 DAGs
[2024-06-05T00:03:06.920+0000] {logging_mixin.py:188} INFO - [2024-06-05T00:03:06.920+0000] {dag.py:3954} INFO - Setting next_dagrun for latest_only_with_trigger to 2024-06-04 20:00:00+00:00, run_after=2024-06-05 00:00:00+00:00
[2024-06-05T00:03:06.947+0000] {processor.py:183} INFO - Processing /home/airflow/.local/lib/python3.12/site-packages/airflow/example_dags/example_latest_only_with_trigger.py took 0.154 seconds
[2024-06-05T00:03:37.955+0000] {processor.py:161} INFO - Started process (PID=162) to work on /home/airflow/.local/lib/python3.12/site-packages/airflow/example_dags/example_latest_only_with_trigger.py
[2024-06-05T00:03:37.956+0000] {processor.py:830} INFO - Processing file /home/airflow/.local/lib/python3.12/site-packages/airflow/example_dags/example_latest_only_with_trigger.py for tasks to queue
[2024-06-05T00:03:37.958+0000] {logging_mixin.py:188} INFO - [2024-06-05T00:03:37.957+0000] {dagbag.py:545} INFO - Filling up the DagBag from /home/airflow/.local/lib/python3.12/site-packages/airflow/example_dags/example_latest_only_with_trigger.py
[2024-06-05T00:03:37.963+0000] {processor.py:840} INFO - DAG(s) 'latest_only_with_trigger' retrieved from /home/airflow/.local/lib/python3.12/site-packages/airflow/example_dags/example_latest_only_with_trigger.py
[2024-06-05T00:03:37.980+0000] {logging_mixin.py:188} INFO - [2024-06-05T00:03:37.979+0000] {dag.py:3096} INFO - Sync 1 DAGs
[2024-06-05T00:03:37.998+0000] {logging_mixin.py:188} INFO - [2024-06-05T00:03:37.998+0000] {dag.py:3954} INFO - Setting next_dagrun for latest_only_with_trigger to 2024-06-04 20:00:00+00:00, run_after=2024-06-05 00:00:00+00:00
[2024-06-05T00:03:38.013+0000] {processor.py:183} INFO - Processing /home/airflow/.local/lib/python3.12/site-packages/airflow/example_dags/example_latest_only_with_trigger.py took 0.063 seconds
[2024-06-05T00:04:08.971+0000] {processor.py:161} INFO - Started process (PID=222) to work on /home/airflow/.local/lib/python3.12/site-packages/airflow/example_dags/example_latest_only_with_trigger.py
[2024-06-05T00:04:08.972+0000] {processor.py:830} INFO - Processing file /home/airflow/.local/lib/python3.12/site-packages/airflow/example_dags/example_latest_only_with_trigger.py for tasks to queue
[2024-06-05T00:04:08.974+0000] {logging_mixin.py:188} INFO - [2024-06-05T00:04:08.973+0000] {dagbag.py:545} INFO - Filling up the DagBag from /home/airflow/.local/lib/python3.12/site-packages/airflow/example_dags/example_latest_only_with_trigger.py
[2024-06-05T00:04:08.979+0000] {processor.py:840} INFO - DAG(s) 'latest_only_with_trigger' retrieved from /home/airflow/.local/lib/python3.12/site-packages/airflow/example_dags/example_latest_only_with_trigger.py
[2024-06-05T00:04:08.997+0000] {logging_mixin.py:188} INFO - [2024-06-05T00:04:08.997+0000] {dag.py:3096} INFO - Sync 1 DAGs
[2024-06-05T00:04:09.017+0000] {logging_mixin.py:188} INFO - [2024-06-05T00:04:09.017+0000] {dag.py:3954} INFO - Setting next_dagrun for latest_only_with_trigger to 2024-06-04 20:00:00+00:00, run_after=2024-06-05 00:00:00+00:00
[2024-06-05T00:04:09.034+0000] {processor.py:183} INFO - Processing /home/airflow/.local/lib/python3.12/site-packages/airflow/example_dags/example_latest_only_with_trigger.py took 0.068 seconds
[2024-06-05T00:04:39.098+0000] {processor.py:161} INFO - Started process (PID=280) to work on /home/airflow/.local/lib/python3.12/site-packages/airflow/example_dags/example_latest_only_with_trigger.py
[2024-06-05T00:04:39.099+0000] {processor.py:830} INFO - Processing file /home/airflow/.local/lib/python3.12/site-packages/airflow/example_dags/example_latest_only_with_trigger.py for tasks to queue
[2024-06-05T00:04:39.101+0000] {logging_mixin.py:188} INFO - [2024-06-05T00:04:39.101+0000] {dagbag.py:545} INFO - Filling up the DagBag from /home/airflow/.local/lib/python3.12/site-packages/airflow/example_dags/example_latest_only_with_trigger.py
[2024-06-05T00:04:39.106+0000] {processor.py:840} INFO - DAG(s) 'latest_only_with_trigger' retrieved from /home/airflow/.local/lib/python3.12/site-packages/airflow/example_dags/example_latest_only_with_trigger.py
[2024-06-05T00:04:39.122+0000] {logging_mixin.py:188} INFO - [2024-06-05T00:04:39.122+0000] {dag.py:3096} INFO - Sync 1 DAGs
[2024-06-05T00:04:39.139+0000] {logging_mixin.py:188} INFO - [2024-06-05T00:04:39.139+0000] {dag.py:3954} INFO - Setting next_dagrun for latest_only_with_trigger to 2024-06-04 20:00:00+00:00, run_after=2024-06-05 00:00:00+00:00
[2024-06-05T00:04:39.154+0000] {processor.py:183} INFO - Processing /home/airflow/.local/lib/python3.12/site-packages/airflow/example_dags/example_latest_only_with_trigger.py took 0.060 seconds
[2024-06-05T00:05:09.224+0000] {processor.py:161} INFO - Started process (PID=340) to work on /home/airflow/.local/lib/python3.12/site-packages/airflow/example_dags/example_latest_only_with_trigger.py
[2024-06-05T00:05:09.225+0000] {processor.py:830} INFO - Processing file /home/airflow/.local/lib/python3.12/site-packages/airflow/example_dags/example_latest_only_with_trigger.py for tasks to queue
[2024-06-05T00:05:09.227+0000] {logging_mixin.py:188} INFO - [2024-06-05T00:05:09.226+0000] {dagbag.py:545} INFO - Filling up the DagBag from /home/airflow/.local/lib/python3.12/site-packages/airflow/example_dags/example_latest_only_with_trigger.py
[2024-06-05T00:05:09.232+0000] {processor.py:840} INFO - DAG(s) 'latest_only_with_trigger' retrieved from /home/airflow/.local/lib/python3.12/site-packages/airflow/example_dags/example_latest_only_with_trigger.py
[2024-06-05T00:05:09.249+0000] {logging_mixin.py:188} INFO - [2024-06-05T00:05:09.249+0000] {dag.py:3096} INFO - Sync 1 DAGs
[2024-06-05T00:05:09.266+0000] {logging_mixin.py:188} INFO - [2024-06-05T00:05:09.266+0000] {dag.py:3954} INFO - Setting next_dagrun for latest_only_with_trigger to 2024-06-04 20:00:00+00:00, run_after=2024-06-05 00:00:00+00:00
[2024-06-05T00:05:09.281+0000] {processor.py:183} INFO - Processing /home/airflow/.local/lib/python3.12/site-packages/airflow/example_dags/example_latest_only_with_trigger.py took 0.063 seconds
[2024-06-05T00:05:39.554+0000] {processor.py:161} INFO - Started process (PID=400) to work on /home/airflow/.local/lib/python3.12/site-packages/airflow/example_dags/example_latest_only_with_trigger.py
[2024-06-05T00:05:39.555+0000] {processor.py:830} INFO - Processing file /home/airflow/.local/lib/python3.12/site-packages/airflow/example_dags/example_latest_only_with_trigger.py for tasks to queue
[2024-06-05T00:05:39.557+0000] {logging_mixin.py:188} INFO - [2024-06-05T00:05:39.557+0000] {dagbag.py:545} INFO - Filling up the DagBag from /home/airflow/.local/lib/python3.12/site-packages/airflow/example_dags/example_latest_only_with_trigger.py
[2024-06-05T00:05:39.564+0000] {processor.py:840} INFO - DAG(s) 'latest_only_with_trigger' retrieved from /home/airflow/.local/lib/python3.12/site-packages/airflow/example_dags/example_latest_only_with_trigger.py
[2024-06-05T00:05:39.587+0000] {logging_mixin.py:188} INFO - [2024-06-05T00:05:39.586+0000] {dag.py:3096} INFO - Sync 1 DAGs
[2024-06-05T00:05:39.613+0000] {logging_mixin.py:188} INFO - [2024-06-05T00:05:39.613+0000] {dag.py:3954} INFO - Setting next_dagrun for latest_only_with_trigger to 2024-06-04 20:00:00+00:00, run_after=2024-06-05 00:00:00+00:00
[2024-06-05T00:05:39.635+0000] {processor.py:183} INFO - Processing /home/airflow/.local/lib/python3.12/site-packages/airflow/example_dags/example_latest_only_with_trigger.py took 0.086 seconds
[2024-06-05T00:06:10.028+0000] {processor.py:161} INFO - Started process (PID=460) to work on /home/airflow/.local/lib/python3.12/site-packages/airflow/example_dags/example_latest_only_with_trigger.py
[2024-06-05T00:06:10.030+0000] {processor.py:830} INFO - Processing file /home/airflow/.local/lib/python3.12/site-packages/airflow/example_dags/example_latest_only_with_trigger.py for tasks to queue
[2024-06-05T00:06:10.037+0000] {logging_mixin.py:188} INFO - [2024-06-05T00:06:10.036+0000] {dagbag.py:545} INFO - Filling up the DagBag from /home/airflow/.local/lib/python3.12/site-packages/airflow/example_dags/example_latest_only_with_trigger.py
[2024-06-05T00:06:10.048+0000] {processor.py:840} INFO - DAG(s) 'latest_only_with_trigger' retrieved from /home/airflow/.local/lib/python3.12/site-packages/airflow/example_dags/example_latest_only_with_trigger.py
[2024-06-05T00:06:10.089+0000] {logging_mixin.py:188} INFO - [2024-06-05T00:06:10.089+0000] {dag.py:3096} INFO - Sync 1 DAGs
[2024-06-05T00:06:10.126+0000] {logging_mixin.py:188} INFO - [2024-06-05T00:06:10.126+0000] {dag.py:3954} INFO - Setting next_dagrun for latest_only_with_trigger to 2024-06-04 20:00:00+00:00, run_after=2024-06-05 00:00:00+00:00
[2024-06-05T00:06:10.178+0000] {processor.py:183} INFO - Processing /home/airflow/.local/lib/python3.12/site-packages/airflow/example_dags/example_latest_only_with_trigger.py took 0.161 seconds
[2024-06-05T00:06:40.384+0000] {processor.py:161} INFO - Started process (PID=520) to work on /home/airflow/.local/lib/python3.12/site-packages/airflow/example_dags/example_latest_only_with_trigger.py
[2024-06-05T00:06:40.385+0000] {processor.py:830} INFO - Processing file /home/airflow/.local/lib/python3.12/site-packages/airflow/example_dags/example_latest_only_with_trigger.py for tasks to queue
[2024-06-05T00:06:40.387+0000] {logging_mixin.py:188} INFO - [2024-06-05T00:06:40.387+0000] {dagbag.py:545} INFO - Filling up the DagBag from /home/airflow/.local/lib/python3.12/site-packages/airflow/example_dags/example_latest_only_with_trigger.py
[2024-06-05T00:06:40.392+0000] {processor.py:840} INFO - DAG(s) 'latest_only_with_trigger' retrieved from /home/airflow/.local/lib/python3.12/site-packages/airflow/example_dags/example_latest_only_with_trigger.py
[2024-06-05T00:06:40.411+0000] {logging_mixin.py:188} INFO - [2024-06-05T00:06:40.411+0000] {dag.py:3096} INFO - Sync 1 DAGs
[2024-06-05T00:06:40.433+0000] {logging_mixin.py:188} INFO - [2024-06-05T00:06:40.433+0000] {dag.py:3954} INFO - Setting next_dagrun for latest_only_with_trigger to 2024-06-04 20:00:00+00:00, run_after=2024-06-05 00:00:00+00:00
[2024-06-05T00:06:40.454+0000] {processor.py:183} INFO - Processing /home/airflow/.local/lib/python3.12/site-packages/airflow/example_dags/example_latest_only_with_trigger.py took 0.079 seconds
[2024-06-05T00:07:10.747+0000] {processor.py:161} INFO - Started process (PID=580) to work on /home/airflow/.local/lib/python3.12/site-packages/airflow/example_dags/example_latest_only_with_trigger.py
[2024-06-05T00:07:10.748+0000] {processor.py:830} INFO - Processing file /home/airflow/.local/lib/python3.12/site-packages/airflow/example_dags/example_latest_only_with_trigger.py for tasks to queue
[2024-06-05T00:07:10.750+0000] {logging_mixin.py:188} INFO - [2024-06-05T00:07:10.750+0000] {dagbag.py:545} INFO - Filling up the DagBag from /home/airflow/.local/lib/python3.12/site-packages/airflow/example_dags/example_latest_only_with_trigger.py
[2024-06-05T00:07:10.757+0000] {processor.py:840} INFO - DAG(s) 'latest_only_with_trigger' retrieved from /home/airflow/.local/lib/python3.12/site-packages/airflow/example_dags/example_latest_only_with_trigger.py
[2024-06-05T00:07:10.775+0000] {logging_mixin.py:188} INFO - [2024-06-05T00:07:10.775+0000] {dag.py:3096} INFO - Sync 1 DAGs
[2024-06-05T00:07:10.794+0000] {logging_mixin.py:188} INFO - [2024-06-05T00:07:10.794+0000] {dag.py:3954} INFO - Setting next_dagrun for latest_only_with_trigger to 2024-06-04 20:00:00+00:00, run_after=2024-06-05 00:00:00+00:00
[2024-06-05T00:07:10.814+0000] {processor.py:183} INFO - Processing /home/airflow/.local/lib/python3.12/site-packages/airflow/example_dags/example_latest_only_with_trigger.py took 0.072 seconds
[2024-06-05T00:07:41.524+0000] {processor.py:161} INFO - Started process (PID=640) to work on /home/airflow/.local/lib/python3.12/site-packages/airflow/example_dags/example_latest_only_with_trigger.py
[2024-06-05T00:07:41.525+0000] {processor.py:830} INFO - Processing file /home/airflow/.local/lib/python3.12/site-packages/airflow/example_dags/example_latest_only_with_trigger.py for tasks to queue
[2024-06-05T00:07:41.527+0000] {logging_mixin.py:188} INFO - [2024-06-05T00:07:41.526+0000] {dagbag.py:545} INFO - Filling up the DagBag from /home/airflow/.local/lib/python3.12/site-packages/airflow/example_dags/example_latest_only_with_trigger.py
[2024-06-05T00:07:41.532+0000] {processor.py:840} INFO - DAG(s) 'latest_only_with_trigger' retrieved from /home/airflow/.local/lib/python3.12/site-packages/airflow/example_dags/example_latest_only_with_trigger.py
[2024-06-05T00:07:41.548+0000] {logging_mixin.py:188} INFO - [2024-06-05T00:07:41.548+0000] {dag.py:3096} INFO - Sync 1 DAGs
[2024-06-05T00:07:41.565+0000] {logging_mixin.py:188} INFO - [2024-06-05T00:07:41.564+0000] {dag.py:3954} INFO - Setting next_dagrun for latest_only_with_trigger to 2024-06-04 20:00:00+00:00, run_after=2024-06-05 00:00:00+00:00
[2024-06-05T00:07:41.578+0000] {processor.py:183} INFO - Processing /home/airflow/.local/lib/python3.12/site-packages/airflow/example_dags/example_latest_only_with_trigger.py took 0.059 seconds
[2024-06-05T00:08:11.849+0000] {processor.py:161} INFO - Started process (PID=700) to work on /home/airflow/.local/lib/python3.12/site-packages/airflow/example_dags/example_latest_only_with_trigger.py
[2024-06-05T00:08:11.850+0000] {processor.py:830} INFO - Processing file /home/airflow/.local/lib/python3.12/site-packages/airflow/example_dags/example_latest_only_with_trigger.py for tasks to queue
[2024-06-05T00:08:11.852+0000] {logging_mixin.py:188} INFO - [2024-06-05T00:08:11.852+0000] {dagbag.py:545} INFO - Filling up the DagBag from /home/airflow/.local/lib/python3.12/site-packages/airflow/example_dags/example_latest_only_with_trigger.py
[2024-06-05T00:08:11.857+0000] {processor.py:840} INFO - DAG(s) 'latest_only_with_trigger' retrieved from /home/airflow/.local/lib/python3.12/site-packages/airflow/example_dags/example_latest_only_with_trigger.py
[2024-06-05T00:08:11.873+0000] {logging_mixin.py:188} INFO - [2024-06-05T00:08:11.873+0000] {dag.py:3096} INFO - Sync 1 DAGs
[2024-06-05T00:08:11.890+0000] {logging_mixin.py:188} INFO - [2024-06-05T00:08:11.890+0000] {dag.py:3954} INFO - Setting next_dagrun for latest_only_with_trigger to 2024-06-04 20:00:00+00:00, run_after=2024-06-05 00:00:00+00:00
[2024-06-05T00:08:11.904+0000] {processor.py:183} INFO - Processing /home/airflow/.local/lib/python3.12/site-packages/airflow/example_dags/example_latest_only_with_trigger.py took 0.061 seconds
[2024-06-05T00:08:42.323+0000] {processor.py:161} INFO - Started process (PID=760) to work on /home/airflow/.local/lib/python3.12/site-packages/airflow/example_dags/example_latest_only_with_trigger.py
[2024-06-05T00:08:42.325+0000] {processor.py:830} INFO - Processing file /home/airflow/.local/lib/python3.12/site-packages/airflow/example_dags/example_latest_only_with_trigger.py for tasks to queue
[2024-06-05T00:08:42.327+0000] {logging_mixin.py:188} INFO - [2024-06-05T00:08:42.326+0000] {dagbag.py:545} INFO - Filling up the DagBag from /home/airflow/.local/lib/python3.12/site-packages/airflow/example_dags/example_latest_only_with_trigger.py
[2024-06-05T00:08:42.332+0000] {processor.py:840} INFO - DAG(s) 'latest_only_with_trigger' retrieved from /home/airflow/.local/lib/python3.12/site-packages/airflow/example_dags/example_latest_only_with_trigger.py
[2024-06-05T00:08:42.350+0000] {logging_mixin.py:188} INFO - [2024-06-05T00:08:42.350+0000] {dag.py:3096} INFO - Sync 1 DAGs
[2024-06-05T00:08:42.372+0000] {logging_mixin.py:188} INFO - [2024-06-05T00:08:42.371+0000] {dag.py:3954} INFO - Setting next_dagrun for latest_only_with_trigger to 2024-06-04 20:00:00+00:00, run_after=2024-06-05 00:00:00+00:00
[2024-06-05T00:08:42.385+0000] {processor.py:183} INFO - Processing /home/airflow/.local/lib/python3.12/site-packages/airflow/example_dags/example_latest_only_with_trigger.py took 0.067 seconds
[2024-06-05T00:09:12.924+0000] {processor.py:161} INFO - Started process (PID=820) to work on /home/airflow/.local/lib/python3.12/site-packages/airflow/example_dags/example_latest_only_with_trigger.py
[2024-06-05T00:09:12.925+0000] {processor.py:830} INFO - Processing file /home/airflow/.local/lib/python3.12/site-packages/airflow/example_dags/example_latest_only_with_trigger.py for tasks to queue
[2024-06-05T00:09:12.927+0000] {logging_mixin.py:188} INFO - [2024-06-05T00:09:12.927+0000] {dagbag.py:545} INFO - Filling up the DagBag from /home/airflow/.local/lib/python3.12/site-packages/airflow/example_dags/example_latest_only_with_trigger.py
[2024-06-05T00:09:12.932+0000] {processor.py:840} INFO - DAG(s) 'latest_only_with_trigger' retrieved from /home/airflow/.local/lib/python3.12/site-packages/airflow/example_dags/example_latest_only_with_trigger.py
[2024-06-05T00:09:12.951+0000] {logging_mixin.py:188} INFO - [2024-06-05T00:09:12.950+0000] {dag.py:3096} INFO - Sync 1 DAGs
[2024-06-05T00:09:12.976+0000] {logging_mixin.py:188} INFO - [2024-06-05T00:09:12.976+0000] {dag.py:3954} INFO - Setting next_dagrun for latest_only_with_trigger to 2024-06-04 20:00:00+00:00, run_after=2024-06-05 00:00:00+00:00
[2024-06-05T00:09:12.992+0000] {processor.py:183} INFO - Processing /home/airflow/.local/lib/python3.12/site-packages/airflow/example_dags/example_latest_only_with_trigger.py took 0.072 seconds
[2024-06-05T00:09:43.562+0000] {processor.py:161} INFO - Started process (PID=881) to work on /home/airflow/.local/lib/python3.12/site-packages/airflow/example_dags/example_latest_only_with_trigger.py
[2024-06-05T00:09:43.563+0000] {processor.py:830} INFO - Processing file /home/airflow/.local/lib/python3.12/site-packages/airflow/example_dags/example_latest_only_with_trigger.py for tasks to queue
[2024-06-05T00:09:43.565+0000] {logging_mixin.py:188} INFO - [2024-06-05T00:09:43.565+0000] {dagbag.py:545} INFO - Filling up the DagBag from /home/airflow/.local/lib/python3.12/site-packages/airflow/example_dags/example_latest_only_with_trigger.py
[2024-06-05T00:09:43.570+0000] {processor.py:840} INFO - DAG(s) 'latest_only_with_trigger' retrieved from /home/airflow/.local/lib/python3.12/site-packages/airflow/example_dags/example_latest_only_with_trigger.py
[2024-06-05T00:09:43.588+0000] {logging_mixin.py:188} INFO - [2024-06-05T00:09:43.588+0000] {dag.py:3096} INFO - Sync 1 DAGs
[2024-06-05T00:09:43.605+0000] {logging_mixin.py:188} INFO - [2024-06-05T00:09:43.605+0000] {dag.py:3954} INFO - Setting next_dagrun for latest_only_with_trigger to 2024-06-04 20:00:00+00:00, run_after=2024-06-05 00:00:00+00:00
[2024-06-05T00:09:43.620+0000] {processor.py:183} INFO - Processing /home/airflow/.local/lib/python3.12/site-packages/airflow/example_dags/example_latest_only_with_trigger.py took 0.063 seconds
