[2024-06-05T00:02:37.320+0000] {processor.py:161} INFO - Started process (PID=54) to work on /home/airflow/.local/lib/python3.12/site-packages/airflow/example_dags/example_bash_operator.py
[2024-06-05T00:02:37.321+0000] {processor.py:830} INFO - Processing file /home/airflow/.local/lib/python3.12/site-packages/airflow/example_dags/example_bash_operator.py for tasks to queue
[2024-06-05T00:02:37.323+0000] {logging_mixin.py:188} INFO - [2024-06-05T00:02:37.323+0000] {dagbag.py:545} INFO - Filling up the DagBag from /home/airflow/.local/lib/python3.12/site-packages/airflow/example_dags/example_bash_operator.py
[2024-06-05T00:02:37.343+0000] {processor.py:840} INFO - DAG(s) 'example_bash_operator' retrieved from /home/airflow/.local/lib/python3.12/site-packages/airflow/example_dags/example_bash_operator.py
[2024-06-05T00:02:37.374+0000] {logging_mixin.py:188} INFO - [2024-06-05T00:02:37.373+0000] {dag.py:3096} INFO - Sync 1 DAGs
[2024-06-05T00:02:37.406+0000] {logging_mixin.py:188} INFO - [2024-06-05T00:02:37.406+0000] {dag.py:3954} INFO - Setting next_dagrun for example_bash_operator to 2024-06-04 00:00:00+00:00, run_after=2024-06-05 00:00:00+00:00
[2024-06-05T00:02:37.487+0000] {processor.py:183} INFO - Processing /home/airflow/.local/lib/python3.12/site-packages/airflow/example_dags/example_bash_operator.py took 0.173 seconds
[2024-06-05T00:03:08.111+0000] {processor.py:161} INFO - Started process (PID=114) to work on /home/airflow/.local/lib/python3.12/site-packages/airflow/example_dags/example_bash_operator.py
[2024-06-05T00:03:08.112+0000] {processor.py:830} INFO - Processing file /home/airflow/.local/lib/python3.12/site-packages/airflow/example_dags/example_bash_operator.py for tasks to queue
[2024-06-05T00:03:08.116+0000] {logging_mixin.py:188} INFO - [2024-06-05T00:03:08.115+0000] {dagbag.py:545} INFO - Filling up the DagBag from /home/airflow/.local/lib/python3.12/site-packages/airflow/example_dags/example_bash_operator.py
[2024-06-05T00:03:08.135+0000] {processor.py:840} INFO - DAG(s) 'example_bash_operator' retrieved from /home/airflow/.local/lib/python3.12/site-packages/airflow/example_dags/example_bash_operator.py
[2024-06-05T00:03:08.171+0000] {logging_mixin.py:188} INFO - [2024-06-05T00:03:08.171+0000] {dag.py:3096} INFO - Sync 1 DAGs
[2024-06-05T00:03:08.201+0000] {logging_mixin.py:188} INFO - [2024-06-05T00:03:08.200+0000] {dag.py:3954} INFO - Setting next_dagrun for example_bash_operator to 2024-06-04 00:00:00+00:00, run_after=2024-06-05 00:00:00+00:00
[2024-06-05T00:03:08.238+0000] {processor.py:183} INFO - Processing /home/airflow/.local/lib/python3.12/site-packages/airflow/example_dags/example_bash_operator.py took 0.134 seconds
[2024-06-05T00:03:38.556+0000] {processor.py:161} INFO - Started process (PID=174) to work on /home/airflow/.local/lib/python3.12/site-packages/airflow/example_dags/example_bash_operator.py
[2024-06-05T00:03:38.557+0000] {processor.py:830} INFO - Processing file /home/airflow/.local/lib/python3.12/site-packages/airflow/example_dags/example_bash_operator.py for tasks to queue
[2024-06-05T00:03:38.559+0000] {logging_mixin.py:188} INFO - [2024-06-05T00:03:38.558+0000] {dagbag.py:545} INFO - Filling up the DagBag from /home/airflow/.local/lib/python3.12/site-packages/airflow/example_dags/example_bash_operator.py
[2024-06-05T00:03:38.568+0000] {processor.py:840} INFO - DAG(s) 'example_bash_operator' retrieved from /home/airflow/.local/lib/python3.12/site-packages/airflow/example_dags/example_bash_operator.py
[2024-06-05T00:03:38.590+0000] {logging_mixin.py:188} INFO - [2024-06-05T00:03:38.589+0000] {dag.py:3096} INFO - Sync 1 DAGs
[2024-06-05T00:03:38.608+0000] {logging_mixin.py:188} INFO - [2024-06-05T00:03:38.608+0000] {dag.py:3954} INFO - Setting next_dagrun for example_bash_operator to 2024-06-04 00:00:00+00:00, run_after=2024-06-05 00:00:00+00:00
[2024-06-05T00:03:38.622+0000] {processor.py:183} INFO - Processing /home/airflow/.local/lib/python3.12/site-packages/airflow/example_dags/example_bash_operator.py took 0.071 seconds
[2024-06-05T00:04:09.674+0000] {processor.py:161} INFO - Started process (PID=234) to work on /home/airflow/.local/lib/python3.12/site-packages/airflow/example_dags/example_bash_operator.py
[2024-06-05T00:04:09.675+0000] {processor.py:830} INFO - Processing file /home/airflow/.local/lib/python3.12/site-packages/airflow/example_dags/example_bash_operator.py for tasks to queue
[2024-06-05T00:04:09.677+0000] {logging_mixin.py:188} INFO - [2024-06-05T00:04:09.676+0000] {dagbag.py:545} INFO - Filling up the DagBag from /home/airflow/.local/lib/python3.12/site-packages/airflow/example_dags/example_bash_operator.py
[2024-06-05T00:04:09.687+0000] {processor.py:840} INFO - DAG(s) 'example_bash_operator' retrieved from /home/airflow/.local/lib/python3.12/site-packages/airflow/example_dags/example_bash_operator.py
[2024-06-05T00:04:09.710+0000] {logging_mixin.py:188} INFO - [2024-06-05T00:04:09.710+0000] {dag.py:3096} INFO - Sync 1 DAGs
[2024-06-05T00:04:09.737+0000] {logging_mixin.py:188} INFO - [2024-06-05T00:04:09.736+0000] {dag.py:3954} INFO - Setting next_dagrun for example_bash_operator to 2024-06-04 00:00:00+00:00, run_after=2024-06-05 00:00:00+00:00
[2024-06-05T00:04:09.756+0000] {processor.py:183} INFO - Processing /home/airflow/.local/lib/python3.12/site-packages/airflow/example_dags/example_bash_operator.py took 0.088 seconds
[2024-06-05T00:04:39.875+0000] {processor.py:161} INFO - Started process (PID=294) to work on /home/airflow/.local/lib/python3.12/site-packages/airflow/example_dags/example_bash_operator.py
[2024-06-05T00:04:39.876+0000] {processor.py:830} INFO - Processing file /home/airflow/.local/lib/python3.12/site-packages/airflow/example_dags/example_bash_operator.py for tasks to queue
[2024-06-05T00:04:39.878+0000] {logging_mixin.py:188} INFO - [2024-06-05T00:04:39.877+0000] {dagbag.py:545} INFO - Filling up the DagBag from /home/airflow/.local/lib/python3.12/site-packages/airflow/example_dags/example_bash_operator.py
[2024-06-05T00:04:39.888+0000] {processor.py:840} INFO - DAG(s) 'example_bash_operator' retrieved from /home/airflow/.local/lib/python3.12/site-packages/airflow/example_dags/example_bash_operator.py
[2024-06-05T00:04:39.911+0000] {logging_mixin.py:188} INFO - [2024-06-05T00:04:39.911+0000] {dag.py:3096} INFO - Sync 1 DAGs
[2024-06-05T00:04:39.932+0000] {logging_mixin.py:188} INFO - [2024-06-05T00:04:39.932+0000] {dag.py:3954} INFO - Setting next_dagrun for example_bash_operator to 2024-06-04 00:00:00+00:00, run_after=2024-06-05 00:00:00+00:00
[2024-06-05T00:04:39.949+0000] {processor.py:183} INFO - Processing /home/airflow/.local/lib/python3.12/site-packages/airflow/example_dags/example_bash_operator.py took 0.079 seconds
[2024-06-05T00:05:10.240+0000] {processor.py:161} INFO - Started process (PID=354) to work on /home/airflow/.local/lib/python3.12/site-packages/airflow/example_dags/example_bash_operator.py
[2024-06-05T00:05:10.240+0000] {processor.py:830} INFO - Processing file /home/airflow/.local/lib/python3.12/site-packages/airflow/example_dags/example_bash_operator.py for tasks to queue
[2024-06-05T00:05:10.242+0000] {logging_mixin.py:188} INFO - [2024-06-05T00:05:10.242+0000] {dagbag.py:545} INFO - Filling up the DagBag from /home/airflow/.local/lib/python3.12/site-packages/airflow/example_dags/example_bash_operator.py
[2024-06-05T00:05:10.251+0000] {processor.py:840} INFO - DAG(s) 'example_bash_operator' retrieved from /home/airflow/.local/lib/python3.12/site-packages/airflow/example_dags/example_bash_operator.py
[2024-06-05T00:05:10.272+0000] {logging_mixin.py:188} INFO - [2024-06-05T00:05:10.272+0000] {dag.py:3096} INFO - Sync 1 DAGs
[2024-06-05T00:05:10.291+0000] {logging_mixin.py:188} INFO - [2024-06-05T00:05:10.291+0000] {dag.py:3954} INFO - Setting next_dagrun for example_bash_operator to 2024-06-04 00:00:00+00:00, run_after=2024-06-05 00:00:00+00:00
[2024-06-05T00:05:10.305+0000] {processor.py:183} INFO - Processing /home/airflow/.local/lib/python3.12/site-packages/airflow/example_dags/example_bash_operator.py took 0.071 seconds
[2024-06-05T00:05:40.338+0000] {processor.py:161} INFO - Started process (PID=414) to work on /home/airflow/.local/lib/python3.12/site-packages/airflow/example_dags/example_bash_operator.py
[2024-06-05T00:05:40.338+0000] {processor.py:830} INFO - Processing file /home/airflow/.local/lib/python3.12/site-packages/airflow/example_dags/example_bash_operator.py for tasks to queue
[2024-06-05T00:05:40.340+0000] {logging_mixin.py:188} INFO - [2024-06-05T00:05:40.340+0000] {dagbag.py:545} INFO - Filling up the DagBag from /home/airflow/.local/lib/python3.12/site-packages/airflow/example_dags/example_bash_operator.py
[2024-06-05T00:05:40.350+0000] {processor.py:840} INFO - DAG(s) 'example_bash_operator' retrieved from /home/airflow/.local/lib/python3.12/site-packages/airflow/example_dags/example_bash_operator.py
[2024-06-05T00:05:40.373+0000] {logging_mixin.py:188} INFO - [2024-06-05T00:05:40.373+0000] {dag.py:3096} INFO - Sync 1 DAGs
[2024-06-05T00:05:40.395+0000] {logging_mixin.py:188} INFO - [2024-06-05T00:05:40.395+0000] {dag.py:3954} INFO - Setting next_dagrun for example_bash_operator to 2024-06-04 00:00:00+00:00, run_after=2024-06-05 00:00:00+00:00
[2024-06-05T00:05:40.413+0000] {processor.py:183} INFO - Processing /home/airflow/.local/lib/python3.12/site-packages/airflow/example_dags/example_bash_operator.py took 0.081 seconds
[2024-06-05T00:06:10.794+0000] {processor.py:161} INFO - Started process (PID=472) to work on /home/airflow/.local/lib/python3.12/site-packages/airflow/example_dags/example_bash_operator.py
[2024-06-05T00:06:10.795+0000] {processor.py:830} INFO - Processing file /home/airflow/.local/lib/python3.12/site-packages/airflow/example_dags/example_bash_operator.py for tasks to queue
[2024-06-05T00:06:10.797+0000] {logging_mixin.py:188} INFO - [2024-06-05T00:06:10.796+0000] {dagbag.py:545} INFO - Filling up the DagBag from /home/airflow/.local/lib/python3.12/site-packages/airflow/example_dags/example_bash_operator.py
[2024-06-05T00:06:10.807+0000] {processor.py:840} INFO - DAG(s) 'example_bash_operator' retrieved from /home/airflow/.local/lib/python3.12/site-packages/airflow/example_dags/example_bash_operator.py
[2024-06-05T00:06:10.833+0000] {logging_mixin.py:188} INFO - [2024-06-05T00:06:10.833+0000] {dag.py:3096} INFO - Sync 1 DAGs
[2024-06-05T00:06:10.858+0000] {logging_mixin.py:188} INFO - [2024-06-05T00:06:10.857+0000] {dag.py:3954} INFO - Setting next_dagrun for example_bash_operator to 2024-06-04 00:00:00+00:00, run_after=2024-06-05 00:00:00+00:00
[2024-06-05T00:06:10.873+0000] {processor.py:183} INFO - Processing /home/airflow/.local/lib/python3.12/site-packages/airflow/example_dags/example_bash_operator.py took 0.084 seconds
[2024-06-05T00:06:41.035+0000] {processor.py:161} INFO - Started process (PID=532) to work on /home/airflow/.local/lib/python3.12/site-packages/airflow/example_dags/example_bash_operator.py
[2024-06-05T00:06:41.037+0000] {processor.py:830} INFO - Processing file /home/airflow/.local/lib/python3.12/site-packages/airflow/example_dags/example_bash_operator.py for tasks to queue
[2024-06-05T00:06:41.040+0000] {logging_mixin.py:188} INFO - [2024-06-05T00:06:41.039+0000] {dagbag.py:545} INFO - Filling up the DagBag from /home/airflow/.local/lib/python3.12/site-packages/airflow/example_dags/example_bash_operator.py
[2024-06-05T00:06:41.055+0000] {processor.py:840} INFO - DAG(s) 'example_bash_operator' retrieved from /home/airflow/.local/lib/python3.12/site-packages/airflow/example_dags/example_bash_operator.py
[2024-06-05T00:06:41.083+0000] {logging_mixin.py:188} INFO - [2024-06-05T00:06:41.083+0000] {dag.py:3096} INFO - Sync 1 DAGs
[2024-06-05T00:06:41.108+0000] {logging_mixin.py:188} INFO - [2024-06-05T00:06:41.108+0000] {dag.py:3954} INFO - Setting next_dagrun for example_bash_operator to 2024-06-04 00:00:00+00:00, run_after=2024-06-05 00:00:00+00:00
[2024-06-05T00:06:41.126+0000] {processor.py:183} INFO - Processing /home/airflow/.local/lib/python3.12/site-packages/airflow/example_dags/example_bash_operator.py took 0.099 seconds
[2024-06-05T00:07:11.319+0000] {processor.py:161} INFO - Started process (PID=592) to work on /home/airflow/.local/lib/python3.12/site-packages/airflow/example_dags/example_bash_operator.py
[2024-06-05T00:07:11.321+0000] {processor.py:830} INFO - Processing file /home/airflow/.local/lib/python3.12/site-packages/airflow/example_dags/example_bash_operator.py for tasks to queue
[2024-06-05T00:07:11.324+0000] {logging_mixin.py:188} INFO - [2024-06-05T00:07:11.324+0000] {dagbag.py:545} INFO - Filling up the DagBag from /home/airflow/.local/lib/python3.12/site-packages/airflow/example_dags/example_bash_operator.py
[2024-06-05T00:07:11.341+0000] {processor.py:840} INFO - DAG(s) 'example_bash_operator' retrieved from /home/airflow/.local/lib/python3.12/site-packages/airflow/example_dags/example_bash_operator.py
[2024-06-05T00:07:11.375+0000] {logging_mixin.py:188} INFO - [2024-06-05T00:07:11.375+0000] {dag.py:3096} INFO - Sync 1 DAGs
[2024-06-05T00:07:11.407+0000] {logging_mixin.py:188} INFO - [2024-06-05T00:07:11.406+0000] {dag.py:3954} INFO - Setting next_dagrun for example_bash_operator to 2024-06-04 00:00:00+00:00, run_after=2024-06-05 00:00:00+00:00
[2024-06-05T00:07:11.423+0000] {processor.py:183} INFO - Processing /home/airflow/.local/lib/python3.12/site-packages/airflow/example_dags/example_bash_operator.py took 0.112 seconds
[2024-06-05T00:07:42.032+0000] {processor.py:161} INFO - Started process (PID=652) to work on /home/airflow/.local/lib/python3.12/site-packages/airflow/example_dags/example_bash_operator.py
[2024-06-05T00:07:42.033+0000] {processor.py:830} INFO - Processing file /home/airflow/.local/lib/python3.12/site-packages/airflow/example_dags/example_bash_operator.py for tasks to queue
[2024-06-05T00:07:42.035+0000] {logging_mixin.py:188} INFO - [2024-06-05T00:07:42.035+0000] {dagbag.py:545} INFO - Filling up the DagBag from /home/airflow/.local/lib/python3.12/site-packages/airflow/example_dags/example_bash_operator.py
[2024-06-05T00:07:42.048+0000] {processor.py:840} INFO - DAG(s) 'example_bash_operator' retrieved from /home/airflow/.local/lib/python3.12/site-packages/airflow/example_dags/example_bash_operator.py
[2024-06-05T00:07:42.074+0000] {logging_mixin.py:188} INFO - [2024-06-05T00:07:42.074+0000] {dag.py:3096} INFO - Sync 1 DAGs
[2024-06-05T00:07:42.096+0000] {logging_mixin.py:188} INFO - [2024-06-05T00:07:42.096+0000] {dag.py:3954} INFO - Setting next_dagrun for example_bash_operator to 2024-06-04 00:00:00+00:00, run_after=2024-06-05 00:00:00+00:00
[2024-06-05T00:07:42.112+0000] {processor.py:183} INFO - Processing /home/airflow/.local/lib/python3.12/site-packages/airflow/example_dags/example_bash_operator.py took 0.084 seconds
[2024-06-05T00:08:12.358+0000] {processor.py:161} INFO - Started process (PID=712) to work on /home/airflow/.local/lib/python3.12/site-packages/airflow/example_dags/example_bash_operator.py
[2024-06-05T00:08:12.359+0000] {processor.py:830} INFO - Processing file /home/airflow/.local/lib/python3.12/site-packages/airflow/example_dags/example_bash_operator.py for tasks to queue
[2024-06-05T00:08:12.363+0000] {logging_mixin.py:188} INFO - [2024-06-05T00:08:12.362+0000] {dagbag.py:545} INFO - Filling up the DagBag from /home/airflow/.local/lib/python3.12/site-packages/airflow/example_dags/example_bash_operator.py
[2024-06-05T00:08:12.373+0000] {processor.py:840} INFO - DAG(s) 'example_bash_operator' retrieved from /home/airflow/.local/lib/python3.12/site-packages/airflow/example_dags/example_bash_operator.py
[2024-06-05T00:08:12.394+0000] {logging_mixin.py:188} INFO - [2024-06-05T00:08:12.394+0000] {dag.py:3096} INFO - Sync 1 DAGs
[2024-06-05T00:08:12.412+0000] {logging_mixin.py:188} INFO - [2024-06-05T00:08:12.412+0000] {dag.py:3954} INFO - Setting next_dagrun for example_bash_operator to 2024-06-04 00:00:00+00:00, run_after=2024-06-05 00:00:00+00:00
[2024-06-05T00:08:12.426+0000] {processor.py:183} INFO - Processing /home/airflow/.local/lib/python3.12/site-packages/airflow/example_dags/example_bash_operator.py took 0.074 seconds
[2024-06-05T00:08:42.833+0000] {processor.py:161} INFO - Started process (PID=772) to work on /home/airflow/.local/lib/python3.12/site-packages/airflow/example_dags/example_bash_operator.py
[2024-06-05T00:08:42.834+0000] {processor.py:830} INFO - Processing file /home/airflow/.local/lib/python3.12/site-packages/airflow/example_dags/example_bash_operator.py for tasks to queue
[2024-06-05T00:08:42.836+0000] {logging_mixin.py:188} INFO - [2024-06-05T00:08:42.835+0000] {dagbag.py:545} INFO - Filling up the DagBag from /home/airflow/.local/lib/python3.12/site-packages/airflow/example_dags/example_bash_operator.py
[2024-06-05T00:08:42.845+0000] {processor.py:840} INFO - DAG(s) 'example_bash_operator' retrieved from /home/airflow/.local/lib/python3.12/site-packages/airflow/example_dags/example_bash_operator.py
[2024-06-05T00:08:42.866+0000] {logging_mixin.py:188} INFO - [2024-06-05T00:08:42.866+0000] {dag.py:3096} INFO - Sync 1 DAGs
[2024-06-05T00:08:42.886+0000] {logging_mixin.py:188} INFO - [2024-06-05T00:08:42.886+0000] {dag.py:3954} INFO - Setting next_dagrun for example_bash_operator to 2024-06-04 00:00:00+00:00, run_after=2024-06-05 00:00:00+00:00
[2024-06-05T00:08:42.900+0000] {processor.py:183} INFO - Processing /home/airflow/.local/lib/python3.12/site-packages/airflow/example_dags/example_bash_operator.py took 0.072 seconds
[2024-06-05T00:09:13.472+0000] {processor.py:161} INFO - Started process (PID=832) to work on /home/airflow/.local/lib/python3.12/site-packages/airflow/example_dags/example_bash_operator.py
[2024-06-05T00:09:13.473+0000] {processor.py:830} INFO - Processing file /home/airflow/.local/lib/python3.12/site-packages/airflow/example_dags/example_bash_operator.py for tasks to queue
[2024-06-05T00:09:13.475+0000] {logging_mixin.py:188} INFO - [2024-06-05T00:09:13.475+0000] {dagbag.py:545} INFO - Filling up the DagBag from /home/airflow/.local/lib/python3.12/site-packages/airflow/example_dags/example_bash_operator.py
[2024-06-05T00:09:13.485+0000] {processor.py:840} INFO - DAG(s) 'example_bash_operator' retrieved from /home/airflow/.local/lib/python3.12/site-packages/airflow/example_dags/example_bash_operator.py
[2024-06-05T00:09:13.509+0000] {logging_mixin.py:188} INFO - [2024-06-05T00:09:13.509+0000] {dag.py:3096} INFO - Sync 1 DAGs
[2024-06-05T00:09:13.533+0000] {logging_mixin.py:188} INFO - [2024-06-05T00:09:13.533+0000] {dag.py:3954} INFO - Setting next_dagrun for example_bash_operator to 2024-06-04 00:00:00+00:00, run_after=2024-06-05 00:00:00+00:00
[2024-06-05T00:09:13.552+0000] {processor.py:183} INFO - Processing /home/airflow/.local/lib/python3.12/site-packages/airflow/example_dags/example_bash_operator.py took 0.085 seconds
[2024-06-05T00:09:44.133+0000] {processor.py:161} INFO - Started process (PID=893) to work on /home/airflow/.local/lib/python3.12/site-packages/airflow/example_dags/example_bash_operator.py
[2024-06-05T00:09:44.134+0000] {processor.py:830} INFO - Processing file /home/airflow/.local/lib/python3.12/site-packages/airflow/example_dags/example_bash_operator.py for tasks to queue
[2024-06-05T00:09:44.136+0000] {logging_mixin.py:188} INFO - [2024-06-05T00:09:44.136+0000] {dagbag.py:545} INFO - Filling up the DagBag from /home/airflow/.local/lib/python3.12/site-packages/airflow/example_dags/example_bash_operator.py
[2024-06-05T00:09:44.150+0000] {processor.py:840} INFO - DAG(s) 'example_bash_operator' retrieved from /home/airflow/.local/lib/python3.12/site-packages/airflow/example_dags/example_bash_operator.py
[2024-06-05T00:09:44.182+0000] {logging_mixin.py:188} INFO - [2024-06-05T00:09:44.182+0000] {dag.py:3096} INFO - Sync 1 DAGs
[2024-06-05T00:09:44.213+0000] {logging_mixin.py:188} INFO - [2024-06-05T00:09:44.212+0000] {dag.py:3954} INFO - Setting next_dagrun for example_bash_operator to 2024-06-04 00:00:00+00:00, run_after=2024-06-05 00:00:00+00:00
[2024-06-05T00:09:44.232+0000] {processor.py:183} INFO - Processing /home/airflow/.local/lib/python3.12/site-packages/airflow/example_dags/example_bash_operator.py took 0.107 seconds
