[2024-06-05T00:02:38.887+0000] {processor.py:161} INFO - Started process (PID=71) to work on /home/airflow/.local/lib/python3.12/site-packages/airflow/example_dags/example_local_kubernetes_executor.py
[2024-06-05T00:02:38.888+0000] {processor.py:830} INFO - Processing file /home/airflow/.local/lib/python3.12/site-packages/airflow/example_dags/example_local_kubernetes_executor.py for tasks to queue
[2024-06-05T00:02:38.890+0000] {logging_mixin.py:188} INFO - [2024-06-05T00:02:38.890+0000] {dagbag.py:545} INFO - Filling up the DagBag from /home/airflow/.local/lib/python3.12/site-packages/airflow/example_dags/example_local_kubernetes_executor.py
[2024-06-05T00:02:38.906+0000] {processor.py:840} INFO - DAG(s) 'example_local_kubernetes_executor' retrieved from /home/airflow/.local/lib/python3.12/site-packages/airflow/example_dags/example_local_kubernetes_executor.py
[2024-06-05T00:02:38.967+0000] {logging_mixin.py:188} INFO - [2024-06-05T00:02:38.967+0000] {dag.py:3096} INFO - Sync 1 DAGs
[2024-06-05T00:02:38.990+0000] {logging_mixin.py:188} INFO - [2024-06-05T00:02:38.990+0000] {dag.py:3954} INFO - Setting next_dagrun for example_local_kubernetes_executor to None, run_after=None
[2024-06-05T00:02:39.026+0000] {processor.py:183} INFO - Processing /home/airflow/.local/lib/python3.12/site-packages/airflow/example_dags/example_local_kubernetes_executor.py took 0.148 seconds
[2024-06-05T00:03:10.559+0000] {processor.py:161} INFO - Started process (PID=131) to work on /home/airflow/.local/lib/python3.12/site-packages/airflow/example_dags/example_local_kubernetes_executor.py
[2024-06-05T00:03:10.560+0000] {processor.py:830} INFO - Processing file /home/airflow/.local/lib/python3.12/site-packages/airflow/example_dags/example_local_kubernetes_executor.py for tasks to queue
[2024-06-05T00:03:10.564+0000] {logging_mixin.py:188} INFO - [2024-06-05T00:03:10.563+0000] {dagbag.py:545} INFO - Filling up the DagBag from /home/airflow/.local/lib/python3.12/site-packages/airflow/example_dags/example_local_kubernetes_executor.py
[2024-06-05T00:03:10.574+0000] {processor.py:840} INFO - DAG(s) 'example_local_kubernetes_executor' retrieved from /home/airflow/.local/lib/python3.12/site-packages/airflow/example_dags/example_local_kubernetes_executor.py
[2024-06-05T00:03:10.632+0000] {logging_mixin.py:188} INFO - [2024-06-05T00:03:10.632+0000] {dag.py:3096} INFO - Sync 1 DAGs
[2024-06-05T00:03:10.650+0000] {logging_mixin.py:188} INFO - [2024-06-05T00:03:10.650+0000] {dag.py:3954} INFO - Setting next_dagrun for example_local_kubernetes_executor to None, run_after=None
[2024-06-05T00:03:10.671+0000] {processor.py:183} INFO - Processing /home/airflow/.local/lib/python3.12/site-packages/airflow/example_dags/example_local_kubernetes_executor.py took 0.119 seconds
[2024-06-05T00:03:41.380+0000] {processor.py:161} INFO - Started process (PID=191) to work on /home/airflow/.local/lib/python3.12/site-packages/airflow/example_dags/example_local_kubernetes_executor.py
[2024-06-05T00:03:41.381+0000] {processor.py:830} INFO - Processing file /home/airflow/.local/lib/python3.12/site-packages/airflow/example_dags/example_local_kubernetes_executor.py for tasks to queue
[2024-06-05T00:03:41.383+0000] {logging_mixin.py:188} INFO - [2024-06-05T00:03:41.382+0000] {dagbag.py:545} INFO - Filling up the DagBag from /home/airflow/.local/lib/python3.12/site-packages/airflow/example_dags/example_local_kubernetes_executor.py
[2024-06-05T00:03:41.391+0000] {processor.py:840} INFO - DAG(s) 'example_local_kubernetes_executor' retrieved from /home/airflow/.local/lib/python3.12/site-packages/airflow/example_dags/example_local_kubernetes_executor.py
[2024-06-05T00:03:41.416+0000] {logging_mixin.py:188} INFO - [2024-06-05T00:03:41.415+0000] {dag.py:3096} INFO - Sync 1 DAGs
[2024-06-05T00:03:41.427+0000] {logging_mixin.py:188} INFO - [2024-06-05T00:03:41.427+0000] {dag.py:3954} INFO - Setting next_dagrun for example_local_kubernetes_executor to None, run_after=None
[2024-06-05T00:03:41.441+0000] {processor.py:183} INFO - Processing /home/airflow/.local/lib/python3.12/site-packages/airflow/example_dags/example_local_kubernetes_executor.py took 0.069 seconds
[2024-06-05T00:04:11.552+0000] {processor.py:161} INFO - Started process (PID=251) to work on /home/airflow/.local/lib/python3.12/site-packages/airflow/example_dags/example_local_kubernetes_executor.py
[2024-06-05T00:04:11.553+0000] {processor.py:830} INFO - Processing file /home/airflow/.local/lib/python3.12/site-packages/airflow/example_dags/example_local_kubernetes_executor.py for tasks to queue
[2024-06-05T00:04:11.555+0000] {logging_mixin.py:188} INFO - [2024-06-05T00:04:11.555+0000] {dagbag.py:545} INFO - Filling up the DagBag from /home/airflow/.local/lib/python3.12/site-packages/airflow/example_dags/example_local_kubernetes_executor.py
[2024-06-05T00:04:11.563+0000] {processor.py:840} INFO - DAG(s) 'example_local_kubernetes_executor' retrieved from /home/airflow/.local/lib/python3.12/site-packages/airflow/example_dags/example_local_kubernetes_executor.py
[2024-06-05T00:04:11.589+0000] {logging_mixin.py:188} INFO - [2024-06-05T00:04:11.588+0000] {dag.py:3096} INFO - Sync 1 DAGs
[2024-06-05T00:04:11.599+0000] {logging_mixin.py:188} INFO - [2024-06-05T00:04:11.599+0000] {dag.py:3954} INFO - Setting next_dagrun for example_local_kubernetes_executor to None, run_after=None
[2024-06-05T00:04:11.615+0000] {processor.py:183} INFO - Processing /home/airflow/.local/lib/python3.12/site-packages/airflow/example_dags/example_local_kubernetes_executor.py took 0.068 seconds
[2024-06-05T00:04:41.762+0000] {processor.py:161} INFO - Started process (PID=311) to work on /home/airflow/.local/lib/python3.12/site-packages/airflow/example_dags/example_local_kubernetes_executor.py
[2024-06-05T00:04:41.762+0000] {processor.py:830} INFO - Processing file /home/airflow/.local/lib/python3.12/site-packages/airflow/example_dags/example_local_kubernetes_executor.py for tasks to queue
[2024-06-05T00:04:41.765+0000] {logging_mixin.py:188} INFO - [2024-06-05T00:04:41.764+0000] {dagbag.py:545} INFO - Filling up the DagBag from /home/airflow/.local/lib/python3.12/site-packages/airflow/example_dags/example_local_kubernetes_executor.py
[2024-06-05T00:04:41.772+0000] {processor.py:840} INFO - DAG(s) 'example_local_kubernetes_executor' retrieved from /home/airflow/.local/lib/python3.12/site-packages/airflow/example_dags/example_local_kubernetes_executor.py
[2024-06-05T00:04:41.799+0000] {logging_mixin.py:188} INFO - [2024-06-05T00:04:41.798+0000] {dag.py:3096} INFO - Sync 1 DAGs
[2024-06-05T00:04:41.809+0000] {logging_mixin.py:188} INFO - [2024-06-05T00:04:41.809+0000] {dag.py:3954} INFO - Setting next_dagrun for example_local_kubernetes_executor to None, run_after=None
[2024-06-05T00:04:41.827+0000] {processor.py:183} INFO - Processing /home/airflow/.local/lib/python3.12/site-packages/airflow/example_dags/example_local_kubernetes_executor.py took 0.070 seconds
[2024-06-05T00:05:12.133+0000] {processor.py:161} INFO - Started process (PID=371) to work on /home/airflow/.local/lib/python3.12/site-packages/airflow/example_dags/example_local_kubernetes_executor.py
[2024-06-05T00:05:12.134+0000] {processor.py:830} INFO - Processing file /home/airflow/.local/lib/python3.12/site-packages/airflow/example_dags/example_local_kubernetes_executor.py for tasks to queue
[2024-06-05T00:05:12.136+0000] {logging_mixin.py:188} INFO - [2024-06-05T00:05:12.135+0000] {dagbag.py:545} INFO - Filling up the DagBag from /home/airflow/.local/lib/python3.12/site-packages/airflow/example_dags/example_local_kubernetes_executor.py
[2024-06-05T00:05:12.142+0000] {processor.py:840} INFO - DAG(s) 'example_local_kubernetes_executor' retrieved from /home/airflow/.local/lib/python3.12/site-packages/airflow/example_dags/example_local_kubernetes_executor.py
[2024-06-05T00:05:12.169+0000] {logging_mixin.py:188} INFO - [2024-06-05T00:05:12.169+0000] {dag.py:3096} INFO - Sync 1 DAGs
[2024-06-05T00:05:12.182+0000] {logging_mixin.py:188} INFO - [2024-06-05T00:05:12.182+0000] {dag.py:3954} INFO - Setting next_dagrun for example_local_kubernetes_executor to None, run_after=None
[2024-06-05T00:05:12.202+0000] {processor.py:183} INFO - Processing /home/airflow/.local/lib/python3.12/site-packages/airflow/example_dags/example_local_kubernetes_executor.py took 0.074 seconds
[2024-06-05T00:05:42.309+0000] {processor.py:161} INFO - Started process (PID=431) to work on /home/airflow/.local/lib/python3.12/site-packages/airflow/example_dags/example_local_kubernetes_executor.py
[2024-06-05T00:05:42.309+0000] {processor.py:830} INFO - Processing file /home/airflow/.local/lib/python3.12/site-packages/airflow/example_dags/example_local_kubernetes_executor.py for tasks to queue
[2024-06-05T00:05:42.311+0000] {logging_mixin.py:188} INFO - [2024-06-05T00:05:42.311+0000] {dagbag.py:545} INFO - Filling up the DagBag from /home/airflow/.local/lib/python3.12/site-packages/airflow/example_dags/example_local_kubernetes_executor.py
[2024-06-05T00:05:42.318+0000] {processor.py:840} INFO - DAG(s) 'example_local_kubernetes_executor' retrieved from /home/airflow/.local/lib/python3.12/site-packages/airflow/example_dags/example_local_kubernetes_executor.py
[2024-06-05T00:05:42.345+0000] {logging_mixin.py:188} INFO - [2024-06-05T00:05:42.345+0000] {dag.py:3096} INFO - Sync 1 DAGs
[2024-06-05T00:05:42.358+0000] {logging_mixin.py:188} INFO - [2024-06-05T00:05:42.358+0000] {dag.py:3954} INFO - Setting next_dagrun for example_local_kubernetes_executor to None, run_after=None
[2024-06-05T00:05:42.374+0000] {processor.py:183} INFO - Processing /home/airflow/.local/lib/python3.12/site-packages/airflow/example_dags/example_local_kubernetes_executor.py took 0.071 seconds
[2024-06-05T00:06:13.236+0000] {processor.py:161} INFO - Started process (PID=491) to work on /home/airflow/.local/lib/python3.12/site-packages/airflow/example_dags/example_local_kubernetes_executor.py
[2024-06-05T00:06:13.237+0000] {processor.py:830} INFO - Processing file /home/airflow/.local/lib/python3.12/site-packages/airflow/example_dags/example_local_kubernetes_executor.py for tasks to queue
[2024-06-05T00:06:13.238+0000] {logging_mixin.py:188} INFO - [2024-06-05T00:06:13.238+0000] {dagbag.py:545} INFO - Filling up the DagBag from /home/airflow/.local/lib/python3.12/site-packages/airflow/example_dags/example_local_kubernetes_executor.py
[2024-06-05T00:06:13.244+0000] {processor.py:840} INFO - DAG(s) 'example_local_kubernetes_executor' retrieved from /home/airflow/.local/lib/python3.12/site-packages/airflow/example_dags/example_local_kubernetes_executor.py
[2024-06-05T00:06:13.275+0000] {logging_mixin.py:188} INFO - [2024-06-05T00:06:13.275+0000] {dag.py:3096} INFO - Sync 1 DAGs
[2024-06-05T00:06:13.290+0000] {logging_mixin.py:188} INFO - [2024-06-05T00:06:13.289+0000] {dag.py:3954} INFO - Setting next_dagrun for example_local_kubernetes_executor to None, run_after=None
[2024-06-05T00:06:13.306+0000] {processor.py:183} INFO - Processing /home/airflow/.local/lib/python3.12/site-packages/airflow/example_dags/example_local_kubernetes_executor.py took 0.077 seconds
[2024-06-05T00:06:43.413+0000] {processor.py:161} INFO - Started process (PID=551) to work on /home/airflow/.local/lib/python3.12/site-packages/airflow/example_dags/example_local_kubernetes_executor.py
[2024-06-05T00:06:43.414+0000] {processor.py:830} INFO - Processing file /home/airflow/.local/lib/python3.12/site-packages/airflow/example_dags/example_local_kubernetes_executor.py for tasks to queue
[2024-06-05T00:06:43.416+0000] {logging_mixin.py:188} INFO - [2024-06-05T00:06:43.415+0000] {dagbag.py:545} INFO - Filling up the DagBag from /home/airflow/.local/lib/python3.12/site-packages/airflow/example_dags/example_local_kubernetes_executor.py
[2024-06-05T00:06:43.423+0000] {processor.py:840} INFO - DAG(s) 'example_local_kubernetes_executor' retrieved from /home/airflow/.local/lib/python3.12/site-packages/airflow/example_dags/example_local_kubernetes_executor.py
[2024-06-05T00:06:43.452+0000] {logging_mixin.py:188} INFO - [2024-06-05T00:06:43.451+0000] {dag.py:3096} INFO - Sync 1 DAGs
[2024-06-05T00:06:43.463+0000] {logging_mixin.py:188} INFO - [2024-06-05T00:06:43.462+0000] {dag.py:3954} INFO - Setting next_dagrun for example_local_kubernetes_executor to None, run_after=None
[2024-06-05T00:06:43.479+0000] {processor.py:183} INFO - Processing /home/airflow/.local/lib/python3.12/site-packages/airflow/example_dags/example_local_kubernetes_executor.py took 0.071 seconds
[2024-06-05T00:07:14.413+0000] {processor.py:161} INFO - Started process (PID=611) to work on /home/airflow/.local/lib/python3.12/site-packages/airflow/example_dags/example_local_kubernetes_executor.py
[2024-06-05T00:07:14.414+0000] {processor.py:830} INFO - Processing file /home/airflow/.local/lib/python3.12/site-packages/airflow/example_dags/example_local_kubernetes_executor.py for tasks to queue
[2024-06-05T00:07:14.417+0000] {logging_mixin.py:188} INFO - [2024-06-05T00:07:14.416+0000] {dagbag.py:545} INFO - Filling up the DagBag from /home/airflow/.local/lib/python3.12/site-packages/airflow/example_dags/example_local_kubernetes_executor.py
[2024-06-05T00:07:14.424+0000] {processor.py:840} INFO - DAG(s) 'example_local_kubernetes_executor' retrieved from /home/airflow/.local/lib/python3.12/site-packages/airflow/example_dags/example_local_kubernetes_executor.py
[2024-06-05T00:07:14.451+0000] {logging_mixin.py:188} INFO - [2024-06-05T00:07:14.451+0000] {dag.py:3096} INFO - Sync 1 DAGs
[2024-06-05T00:07:14.461+0000] {logging_mixin.py:188} INFO - [2024-06-05T00:07:14.461+0000] {dag.py:3954} INFO - Setting next_dagrun for example_local_kubernetes_executor to None, run_after=None
[2024-06-05T00:07:14.478+0000] {processor.py:183} INFO - Processing /home/airflow/.local/lib/python3.12/site-packages/airflow/example_dags/example_local_kubernetes_executor.py took 0.069 seconds
[2024-06-05T00:07:45.667+0000] {processor.py:161} INFO - Started process (PID=671) to work on /home/airflow/.local/lib/python3.12/site-packages/airflow/example_dags/example_local_kubernetes_executor.py
[2024-06-05T00:07:45.669+0000] {processor.py:830} INFO - Processing file /home/airflow/.local/lib/python3.12/site-packages/airflow/example_dags/example_local_kubernetes_executor.py for tasks to queue
[2024-06-05T00:07:45.673+0000] {logging_mixin.py:188} INFO - [2024-06-05T00:07:45.673+0000] {dagbag.py:545} INFO - Filling up the DagBag from /home/airflow/.local/lib/python3.12/site-packages/airflow/example_dags/example_local_kubernetes_executor.py
[2024-06-05T00:07:45.688+0000] {processor.py:840} INFO - DAG(s) 'example_local_kubernetes_executor' retrieved from /home/airflow/.local/lib/python3.12/site-packages/airflow/example_dags/example_local_kubernetes_executor.py
[2024-06-05T00:07:45.737+0000] {logging_mixin.py:188} INFO - [2024-06-05T00:07:45.736+0000] {dag.py:3096} INFO - Sync 1 DAGs
[2024-06-05T00:07:45.763+0000] {logging_mixin.py:188} INFO - [2024-06-05T00:07:45.763+0000] {dag.py:3954} INFO - Setting next_dagrun for example_local_kubernetes_executor to None, run_after=None
[2024-06-05T00:07:45.806+0000] {processor.py:183} INFO - Processing /home/airflow/.local/lib/python3.12/site-packages/airflow/example_dags/example_local_kubernetes_executor.py took 0.152 seconds
[2024-06-05T00:08:16.738+0000] {processor.py:161} INFO - Started process (PID=731) to work on /home/airflow/.local/lib/python3.12/site-packages/airflow/example_dags/example_local_kubernetes_executor.py
[2024-06-05T00:08:16.741+0000] {processor.py:830} INFO - Processing file /home/airflow/.local/lib/python3.12/site-packages/airflow/example_dags/example_local_kubernetes_executor.py for tasks to queue
[2024-06-05T00:08:16.743+0000] {logging_mixin.py:188} INFO - [2024-06-05T00:08:16.742+0000] {dagbag.py:545} INFO - Filling up the DagBag from /home/airflow/.local/lib/python3.12/site-packages/airflow/example_dags/example_local_kubernetes_executor.py
[2024-06-05T00:08:16.756+0000] {processor.py:840} INFO - DAG(s) 'example_local_kubernetes_executor' retrieved from /home/airflow/.local/lib/python3.12/site-packages/airflow/example_dags/example_local_kubernetes_executor.py
[2024-06-05T00:08:16.834+0000] {logging_mixin.py:188} INFO - [2024-06-05T00:08:16.833+0000] {dag.py:3096} INFO - Sync 1 DAGs
[2024-06-05T00:08:16.858+0000] {logging_mixin.py:188} INFO - [2024-06-05T00:08:16.858+0000] {dag.py:3954} INFO - Setting next_dagrun for example_local_kubernetes_executor to None, run_after=None
[2024-06-05T00:08:16.873+0000] {processor.py:183} INFO - Processing /home/airflow/.local/lib/python3.12/site-packages/airflow/example_dags/example_local_kubernetes_executor.py took 0.140 seconds
[2024-06-05T00:08:47.846+0000] {processor.py:161} INFO - Started process (PID=791) to work on /home/airflow/.local/lib/python3.12/site-packages/airflow/example_dags/example_local_kubernetes_executor.py
[2024-06-05T00:08:47.847+0000] {processor.py:830} INFO - Processing file /home/airflow/.local/lib/python3.12/site-packages/airflow/example_dags/example_local_kubernetes_executor.py for tasks to queue
[2024-06-05T00:08:47.849+0000] {logging_mixin.py:188} INFO - [2024-06-05T00:08:47.849+0000] {dagbag.py:545} INFO - Filling up the DagBag from /home/airflow/.local/lib/python3.12/site-packages/airflow/example_dags/example_local_kubernetes_executor.py
[2024-06-05T00:08:47.858+0000] {processor.py:840} INFO - DAG(s) 'example_local_kubernetes_executor' retrieved from /home/airflow/.local/lib/python3.12/site-packages/airflow/example_dags/example_local_kubernetes_executor.py
[2024-06-05T00:08:47.887+0000] {logging_mixin.py:188} INFO - [2024-06-05T00:08:47.886+0000] {dag.py:3096} INFO - Sync 1 DAGs
[2024-06-05T00:08:47.899+0000] {logging_mixin.py:188} INFO - [2024-06-05T00:08:47.898+0000] {dag.py:3954} INFO - Setting next_dagrun for example_local_kubernetes_executor to None, run_after=None
[2024-06-05T00:08:47.924+0000] {processor.py:183} INFO - Processing /home/airflow/.local/lib/python3.12/site-packages/airflow/example_dags/example_local_kubernetes_executor.py took 0.083 seconds
[2024-06-05T00:09:18.528+0000] {processor.py:161} INFO - Started process (PID=851) to work on /home/airflow/.local/lib/python3.12/site-packages/airflow/example_dags/example_local_kubernetes_executor.py
[2024-06-05T00:09:18.528+0000] {processor.py:830} INFO - Processing file /home/airflow/.local/lib/python3.12/site-packages/airflow/example_dags/example_local_kubernetes_executor.py for tasks to queue
[2024-06-05T00:09:18.530+0000] {logging_mixin.py:188} INFO - [2024-06-05T00:09:18.530+0000] {dagbag.py:545} INFO - Filling up the DagBag from /home/airflow/.local/lib/python3.12/site-packages/airflow/example_dags/example_local_kubernetes_executor.py
[2024-06-05T00:09:18.537+0000] {processor.py:840} INFO - DAG(s) 'example_local_kubernetes_executor' retrieved from /home/airflow/.local/lib/python3.12/site-packages/airflow/example_dags/example_local_kubernetes_executor.py
[2024-06-05T00:09:18.563+0000] {logging_mixin.py:188} INFO - [2024-06-05T00:09:18.562+0000] {dag.py:3096} INFO - Sync 1 DAGs
[2024-06-05T00:09:18.574+0000] {logging_mixin.py:188} INFO - [2024-06-05T00:09:18.574+0000] {dag.py:3954} INFO - Setting next_dagrun for example_local_kubernetes_executor to None, run_after=None
[2024-06-05T00:09:18.590+0000] {processor.py:183} INFO - Processing /home/airflow/.local/lib/python3.12/site-packages/airflow/example_dags/example_local_kubernetes_executor.py took 0.069 seconds
