[2024-06-05T00:02:38.216+0000] {processor.py:161} INFO - Started process (PID=64) to work on /home/airflow/.local/lib/python3.12/site-packages/airflow/example_dags/example_datasets.py
[2024-06-05T00:02:38.217+0000] {processor.py:830} INFO - Processing file /home/airflow/.local/lib/python3.12/site-packages/airflow/example_dags/example_datasets.py for tasks to queue
[2024-06-05T00:02:38.220+0000] {logging_mixin.py:188} INFO - [2024-06-05T00:02:38.220+0000] {dagbag.py:545} INFO - Filling up the DagBag from /home/airflow/.local/lib/python3.12/site-packages/airflow/example_dags/example_datasets.py
[2024-06-05T00:02:38.238+0000] {processor.py:840} INFO - DAG(s) 'consume_1_and_2_with_dataset_expressions', 'dataset_consumes_1_and_2', 'consume_1_or_2_with_dataset_expressions', 'dataset_consumes_unknown_never_scheduled', 'consume_1_or_both_2_and_3_with_dataset_expressions', 'conditional_dataset_and_time_based_timetable', 'dataset_consumes_1', 'dataset_consumes_1_never_scheduled', 'dataset_produces_2', 'dataset_produces_1' retrieved from /home/airflow/.local/lib/python3.12/site-packages/airflow/example_dags/example_datasets.py
[2024-06-05T00:02:38.293+0000] {logging_mixin.py:188} INFO - [2024-06-05T00:02:38.292+0000] {dag.py:3096} INFO - Sync 10 DAGs
[2024-06-05T00:02:38.315+0000] {logging_mixin.py:188} INFO - [2024-06-05T00:02:38.315+0000] {dag.py:3954} INFO - Setting next_dagrun for conditional_dataset_and_time_based_timetable to 2024-05-29 01:00:00+00:00, run_after=2024-05-29 01:00:00+00:00
[2024-06-05T00:02:38.338+0000] {logging_mixin.py:188} INFO - [2024-06-05T00:02:38.338+0000] {dag.py:3954} INFO - Setting next_dagrun for consume_1_and_2_with_dataset_expressions to None, run_after=None
[2024-06-05T00:02:38.341+0000] {logging_mixin.py:188} INFO - [2024-06-05T00:02:38.341+0000] {dag.py:3954} INFO - Setting next_dagrun for consume_1_or_2_with_dataset_expressions to None, run_after=None
[2024-06-05T00:02:38.342+0000] {logging_mixin.py:188} INFO - [2024-06-05T00:02:38.342+0000] {dag.py:3954} INFO - Setting next_dagrun for consume_1_or_both_2_and_3_with_dataset_expressions to None, run_after=None
[2024-06-05T00:02:38.344+0000] {logging_mixin.py:188} INFO - [2024-06-05T00:02:38.344+0000] {dag.py:3954} INFO - Setting next_dagrun for dataset_consumes_1 to None, run_after=None
[2024-06-05T00:02:38.348+0000] {logging_mixin.py:188} INFO - [2024-06-05T00:02:38.347+0000] {dag.py:3954} INFO - Setting next_dagrun for dataset_consumes_1_and_2 to None, run_after=None
[2024-06-05T00:02:38.350+0000] {logging_mixin.py:188} INFO - [2024-06-05T00:02:38.350+0000] {dag.py:3954} INFO - Setting next_dagrun for dataset_consumes_1_never_scheduled to None, run_after=None
[2024-06-05T00:02:38.351+0000] {logging_mixin.py:188} INFO - [2024-06-05T00:02:38.351+0000] {dag.py:3954} INFO - Setting next_dagrun for dataset_consumes_unknown_never_scheduled to None, run_after=None
[2024-06-05T00:02:38.354+0000] {logging_mixin.py:188} INFO - [2024-06-05T00:02:38.354+0000] {dag.py:3954} INFO - Setting next_dagrun for dataset_produces_1 to 2024-06-04 00:00:00+00:00, run_after=2024-06-05 00:00:00+00:00
[2024-06-05T00:02:38.356+0000] {logging_mixin.py:188} INFO - [2024-06-05T00:02:38.356+0000] {dag.py:3954} INFO - Setting next_dagrun for dataset_produces_2 to None, run_after=None
[2024-06-05T00:02:38.450+0000] {processor.py:183} INFO - Processing /home/airflow/.local/lib/python3.12/site-packages/airflow/example_dags/example_datasets.py took 0.240 seconds
[2024-06-05T00:03:09.593+0000] {processor.py:161} INFO - Started process (PID=124) to work on /home/airflow/.local/lib/python3.12/site-packages/airflow/example_dags/example_datasets.py
[2024-06-05T00:03:09.595+0000] {processor.py:830} INFO - Processing file /home/airflow/.local/lib/python3.12/site-packages/airflow/example_dags/example_datasets.py for tasks to queue
[2024-06-05T00:03:09.599+0000] {logging_mixin.py:188} INFO - [2024-06-05T00:03:09.598+0000] {dagbag.py:545} INFO - Filling up the DagBag from /home/airflow/.local/lib/python3.12/site-packages/airflow/example_dags/example_datasets.py
[2024-06-05T00:03:09.635+0000] {processor.py:840} INFO - DAG(s) 'dataset_consumes_unknown_never_scheduled', 'consume_1_and_2_with_dataset_expressions', 'dataset_consumes_1_never_scheduled', 'dataset_produces_2', 'consume_1_or_both_2_and_3_with_dataset_expressions', 'dataset_produces_1', 'consume_1_or_2_with_dataset_expressions', 'dataset_consumes_1_and_2', 'dataset_consumes_1', 'conditional_dataset_and_time_based_timetable' retrieved from /home/airflow/.local/lib/python3.12/site-packages/airflow/example_dags/example_datasets.py
[2024-06-05T00:03:09.739+0000] {logging_mixin.py:188} INFO - [2024-06-05T00:03:09.738+0000] {dag.py:3096} INFO - Sync 10 DAGs
[2024-06-05T00:03:09.788+0000] {logging_mixin.py:188} INFO - [2024-06-05T00:03:09.788+0000] {dag.py:3954} INFO - Setting next_dagrun for conditional_dataset_and_time_based_timetable to 2024-05-29 01:00:00+00:00, run_after=2024-05-29 01:00:00+00:00
[2024-06-05T00:03:09.798+0000] {logging_mixin.py:188} INFO - [2024-06-05T00:03:09.798+0000] {dag.py:3954} INFO - Setting next_dagrun for consume_1_and_2_with_dataset_expressions to None, run_after=None
[2024-06-05T00:03:09.801+0000] {logging_mixin.py:188} INFO - [2024-06-05T00:03:09.800+0000] {dag.py:3954} INFO - Setting next_dagrun for consume_1_or_2_with_dataset_expressions to None, run_after=None
[2024-06-05T00:03:09.803+0000] {logging_mixin.py:188} INFO - [2024-06-05T00:03:09.802+0000] {dag.py:3954} INFO - Setting next_dagrun for consume_1_or_both_2_and_3_with_dataset_expressions to None, run_after=None
[2024-06-05T00:03:09.805+0000] {logging_mixin.py:188} INFO - [2024-06-05T00:03:09.804+0000] {dag.py:3954} INFO - Setting next_dagrun for dataset_consumes_1 to None, run_after=None
[2024-06-05T00:03:09.806+0000] {logging_mixin.py:188} INFO - [2024-06-05T00:03:09.806+0000] {dag.py:3954} INFO - Setting next_dagrun for dataset_consumes_1_and_2 to None, run_after=None
[2024-06-05T00:03:09.808+0000] {logging_mixin.py:188} INFO - [2024-06-05T00:03:09.808+0000] {dag.py:3954} INFO - Setting next_dagrun for dataset_consumes_1_never_scheduled to None, run_after=None
[2024-06-05T00:03:09.810+0000] {logging_mixin.py:188} INFO - [2024-06-05T00:03:09.809+0000] {dag.py:3954} INFO - Setting next_dagrun for dataset_consumes_unknown_never_scheduled to None, run_after=None
[2024-06-05T00:03:09.814+0000] {logging_mixin.py:188} INFO - [2024-06-05T00:03:09.813+0000] {dag.py:3954} INFO - Setting next_dagrun for dataset_produces_1 to 2024-06-04 00:00:00+00:00, run_after=2024-06-05 00:00:00+00:00
[2024-06-05T00:03:09.818+0000] {logging_mixin.py:188} INFO - [2024-06-05T00:03:09.818+0000] {dag.py:3954} INFO - Setting next_dagrun for dataset_produces_2 to None, run_after=None
[2024-06-05T00:03:09.888+0000] {processor.py:183} INFO - Processing /home/airflow/.local/lib/python3.12/site-packages/airflow/example_dags/example_datasets.py took 0.306 seconds
[2024-06-05T00:03:39.994+0000] {processor.py:161} INFO - Started process (PID=184) to work on /home/airflow/.local/lib/python3.12/site-packages/airflow/example_dags/example_datasets.py
[2024-06-05T00:03:39.995+0000] {processor.py:830} INFO - Processing file /home/airflow/.local/lib/python3.12/site-packages/airflow/example_dags/example_datasets.py for tasks to queue
[2024-06-05T00:03:39.996+0000] {logging_mixin.py:188} INFO - [2024-06-05T00:03:39.996+0000] {dagbag.py:545} INFO - Filling up the DagBag from /home/airflow/.local/lib/python3.12/site-packages/airflow/example_dags/example_datasets.py
[2024-06-05T00:03:40.011+0000] {processor.py:840} INFO - DAG(s) 'dataset_consumes_1_never_scheduled', 'dataset_produces_1', 'consume_1_and_2_with_dataset_expressions', 'consume_1_or_2_with_dataset_expressions', 'dataset_produces_2', 'dataset_consumes_1', 'dataset_consumes_1_and_2', 'dataset_consumes_unknown_never_scheduled', 'conditional_dataset_and_time_based_timetable', 'consume_1_or_both_2_and_3_with_dataset_expressions' retrieved from /home/airflow/.local/lib/python3.12/site-packages/airflow/example_dags/example_datasets.py
[2024-06-05T00:03:40.049+0000] {logging_mixin.py:188} INFO - [2024-06-05T00:03:40.048+0000] {dag.py:3096} INFO - Sync 10 DAGs
[2024-06-05T00:03:40.068+0000] {logging_mixin.py:188} INFO - [2024-06-05T00:03:40.068+0000] {dag.py:3954} INFO - Setting next_dagrun for conditional_dataset_and_time_based_timetable to 2024-05-29 01:00:00+00:00, run_after=2024-05-29 01:00:00+00:00
[2024-06-05T00:03:40.071+0000] {logging_mixin.py:188} INFO - [2024-06-05T00:03:40.071+0000] {dag.py:3954} INFO - Setting next_dagrun for consume_1_and_2_with_dataset_expressions to None, run_after=None
[2024-06-05T00:03:40.073+0000] {logging_mixin.py:188} INFO - [2024-06-05T00:03:40.073+0000] {dag.py:3954} INFO - Setting next_dagrun for consume_1_or_2_with_dataset_expressions to None, run_after=None
[2024-06-05T00:03:40.074+0000] {logging_mixin.py:188} INFO - [2024-06-05T00:03:40.074+0000] {dag.py:3954} INFO - Setting next_dagrun for consume_1_or_both_2_and_3_with_dataset_expressions to None, run_after=None
[2024-06-05T00:03:40.075+0000] {logging_mixin.py:188} INFO - [2024-06-05T00:03:40.074+0000] {dag.py:3954} INFO - Setting next_dagrun for dataset_consumes_1 to None, run_after=None
[2024-06-05T00:03:40.076+0000] {logging_mixin.py:188} INFO - [2024-06-05T00:03:40.075+0000] {dag.py:3954} INFO - Setting next_dagrun for dataset_consumes_1_and_2 to None, run_after=None
[2024-06-05T00:03:40.076+0000] {logging_mixin.py:188} INFO - [2024-06-05T00:03:40.076+0000] {dag.py:3954} INFO - Setting next_dagrun for dataset_consumes_1_never_scheduled to None, run_after=None
[2024-06-05T00:03:40.077+0000] {logging_mixin.py:188} INFO - [2024-06-05T00:03:40.077+0000] {dag.py:3954} INFO - Setting next_dagrun for dataset_consumes_unknown_never_scheduled to None, run_after=None
[2024-06-05T00:03:40.079+0000] {logging_mixin.py:188} INFO - [2024-06-05T00:03:40.079+0000] {dag.py:3954} INFO - Setting next_dagrun for dataset_produces_1 to 2024-06-04 00:00:00+00:00, run_after=2024-06-05 00:00:00+00:00
[2024-06-05T00:03:40.080+0000] {logging_mixin.py:188} INFO - [2024-06-05T00:03:40.080+0000] {dag.py:3954} INFO - Setting next_dagrun for dataset_produces_2 to None, run_after=None
[2024-06-05T00:03:40.103+0000] {processor.py:183} INFO - Processing /home/airflow/.local/lib/python3.12/site-packages/airflow/example_dags/example_datasets.py took 0.115 seconds
[2024-06-05T00:04:10.238+0000] {processor.py:161} INFO - Started process (PID=244) to work on /home/airflow/.local/lib/python3.12/site-packages/airflow/example_dags/example_datasets.py
[2024-06-05T00:04:10.239+0000] {processor.py:830} INFO - Processing file /home/airflow/.local/lib/python3.12/site-packages/airflow/example_dags/example_datasets.py for tasks to queue
[2024-06-05T00:04:10.240+0000] {logging_mixin.py:188} INFO - [2024-06-05T00:04:10.240+0000] {dagbag.py:545} INFO - Filling up the DagBag from /home/airflow/.local/lib/python3.12/site-packages/airflow/example_dags/example_datasets.py
[2024-06-05T00:04:10.252+0000] {processor.py:840} INFO - DAG(s) 'dataset_consumes_unknown_never_scheduled', 'dataset_consumes_1_and_2', 'consume_1_and_2_with_dataset_expressions', 'dataset_consumes_1', 'dataset_produces_2', 'consume_1_or_both_2_and_3_with_dataset_expressions', 'conditional_dataset_and_time_based_timetable', 'dataset_consumes_1_never_scheduled', 'consume_1_or_2_with_dataset_expressions', 'dataset_produces_1' retrieved from /home/airflow/.local/lib/python3.12/site-packages/airflow/example_dags/example_datasets.py
[2024-06-05T00:04:10.290+0000] {logging_mixin.py:188} INFO - [2024-06-05T00:04:10.290+0000] {dag.py:3096} INFO - Sync 10 DAGs
[2024-06-05T00:04:10.309+0000] {logging_mixin.py:188} INFO - [2024-06-05T00:04:10.309+0000] {dag.py:3954} INFO - Setting next_dagrun for conditional_dataset_and_time_based_timetable to 2024-05-29 01:00:00+00:00, run_after=2024-05-29 01:00:00+00:00
[2024-06-05T00:04:10.313+0000] {logging_mixin.py:188} INFO - [2024-06-05T00:04:10.312+0000] {dag.py:3954} INFO - Setting next_dagrun for consume_1_and_2_with_dataset_expressions to None, run_after=None
[2024-06-05T00:04:10.314+0000] {logging_mixin.py:188} INFO - [2024-06-05T00:04:10.314+0000] {dag.py:3954} INFO - Setting next_dagrun for consume_1_or_2_with_dataset_expressions to None, run_after=None
[2024-06-05T00:04:10.315+0000] {logging_mixin.py:188} INFO - [2024-06-05T00:04:10.315+0000] {dag.py:3954} INFO - Setting next_dagrun for consume_1_or_both_2_and_3_with_dataset_expressions to None, run_after=None
[2024-06-05T00:04:10.316+0000] {logging_mixin.py:188} INFO - [2024-06-05T00:04:10.316+0000] {dag.py:3954} INFO - Setting next_dagrun for dataset_consumes_1 to None, run_after=None
[2024-06-05T00:04:10.317+0000] {logging_mixin.py:188} INFO - [2024-06-05T00:04:10.317+0000] {dag.py:3954} INFO - Setting next_dagrun for dataset_consumes_1_and_2 to None, run_after=None
[2024-06-05T00:04:10.318+0000] {logging_mixin.py:188} INFO - [2024-06-05T00:04:10.318+0000] {dag.py:3954} INFO - Setting next_dagrun for dataset_consumes_1_never_scheduled to None, run_after=None
[2024-06-05T00:04:10.319+0000] {logging_mixin.py:188} INFO - [2024-06-05T00:04:10.319+0000] {dag.py:3954} INFO - Setting next_dagrun for dataset_consumes_unknown_never_scheduled to None, run_after=None
[2024-06-05T00:04:10.321+0000] {logging_mixin.py:188} INFO - [2024-06-05T00:04:10.320+0000] {dag.py:3954} INFO - Setting next_dagrun for dataset_produces_1 to 2024-06-04 00:00:00+00:00, run_after=2024-06-05 00:00:00+00:00
[2024-06-05T00:04:10.322+0000] {logging_mixin.py:188} INFO - [2024-06-05T00:04:10.322+0000] {dag.py:3954} INFO - Setting next_dagrun for dataset_produces_2 to None, run_after=None
[2024-06-05T00:04:10.347+0000] {processor.py:183} INFO - Processing /home/airflow/.local/lib/python3.12/site-packages/airflow/example_dags/example_datasets.py took 0.115 seconds
[2024-06-05T00:04:40.418+0000] {processor.py:161} INFO - Started process (PID=304) to work on /home/airflow/.local/lib/python3.12/site-packages/airflow/example_dags/example_datasets.py
[2024-06-05T00:04:40.419+0000] {processor.py:830} INFO - Processing file /home/airflow/.local/lib/python3.12/site-packages/airflow/example_dags/example_datasets.py for tasks to queue
[2024-06-05T00:04:40.420+0000] {logging_mixin.py:188} INFO - [2024-06-05T00:04:40.420+0000] {dagbag.py:545} INFO - Filling up the DagBag from /home/airflow/.local/lib/python3.12/site-packages/airflow/example_dags/example_datasets.py
[2024-06-05T00:04:40.433+0000] {processor.py:840} INFO - DAG(s) 'consume_1_or_both_2_and_3_with_dataset_expressions', 'conditional_dataset_and_time_based_timetable', 'dataset_consumes_1_never_scheduled', 'dataset_consumes_unknown_never_scheduled', 'dataset_produces_2', 'dataset_consumes_1', 'consume_1_or_2_with_dataset_expressions', 'dataset_produces_1', 'dataset_consumes_1_and_2', 'consume_1_and_2_with_dataset_expressions' retrieved from /home/airflow/.local/lib/python3.12/site-packages/airflow/example_dags/example_datasets.py
[2024-06-05T00:04:40.470+0000] {logging_mixin.py:188} INFO - [2024-06-05T00:04:40.470+0000] {dag.py:3096} INFO - Sync 10 DAGs
[2024-06-05T00:04:40.491+0000] {logging_mixin.py:188} INFO - [2024-06-05T00:04:40.491+0000] {dag.py:3954} INFO - Setting next_dagrun for conditional_dataset_and_time_based_timetable to 2024-05-29 01:00:00+00:00, run_after=2024-05-29 01:00:00+00:00
[2024-06-05T00:04:40.495+0000] {logging_mixin.py:188} INFO - [2024-06-05T00:04:40.494+0000] {dag.py:3954} INFO - Setting next_dagrun for consume_1_and_2_with_dataset_expressions to None, run_after=None
[2024-06-05T00:04:40.496+0000] {logging_mixin.py:188} INFO - [2024-06-05T00:04:40.496+0000] {dag.py:3954} INFO - Setting next_dagrun for consume_1_or_2_with_dataset_expressions to None, run_after=None
[2024-06-05T00:04:40.497+0000] {logging_mixin.py:188} INFO - [2024-06-05T00:04:40.497+0000] {dag.py:3954} INFO - Setting next_dagrun for consume_1_or_both_2_and_3_with_dataset_expressions to None, run_after=None
[2024-06-05T00:04:40.499+0000] {logging_mixin.py:188} INFO - [2024-06-05T00:04:40.499+0000] {dag.py:3954} INFO - Setting next_dagrun for dataset_consumes_1 to None, run_after=None
[2024-06-05T00:04:40.501+0000] {logging_mixin.py:188} INFO - [2024-06-05T00:04:40.500+0000] {dag.py:3954} INFO - Setting next_dagrun for dataset_consumes_1_and_2 to None, run_after=None
[2024-06-05T00:04:40.502+0000] {logging_mixin.py:188} INFO - [2024-06-05T00:04:40.502+0000] {dag.py:3954} INFO - Setting next_dagrun for dataset_consumes_1_never_scheduled to None, run_after=None
[2024-06-05T00:04:40.503+0000] {logging_mixin.py:188} INFO - [2024-06-05T00:04:40.503+0000] {dag.py:3954} INFO - Setting next_dagrun for dataset_consumes_unknown_never_scheduled to None, run_after=None
[2024-06-05T00:04:40.506+0000] {logging_mixin.py:188} INFO - [2024-06-05T00:04:40.505+0000] {dag.py:3954} INFO - Setting next_dagrun for dataset_produces_1 to 2024-06-04 00:00:00+00:00, run_after=2024-06-05 00:00:00+00:00
[2024-06-05T00:04:40.507+0000] {logging_mixin.py:188} INFO - [2024-06-05T00:04:40.507+0000] {dag.py:3954} INFO - Setting next_dagrun for dataset_produces_2 to None, run_after=None
[2024-06-05T00:04:40.538+0000] {processor.py:183} INFO - Processing /home/airflow/.local/lib/python3.12/site-packages/airflow/example_dags/example_datasets.py took 0.126 seconds
[2024-06-05T00:05:10.793+0000] {processor.py:161} INFO - Started process (PID=364) to work on /home/airflow/.local/lib/python3.12/site-packages/airflow/example_dags/example_datasets.py
[2024-06-05T00:05:10.793+0000] {processor.py:830} INFO - Processing file /home/airflow/.local/lib/python3.12/site-packages/airflow/example_dags/example_datasets.py for tasks to queue
[2024-06-05T00:05:10.796+0000] {logging_mixin.py:188} INFO - [2024-06-05T00:05:10.795+0000] {dagbag.py:545} INFO - Filling up the DagBag from /home/airflow/.local/lib/python3.12/site-packages/airflow/example_dags/example_datasets.py
[2024-06-05T00:05:10.809+0000] {processor.py:840} INFO - DAG(s) 'dataset_consumes_1_never_scheduled', 'dataset_consumes_1', 'conditional_dataset_and_time_based_timetable', 'dataset_produces_1', 'dataset_consumes_unknown_never_scheduled', 'consume_1_or_2_with_dataset_expressions', 'dataset_consumes_1_and_2', 'dataset_produces_2', 'consume_1_or_both_2_and_3_with_dataset_expressions', 'consume_1_and_2_with_dataset_expressions' retrieved from /home/airflow/.local/lib/python3.12/site-packages/airflow/example_dags/example_datasets.py
[2024-06-05T00:05:10.851+0000] {logging_mixin.py:188} INFO - [2024-06-05T00:05:10.851+0000] {dag.py:3096} INFO - Sync 10 DAGs
[2024-06-05T00:05:10.876+0000] {logging_mixin.py:188} INFO - [2024-06-05T00:05:10.876+0000] {dag.py:3954} INFO - Setting next_dagrun for conditional_dataset_and_time_based_timetable to 2024-05-29 01:00:00+00:00, run_after=2024-05-29 01:00:00+00:00
[2024-06-05T00:05:10.880+0000] {logging_mixin.py:188} INFO - [2024-06-05T00:05:10.880+0000] {dag.py:3954} INFO - Setting next_dagrun for consume_1_and_2_with_dataset_expressions to None, run_after=None
[2024-06-05T00:05:10.882+0000] {logging_mixin.py:188} INFO - [2024-06-05T00:05:10.882+0000] {dag.py:3954} INFO - Setting next_dagrun for consume_1_or_2_with_dataset_expressions to None, run_after=None
[2024-06-05T00:05:10.883+0000] {logging_mixin.py:188} INFO - [2024-06-05T00:05:10.883+0000] {dag.py:3954} INFO - Setting next_dagrun for consume_1_or_both_2_and_3_with_dataset_expressions to None, run_after=None
[2024-06-05T00:05:10.884+0000] {logging_mixin.py:188} INFO - [2024-06-05T00:05:10.884+0000] {dag.py:3954} INFO - Setting next_dagrun for dataset_consumes_1 to None, run_after=None
[2024-06-05T00:05:10.885+0000] {logging_mixin.py:188} INFO - [2024-06-05T00:05:10.885+0000] {dag.py:3954} INFO - Setting next_dagrun for dataset_consumes_1_and_2 to None, run_after=None
[2024-06-05T00:05:10.886+0000] {logging_mixin.py:188} INFO - [2024-06-05T00:05:10.886+0000] {dag.py:3954} INFO - Setting next_dagrun for dataset_consumes_1_never_scheduled to None, run_after=None
[2024-06-05T00:05:10.888+0000] {logging_mixin.py:188} INFO - [2024-06-05T00:05:10.888+0000] {dag.py:3954} INFO - Setting next_dagrun for dataset_consumes_unknown_never_scheduled to None, run_after=None
[2024-06-05T00:05:10.890+0000] {logging_mixin.py:188} INFO - [2024-06-05T00:05:10.890+0000] {dag.py:3954} INFO - Setting next_dagrun for dataset_produces_1 to 2024-06-04 00:00:00+00:00, run_after=2024-06-05 00:00:00+00:00
[2024-06-05T00:05:10.891+0000] {logging_mixin.py:188} INFO - [2024-06-05T00:05:10.891+0000] {dag.py:3954} INFO - Setting next_dagrun for dataset_produces_2 to None, run_after=None
[2024-06-05T00:05:10.917+0000] {processor.py:183} INFO - Processing /home/airflow/.local/lib/python3.12/site-packages/airflow/example_dags/example_datasets.py took 0.131 seconds
[2024-06-05T00:05:40.996+0000] {processor.py:161} INFO - Started process (PID=425) to work on /home/airflow/.local/lib/python3.12/site-packages/airflow/example_dags/example_datasets.py
[2024-06-05T00:05:40.997+0000] {processor.py:830} INFO - Processing file /home/airflow/.local/lib/python3.12/site-packages/airflow/example_dags/example_datasets.py for tasks to queue
[2024-06-05T00:05:40.999+0000] {logging_mixin.py:188} INFO - [2024-06-05T00:05:40.998+0000] {dagbag.py:545} INFO - Filling up the DagBag from /home/airflow/.local/lib/python3.12/site-packages/airflow/example_dags/example_datasets.py
[2024-06-05T00:05:41.011+0000] {processor.py:840} INFO - DAG(s) 'dataset_produces_2', 'consume_1_and_2_with_dataset_expressions', 'dataset_consumes_1_and_2', 'dataset_produces_1', 'dataset_consumes_unknown_never_scheduled', 'dataset_consumes_1', 'conditional_dataset_and_time_based_timetable', 'consume_1_or_both_2_and_3_with_dataset_expressions', 'consume_1_or_2_with_dataset_expressions', 'dataset_consumes_1_never_scheduled' retrieved from /home/airflow/.local/lib/python3.12/site-packages/airflow/example_dags/example_datasets.py
[2024-06-05T00:05:41.046+0000] {logging_mixin.py:188} INFO - [2024-06-05T00:05:41.046+0000] {dag.py:3096} INFO - Sync 10 DAGs
[2024-06-05T00:05:41.066+0000] {logging_mixin.py:188} INFO - [2024-06-05T00:05:41.066+0000] {dag.py:3954} INFO - Setting next_dagrun for conditional_dataset_and_time_based_timetable to 2024-05-29 01:00:00+00:00, run_after=2024-05-29 01:00:00+00:00
[2024-06-05T00:05:41.069+0000] {logging_mixin.py:188} INFO - [2024-06-05T00:05:41.069+0000] {dag.py:3954} INFO - Setting next_dagrun for consume_1_and_2_with_dataset_expressions to None, run_after=None
[2024-06-05T00:05:41.070+0000] {logging_mixin.py:188} INFO - [2024-06-05T00:05:41.070+0000] {dag.py:3954} INFO - Setting next_dagrun for consume_1_or_2_with_dataset_expressions to None, run_after=None
[2024-06-05T00:05:41.071+0000] {logging_mixin.py:188} INFO - [2024-06-05T00:05:41.071+0000] {dag.py:3954} INFO - Setting next_dagrun for consume_1_or_both_2_and_3_with_dataset_expressions to None, run_after=None
[2024-06-05T00:05:41.072+0000] {logging_mixin.py:188} INFO - [2024-06-05T00:05:41.072+0000] {dag.py:3954} INFO - Setting next_dagrun for dataset_consumes_1 to None, run_after=None
[2024-06-05T00:05:41.073+0000] {logging_mixin.py:188} INFO - [2024-06-05T00:05:41.073+0000] {dag.py:3954} INFO - Setting next_dagrun for dataset_consumes_1_and_2 to None, run_after=None
[2024-06-05T00:05:41.074+0000] {logging_mixin.py:188} INFO - [2024-06-05T00:05:41.074+0000] {dag.py:3954} INFO - Setting next_dagrun for dataset_consumes_1_never_scheduled to None, run_after=None
[2024-06-05T00:05:41.075+0000] {logging_mixin.py:188} INFO - [2024-06-05T00:05:41.075+0000] {dag.py:3954} INFO - Setting next_dagrun for dataset_consumes_unknown_never_scheduled to None, run_after=None
[2024-06-05T00:05:41.077+0000] {logging_mixin.py:188} INFO - [2024-06-05T00:05:41.077+0000] {dag.py:3954} INFO - Setting next_dagrun for dataset_produces_1 to 2024-06-04 00:00:00+00:00, run_after=2024-06-05 00:00:00+00:00
[2024-06-05T00:05:41.078+0000] {logging_mixin.py:188} INFO - [2024-06-05T00:05:41.078+0000] {dag.py:3954} INFO - Setting next_dagrun for dataset_produces_2 to None, run_after=None
[2024-06-05T00:05:41.103+0000] {processor.py:183} INFO - Processing /home/airflow/.local/lib/python3.12/site-packages/airflow/example_dags/example_datasets.py took 0.112 seconds
[2024-06-05T00:06:11.790+0000] {processor.py:161} INFO - Started process (PID=484) to work on /home/airflow/.local/lib/python3.12/site-packages/airflow/example_dags/example_datasets.py
[2024-06-05T00:06:11.791+0000] {processor.py:830} INFO - Processing file /home/airflow/.local/lib/python3.12/site-packages/airflow/example_dags/example_datasets.py for tasks to queue
[2024-06-05T00:06:11.793+0000] {logging_mixin.py:188} INFO - [2024-06-05T00:06:11.793+0000] {dagbag.py:545} INFO - Filling up the DagBag from /home/airflow/.local/lib/python3.12/site-packages/airflow/example_dags/example_datasets.py
[2024-06-05T00:06:11.804+0000] {processor.py:840} INFO - DAG(s) 'dataset_produces_2', 'dataset_consumes_1', 'consume_1_and_2_with_dataset_expressions', 'dataset_consumes_1_never_scheduled', 'dataset_consumes_unknown_never_scheduled', 'dataset_produces_1', 'conditional_dataset_and_time_based_timetable', 'dataset_consumes_1_and_2', 'consume_1_or_both_2_and_3_with_dataset_expressions', 'consume_1_or_2_with_dataset_expressions' retrieved from /home/airflow/.local/lib/python3.12/site-packages/airflow/example_dags/example_datasets.py
[2024-06-05T00:06:11.841+0000] {logging_mixin.py:188} INFO - [2024-06-05T00:06:11.841+0000] {dag.py:3096} INFO - Sync 10 DAGs
[2024-06-05T00:06:11.867+0000] {logging_mixin.py:188} INFO - [2024-06-05T00:06:11.867+0000] {dag.py:3954} INFO - Setting next_dagrun for conditional_dataset_and_time_based_timetable to 2024-05-29 01:00:00+00:00, run_after=2024-05-29 01:00:00+00:00
[2024-06-05T00:06:11.871+0000] {logging_mixin.py:188} INFO - [2024-06-05T00:06:11.871+0000] {dag.py:3954} INFO - Setting next_dagrun for consume_1_and_2_with_dataset_expressions to None, run_after=None
[2024-06-05T00:06:11.872+0000] {logging_mixin.py:188} INFO - [2024-06-05T00:06:11.872+0000] {dag.py:3954} INFO - Setting next_dagrun for consume_1_or_2_with_dataset_expressions to None, run_after=None
[2024-06-05T00:06:11.873+0000] {logging_mixin.py:188} INFO - [2024-06-05T00:06:11.873+0000] {dag.py:3954} INFO - Setting next_dagrun for consume_1_or_both_2_and_3_with_dataset_expressions to None, run_after=None
[2024-06-05T00:06:11.874+0000] {logging_mixin.py:188} INFO - [2024-06-05T00:06:11.874+0000] {dag.py:3954} INFO - Setting next_dagrun for dataset_consumes_1 to None, run_after=None
[2024-06-05T00:06:11.875+0000] {logging_mixin.py:188} INFO - [2024-06-05T00:06:11.875+0000] {dag.py:3954} INFO - Setting next_dagrun for dataset_consumes_1_and_2 to None, run_after=None
[2024-06-05T00:06:11.876+0000] {logging_mixin.py:188} INFO - [2024-06-05T00:06:11.876+0000] {dag.py:3954} INFO - Setting next_dagrun for dataset_consumes_1_never_scheduled to None, run_after=None
[2024-06-05T00:06:11.877+0000] {logging_mixin.py:188} INFO - [2024-06-05T00:06:11.877+0000] {dag.py:3954} INFO - Setting next_dagrun for dataset_consumes_unknown_never_scheduled to None, run_after=None
[2024-06-05T00:06:11.880+0000] {logging_mixin.py:188} INFO - [2024-06-05T00:06:11.879+0000] {dag.py:3954} INFO - Setting next_dagrun for dataset_produces_1 to 2024-06-04 00:00:00+00:00, run_after=2024-06-05 00:00:00+00:00
[2024-06-05T00:06:11.881+0000] {logging_mixin.py:188} INFO - [2024-06-05T00:06:11.881+0000] {dag.py:3954} INFO - Setting next_dagrun for dataset_produces_2 to None, run_after=None
[2024-06-05T00:06:11.904+0000] {processor.py:183} INFO - Processing /home/airflow/.local/lib/python3.12/site-packages/airflow/example_dags/example_datasets.py took 0.119 seconds
[2024-06-05T00:06:42.928+0000] {processor.py:161} INFO - Started process (PID=544) to work on /home/airflow/.local/lib/python3.12/site-packages/airflow/example_dags/example_datasets.py
[2024-06-05T00:06:42.929+0000] {processor.py:830} INFO - Processing file /home/airflow/.local/lib/python3.12/site-packages/airflow/example_dags/example_datasets.py for tasks to queue
[2024-06-05T00:06:42.930+0000] {logging_mixin.py:188} INFO - [2024-06-05T00:06:42.930+0000] {dagbag.py:545} INFO - Filling up the DagBag from /home/airflow/.local/lib/python3.12/site-packages/airflow/example_dags/example_datasets.py
[2024-06-05T00:06:42.942+0000] {processor.py:840} INFO - DAG(s) 'conditional_dataset_and_time_based_timetable', 'consume_1_or_2_with_dataset_expressions', 'dataset_consumes_1_never_scheduled', 'dataset_produces_1', 'dataset_consumes_1_and_2', 'dataset_produces_2', 'consume_1_and_2_with_dataset_expressions', 'consume_1_or_both_2_and_3_with_dataset_expressions', 'dataset_consumes_unknown_never_scheduled', 'dataset_consumes_1' retrieved from /home/airflow/.local/lib/python3.12/site-packages/airflow/example_dags/example_datasets.py
[2024-06-05T00:06:42.977+0000] {logging_mixin.py:188} INFO - [2024-06-05T00:06:42.977+0000] {dag.py:3096} INFO - Sync 10 DAGs
[2024-06-05T00:06:42.998+0000] {logging_mixin.py:188} INFO - [2024-06-05T00:06:42.998+0000] {dag.py:3954} INFO - Setting next_dagrun for conditional_dataset_and_time_based_timetable to 2024-05-29 01:00:00+00:00, run_after=2024-05-29 01:00:00+00:00
[2024-06-05T00:06:43.002+0000] {logging_mixin.py:188} INFO - [2024-06-05T00:06:43.001+0000] {dag.py:3954} INFO - Setting next_dagrun for consume_1_and_2_with_dataset_expressions to None, run_after=None
[2024-06-05T00:06:43.003+0000] {logging_mixin.py:188} INFO - [2024-06-05T00:06:43.003+0000] {dag.py:3954} INFO - Setting next_dagrun for consume_1_or_2_with_dataset_expressions to None, run_after=None
[2024-06-05T00:06:43.004+0000] {logging_mixin.py:188} INFO - [2024-06-05T00:06:43.004+0000] {dag.py:3954} INFO - Setting next_dagrun for consume_1_or_both_2_and_3_with_dataset_expressions to None, run_after=None
[2024-06-05T00:06:43.005+0000] {logging_mixin.py:188} INFO - [2024-06-05T00:06:43.005+0000] {dag.py:3954} INFO - Setting next_dagrun for dataset_consumes_1 to None, run_after=None
[2024-06-05T00:06:43.006+0000] {logging_mixin.py:188} INFO - [2024-06-05T00:06:43.006+0000] {dag.py:3954} INFO - Setting next_dagrun for dataset_consumes_1_and_2 to None, run_after=None
[2024-06-05T00:06:43.007+0000] {logging_mixin.py:188} INFO - [2024-06-05T00:06:43.007+0000] {dag.py:3954} INFO - Setting next_dagrun for dataset_consumes_1_never_scheduled to None, run_after=None
[2024-06-05T00:06:43.008+0000] {logging_mixin.py:188} INFO - [2024-06-05T00:06:43.008+0000] {dag.py:3954} INFO - Setting next_dagrun for dataset_consumes_unknown_never_scheduled to None, run_after=None
[2024-06-05T00:06:43.010+0000] {logging_mixin.py:188} INFO - [2024-06-05T00:06:43.010+0000] {dag.py:3954} INFO - Setting next_dagrun for dataset_produces_1 to 2024-06-04 00:00:00+00:00, run_after=2024-06-05 00:00:00+00:00
[2024-06-05T00:06:43.011+0000] {logging_mixin.py:188} INFO - [2024-06-05T00:06:43.011+0000] {dag.py:3954} INFO - Setting next_dagrun for dataset_produces_2 to None, run_after=None
[2024-06-05T00:06:43.046+0000] {processor.py:183} INFO - Processing /home/airflow/.local/lib/python3.12/site-packages/airflow/example_dags/example_datasets.py took 0.123 seconds
[2024-06-05T00:07:14.078+0000] {processor.py:161} INFO - Started process (PID=604) to work on /home/airflow/.local/lib/python3.12/site-packages/airflow/example_dags/example_datasets.py
[2024-06-05T00:07:14.079+0000] {processor.py:830} INFO - Processing file /home/airflow/.local/lib/python3.12/site-packages/airflow/example_dags/example_datasets.py for tasks to queue
[2024-06-05T00:07:14.080+0000] {logging_mixin.py:188} INFO - [2024-06-05T00:07:14.080+0000] {dagbag.py:545} INFO - Filling up the DagBag from /home/airflow/.local/lib/python3.12/site-packages/airflow/example_dags/example_datasets.py
[2024-06-05T00:07:14.093+0000] {processor.py:840} INFO - DAG(s) 'consume_1_or_both_2_and_3_with_dataset_expressions', 'dataset_consumes_1', 'consume_1_and_2_with_dataset_expressions', 'consume_1_or_2_with_dataset_expressions', 'dataset_consumes_1_and_2', 'dataset_consumes_unknown_never_scheduled', 'dataset_produces_2', 'dataset_produces_1', 'conditional_dataset_and_time_based_timetable', 'dataset_consumes_1_never_scheduled' retrieved from /home/airflow/.local/lib/python3.12/site-packages/airflow/example_dags/example_datasets.py
[2024-06-05T00:07:14.131+0000] {logging_mixin.py:188} INFO - [2024-06-05T00:07:14.130+0000] {dag.py:3096} INFO - Sync 10 DAGs
[2024-06-05T00:07:14.154+0000] {logging_mixin.py:188} INFO - [2024-06-05T00:07:14.153+0000] {dag.py:3954} INFO - Setting next_dagrun for conditional_dataset_and_time_based_timetable to 2024-05-29 01:00:00+00:00, run_after=2024-05-29 01:00:00+00:00
[2024-06-05T00:07:14.158+0000] {logging_mixin.py:188} INFO - [2024-06-05T00:07:14.158+0000] {dag.py:3954} INFO - Setting next_dagrun for consume_1_and_2_with_dataset_expressions to None, run_after=None
[2024-06-05T00:07:14.160+0000] {logging_mixin.py:188} INFO - [2024-06-05T00:07:14.159+0000] {dag.py:3954} INFO - Setting next_dagrun for consume_1_or_2_with_dataset_expressions to None, run_after=None
[2024-06-05T00:07:14.161+0000] {logging_mixin.py:188} INFO - [2024-06-05T00:07:14.160+0000] {dag.py:3954} INFO - Setting next_dagrun for consume_1_or_both_2_and_3_with_dataset_expressions to None, run_after=None
[2024-06-05T00:07:14.162+0000] {logging_mixin.py:188} INFO - [2024-06-05T00:07:14.162+0000] {dag.py:3954} INFO - Setting next_dagrun for dataset_consumes_1 to None, run_after=None
[2024-06-05T00:07:14.163+0000] {logging_mixin.py:188} INFO - [2024-06-05T00:07:14.163+0000] {dag.py:3954} INFO - Setting next_dagrun for dataset_consumes_1_and_2 to None, run_after=None
[2024-06-05T00:07:14.164+0000] {logging_mixin.py:188} INFO - [2024-06-05T00:07:14.164+0000] {dag.py:3954} INFO - Setting next_dagrun for dataset_consumes_1_never_scheduled to None, run_after=None
[2024-06-05T00:07:14.165+0000] {logging_mixin.py:188} INFO - [2024-06-05T00:07:14.165+0000] {dag.py:3954} INFO - Setting next_dagrun for dataset_consumes_unknown_never_scheduled to None, run_after=None
[2024-06-05T00:07:14.168+0000] {logging_mixin.py:188} INFO - [2024-06-05T00:07:14.168+0000] {dag.py:3954} INFO - Setting next_dagrun for dataset_produces_1 to 2024-06-04 00:00:00+00:00, run_after=2024-06-05 00:00:00+00:00
[2024-06-05T00:07:14.169+0000] {logging_mixin.py:188} INFO - [2024-06-05T00:07:14.169+0000] {dag.py:3954} INFO - Setting next_dagrun for dataset_produces_2 to None, run_after=None
[2024-06-05T00:07:14.194+0000] {processor.py:183} INFO - Processing /home/airflow/.local/lib/python3.12/site-packages/airflow/example_dags/example_datasets.py took 0.121 seconds
[2024-06-05T00:07:45.072+0000] {processor.py:161} INFO - Started process (PID=664) to work on /home/airflow/.local/lib/python3.12/site-packages/airflow/example_dags/example_datasets.py
[2024-06-05T00:07:45.074+0000] {processor.py:830} INFO - Processing file /home/airflow/.local/lib/python3.12/site-packages/airflow/example_dags/example_datasets.py for tasks to queue
[2024-06-05T00:07:45.078+0000] {logging_mixin.py:188} INFO - [2024-06-05T00:07:45.077+0000] {dagbag.py:545} INFO - Filling up the DagBag from /home/airflow/.local/lib/python3.12/site-packages/airflow/example_dags/example_datasets.py
[2024-06-05T00:07:45.100+0000] {processor.py:840} INFO - DAG(s) 'dataset_produces_2', 'conditional_dataset_and_time_based_timetable', 'consume_1_or_both_2_and_3_with_dataset_expressions', 'consume_1_and_2_with_dataset_expressions', 'dataset_consumes_unknown_never_scheduled', 'dataset_produces_1', 'dataset_consumes_1_never_scheduled', 'dataset_consumes_1_and_2', 'consume_1_or_2_with_dataset_expressions', 'dataset_consumes_1' retrieved from /home/airflow/.local/lib/python3.12/site-packages/airflow/example_dags/example_datasets.py
[2024-06-05T00:07:45.186+0000] {logging_mixin.py:188} INFO - [2024-06-05T00:07:45.186+0000] {dag.py:3096} INFO - Sync 10 DAGs
[2024-06-05T00:07:45.240+0000] {logging_mixin.py:188} INFO - [2024-06-05T00:07:45.240+0000] {dag.py:3954} INFO - Setting next_dagrun for conditional_dataset_and_time_based_timetable to 2024-05-29 01:00:00+00:00, run_after=2024-05-29 01:00:00+00:00
[2024-06-05T00:07:45.257+0000] {logging_mixin.py:188} INFO - [2024-06-05T00:07:45.256+0000] {dag.py:3954} INFO - Setting next_dagrun for consume_1_and_2_with_dataset_expressions to None, run_after=None
[2024-06-05T00:07:45.259+0000] {logging_mixin.py:188} INFO - [2024-06-05T00:07:45.259+0000] {dag.py:3954} INFO - Setting next_dagrun for consume_1_or_2_with_dataset_expressions to None, run_after=None
[2024-06-05T00:07:45.261+0000] {logging_mixin.py:188} INFO - [2024-06-05T00:07:45.261+0000] {dag.py:3954} INFO - Setting next_dagrun for consume_1_or_both_2_and_3_with_dataset_expressions to None, run_after=None
[2024-06-05T00:07:45.264+0000] {logging_mixin.py:188} INFO - [2024-06-05T00:07:45.264+0000] {dag.py:3954} INFO - Setting next_dagrun for dataset_consumes_1 to None, run_after=None
[2024-06-05T00:07:45.266+0000] {logging_mixin.py:188} INFO - [2024-06-05T00:07:45.266+0000] {dag.py:3954} INFO - Setting next_dagrun for dataset_consumes_1_and_2 to None, run_after=None
[2024-06-05T00:07:45.268+0000] {logging_mixin.py:188} INFO - [2024-06-05T00:07:45.267+0000] {dag.py:3954} INFO - Setting next_dagrun for dataset_consumes_1_never_scheduled to None, run_after=None
[2024-06-05T00:07:45.269+0000] {logging_mixin.py:188} INFO - [2024-06-05T00:07:45.269+0000] {dag.py:3954} INFO - Setting next_dagrun for dataset_consumes_unknown_never_scheduled to None, run_after=None
[2024-06-05T00:07:45.273+0000] {logging_mixin.py:188} INFO - [2024-06-05T00:07:45.272+0000] {dag.py:3954} INFO - Setting next_dagrun for dataset_produces_1 to 2024-06-04 00:00:00+00:00, run_after=2024-06-05 00:00:00+00:00
[2024-06-05T00:07:45.275+0000] {logging_mixin.py:188} INFO - [2024-06-05T00:07:45.274+0000] {dag.py:3954} INFO - Setting next_dagrun for dataset_produces_2 to None, run_after=None
[2024-06-05T00:07:45.307+0000] {processor.py:183} INFO - Processing /home/airflow/.local/lib/python3.12/site-packages/airflow/example_dags/example_datasets.py took 0.247 seconds
[2024-06-05T00:08:15.490+0000] {processor.py:161} INFO - Started process (PID=725) to work on /home/airflow/.local/lib/python3.12/site-packages/airflow/example_dags/example_datasets.py
[2024-06-05T00:08:15.491+0000] {processor.py:830} INFO - Processing file /home/airflow/.local/lib/python3.12/site-packages/airflow/example_dags/example_datasets.py for tasks to queue
[2024-06-05T00:08:15.493+0000] {logging_mixin.py:188} INFO - [2024-06-05T00:08:15.492+0000] {dagbag.py:545} INFO - Filling up the DagBag from /home/airflow/.local/lib/python3.12/site-packages/airflow/example_dags/example_datasets.py
[2024-06-05T00:08:15.505+0000] {processor.py:840} INFO - DAG(s) 'dataset_consumes_unknown_never_scheduled', 'dataset_consumes_1_and_2', 'dataset_produces_2', 'consume_1_and_2_with_dataset_expressions', 'consume_1_or_2_with_dataset_expressions', 'consume_1_or_both_2_and_3_with_dataset_expressions', 'dataset_consumes_1_never_scheduled', 'dataset_consumes_1', 'dataset_produces_1', 'conditional_dataset_and_time_based_timetable' retrieved from /home/airflow/.local/lib/python3.12/site-packages/airflow/example_dags/example_datasets.py
[2024-06-05T00:08:15.541+0000] {logging_mixin.py:188} INFO - [2024-06-05T00:08:15.541+0000] {dag.py:3096} INFO - Sync 10 DAGs
[2024-06-05T00:08:15.562+0000] {logging_mixin.py:188} INFO - [2024-06-05T00:08:15.562+0000] {dag.py:3954} INFO - Setting next_dagrun for conditional_dataset_and_time_based_timetable to 2024-05-29 01:00:00+00:00, run_after=2024-05-29 01:00:00+00:00
[2024-06-05T00:08:15.565+0000] {logging_mixin.py:188} INFO - [2024-06-05T00:08:15.565+0000] {dag.py:3954} INFO - Setting next_dagrun for consume_1_and_2_with_dataset_expressions to None, run_after=None
[2024-06-05T00:08:15.566+0000] {logging_mixin.py:188} INFO - [2024-06-05T00:08:15.566+0000] {dag.py:3954} INFO - Setting next_dagrun for consume_1_or_2_with_dataset_expressions to None, run_after=None
[2024-06-05T00:08:15.568+0000] {logging_mixin.py:188} INFO - [2024-06-05T00:08:15.568+0000] {dag.py:3954} INFO - Setting next_dagrun for consume_1_or_both_2_and_3_with_dataset_expressions to None, run_after=None
[2024-06-05T00:08:15.569+0000] {logging_mixin.py:188} INFO - [2024-06-05T00:08:15.569+0000] {dag.py:3954} INFO - Setting next_dagrun for dataset_consumes_1 to None, run_after=None
[2024-06-05T00:08:15.571+0000] {logging_mixin.py:188} INFO - [2024-06-05T00:08:15.571+0000] {dag.py:3954} INFO - Setting next_dagrun for dataset_consumes_1_and_2 to None, run_after=None
[2024-06-05T00:08:15.572+0000] {logging_mixin.py:188} INFO - [2024-06-05T00:08:15.572+0000] {dag.py:3954} INFO - Setting next_dagrun for dataset_consumes_1_never_scheduled to None, run_after=None
[2024-06-05T00:08:15.573+0000] {logging_mixin.py:188} INFO - [2024-06-05T00:08:15.573+0000] {dag.py:3954} INFO - Setting next_dagrun for dataset_consumes_unknown_never_scheduled to None, run_after=None
[2024-06-05T00:08:15.576+0000] {logging_mixin.py:188} INFO - [2024-06-05T00:08:15.576+0000] {dag.py:3954} INFO - Setting next_dagrun for dataset_produces_1 to 2024-06-04 00:00:00+00:00, run_after=2024-06-05 00:00:00+00:00
[2024-06-05T00:08:15.578+0000] {logging_mixin.py:188} INFO - [2024-06-05T00:08:15.577+0000] {dag.py:3954} INFO - Setting next_dagrun for dataset_produces_2 to None, run_after=None
[2024-06-05T00:08:15.612+0000] {processor.py:183} INFO - Processing /home/airflow/.local/lib/python3.12/site-packages/airflow/example_dags/example_datasets.py took 0.127 seconds
[2024-06-05T00:08:46.451+0000] {processor.py:161} INFO - Started process (PID=784) to work on /home/airflow/.local/lib/python3.12/site-packages/airflow/example_dags/example_datasets.py
[2024-06-05T00:08:46.452+0000] {processor.py:830} INFO - Processing file /home/airflow/.local/lib/python3.12/site-packages/airflow/example_dags/example_datasets.py for tasks to queue
[2024-06-05T00:08:46.453+0000] {logging_mixin.py:188} INFO - [2024-06-05T00:08:46.453+0000] {dagbag.py:545} INFO - Filling up the DagBag from /home/airflow/.local/lib/python3.12/site-packages/airflow/example_dags/example_datasets.py
[2024-06-05T00:08:46.466+0000] {processor.py:840} INFO - DAG(s) 'dataset_produces_1', 'dataset_consumes_unknown_never_scheduled', 'conditional_dataset_and_time_based_timetable', 'dataset_consumes_1', 'consume_1_or_2_with_dataset_expressions', 'dataset_consumes_1_and_2', 'consume_1_or_both_2_and_3_with_dataset_expressions', 'dataset_produces_2', 'consume_1_and_2_with_dataset_expressions', 'dataset_consumes_1_never_scheduled' retrieved from /home/airflow/.local/lib/python3.12/site-packages/airflow/example_dags/example_datasets.py
[2024-06-05T00:08:46.504+0000] {logging_mixin.py:188} INFO - [2024-06-05T00:08:46.504+0000] {dag.py:3096} INFO - Sync 10 DAGs
[2024-06-05T00:08:46.526+0000] {logging_mixin.py:188} INFO - [2024-06-05T00:08:46.526+0000] {dag.py:3954} INFO - Setting next_dagrun for conditional_dataset_and_time_based_timetable to 2024-05-29 01:00:00+00:00, run_after=2024-05-29 01:00:00+00:00
[2024-06-05T00:08:46.529+0000] {logging_mixin.py:188} INFO - [2024-06-05T00:08:46.529+0000] {dag.py:3954} INFO - Setting next_dagrun for consume_1_and_2_with_dataset_expressions to None, run_after=None
[2024-06-05T00:08:46.531+0000] {logging_mixin.py:188} INFO - [2024-06-05T00:08:46.530+0000] {dag.py:3954} INFO - Setting next_dagrun for consume_1_or_2_with_dataset_expressions to None, run_after=None
[2024-06-05T00:08:46.532+0000] {logging_mixin.py:188} INFO - [2024-06-05T00:08:46.532+0000] {dag.py:3954} INFO - Setting next_dagrun for consume_1_or_both_2_and_3_with_dataset_expressions to None, run_after=None
[2024-06-05T00:08:46.533+0000] {logging_mixin.py:188} INFO - [2024-06-05T00:08:46.532+0000] {dag.py:3954} INFO - Setting next_dagrun for dataset_consumes_1 to None, run_after=None
[2024-06-05T00:08:46.534+0000] {logging_mixin.py:188} INFO - [2024-06-05T00:08:46.533+0000] {dag.py:3954} INFO - Setting next_dagrun for dataset_consumes_1_and_2 to None, run_after=None
[2024-06-05T00:08:46.535+0000] {logging_mixin.py:188} INFO - [2024-06-05T00:08:46.534+0000] {dag.py:3954} INFO - Setting next_dagrun for dataset_consumes_1_never_scheduled to None, run_after=None
[2024-06-05T00:08:46.536+0000] {logging_mixin.py:188} INFO - [2024-06-05T00:08:46.535+0000] {dag.py:3954} INFO - Setting next_dagrun for dataset_consumes_unknown_never_scheduled to None, run_after=None
[2024-06-05T00:08:46.537+0000] {logging_mixin.py:188} INFO - [2024-06-05T00:08:46.537+0000] {dag.py:3954} INFO - Setting next_dagrun for dataset_produces_1 to 2024-06-04 00:00:00+00:00, run_after=2024-06-05 00:00:00+00:00
[2024-06-05T00:08:46.538+0000] {logging_mixin.py:188} INFO - [2024-06-05T00:08:46.538+0000] {dag.py:3954} INFO - Setting next_dagrun for dataset_produces_2 to None, run_after=None
[2024-06-05T00:08:46.572+0000] {processor.py:183} INFO - Processing /home/airflow/.local/lib/python3.12/site-packages/airflow/example_dags/example_datasets.py took 0.127 seconds
[2024-06-05T00:09:17.097+0000] {processor.py:161} INFO - Started process (PID=844) to work on /home/airflow/.local/lib/python3.12/site-packages/airflow/example_dags/example_datasets.py
[2024-06-05T00:09:17.098+0000] {processor.py:830} INFO - Processing file /home/airflow/.local/lib/python3.12/site-packages/airflow/example_dags/example_datasets.py for tasks to queue
[2024-06-05T00:09:17.100+0000] {logging_mixin.py:188} INFO - [2024-06-05T00:09:17.100+0000] {dagbag.py:545} INFO - Filling up the DagBag from /home/airflow/.local/lib/python3.12/site-packages/airflow/example_dags/example_datasets.py
[2024-06-05T00:09:17.112+0000] {processor.py:840} INFO - DAG(s) 'dataset_consumes_unknown_never_scheduled', 'dataset_consumes_1', 'consume_1_or_2_with_dataset_expressions', 'consume_1_or_both_2_and_3_with_dataset_expressions', 'dataset_consumes_1_never_scheduled', 'consume_1_and_2_with_dataset_expressions', 'dataset_produces_1', 'dataset_produces_2', 'conditional_dataset_and_time_based_timetable', 'dataset_consumes_1_and_2' retrieved from /home/airflow/.local/lib/python3.12/site-packages/airflow/example_dags/example_datasets.py
[2024-06-05T00:09:17.149+0000] {logging_mixin.py:188} INFO - [2024-06-05T00:09:17.149+0000] {dag.py:3096} INFO - Sync 10 DAGs
[2024-06-05T00:09:17.173+0000] {logging_mixin.py:188} INFO - [2024-06-05T00:09:17.173+0000] {dag.py:3954} INFO - Setting next_dagrun for conditional_dataset_and_time_based_timetable to 2024-05-29 01:00:00+00:00, run_after=2024-05-29 01:00:00+00:00
[2024-06-05T00:09:17.176+0000] {logging_mixin.py:188} INFO - [2024-06-05T00:09:17.176+0000] {dag.py:3954} INFO - Setting next_dagrun for consume_1_and_2_with_dataset_expressions to None, run_after=None
[2024-06-05T00:09:17.178+0000] {logging_mixin.py:188} INFO - [2024-06-05T00:09:17.177+0000] {dag.py:3954} INFO - Setting next_dagrun for consume_1_or_2_with_dataset_expressions to None, run_after=None
[2024-06-05T00:09:17.179+0000] {logging_mixin.py:188} INFO - [2024-06-05T00:09:17.179+0000] {dag.py:3954} INFO - Setting next_dagrun for consume_1_or_both_2_and_3_with_dataset_expressions to None, run_after=None
[2024-06-05T00:09:17.180+0000] {logging_mixin.py:188} INFO - [2024-06-05T00:09:17.180+0000] {dag.py:3954} INFO - Setting next_dagrun for dataset_consumes_1 to None, run_after=None
[2024-06-05T00:09:17.181+0000] {logging_mixin.py:188} INFO - [2024-06-05T00:09:17.181+0000] {dag.py:3954} INFO - Setting next_dagrun for dataset_consumes_1_and_2 to None, run_after=None
[2024-06-05T00:09:17.182+0000] {logging_mixin.py:188} INFO - [2024-06-05T00:09:17.182+0000] {dag.py:3954} INFO - Setting next_dagrun for dataset_consumes_1_never_scheduled to None, run_after=None
[2024-06-05T00:09:17.183+0000] {logging_mixin.py:188} INFO - [2024-06-05T00:09:17.183+0000] {dag.py:3954} INFO - Setting next_dagrun for dataset_consumes_unknown_never_scheduled to None, run_after=None
[2024-06-05T00:09:17.185+0000] {logging_mixin.py:188} INFO - [2024-06-05T00:09:17.184+0000] {dag.py:3954} INFO - Setting next_dagrun for dataset_produces_1 to 2024-06-04 00:00:00+00:00, run_after=2024-06-05 00:00:00+00:00
[2024-06-05T00:09:17.186+0000] {logging_mixin.py:188} INFO - [2024-06-05T00:09:17.186+0000] {dag.py:3954} INFO - Setting next_dagrun for dataset_produces_2 to None, run_after=None
[2024-06-05T00:09:17.222+0000] {processor.py:183} INFO - Processing /home/airflow/.local/lib/python3.12/site-packages/airflow/example_dags/example_datasets.py took 0.130 seconds
