[2024-06-05T00:02:37.327+0000] {processor.py:161} INFO - Started process (PID=55) to work on /home/airflow/.local/lib/python3.12/site-packages/airflow/example_dags/example_task_group_decorator.py
[2024-06-05T00:02:37.327+0000] {processor.py:830} INFO - Processing file /home/airflow/.local/lib/python3.12/site-packages/airflow/example_dags/example_task_group_decorator.py for tasks to queue
[2024-06-05T00:02:37.330+0000] {logging_mixin.py:188} INFO - [2024-06-05T00:02:37.329+0000] {dagbag.py:545} INFO - Filling up the DagBag from /home/airflow/.local/lib/python3.12/site-packages/airflow/example_dags/example_task_group_decorator.py
[2024-06-05T00:02:37.355+0000] {processor.py:840} INFO - DAG(s) 'example_task_group_decorator' retrieved from /home/airflow/.local/lib/python3.12/site-packages/airflow/example_dags/example_task_group_decorator.py
[2024-06-05T00:02:37.398+0000] {logging_mixin.py:188} INFO - [2024-06-05T00:02:37.396+0000] {dag.py:3096} INFO - Sync 1 DAGs
[2024-06-05T00:02:37.432+0000] {logging_mixin.py:188} INFO - [2024-06-05T00:02:37.432+0000] {dag.py:3954} INFO - Setting next_dagrun for example_task_group_decorator to 2024-06-04 00:00:00+00:00, run_after=2024-06-05 00:00:00+00:00
[2024-06-05T00:02:37.480+0000] {processor.py:183} INFO - Processing /home/airflow/.local/lib/python3.12/site-packages/airflow/example_dags/example_task_group_decorator.py took 0.161 seconds
[2024-06-05T00:03:08.270+0000] {processor.py:161} INFO - Started process (PID=115) to work on /home/airflow/.local/lib/python3.12/site-packages/airflow/example_dags/example_task_group_decorator.py
[2024-06-05T00:03:08.271+0000] {processor.py:830} INFO - Processing file /home/airflow/.local/lib/python3.12/site-packages/airflow/example_dags/example_task_group_decorator.py for tasks to queue
[2024-06-05T00:03:08.274+0000] {logging_mixin.py:188} INFO - [2024-06-05T00:03:08.274+0000] {dagbag.py:545} INFO - Filling up the DagBag from /home/airflow/.local/lib/python3.12/site-packages/airflow/example_dags/example_task_group_decorator.py
[2024-06-05T00:03:08.294+0000] {processor.py:840} INFO - DAG(s) 'example_task_group_decorator' retrieved from /home/airflow/.local/lib/python3.12/site-packages/airflow/example_dags/example_task_group_decorator.py
[2024-06-05T00:03:08.323+0000] {logging_mixin.py:188} INFO - [2024-06-05T00:03:08.323+0000] {dag.py:3096} INFO - Sync 1 DAGs
[2024-06-05T00:03:08.346+0000] {logging_mixin.py:188} INFO - [2024-06-05T00:03:08.346+0000] {dag.py:3954} INFO - Setting next_dagrun for example_task_group_decorator to 2024-06-04 00:00:00+00:00, run_after=2024-06-05 00:00:00+00:00
[2024-06-05T00:03:08.371+0000] {processor.py:183} INFO - Processing /home/airflow/.local/lib/python3.12/site-packages/airflow/example_dags/example_task_group_decorator.py took 0.110 seconds
[2024-06-05T00:03:38.570+0000] {processor.py:161} INFO - Started process (PID=175) to work on /home/airflow/.local/lib/python3.12/site-packages/airflow/example_dags/example_task_group_decorator.py
[2024-06-05T00:03:38.570+0000] {processor.py:830} INFO - Processing file /home/airflow/.local/lib/python3.12/site-packages/airflow/example_dags/example_task_group_decorator.py for tasks to queue
[2024-06-05T00:03:38.572+0000] {logging_mixin.py:188} INFO - [2024-06-05T00:03:38.572+0000] {dagbag.py:545} INFO - Filling up the DagBag from /home/airflow/.local/lib/python3.12/site-packages/airflow/example_dags/example_task_group_decorator.py
[2024-06-05T00:03:38.583+0000] {processor.py:840} INFO - DAG(s) 'example_task_group_decorator' retrieved from /home/airflow/.local/lib/python3.12/site-packages/airflow/example_dags/example_task_group_decorator.py
[2024-06-05T00:03:38.603+0000] {logging_mixin.py:188} INFO - [2024-06-05T00:03:38.603+0000] {dag.py:3096} INFO - Sync 1 DAGs
[2024-06-05T00:03:38.620+0000] {logging_mixin.py:188} INFO - [2024-06-05T00:03:38.620+0000] {dag.py:3954} INFO - Setting next_dagrun for example_task_group_decorator to 2024-06-04 00:00:00+00:00, run_after=2024-06-05 00:00:00+00:00
[2024-06-05T00:03:38.635+0000] {processor.py:183} INFO - Processing /home/airflow/.local/lib/python3.12/site-packages/airflow/example_dags/example_task_group_decorator.py took 0.071 seconds
[2024-06-05T00:04:09.692+0000] {processor.py:161} INFO - Started process (PID=235) to work on /home/airflow/.local/lib/python3.12/site-packages/airflow/example_dags/example_task_group_decorator.py
[2024-06-05T00:04:09.693+0000] {processor.py:830} INFO - Processing file /home/airflow/.local/lib/python3.12/site-packages/airflow/example_dags/example_task_group_decorator.py for tasks to queue
[2024-06-05T00:04:09.695+0000] {logging_mixin.py:188} INFO - [2024-06-05T00:04:09.694+0000] {dagbag.py:545} INFO - Filling up the DagBag from /home/airflow/.local/lib/python3.12/site-packages/airflow/example_dags/example_task_group_decorator.py
[2024-06-05T00:04:09.707+0000] {processor.py:840} INFO - DAG(s) 'example_task_group_decorator' retrieved from /home/airflow/.local/lib/python3.12/site-packages/airflow/example_dags/example_task_group_decorator.py
[2024-06-05T00:04:09.735+0000] {logging_mixin.py:188} INFO - [2024-06-05T00:04:09.734+0000] {dag.py:3096} INFO - Sync 1 DAGs
[2024-06-05T00:04:09.760+0000] {logging_mixin.py:188} INFO - [2024-06-05T00:04:09.760+0000] {dag.py:3954} INFO - Setting next_dagrun for example_task_group_decorator to 2024-06-04 00:00:00+00:00, run_after=2024-06-05 00:00:00+00:00
[2024-06-05T00:04:09.778+0000] {processor.py:183} INFO - Processing /home/airflow/.local/lib/python3.12/site-packages/airflow/example_dags/example_task_group_decorator.py took 0.091 seconds
[2024-06-05T00:04:39.942+0000] {processor.py:161} INFO - Started process (PID=295) to work on /home/airflow/.local/lib/python3.12/site-packages/airflow/example_dags/example_task_group_decorator.py
[2024-06-05T00:04:39.943+0000] {processor.py:830} INFO - Processing file /home/airflow/.local/lib/python3.12/site-packages/airflow/example_dags/example_task_group_decorator.py for tasks to queue
[2024-06-05T00:04:39.945+0000] {logging_mixin.py:188} INFO - [2024-06-05T00:04:39.944+0000] {dagbag.py:545} INFO - Filling up the DagBag from /home/airflow/.local/lib/python3.12/site-packages/airflow/example_dags/example_task_group_decorator.py
[2024-06-05T00:04:39.959+0000] {processor.py:840} INFO - DAG(s) 'example_task_group_decorator' retrieved from /home/airflow/.local/lib/python3.12/site-packages/airflow/example_dags/example_task_group_decorator.py
[2024-06-05T00:04:39.980+0000] {logging_mixin.py:188} INFO - [2024-06-05T00:04:39.980+0000] {dag.py:3096} INFO - Sync 1 DAGs
[2024-06-05T00:04:39.999+0000] {logging_mixin.py:188} INFO - [2024-06-05T00:04:39.999+0000] {dag.py:3954} INFO - Setting next_dagrun for example_task_group_decorator to 2024-06-04 00:00:00+00:00, run_after=2024-06-05 00:00:00+00:00
[2024-06-05T00:04:40.015+0000] {processor.py:183} INFO - Processing /home/airflow/.local/lib/python3.12/site-packages/airflow/example_dags/example_task_group_decorator.py took 0.080 seconds
[2024-06-05T00:05:10.324+0000] {processor.py:161} INFO - Started process (PID=355) to work on /home/airflow/.local/lib/python3.12/site-packages/airflow/example_dags/example_task_group_decorator.py
[2024-06-05T00:05:10.325+0000] {processor.py:830} INFO - Processing file /home/airflow/.local/lib/python3.12/site-packages/airflow/example_dags/example_task_group_decorator.py for tasks to queue
[2024-06-05T00:05:10.327+0000] {logging_mixin.py:188} INFO - [2024-06-05T00:05:10.327+0000] {dagbag.py:545} INFO - Filling up the DagBag from /home/airflow/.local/lib/python3.12/site-packages/airflow/example_dags/example_task_group_decorator.py
[2024-06-05T00:05:10.339+0000] {processor.py:840} INFO - DAG(s) 'example_task_group_decorator' retrieved from /home/airflow/.local/lib/python3.12/site-packages/airflow/example_dags/example_task_group_decorator.py
[2024-06-05T00:05:10.359+0000] {logging_mixin.py:188} INFO - [2024-06-05T00:05:10.359+0000] {dag.py:3096} INFO - Sync 1 DAGs
[2024-06-05T00:05:10.377+0000] {logging_mixin.py:188} INFO - [2024-06-05T00:05:10.377+0000] {dag.py:3954} INFO - Setting next_dagrun for example_task_group_decorator to 2024-06-04 00:00:00+00:00, run_after=2024-06-05 00:00:00+00:00
[2024-06-05T00:05:10.397+0000] {processor.py:183} INFO - Processing /home/airflow/.local/lib/python3.12/site-packages/airflow/example_dags/example_task_group_decorator.py took 0.077 seconds
[2024-06-05T00:05:40.434+0000] {processor.py:161} INFO - Started process (PID=415) to work on /home/airflow/.local/lib/python3.12/site-packages/airflow/example_dags/example_task_group_decorator.py
[2024-06-05T00:05:40.435+0000] {processor.py:830} INFO - Processing file /home/airflow/.local/lib/python3.12/site-packages/airflow/example_dags/example_task_group_decorator.py for tasks to queue
[2024-06-05T00:05:40.437+0000] {logging_mixin.py:188} INFO - [2024-06-05T00:05:40.436+0000] {dagbag.py:545} INFO - Filling up the DagBag from /home/airflow/.local/lib/python3.12/site-packages/airflow/example_dags/example_task_group_decorator.py
[2024-06-05T00:05:40.448+0000] {processor.py:840} INFO - DAG(s) 'example_task_group_decorator' retrieved from /home/airflow/.local/lib/python3.12/site-packages/airflow/example_dags/example_task_group_decorator.py
[2024-06-05T00:05:40.469+0000] {logging_mixin.py:188} INFO - [2024-06-05T00:05:40.469+0000] {dag.py:3096} INFO - Sync 1 DAGs
[2024-06-05T00:05:40.488+0000] {logging_mixin.py:188} INFO - [2024-06-05T00:05:40.488+0000] {dag.py:3954} INFO - Setting next_dagrun for example_task_group_decorator to 2024-06-04 00:00:00+00:00, run_after=2024-06-05 00:00:00+00:00
[2024-06-05T00:05:40.503+0000] {processor.py:183} INFO - Processing /home/airflow/.local/lib/python3.12/site-packages/airflow/example_dags/example_task_group_decorator.py took 0.074 seconds
[2024-06-05T00:06:10.895+0000] {processor.py:161} INFO - Started process (PID=474) to work on /home/airflow/.local/lib/python3.12/site-packages/airflow/example_dags/example_task_group_decorator.py
[2024-06-05T00:06:10.895+0000] {processor.py:830} INFO - Processing file /home/airflow/.local/lib/python3.12/site-packages/airflow/example_dags/example_task_group_decorator.py for tasks to queue
[2024-06-05T00:06:10.898+0000] {logging_mixin.py:188} INFO - [2024-06-05T00:06:10.897+0000] {dagbag.py:545} INFO - Filling up the DagBag from /home/airflow/.local/lib/python3.12/site-packages/airflow/example_dags/example_task_group_decorator.py
[2024-06-05T00:06:10.909+0000] {processor.py:840} INFO - DAG(s) 'example_task_group_decorator' retrieved from /home/airflow/.local/lib/python3.12/site-packages/airflow/example_dags/example_task_group_decorator.py
[2024-06-05T00:06:10.928+0000] {logging_mixin.py:188} INFO - [2024-06-05T00:06:10.928+0000] {dag.py:3096} INFO - Sync 1 DAGs
[2024-06-05T00:06:10.946+0000] {logging_mixin.py:188} INFO - [2024-06-05T00:06:10.946+0000] {dag.py:3954} INFO - Setting next_dagrun for example_task_group_decorator to 2024-06-04 00:00:00+00:00, run_after=2024-06-05 00:00:00+00:00
[2024-06-05T00:06:10.961+0000] {processor.py:183} INFO - Processing /home/airflow/.local/lib/python3.12/site-packages/airflow/example_dags/example_task_group_decorator.py took 0.072 seconds
[2024-06-05T00:06:41.092+0000] {processor.py:161} INFO - Started process (PID=533) to work on /home/airflow/.local/lib/python3.12/site-packages/airflow/example_dags/example_task_group_decorator.py
[2024-06-05T00:06:41.093+0000] {processor.py:830} INFO - Processing file /home/airflow/.local/lib/python3.12/site-packages/airflow/example_dags/example_task_group_decorator.py for tasks to queue
[2024-06-05T00:06:41.095+0000] {logging_mixin.py:188} INFO - [2024-06-05T00:06:41.095+0000] {dagbag.py:545} INFO - Filling up the DagBag from /home/airflow/.local/lib/python3.12/site-packages/airflow/example_dags/example_task_group_decorator.py
[2024-06-05T00:06:41.109+0000] {processor.py:840} INFO - DAG(s) 'example_task_group_decorator' retrieved from /home/airflow/.local/lib/python3.12/site-packages/airflow/example_dags/example_task_group_decorator.py
[2024-06-05T00:06:41.132+0000] {logging_mixin.py:188} INFO - [2024-06-05T00:06:41.131+0000] {dag.py:3096} INFO - Sync 1 DAGs
[2024-06-05T00:06:41.153+0000] {logging_mixin.py:188} INFO - [2024-06-05T00:06:41.153+0000] {dag.py:3954} INFO - Setting next_dagrun for example_task_group_decorator to 2024-06-04 00:00:00+00:00, run_after=2024-06-05 00:00:00+00:00
[2024-06-05T00:06:41.171+0000] {processor.py:183} INFO - Processing /home/airflow/.local/lib/python3.12/site-packages/airflow/example_dags/example_task_group_decorator.py took 0.084 seconds
[2024-06-05T00:07:11.362+0000] {processor.py:161} INFO - Started process (PID=593) to work on /home/airflow/.local/lib/python3.12/site-packages/airflow/example_dags/example_task_group_decorator.py
[2024-06-05T00:07:11.363+0000] {processor.py:830} INFO - Processing file /home/airflow/.local/lib/python3.12/site-packages/airflow/example_dags/example_task_group_decorator.py for tasks to queue
[2024-06-05T00:07:11.365+0000] {logging_mixin.py:188} INFO - [2024-06-05T00:07:11.364+0000] {dagbag.py:545} INFO - Filling up the DagBag from /home/airflow/.local/lib/python3.12/site-packages/airflow/example_dags/example_task_group_decorator.py
[2024-06-05T00:07:11.376+0000] {processor.py:840} INFO - DAG(s) 'example_task_group_decorator' retrieved from /home/airflow/.local/lib/python3.12/site-packages/airflow/example_dags/example_task_group_decorator.py
[2024-06-05T00:07:11.396+0000] {logging_mixin.py:188} INFO - [2024-06-05T00:07:11.396+0000] {dag.py:3096} INFO - Sync 1 DAGs
[2024-06-05T00:07:11.432+0000] {logging_mixin.py:188} INFO - [2024-06-05T00:07:11.431+0000] {dag.py:3954} INFO - Setting next_dagrun for example_task_group_decorator to 2024-06-04 00:00:00+00:00, run_after=2024-06-05 00:00:00+00:00
[2024-06-05T00:07:11.449+0000] {processor.py:183} INFO - Processing /home/airflow/.local/lib/python3.12/site-packages/airflow/example_dags/example_task_group_decorator.py took 0.092 seconds
[2024-06-05T00:07:42.097+0000] {processor.py:161} INFO - Started process (PID=653) to work on /home/airflow/.local/lib/python3.12/site-packages/airflow/example_dags/example_task_group_decorator.py
[2024-06-05T00:07:42.098+0000] {processor.py:830} INFO - Processing file /home/airflow/.local/lib/python3.12/site-packages/airflow/example_dags/example_task_group_decorator.py for tasks to queue
[2024-06-05T00:07:42.100+0000] {logging_mixin.py:188} INFO - [2024-06-05T00:07:42.100+0000] {dagbag.py:545} INFO - Filling up the DagBag from /home/airflow/.local/lib/python3.12/site-packages/airflow/example_dags/example_task_group_decorator.py
[2024-06-05T00:07:42.113+0000] {processor.py:840} INFO - DAG(s) 'example_task_group_decorator' retrieved from /home/airflow/.local/lib/python3.12/site-packages/airflow/example_dags/example_task_group_decorator.py
[2024-06-05T00:07:42.133+0000] {logging_mixin.py:188} INFO - [2024-06-05T00:07:42.132+0000] {dag.py:3096} INFO - Sync 1 DAGs
[2024-06-05T00:07:42.151+0000] {logging_mixin.py:188} INFO - [2024-06-05T00:07:42.151+0000] {dag.py:3954} INFO - Setting next_dagrun for example_task_group_decorator to 2024-06-04 00:00:00+00:00, run_after=2024-06-05 00:00:00+00:00
[2024-06-05T00:07:42.167+0000] {processor.py:183} INFO - Processing /home/airflow/.local/lib/python3.12/site-packages/airflow/example_dags/example_task_group_decorator.py took 0.076 seconds
[2024-06-05T00:08:12.379+0000] {processor.py:161} INFO - Started process (PID=713) to work on /home/airflow/.local/lib/python3.12/site-packages/airflow/example_dags/example_task_group_decorator.py
[2024-06-05T00:08:12.380+0000] {processor.py:830} INFO - Processing file /home/airflow/.local/lib/python3.12/site-packages/airflow/example_dags/example_task_group_decorator.py for tasks to queue
[2024-06-05T00:08:12.382+0000] {logging_mixin.py:188} INFO - [2024-06-05T00:08:12.381+0000] {dagbag.py:545} INFO - Filling up the DagBag from /home/airflow/.local/lib/python3.12/site-packages/airflow/example_dags/example_task_group_decorator.py
[2024-06-05T00:08:12.393+0000] {processor.py:840} INFO - DAG(s) 'example_task_group_decorator' retrieved from /home/airflow/.local/lib/python3.12/site-packages/airflow/example_dags/example_task_group_decorator.py
[2024-06-05T00:08:12.412+0000] {logging_mixin.py:188} INFO - [2024-06-05T00:08:12.412+0000] {dag.py:3096} INFO - Sync 1 DAGs
[2024-06-05T00:08:12.430+0000] {logging_mixin.py:188} INFO - [2024-06-05T00:08:12.430+0000] {dag.py:3954} INFO - Setting next_dagrun for example_task_group_decorator to 2024-06-04 00:00:00+00:00, run_after=2024-06-05 00:00:00+00:00
[2024-06-05T00:08:12.446+0000] {processor.py:183} INFO - Processing /home/airflow/.local/lib/python3.12/site-packages/airflow/example_dags/example_task_group_decorator.py took 0.072 seconds
[2024-06-05T00:08:42.889+0000] {processor.py:161} INFO - Started process (PID=773) to work on /home/airflow/.local/lib/python3.12/site-packages/airflow/example_dags/example_task_group_decorator.py
[2024-06-05T00:08:42.890+0000] {processor.py:830} INFO - Processing file /home/airflow/.local/lib/python3.12/site-packages/airflow/example_dags/example_task_group_decorator.py for tasks to queue
[2024-06-05T00:08:42.892+0000] {logging_mixin.py:188} INFO - [2024-06-05T00:08:42.891+0000] {dagbag.py:545} INFO - Filling up the DagBag from /home/airflow/.local/lib/python3.12/site-packages/airflow/example_dags/example_task_group_decorator.py
[2024-06-05T00:08:42.903+0000] {processor.py:840} INFO - DAG(s) 'example_task_group_decorator' retrieved from /home/airflow/.local/lib/python3.12/site-packages/airflow/example_dags/example_task_group_decorator.py
[2024-06-05T00:08:42.929+0000] {logging_mixin.py:188} INFO - [2024-06-05T00:08:42.929+0000] {dag.py:3096} INFO - Sync 1 DAGs
[2024-06-05T00:08:42.948+0000] {logging_mixin.py:188} INFO - [2024-06-05T00:08:42.948+0000] {dag.py:3954} INFO - Setting next_dagrun for example_task_group_decorator to 2024-06-04 00:00:00+00:00, run_after=2024-06-05 00:00:00+00:00
[2024-06-05T00:08:42.962+0000] {processor.py:183} INFO - Processing /home/airflow/.local/lib/python3.12/site-packages/airflow/example_dags/example_task_group_decorator.py took 0.079 seconds
[2024-06-05T00:09:13.546+0000] {processor.py:161} INFO - Started process (PID=833) to work on /home/airflow/.local/lib/python3.12/site-packages/airflow/example_dags/example_task_group_decorator.py
[2024-06-05T00:09:13.547+0000] {processor.py:830} INFO - Processing file /home/airflow/.local/lib/python3.12/site-packages/airflow/example_dags/example_task_group_decorator.py for tasks to queue
[2024-06-05T00:09:13.550+0000] {logging_mixin.py:188} INFO - [2024-06-05T00:09:13.549+0000] {dagbag.py:545} INFO - Filling up the DagBag from /home/airflow/.local/lib/python3.12/site-packages/airflow/example_dags/example_task_group_decorator.py
[2024-06-05T00:09:13.562+0000] {processor.py:840} INFO - DAG(s) 'example_task_group_decorator' retrieved from /home/airflow/.local/lib/python3.12/site-packages/airflow/example_dags/example_task_group_decorator.py
[2024-06-05T00:09:13.582+0000] {logging_mixin.py:188} INFO - [2024-06-05T00:09:13.581+0000] {dag.py:3096} INFO - Sync 1 DAGs
[2024-06-05T00:09:13.599+0000] {logging_mixin.py:188} INFO - [2024-06-05T00:09:13.599+0000] {dag.py:3954} INFO - Setting next_dagrun for example_task_group_decorator to 2024-06-04 00:00:00+00:00, run_after=2024-06-05 00:00:00+00:00
[2024-06-05T00:09:13.613+0000] {processor.py:183} INFO - Processing /home/airflow/.local/lib/python3.12/site-packages/airflow/example_dags/example_task_group_decorator.py took 0.073 seconds
[2024-06-05T00:09:44.206+0000] {processor.py:161} INFO - Started process (PID=894) to work on /home/airflow/.local/lib/python3.12/site-packages/airflow/example_dags/example_task_group_decorator.py
[2024-06-05T00:09:44.207+0000] {processor.py:830} INFO - Processing file /home/airflow/.local/lib/python3.12/site-packages/airflow/example_dags/example_task_group_decorator.py for tasks to queue
[2024-06-05T00:09:44.209+0000] {logging_mixin.py:188} INFO - [2024-06-05T00:09:44.209+0000] {dagbag.py:545} INFO - Filling up the DagBag from /home/airflow/.local/lib/python3.12/site-packages/airflow/example_dags/example_task_group_decorator.py
[2024-06-05T00:09:44.224+0000] {processor.py:840} INFO - DAG(s) 'example_task_group_decorator' retrieved from /home/airflow/.local/lib/python3.12/site-packages/airflow/example_dags/example_task_group_decorator.py
[2024-06-05T00:09:44.253+0000] {logging_mixin.py:188} INFO - [2024-06-05T00:09:44.253+0000] {dag.py:3096} INFO - Sync 1 DAGs
[2024-06-05T00:09:44.274+0000] {logging_mixin.py:188} INFO - [2024-06-05T00:09:44.274+0000] {dag.py:3954} INFO - Setting next_dagrun for example_task_group_decorator to 2024-06-04 00:00:00+00:00, run_after=2024-06-05 00:00:00+00:00
[2024-06-05T00:09:44.292+0000] {processor.py:183} INFO - Processing /home/airflow/.local/lib/python3.12/site-packages/airflow/example_dags/example_task_group_decorator.py took 0.091 seconds
