[2024-06-05T00:02:37.789+0000] {processor.py:161} INFO - Started process (PID=57) to work on /home/airflow/.local/lib/python3.12/site-packages/airflow/example_dags/example_short_circuit_operator.py
[2024-06-05T00:02:37.790+0000] {processor.py:830} INFO - Processing file /home/airflow/.local/lib/python3.12/site-packages/airflow/example_dags/example_short_circuit_operator.py for tasks to queue
[2024-06-05T00:02:37.792+0000] {logging_mixin.py:188} INFO - [2024-06-05T00:02:37.792+0000] {dagbag.py:545} INFO - Filling up the DagBag from /home/airflow/.local/lib/python3.12/site-packages/airflow/example_dags/example_short_circuit_operator.py
[2024-06-05T00:02:37.800+0000] {processor.py:840} INFO - DAG(s) 'example_short_circuit_operator' retrieved from /home/airflow/.local/lib/python3.12/site-packages/airflow/example_dags/example_short_circuit_operator.py
[2024-06-05T00:02:37.821+0000] {logging_mixin.py:188} INFO - [2024-06-05T00:02:37.821+0000] {dag.py:3096} INFO - Sync 1 DAGs
[2024-06-05T00:02:37.841+0000] {logging_mixin.py:188} INFO - [2024-06-05T00:02:37.840+0000] {dag.py:3954} INFO - Setting next_dagrun for example_short_circuit_operator to 2024-06-04 00:00:00+00:00, run_after=2024-06-05 00:00:00+00:00
[2024-06-05T00:02:37.866+0000] {processor.py:183} INFO - Processing /home/airflow/.local/lib/python3.12/site-packages/airflow/example_dags/example_short_circuit_operator.py took 0.083 seconds
[2024-06-05T00:03:08.412+0000] {processor.py:161} INFO - Started process (PID=117) to work on /home/airflow/.local/lib/python3.12/site-packages/airflow/example_dags/example_short_circuit_operator.py
[2024-06-05T00:03:08.413+0000] {processor.py:830} INFO - Processing file /home/airflow/.local/lib/python3.12/site-packages/airflow/example_dags/example_short_circuit_operator.py for tasks to queue
[2024-06-05T00:03:08.416+0000] {logging_mixin.py:188} INFO - [2024-06-05T00:03:08.415+0000] {dagbag.py:545} INFO - Filling up the DagBag from /home/airflow/.local/lib/python3.12/site-packages/airflow/example_dags/example_short_circuit_operator.py
[2024-06-05T00:03:08.429+0000] {processor.py:840} INFO - DAG(s) 'example_short_circuit_operator' retrieved from /home/airflow/.local/lib/python3.12/site-packages/airflow/example_dags/example_short_circuit_operator.py
[2024-06-05T00:03:08.500+0000] {logging_mixin.py:188} INFO - [2024-06-05T00:03:08.500+0000] {dag.py:3096} INFO - Sync 1 DAGs
[2024-06-05T00:03:08.584+0000] {logging_mixin.py:188} INFO - [2024-06-05T00:03:08.583+0000] {dag.py:3954} INFO - Setting next_dagrun for example_short_circuit_operator to 2024-06-04 00:00:00+00:00, run_after=2024-06-05 00:00:00+00:00
[2024-06-05T00:03:08.616+0000] {processor.py:183} INFO - Processing /home/airflow/.local/lib/python3.12/site-packages/airflow/example_dags/example_short_circuit_operator.py took 0.214 seconds
[2024-06-05T00:03:38.646+0000] {processor.py:161} INFO - Started process (PID=176) to work on /home/airflow/.local/lib/python3.12/site-packages/airflow/example_dags/example_short_circuit_operator.py
[2024-06-05T00:03:38.647+0000] {processor.py:830} INFO - Processing file /home/airflow/.local/lib/python3.12/site-packages/airflow/example_dags/example_short_circuit_operator.py for tasks to queue
[2024-06-05T00:03:38.649+0000] {logging_mixin.py:188} INFO - [2024-06-05T00:03:38.648+0000] {dagbag.py:545} INFO - Filling up the DagBag from /home/airflow/.local/lib/python3.12/site-packages/airflow/example_dags/example_short_circuit_operator.py
[2024-06-05T00:03:38.655+0000] {processor.py:840} INFO - DAG(s) 'example_short_circuit_operator' retrieved from /home/airflow/.local/lib/python3.12/site-packages/airflow/example_dags/example_short_circuit_operator.py
[2024-06-05T00:03:38.671+0000] {logging_mixin.py:188} INFO - [2024-06-05T00:03:38.671+0000] {dag.py:3096} INFO - Sync 1 DAGs
[2024-06-05T00:03:38.688+0000] {logging_mixin.py:188} INFO - [2024-06-05T00:03:38.688+0000] {dag.py:3954} INFO - Setting next_dagrun for example_short_circuit_operator to 2024-06-04 00:00:00+00:00, run_after=2024-06-05 00:00:00+00:00
[2024-06-05T00:03:38.701+0000] {processor.py:183} INFO - Processing /home/airflow/.local/lib/python3.12/site-packages/airflow/example_dags/example_short_circuit_operator.py took 0.061 seconds
[2024-06-05T00:04:09.783+0000] {processor.py:161} INFO - Started process (PID=236) to work on /home/airflow/.local/lib/python3.12/site-packages/airflow/example_dags/example_short_circuit_operator.py
[2024-06-05T00:04:09.784+0000] {processor.py:830} INFO - Processing file /home/airflow/.local/lib/python3.12/site-packages/airflow/example_dags/example_short_circuit_operator.py for tasks to queue
[2024-06-05T00:04:09.787+0000] {logging_mixin.py:188} INFO - [2024-06-05T00:04:09.786+0000] {dagbag.py:545} INFO - Filling up the DagBag from /home/airflow/.local/lib/python3.12/site-packages/airflow/example_dags/example_short_circuit_operator.py
[2024-06-05T00:04:09.793+0000] {processor.py:840} INFO - DAG(s) 'example_short_circuit_operator' retrieved from /home/airflow/.local/lib/python3.12/site-packages/airflow/example_dags/example_short_circuit_operator.py
[2024-06-05T00:04:09.814+0000] {logging_mixin.py:188} INFO - [2024-06-05T00:04:09.814+0000] {dag.py:3096} INFO - Sync 1 DAGs
[2024-06-05T00:04:09.835+0000] {logging_mixin.py:188} INFO - [2024-06-05T00:04:09.835+0000] {dag.py:3954} INFO - Setting next_dagrun for example_short_circuit_operator to 2024-06-04 00:00:00+00:00, run_after=2024-06-05 00:00:00+00:00
[2024-06-05T00:04:09.851+0000] {processor.py:183} INFO - Processing /home/airflow/.local/lib/python3.12/site-packages/airflow/example_dags/example_short_circuit_operator.py took 0.076 seconds
[2024-06-05T00:04:39.973+0000] {processor.py:161} INFO - Started process (PID=296) to work on /home/airflow/.local/lib/python3.12/site-packages/airflow/example_dags/example_short_circuit_operator.py
[2024-06-05T00:04:39.974+0000] {processor.py:830} INFO - Processing file /home/airflow/.local/lib/python3.12/site-packages/airflow/example_dags/example_short_circuit_operator.py for tasks to queue
[2024-06-05T00:04:39.976+0000] {logging_mixin.py:188} INFO - [2024-06-05T00:04:39.975+0000] {dagbag.py:545} INFO - Filling up the DagBag from /home/airflow/.local/lib/python3.12/site-packages/airflow/example_dags/example_short_circuit_operator.py
[2024-06-05T00:04:39.983+0000] {processor.py:840} INFO - DAG(s) 'example_short_circuit_operator' retrieved from /home/airflow/.local/lib/python3.12/site-packages/airflow/example_dags/example_short_circuit_operator.py
[2024-06-05T00:04:40.003+0000] {logging_mixin.py:188} INFO - [2024-06-05T00:04:40.003+0000] {dag.py:3096} INFO - Sync 1 DAGs
[2024-06-05T00:04:40.024+0000] {logging_mixin.py:188} INFO - [2024-06-05T00:04:40.023+0000] {dag.py:3954} INFO - Setting next_dagrun for example_short_circuit_operator to 2024-06-04 00:00:00+00:00, run_after=2024-06-05 00:00:00+00:00
[2024-06-05T00:04:40.040+0000] {processor.py:183} INFO - Processing /home/airflow/.local/lib/python3.12/site-packages/airflow/example_dags/example_short_circuit_operator.py took 0.072 seconds
[2024-06-05T00:05:10.330+0000] {processor.py:161} INFO - Started process (PID=356) to work on /home/airflow/.local/lib/python3.12/site-packages/airflow/example_dags/example_short_circuit_operator.py
[2024-06-05T00:05:10.331+0000] {processor.py:830} INFO - Processing file /home/airflow/.local/lib/python3.12/site-packages/airflow/example_dags/example_short_circuit_operator.py for tasks to queue
[2024-06-05T00:05:10.333+0000] {logging_mixin.py:188} INFO - [2024-06-05T00:05:10.333+0000] {dagbag.py:545} INFO - Filling up the DagBag from /home/airflow/.local/lib/python3.12/site-packages/airflow/example_dags/example_short_circuit_operator.py
[2024-06-05T00:05:10.339+0000] {processor.py:840} INFO - DAG(s) 'example_short_circuit_operator' retrieved from /home/airflow/.local/lib/python3.12/site-packages/airflow/example_dags/example_short_circuit_operator.py
[2024-06-05T00:05:10.357+0000] {logging_mixin.py:188} INFO - [2024-06-05T00:05:10.357+0000] {dag.py:3096} INFO - Sync 1 DAGs
[2024-06-05T00:05:10.377+0000] {logging_mixin.py:188} INFO - [2024-06-05T00:05:10.376+0000] {dag.py:3954} INFO - Setting next_dagrun for example_short_circuit_operator to 2024-06-04 00:00:00+00:00, run_after=2024-06-05 00:00:00+00:00
[2024-06-05T00:05:10.395+0000] {processor.py:183} INFO - Processing /home/airflow/.local/lib/python3.12/site-packages/airflow/example_dags/example_short_circuit_operator.py took 0.070 seconds
[2024-06-05T00:05:40.523+0000] {processor.py:161} INFO - Started process (PID=416) to work on /home/airflow/.local/lib/python3.12/site-packages/airflow/example_dags/example_short_circuit_operator.py
[2024-06-05T00:05:40.524+0000] {processor.py:830} INFO - Processing file /home/airflow/.local/lib/python3.12/site-packages/airflow/example_dags/example_short_circuit_operator.py for tasks to queue
[2024-06-05T00:05:40.526+0000] {logging_mixin.py:188} INFO - [2024-06-05T00:05:40.526+0000] {dagbag.py:545} INFO - Filling up the DagBag from /home/airflow/.local/lib/python3.12/site-packages/airflow/example_dags/example_short_circuit_operator.py
[2024-06-05T00:05:40.532+0000] {processor.py:840} INFO - DAG(s) 'example_short_circuit_operator' retrieved from /home/airflow/.local/lib/python3.12/site-packages/airflow/example_dags/example_short_circuit_operator.py
[2024-06-05T00:05:40.551+0000] {logging_mixin.py:188} INFO - [2024-06-05T00:05:40.551+0000] {dag.py:3096} INFO - Sync 1 DAGs
[2024-06-05T00:05:40.570+0000] {logging_mixin.py:188} INFO - [2024-06-05T00:05:40.570+0000] {dag.py:3954} INFO - Setting next_dagrun for example_short_circuit_operator to 2024-06-04 00:00:00+00:00, run_after=2024-06-05 00:00:00+00:00
[2024-06-05T00:05:40.587+0000] {processor.py:183} INFO - Processing /home/airflow/.local/lib/python3.12/site-packages/airflow/example_dags/example_short_circuit_operator.py took 0.068 seconds
[2024-06-05T00:06:10.982+0000] {processor.py:161} INFO - Started process (PID=476) to work on /home/airflow/.local/lib/python3.12/site-packages/airflow/example_dags/example_short_circuit_operator.py
[2024-06-05T00:06:10.996+0000] {processor.py:830} INFO - Processing file /home/airflow/.local/lib/python3.12/site-packages/airflow/example_dags/example_short_circuit_operator.py for tasks to queue
[2024-06-05T00:06:10.998+0000] {logging_mixin.py:188} INFO - [2024-06-05T00:06:10.997+0000] {dagbag.py:545} INFO - Filling up the DagBag from /home/airflow/.local/lib/python3.12/site-packages/airflow/example_dags/example_short_circuit_operator.py
[2024-06-05T00:06:11.007+0000] {processor.py:840} INFO - DAG(s) 'example_short_circuit_operator' retrieved from /home/airflow/.local/lib/python3.12/site-packages/airflow/example_dags/example_short_circuit_operator.py
[2024-06-05T00:06:11.026+0000] {logging_mixin.py:188} INFO - [2024-06-05T00:06:11.026+0000] {dag.py:3096} INFO - Sync 1 DAGs
[2024-06-05T00:06:11.046+0000] {logging_mixin.py:188} INFO - [2024-06-05T00:06:11.046+0000] {dag.py:3954} INFO - Setting next_dagrun for example_short_circuit_operator to 2024-06-04 00:00:00+00:00, run_after=2024-06-05 00:00:00+00:00
[2024-06-05T00:06:11.062+0000] {processor.py:183} INFO - Processing /home/airflow/.local/lib/python3.12/site-packages/airflow/example_dags/example_short_circuit_operator.py took 0.088 seconds
[2024-06-05T00:06:41.152+0000] {processor.py:161} INFO - Started process (PID=534) to work on /home/airflow/.local/lib/python3.12/site-packages/airflow/example_dags/example_short_circuit_operator.py
[2024-06-05T00:06:41.153+0000] {processor.py:830} INFO - Processing file /home/airflow/.local/lib/python3.12/site-packages/airflow/example_dags/example_short_circuit_operator.py for tasks to queue
[2024-06-05T00:06:41.156+0000] {logging_mixin.py:188} INFO - [2024-06-05T00:06:41.156+0000] {dagbag.py:545} INFO - Filling up the DagBag from /home/airflow/.local/lib/python3.12/site-packages/airflow/example_dags/example_short_circuit_operator.py
[2024-06-05T00:06:41.163+0000] {processor.py:840} INFO - DAG(s) 'example_short_circuit_operator' retrieved from /home/airflow/.local/lib/python3.12/site-packages/airflow/example_dags/example_short_circuit_operator.py
[2024-06-05T00:06:41.185+0000] {logging_mixin.py:188} INFO - [2024-06-05T00:06:41.185+0000] {dag.py:3096} INFO - Sync 1 DAGs
[2024-06-05T00:06:41.212+0000] {logging_mixin.py:188} INFO - [2024-06-05T00:06:41.212+0000] {dag.py:3954} INFO - Setting next_dagrun for example_short_circuit_operator to 2024-06-04 00:00:00+00:00, run_after=2024-06-05 00:00:00+00:00
[2024-06-05T00:06:41.240+0000] {processor.py:183} INFO - Processing /home/airflow/.local/lib/python3.12/site-packages/airflow/example_dags/example_short_circuit_operator.py took 0.094 seconds
[2024-06-05T00:07:11.453+0000] {processor.py:161} INFO - Started process (PID=594) to work on /home/airflow/.local/lib/python3.12/site-packages/airflow/example_dags/example_short_circuit_operator.py
[2024-06-05T00:07:11.454+0000] {processor.py:830} INFO - Processing file /home/airflow/.local/lib/python3.12/site-packages/airflow/example_dags/example_short_circuit_operator.py for tasks to queue
[2024-06-05T00:07:11.457+0000] {logging_mixin.py:188} INFO - [2024-06-05T00:07:11.456+0000] {dagbag.py:545} INFO - Filling up the DagBag from /home/airflow/.local/lib/python3.12/site-packages/airflow/example_dags/example_short_circuit_operator.py
[2024-06-05T00:07:11.472+0000] {processor.py:840} INFO - DAG(s) 'example_short_circuit_operator' retrieved from /home/airflow/.local/lib/python3.12/site-packages/airflow/example_dags/example_short_circuit_operator.py
[2024-06-05T00:07:11.496+0000] {logging_mixin.py:188} INFO - [2024-06-05T00:07:11.495+0000] {dag.py:3096} INFO - Sync 1 DAGs
[2024-06-05T00:07:11.516+0000] {logging_mixin.py:188} INFO - [2024-06-05T00:07:11.515+0000] {dag.py:3954} INFO - Setting next_dagrun for example_short_circuit_operator to 2024-06-04 00:00:00+00:00, run_after=2024-06-05 00:00:00+00:00
[2024-06-05T00:07:11.539+0000] {processor.py:183} INFO - Processing /home/airflow/.local/lib/python3.12/site-packages/airflow/example_dags/example_short_circuit_operator.py took 0.093 seconds
[2024-06-05T00:07:42.131+0000] {processor.py:161} INFO - Started process (PID=654) to work on /home/airflow/.local/lib/python3.12/site-packages/airflow/example_dags/example_short_circuit_operator.py
[2024-06-05T00:07:42.132+0000] {processor.py:830} INFO - Processing file /home/airflow/.local/lib/python3.12/site-packages/airflow/example_dags/example_short_circuit_operator.py for tasks to queue
[2024-06-05T00:07:42.134+0000] {logging_mixin.py:188} INFO - [2024-06-05T00:07:42.134+0000] {dagbag.py:545} INFO - Filling up the DagBag from /home/airflow/.local/lib/python3.12/site-packages/airflow/example_dags/example_short_circuit_operator.py
[2024-06-05T00:07:42.140+0000] {processor.py:840} INFO - DAG(s) 'example_short_circuit_operator' retrieved from /home/airflow/.local/lib/python3.12/site-packages/airflow/example_dags/example_short_circuit_operator.py
[2024-06-05T00:07:42.159+0000] {logging_mixin.py:188} INFO - [2024-06-05T00:07:42.159+0000] {dag.py:3096} INFO - Sync 1 DAGs
[2024-06-05T00:07:42.179+0000] {logging_mixin.py:188} INFO - [2024-06-05T00:07:42.178+0000] {dag.py:3954} INFO - Setting next_dagrun for example_short_circuit_operator to 2024-06-04 00:00:00+00:00, run_after=2024-06-05 00:00:00+00:00
[2024-06-05T00:07:42.196+0000] {processor.py:183} INFO - Processing /home/airflow/.local/lib/python3.12/site-packages/airflow/example_dags/example_short_circuit_operator.py took 0.069 seconds
[2024-06-05T00:08:12.448+0000] {processor.py:161} INFO - Started process (PID=714) to work on /home/airflow/.local/lib/python3.12/site-packages/airflow/example_dags/example_short_circuit_operator.py
[2024-06-05T00:08:12.449+0000] {processor.py:830} INFO - Processing file /home/airflow/.local/lib/python3.12/site-packages/airflow/example_dags/example_short_circuit_operator.py for tasks to queue
[2024-06-05T00:08:12.451+0000] {logging_mixin.py:188} INFO - [2024-06-05T00:08:12.451+0000] {dagbag.py:545} INFO - Filling up the DagBag from /home/airflow/.local/lib/python3.12/site-packages/airflow/example_dags/example_short_circuit_operator.py
[2024-06-05T00:08:12.458+0000] {processor.py:840} INFO - DAG(s) 'example_short_circuit_operator' retrieved from /home/airflow/.local/lib/python3.12/site-packages/airflow/example_dags/example_short_circuit_operator.py
[2024-06-05T00:08:12.482+0000] {logging_mixin.py:188} INFO - [2024-06-05T00:08:12.481+0000] {dag.py:3096} INFO - Sync 1 DAGs
[2024-06-05T00:08:12.501+0000] {logging_mixin.py:188} INFO - [2024-06-05T00:08:12.501+0000] {dag.py:3954} INFO - Setting next_dagrun for example_short_circuit_operator to 2024-06-04 00:00:00+00:00, run_after=2024-06-05 00:00:00+00:00
[2024-06-05T00:08:12.516+0000] {processor.py:183} INFO - Processing /home/airflow/.local/lib/python3.12/site-packages/airflow/example_dags/example_short_circuit_operator.py took 0.074 seconds
[2024-06-05T00:08:42.922+0000] {processor.py:161} INFO - Started process (PID=774) to work on /home/airflow/.local/lib/python3.12/site-packages/airflow/example_dags/example_short_circuit_operator.py
[2024-06-05T00:08:42.923+0000] {processor.py:830} INFO - Processing file /home/airflow/.local/lib/python3.12/site-packages/airflow/example_dags/example_short_circuit_operator.py for tasks to queue
[2024-06-05T00:08:42.925+0000] {logging_mixin.py:188} INFO - [2024-06-05T00:08:42.924+0000] {dagbag.py:545} INFO - Filling up the DagBag from /home/airflow/.local/lib/python3.12/site-packages/airflow/example_dags/example_short_circuit_operator.py
[2024-06-05T00:08:42.933+0000] {processor.py:840} INFO - DAG(s) 'example_short_circuit_operator' retrieved from /home/airflow/.local/lib/python3.12/site-packages/airflow/example_dags/example_short_circuit_operator.py
[2024-06-05T00:08:42.952+0000] {logging_mixin.py:188} INFO - [2024-06-05T00:08:42.952+0000] {dag.py:3096} INFO - Sync 1 DAGs
[2024-06-05T00:08:42.972+0000] {logging_mixin.py:188} INFO - [2024-06-05T00:08:42.971+0000] {dag.py:3954} INFO - Setting next_dagrun for example_short_circuit_operator to 2024-06-04 00:00:00+00:00, run_after=2024-06-05 00:00:00+00:00
[2024-06-05T00:08:42.987+0000] {processor.py:183} INFO - Processing /home/airflow/.local/lib/python3.12/site-packages/airflow/example_dags/example_short_circuit_operator.py took 0.072 seconds
[2024-06-05T00:09:13.573+0000] {processor.py:161} INFO - Started process (PID=834) to work on /home/airflow/.local/lib/python3.12/site-packages/airflow/example_dags/example_short_circuit_operator.py
[2024-06-05T00:09:13.573+0000] {processor.py:830} INFO - Processing file /home/airflow/.local/lib/python3.12/site-packages/airflow/example_dags/example_short_circuit_operator.py for tasks to queue
[2024-06-05T00:09:13.575+0000] {logging_mixin.py:188} INFO - [2024-06-05T00:09:13.575+0000] {dagbag.py:545} INFO - Filling up the DagBag from /home/airflow/.local/lib/python3.12/site-packages/airflow/example_dags/example_short_circuit_operator.py
[2024-06-05T00:09:13.582+0000] {processor.py:840} INFO - DAG(s) 'example_short_circuit_operator' retrieved from /home/airflow/.local/lib/python3.12/site-packages/airflow/example_dags/example_short_circuit_operator.py
[2024-06-05T00:09:13.600+0000] {logging_mixin.py:188} INFO - [2024-06-05T00:09:13.600+0000] {dag.py:3096} INFO - Sync 1 DAGs
[2024-06-05T00:09:13.619+0000] {logging_mixin.py:188} INFO - [2024-06-05T00:09:13.619+0000] {dag.py:3954} INFO - Setting next_dagrun for example_short_circuit_operator to 2024-06-04 00:00:00+00:00, run_after=2024-06-05 00:00:00+00:00
[2024-06-05T00:09:13.636+0000] {processor.py:183} INFO - Processing /home/airflow/.local/lib/python3.12/site-packages/airflow/example_dags/example_short_circuit_operator.py took 0.069 seconds
[2024-06-05T00:09:44.258+0000] {processor.py:161} INFO - Started process (PID=895) to work on /home/airflow/.local/lib/python3.12/site-packages/airflow/example_dags/example_short_circuit_operator.py
[2024-06-05T00:09:44.258+0000] {processor.py:830} INFO - Processing file /home/airflow/.local/lib/python3.12/site-packages/airflow/example_dags/example_short_circuit_operator.py for tasks to queue
[2024-06-05T00:09:44.260+0000] {logging_mixin.py:188} INFO - [2024-06-05T00:09:44.260+0000] {dagbag.py:545} INFO - Filling up the DagBag from /home/airflow/.local/lib/python3.12/site-packages/airflow/example_dags/example_short_circuit_operator.py
[2024-06-05T00:09:44.268+0000] {processor.py:840} INFO - DAG(s) 'example_short_circuit_operator' retrieved from /home/airflow/.local/lib/python3.12/site-packages/airflow/example_dags/example_short_circuit_operator.py
[2024-06-05T00:09:44.291+0000] {logging_mixin.py:188} INFO - [2024-06-05T00:09:44.290+0000] {dag.py:3096} INFO - Sync 1 DAGs
[2024-06-05T00:09:44.322+0000] {logging_mixin.py:188} INFO - [2024-06-05T00:09:44.321+0000] {dag.py:3954} INFO - Setting next_dagrun for example_short_circuit_operator to 2024-06-04 00:00:00+00:00, run_after=2024-06-05 00:00:00+00:00
[2024-06-05T00:09:44.366+0000] {processor.py:183} INFO - Processing /home/airflow/.local/lib/python3.12/site-packages/airflow/example_dags/example_short_circuit_operator.py took 0.115 seconds
