[2024-06-05T00:02:37.225+0000] {processor.py:161} INFO - Started process (PID=53) to work on /home/airflow/.local/lib/python3.12/site-packages/airflow/example_dags/example_xcomargs.py
[2024-06-05T00:02:37.226+0000] {processor.py:830} INFO - Processing file /home/airflow/.local/lib/python3.12/site-packages/airflow/example_dags/example_xcomargs.py for tasks to queue
[2024-06-05T00:02:37.228+0000] {logging_mixin.py:188} INFO - [2024-06-05T00:02:37.228+0000] {dagbag.py:545} INFO - Filling up the DagBag from /home/airflow/.local/lib/python3.12/site-packages/airflow/example_dags/example_xcomargs.py
[2024-06-05T00:02:37.237+0000] {processor.py:840} INFO - DAG(s) 'example_xcom_args', 'example_xcom_args_with_operators' retrieved from /home/airflow/.local/lib/python3.12/site-packages/airflow/example_dags/example_xcomargs.py
[2024-06-05T00:02:37.258+0000] {logging_mixin.py:188} INFO - [2024-06-05T00:02:37.258+0000] {dag.py:3096} INFO - Sync 2 DAGs
[2024-06-05T00:02:37.271+0000] {logging_mixin.py:188} INFO - [2024-06-05T00:02:37.271+0000] {dag.py:3954} INFO - Setting next_dagrun for example_xcom_args to None, run_after=None
[2024-06-05T00:02:37.276+0000] {logging_mixin.py:188} INFO - [2024-06-05T00:02:37.275+0000] {dag.py:3954} INFO - Setting next_dagrun for example_xcom_args_with_operators to None, run_after=None
[2024-06-05T00:02:37.291+0000] {processor.py:183} INFO - Processing /home/airflow/.local/lib/python3.12/site-packages/airflow/example_dags/example_xcomargs.py took 0.071 seconds
[2024-06-05T00:03:07.995+0000] {processor.py:161} INFO - Started process (PID=113) to work on /home/airflow/.local/lib/python3.12/site-packages/airflow/example_dags/example_xcomargs.py
[2024-06-05T00:03:07.996+0000] {processor.py:830} INFO - Processing file /home/airflow/.local/lib/python3.12/site-packages/airflow/example_dags/example_xcomargs.py for tasks to queue
[2024-06-05T00:03:07.999+0000] {logging_mixin.py:188} INFO - [2024-06-05T00:03:07.999+0000] {dagbag.py:545} INFO - Filling up the DagBag from /home/airflow/.local/lib/python3.12/site-packages/airflow/example_dags/example_xcomargs.py
[2024-06-05T00:03:08.011+0000] {processor.py:840} INFO - DAG(s) 'example_xcom_args_with_operators', 'example_xcom_args' retrieved from /home/airflow/.local/lib/python3.12/site-packages/airflow/example_dags/example_xcomargs.py
[2024-06-05T00:03:08.038+0000] {logging_mixin.py:188} INFO - [2024-06-05T00:03:08.038+0000] {dag.py:3096} INFO - Sync 2 DAGs
[2024-06-05T00:03:08.054+0000] {logging_mixin.py:188} INFO - [2024-06-05T00:03:08.054+0000] {dag.py:3954} INFO - Setting next_dagrun for example_xcom_args to None, run_after=None
[2024-06-05T00:03:08.059+0000] {logging_mixin.py:188} INFO - [2024-06-05T00:03:08.059+0000] {dag.py:3954} INFO - Setting next_dagrun for example_xcom_args_with_operators to None, run_after=None
[2024-06-05T00:03:08.090+0000] {processor.py:183} INFO - Processing /home/airflow/.local/lib/python3.12/site-packages/airflow/example_dags/example_xcomargs.py took 0.103 seconds
[2024-06-05T00:03:38.493+0000] {processor.py:161} INFO - Started process (PID=173) to work on /home/airflow/.local/lib/python3.12/site-packages/airflow/example_dags/example_xcomargs.py
[2024-06-05T00:03:38.494+0000] {processor.py:830} INFO - Processing file /home/airflow/.local/lib/python3.12/site-packages/airflow/example_dags/example_xcomargs.py for tasks to queue
[2024-06-05T00:03:38.496+0000] {logging_mixin.py:188} INFO - [2024-06-05T00:03:38.496+0000] {dagbag.py:545} INFO - Filling up the DagBag from /home/airflow/.local/lib/python3.12/site-packages/airflow/example_dags/example_xcomargs.py
[2024-06-05T00:03:38.503+0000] {processor.py:840} INFO - DAG(s) 'example_xcom_args_with_operators', 'example_xcom_args' retrieved from /home/airflow/.local/lib/python3.12/site-packages/airflow/example_dags/example_xcomargs.py
[2024-06-05T00:03:38.521+0000] {logging_mixin.py:188} INFO - [2024-06-05T00:03:38.521+0000] {dag.py:3096} INFO - Sync 2 DAGs
[2024-06-05T00:03:38.532+0000] {logging_mixin.py:188} INFO - [2024-06-05T00:03:38.532+0000] {dag.py:3954} INFO - Setting next_dagrun for example_xcom_args to None, run_after=None
[2024-06-05T00:03:38.535+0000] {logging_mixin.py:188} INFO - [2024-06-05T00:03:38.535+0000] {dag.py:3954} INFO - Setting next_dagrun for example_xcom_args_with_operators to None, run_after=None
[2024-06-05T00:03:38.549+0000] {processor.py:183} INFO - Processing /home/airflow/.local/lib/python3.12/site-packages/airflow/example_dags/example_xcomargs.py took 0.061 seconds
[2024-06-05T00:04:09.606+0000] {processor.py:161} INFO - Started process (PID=233) to work on /home/airflow/.local/lib/python3.12/site-packages/airflow/example_dags/example_xcomargs.py
[2024-06-05T00:04:09.607+0000] {processor.py:830} INFO - Processing file /home/airflow/.local/lib/python3.12/site-packages/airflow/example_dags/example_xcomargs.py for tasks to queue
[2024-06-05T00:04:09.609+0000] {logging_mixin.py:188} INFO - [2024-06-05T00:04:09.608+0000] {dagbag.py:545} INFO - Filling up the DagBag from /home/airflow/.local/lib/python3.12/site-packages/airflow/example_dags/example_xcomargs.py
[2024-06-05T00:04:09.616+0000] {processor.py:840} INFO - DAG(s) 'example_xcom_args', 'example_xcom_args_with_operators' retrieved from /home/airflow/.local/lib/python3.12/site-packages/airflow/example_dags/example_xcomargs.py
[2024-06-05T00:04:09.638+0000] {logging_mixin.py:188} INFO - [2024-06-05T00:04:09.637+0000] {dag.py:3096} INFO - Sync 2 DAGs
[2024-06-05T00:04:09.650+0000] {logging_mixin.py:188} INFO - [2024-06-05T00:04:09.649+0000] {dag.py:3954} INFO - Setting next_dagrun for example_xcom_args to None, run_after=None
[2024-06-05T00:04:09.653+0000] {logging_mixin.py:188} INFO - [2024-06-05T00:04:09.653+0000] {dag.py:3954} INFO - Setting next_dagrun for example_xcom_args_with_operators to None, run_after=None
[2024-06-05T00:04:09.669+0000] {processor.py:183} INFO - Processing /home/airflow/.local/lib/python3.12/site-packages/airflow/example_dags/example_xcomargs.py took 0.069 seconds
[2024-06-05T00:04:39.859+0000] {processor.py:161} INFO - Started process (PID=293) to work on /home/airflow/.local/lib/python3.12/site-packages/airflow/example_dags/example_xcomargs.py
[2024-06-05T00:04:39.860+0000] {processor.py:830} INFO - Processing file /home/airflow/.local/lib/python3.12/site-packages/airflow/example_dags/example_xcomargs.py for tasks to queue
[2024-06-05T00:04:39.862+0000] {logging_mixin.py:188} INFO - [2024-06-05T00:04:39.861+0000] {dagbag.py:545} INFO - Filling up the DagBag from /home/airflow/.local/lib/python3.12/site-packages/airflow/example_dags/example_xcomargs.py
[2024-06-05T00:04:39.869+0000] {processor.py:840} INFO - DAG(s) 'example_xcom_args_with_operators', 'example_xcom_args' retrieved from /home/airflow/.local/lib/python3.12/site-packages/airflow/example_dags/example_xcomargs.py
[2024-06-05T00:04:39.889+0000] {logging_mixin.py:188} INFO - [2024-06-05T00:04:39.888+0000] {dag.py:3096} INFO - Sync 2 DAGs
[2024-06-05T00:04:39.900+0000] {logging_mixin.py:188} INFO - [2024-06-05T00:04:39.900+0000] {dag.py:3954} INFO - Setting next_dagrun for example_xcom_args to None, run_after=None
[2024-06-05T00:04:39.904+0000] {logging_mixin.py:188} INFO - [2024-06-05T00:04:39.904+0000] {dag.py:3954} INFO - Setting next_dagrun for example_xcom_args_with_operators to None, run_after=None
[2024-06-05T00:04:39.918+0000] {processor.py:183} INFO - Processing /home/airflow/.local/lib/python3.12/site-packages/airflow/example_dags/example_xcomargs.py took 0.065 seconds
[2024-06-05T00:05:10.165+0000] {processor.py:161} INFO - Started process (PID=353) to work on /home/airflow/.local/lib/python3.12/site-packages/airflow/example_dags/example_xcomargs.py
[2024-06-05T00:05:10.165+0000] {processor.py:830} INFO - Processing file /home/airflow/.local/lib/python3.12/site-packages/airflow/example_dags/example_xcomargs.py for tasks to queue
[2024-06-05T00:05:10.168+0000] {logging_mixin.py:188} INFO - [2024-06-05T00:05:10.167+0000] {dagbag.py:545} INFO - Filling up the DagBag from /home/airflow/.local/lib/python3.12/site-packages/airflow/example_dags/example_xcomargs.py
[2024-06-05T00:05:10.174+0000] {processor.py:840} INFO - DAG(s) 'example_xcom_args', 'example_xcom_args_with_operators' retrieved from /home/airflow/.local/lib/python3.12/site-packages/airflow/example_dags/example_xcomargs.py
[2024-06-05T00:05:10.193+0000] {logging_mixin.py:188} INFO - [2024-06-05T00:05:10.193+0000] {dag.py:3096} INFO - Sync 2 DAGs
[2024-06-05T00:05:10.204+0000] {logging_mixin.py:188} INFO - [2024-06-05T00:05:10.204+0000] {dag.py:3954} INFO - Setting next_dagrun for example_xcom_args to None, run_after=None
[2024-06-05T00:05:10.208+0000] {logging_mixin.py:188} INFO - [2024-06-05T00:05:10.207+0000] {dag.py:3954} INFO - Setting next_dagrun for example_xcom_args_with_operators to None, run_after=None
[2024-06-05T00:05:10.221+0000] {processor.py:183} INFO - Processing /home/airflow/.local/lib/python3.12/site-packages/airflow/example_dags/example_xcomargs.py took 0.061 seconds
[2024-06-05T00:05:40.262+0000] {processor.py:161} INFO - Started process (PID=413) to work on /home/airflow/.local/lib/python3.12/site-packages/airflow/example_dags/example_xcomargs.py
[2024-06-05T00:05:40.263+0000] {processor.py:830} INFO - Processing file /home/airflow/.local/lib/python3.12/site-packages/airflow/example_dags/example_xcomargs.py for tasks to queue
[2024-06-05T00:05:40.265+0000] {logging_mixin.py:188} INFO - [2024-06-05T00:05:40.265+0000] {dagbag.py:545} INFO - Filling up the DagBag from /home/airflow/.local/lib/python3.12/site-packages/airflow/example_dags/example_xcomargs.py
[2024-06-05T00:05:40.272+0000] {processor.py:840} INFO - DAG(s) 'example_xcom_args', 'example_xcom_args_with_operators' retrieved from /home/airflow/.local/lib/python3.12/site-packages/airflow/example_dags/example_xcomargs.py
[2024-06-05T00:05:40.290+0000] {logging_mixin.py:188} INFO - [2024-06-05T00:05:40.290+0000] {dag.py:3096} INFO - Sync 2 DAGs
[2024-06-05T00:05:40.301+0000] {logging_mixin.py:188} INFO - [2024-06-05T00:05:40.301+0000] {dag.py:3954} INFO - Setting next_dagrun for example_xcom_args to None, run_after=None
[2024-06-05T00:05:40.305+0000] {logging_mixin.py:188} INFO - [2024-06-05T00:05:40.305+0000] {dag.py:3954} INFO - Setting next_dagrun for example_xcom_args_with_operators to None, run_after=None
[2024-06-05T00:05:40.318+0000] {processor.py:183} INFO - Processing /home/airflow/.local/lib/python3.12/site-packages/airflow/example_dags/example_xcomargs.py took 0.061 seconds
[2024-06-05T00:06:10.783+0000] {processor.py:161} INFO - Started process (PID=471) to work on /home/airflow/.local/lib/python3.12/site-packages/airflow/example_dags/example_xcomargs.py
[2024-06-05T00:06:10.783+0000] {processor.py:830} INFO - Processing file /home/airflow/.local/lib/python3.12/site-packages/airflow/example_dags/example_xcomargs.py for tasks to queue
[2024-06-05T00:06:10.785+0000] {logging_mixin.py:188} INFO - [2024-06-05T00:06:10.785+0000] {dagbag.py:545} INFO - Filling up the DagBag from /home/airflow/.local/lib/python3.12/site-packages/airflow/example_dags/example_xcomargs.py
[2024-06-05T00:06:10.792+0000] {processor.py:840} INFO - DAG(s) 'example_xcom_args', 'example_xcom_args_with_operators' retrieved from /home/airflow/.local/lib/python3.12/site-packages/airflow/example_dags/example_xcomargs.py
[2024-06-05T00:06:10.812+0000] {logging_mixin.py:188} INFO - [2024-06-05T00:06:10.811+0000] {dag.py:3096} INFO - Sync 2 DAGs
[2024-06-05T00:06:10.823+0000] {logging_mixin.py:188} INFO - [2024-06-05T00:06:10.822+0000] {dag.py:3954} INFO - Setting next_dagrun for example_xcom_args to None, run_after=None
[2024-06-05T00:06:10.827+0000] {logging_mixin.py:188} INFO - [2024-06-05T00:06:10.827+0000] {dag.py:3954} INFO - Setting next_dagrun for example_xcom_args_with_operators to None, run_after=None
[2024-06-05T00:06:10.844+0000] {processor.py:183} INFO - Processing /home/airflow/.local/lib/python3.12/site-packages/airflow/example_dags/example_xcomargs.py took 0.067 seconds
[2024-06-05T00:06:40.973+0000] {processor.py:161} INFO - Started process (PID=531) to work on /home/airflow/.local/lib/python3.12/site-packages/airflow/example_dags/example_xcomargs.py
[2024-06-05T00:06:40.973+0000] {processor.py:830} INFO - Processing file /home/airflow/.local/lib/python3.12/site-packages/airflow/example_dags/example_xcomargs.py for tasks to queue
[2024-06-05T00:06:40.975+0000] {logging_mixin.py:188} INFO - [2024-06-05T00:06:40.975+0000] {dagbag.py:545} INFO - Filling up the DagBag from /home/airflow/.local/lib/python3.12/site-packages/airflow/example_dags/example_xcomargs.py
[2024-06-05T00:06:40.985+0000] {processor.py:840} INFO - DAG(s) 'example_xcom_args_with_operators', 'example_xcom_args' retrieved from /home/airflow/.local/lib/python3.12/site-packages/airflow/example_dags/example_xcomargs.py
[2024-06-05T00:06:41.031+0000] {logging_mixin.py:188} INFO - [2024-06-05T00:06:41.030+0000] {dag.py:3096} INFO - Sync 2 DAGs
[2024-06-05T00:06:41.045+0000] {logging_mixin.py:188} INFO - [2024-06-05T00:06:41.045+0000] {dag.py:3954} INFO - Setting next_dagrun for example_xcom_args to None, run_after=None
[2024-06-05T00:06:41.049+0000] {logging_mixin.py:188} INFO - [2024-06-05T00:06:41.049+0000] {dag.py:3954} INFO - Setting next_dagrun for example_xcom_args_with_operators to None, run_after=None
[2024-06-05T00:06:41.067+0000] {processor.py:183} INFO - Processing /home/airflow/.local/lib/python3.12/site-packages/airflow/example_dags/example_xcomargs.py took 0.100 seconds
[2024-06-05T00:07:11.278+0000] {processor.py:161} INFO - Started process (PID=591) to work on /home/airflow/.local/lib/python3.12/site-packages/airflow/example_dags/example_xcomargs.py
[2024-06-05T00:07:11.279+0000] {processor.py:830} INFO - Processing file /home/airflow/.local/lib/python3.12/site-packages/airflow/example_dags/example_xcomargs.py for tasks to queue
[2024-06-05T00:07:11.281+0000] {logging_mixin.py:188} INFO - [2024-06-05T00:07:11.281+0000] {dagbag.py:545} INFO - Filling up the DagBag from /home/airflow/.local/lib/python3.12/site-packages/airflow/example_dags/example_xcomargs.py
[2024-06-05T00:07:11.294+0000] {processor.py:840} INFO - DAG(s) 'example_xcom_args', 'example_xcom_args_with_operators' retrieved from /home/airflow/.local/lib/python3.12/site-packages/airflow/example_dags/example_xcomargs.py
[2024-06-05T00:07:11.314+0000] {logging_mixin.py:188} INFO - [2024-06-05T00:07:11.313+0000] {dag.py:3096} INFO - Sync 2 DAGs
[2024-06-05T00:07:11.325+0000] {logging_mixin.py:188} INFO - [2024-06-05T00:07:11.325+0000] {dag.py:3954} INFO - Setting next_dagrun for example_xcom_args to None, run_after=None
[2024-06-05T00:07:11.328+0000] {logging_mixin.py:188} INFO - [2024-06-05T00:07:11.328+0000] {dag.py:3954} INFO - Setting next_dagrun for example_xcom_args_with_operators to None, run_after=None
[2024-06-05T00:07:11.342+0000] {processor.py:183} INFO - Processing /home/airflow/.local/lib/python3.12/site-packages/airflow/example_dags/example_xcomargs.py took 0.069 seconds
[2024-06-05T00:07:42.008+0000] {processor.py:161} INFO - Started process (PID=651) to work on /home/airflow/.local/lib/python3.12/site-packages/airflow/example_dags/example_xcomargs.py
[2024-06-05T00:07:42.009+0000] {processor.py:830} INFO - Processing file /home/airflow/.local/lib/python3.12/site-packages/airflow/example_dags/example_xcomargs.py for tasks to queue
[2024-06-05T00:07:42.012+0000] {logging_mixin.py:188} INFO - [2024-06-05T00:07:42.011+0000] {dagbag.py:545} INFO - Filling up the DagBag from /home/airflow/.local/lib/python3.12/site-packages/airflow/example_dags/example_xcomargs.py
[2024-06-05T00:07:42.020+0000] {processor.py:840} INFO - DAG(s) 'example_xcom_args', 'example_xcom_args_with_operators' retrieved from /home/airflow/.local/lib/python3.12/site-packages/airflow/example_dags/example_xcomargs.py
[2024-06-05T00:07:42.041+0000] {logging_mixin.py:188} INFO - [2024-06-05T00:07:42.041+0000] {dag.py:3096} INFO - Sync 2 DAGs
[2024-06-05T00:07:42.056+0000] {logging_mixin.py:188} INFO - [2024-06-05T00:07:42.056+0000] {dag.py:3954} INFO - Setting next_dagrun for example_xcom_args to None, run_after=None
[2024-06-05T00:07:42.060+0000] {logging_mixin.py:188} INFO - [2024-06-05T00:07:42.060+0000] {dag.py:3954} INFO - Setting next_dagrun for example_xcom_args_with_operators to None, run_after=None
[2024-06-05T00:07:42.074+0000] {processor.py:183} INFO - Processing /home/airflow/.local/lib/python3.12/site-packages/airflow/example_dags/example_xcomargs.py took 0.072 seconds
[2024-06-05T00:08:12.289+0000] {processor.py:161} INFO - Started process (PID=711) to work on /home/airflow/.local/lib/python3.12/site-packages/airflow/example_dags/example_xcomargs.py
[2024-06-05T00:08:12.290+0000] {processor.py:830} INFO - Processing file /home/airflow/.local/lib/python3.12/site-packages/airflow/example_dags/example_xcomargs.py for tasks to queue
[2024-06-05T00:08:12.292+0000] {logging_mixin.py:188} INFO - [2024-06-05T00:08:12.291+0000] {dagbag.py:545} INFO - Filling up the DagBag from /home/airflow/.local/lib/python3.12/site-packages/airflow/example_dags/example_xcomargs.py
[2024-06-05T00:08:12.298+0000] {processor.py:840} INFO - DAG(s) 'example_xcom_args', 'example_xcom_args_with_operators' retrieved from /home/airflow/.local/lib/python3.12/site-packages/airflow/example_dags/example_xcomargs.py
[2024-06-05T00:08:12.318+0000] {logging_mixin.py:188} INFO - [2024-06-05T00:08:12.317+0000] {dag.py:3096} INFO - Sync 2 DAGs
[2024-06-05T00:08:12.331+0000] {logging_mixin.py:188} INFO - [2024-06-05T00:08:12.331+0000] {dag.py:3954} INFO - Setting next_dagrun for example_xcom_args to None, run_after=None
[2024-06-05T00:08:12.336+0000] {logging_mixin.py:188} INFO - [2024-06-05T00:08:12.336+0000] {dag.py:3954} INFO - Setting next_dagrun for example_xcom_args_with_operators to None, run_after=None
[2024-06-05T00:08:12.354+0000] {processor.py:183} INFO - Processing /home/airflow/.local/lib/python3.12/site-packages/airflow/example_dags/example_xcomargs.py took 0.070 seconds
[2024-06-05T00:08:42.812+0000] {processor.py:161} INFO - Started process (PID=771) to work on /home/airflow/.local/lib/python3.12/site-packages/airflow/example_dags/example_xcomargs.py
[2024-06-05T00:08:42.813+0000] {processor.py:830} INFO - Processing file /home/airflow/.local/lib/python3.12/site-packages/airflow/example_dags/example_xcomargs.py for tasks to queue
[2024-06-05T00:08:42.815+0000] {logging_mixin.py:188} INFO - [2024-06-05T00:08:42.815+0000] {dagbag.py:545} INFO - Filling up the DagBag from /home/airflow/.local/lib/python3.12/site-packages/airflow/example_dags/example_xcomargs.py
[2024-06-05T00:08:42.823+0000] {processor.py:840} INFO - DAG(s) 'example_xcom_args_with_operators', 'example_xcom_args' retrieved from /home/airflow/.local/lib/python3.12/site-packages/airflow/example_dags/example_xcomargs.py
[2024-06-05T00:08:42.841+0000] {logging_mixin.py:188} INFO - [2024-06-05T00:08:42.841+0000] {dag.py:3096} INFO - Sync 2 DAGs
[2024-06-05T00:08:42.852+0000] {logging_mixin.py:188} INFO - [2024-06-05T00:08:42.852+0000] {dag.py:3954} INFO - Setting next_dagrun for example_xcom_args to None, run_after=None
[2024-06-05T00:08:42.856+0000] {logging_mixin.py:188} INFO - [2024-06-05T00:08:42.855+0000] {dag.py:3954} INFO - Setting next_dagrun for example_xcom_args_with_operators to None, run_after=None
[2024-06-05T00:08:42.869+0000] {processor.py:183} INFO - Processing /home/airflow/.local/lib/python3.12/site-packages/airflow/example_dags/example_xcomargs.py took 0.061 seconds
[2024-06-05T00:09:13.460+0000] {processor.py:161} INFO - Started process (PID=831) to work on /home/airflow/.local/lib/python3.12/site-packages/airflow/example_dags/example_xcomargs.py
[2024-06-05T00:09:13.461+0000] {processor.py:830} INFO - Processing file /home/airflow/.local/lib/python3.12/site-packages/airflow/example_dags/example_xcomargs.py for tasks to queue
[2024-06-05T00:09:13.463+0000] {logging_mixin.py:188} INFO - [2024-06-05T00:09:13.463+0000] {dagbag.py:545} INFO - Filling up the DagBag from /home/airflow/.local/lib/python3.12/site-packages/airflow/example_dags/example_xcomargs.py
[2024-06-05T00:09:13.471+0000] {processor.py:840} INFO - DAG(s) 'example_xcom_args_with_operators', 'example_xcom_args' retrieved from /home/airflow/.local/lib/python3.12/site-packages/airflow/example_dags/example_xcomargs.py
[2024-06-05T00:09:13.491+0000] {logging_mixin.py:188} INFO - [2024-06-05T00:09:13.491+0000] {dag.py:3096} INFO - Sync 2 DAGs
[2024-06-05T00:09:13.502+0000] {logging_mixin.py:188} INFO - [2024-06-05T00:09:13.502+0000] {dag.py:3954} INFO - Setting next_dagrun for example_xcom_args to None, run_after=None
[2024-06-05T00:09:13.505+0000] {logging_mixin.py:188} INFO - [2024-06-05T00:09:13.505+0000] {dag.py:3954} INFO - Setting next_dagrun for example_xcom_args_with_operators to None, run_after=None
[2024-06-05T00:09:13.522+0000] {processor.py:183} INFO - Processing /home/airflow/.local/lib/python3.12/site-packages/airflow/example_dags/example_xcomargs.py took 0.069 seconds
[2024-06-05T00:09:44.106+0000] {processor.py:161} INFO - Started process (PID=892) to work on /home/airflow/.local/lib/python3.12/site-packages/airflow/example_dags/example_xcomargs.py
[2024-06-05T00:09:44.107+0000] {processor.py:830} INFO - Processing file /home/airflow/.local/lib/python3.12/site-packages/airflow/example_dags/example_xcomargs.py for tasks to queue
[2024-06-05T00:09:44.109+0000] {logging_mixin.py:188} INFO - [2024-06-05T00:09:44.109+0000] {dagbag.py:545} INFO - Filling up the DagBag from /home/airflow/.local/lib/python3.12/site-packages/airflow/example_dags/example_xcomargs.py
[2024-06-05T00:09:44.118+0000] {processor.py:840} INFO - DAG(s) 'example_xcom_args', 'example_xcom_args_with_operators' retrieved from /home/airflow/.local/lib/python3.12/site-packages/airflow/example_dags/example_xcomargs.py
[2024-06-05T00:09:44.144+0000] {logging_mixin.py:188} INFO - [2024-06-05T00:09:44.144+0000] {dag.py:3096} INFO - Sync 2 DAGs
[2024-06-05T00:09:44.159+0000] {logging_mixin.py:188} INFO - [2024-06-05T00:09:44.159+0000] {dag.py:3954} INFO - Setting next_dagrun for example_xcom_args to None, run_after=None
[2024-06-05T00:09:44.165+0000] {logging_mixin.py:188} INFO - [2024-06-05T00:09:44.164+0000] {dag.py:3954} INFO - Setting next_dagrun for example_xcom_args_with_operators to None, run_after=None
[2024-06-05T00:09:44.184+0000] {processor.py:183} INFO - Processing /home/airflow/.local/lib/python3.12/site-packages/airflow/example_dags/example_xcomargs.py took 0.085 seconds
