[2024-06-05T00:02:38.705+0000] {processor.py:161} INFO - Started process (PID=69) to work on /home/airflow/.local/lib/python3.12/site-packages/airflow/example_dags/example_external_task_marker_dag.py
[2024-06-05T00:02:38.706+0000] {processor.py:830} INFO - Processing file /home/airflow/.local/lib/python3.12/site-packages/airflow/example_dags/example_external_task_marker_dag.py for tasks to queue
[2024-06-05T00:02:38.712+0000] {logging_mixin.py:188} INFO - [2024-06-05T00:02:38.709+0000] {dagbag.py:545} INFO - Filling up the DagBag from /home/airflow/.local/lib/python3.12/site-packages/airflow/example_dags/example_external_task_marker_dag.py
[2024-06-05T00:02:38.725+0000] {processor.py:840} INFO - DAG(s) 'example_external_task_marker_child', 'example_external_task_marker_parent' retrieved from /home/airflow/.local/lib/python3.12/site-packages/airflow/example_dags/example_external_task_marker_dag.py
[2024-06-05T00:02:38.775+0000] {logging_mixin.py:188} INFO - [2024-06-05T00:02:38.774+0000] {dag.py:3096} INFO - Sync 2 DAGs
[2024-06-05T00:02:38.792+0000] {logging_mixin.py:188} INFO - [2024-06-05T00:02:38.792+0000] {dag.py:3954} INFO - Setting next_dagrun for example_external_task_marker_child to None, run_after=None
[2024-06-05T00:02:38.800+0000] {logging_mixin.py:188} INFO - [2024-06-05T00:02:38.799+0000] {dag.py:3954} INFO - Setting next_dagrun for example_external_task_marker_parent to None, run_after=None
[2024-06-05T00:02:38.845+0000] {processor.py:183} INFO - Processing /home/airflow/.local/lib/python3.12/site-packages/airflow/example_dags/example_external_task_marker_dag.py took 0.146 seconds
[2024-06-05T00:03:10.317+0000] {processor.py:161} INFO - Started process (PID=129) to work on /home/airflow/.local/lib/python3.12/site-packages/airflow/example_dags/example_external_task_marker_dag.py
[2024-06-05T00:03:10.318+0000] {processor.py:830} INFO - Processing file /home/airflow/.local/lib/python3.12/site-packages/airflow/example_dags/example_external_task_marker_dag.py for tasks to queue
[2024-06-05T00:03:10.321+0000] {logging_mixin.py:188} INFO - [2024-06-05T00:03:10.320+0000] {dagbag.py:545} INFO - Filling up the DagBag from /home/airflow/.local/lib/python3.12/site-packages/airflow/example_dags/example_external_task_marker_dag.py
[2024-06-05T00:03:10.328+0000] {processor.py:840} INFO - DAG(s) 'example_external_task_marker_parent', 'example_external_task_marker_child' retrieved from /home/airflow/.local/lib/python3.12/site-packages/airflow/example_dags/example_external_task_marker_dag.py
[2024-06-05T00:03:10.364+0000] {logging_mixin.py:188} INFO - [2024-06-05T00:03:10.364+0000] {dag.py:3096} INFO - Sync 2 DAGs
[2024-06-05T00:03:10.382+0000] {logging_mixin.py:188} INFO - [2024-06-05T00:03:10.381+0000] {dag.py:3954} INFO - Setting next_dagrun for example_external_task_marker_child to None, run_after=None
[2024-06-05T00:03:10.386+0000] {logging_mixin.py:188} INFO - [2024-06-05T00:03:10.386+0000] {dag.py:3954} INFO - Setting next_dagrun for example_external_task_marker_parent to None, run_after=None
[2024-06-05T00:03:10.409+0000] {processor.py:183} INFO - Processing /home/airflow/.local/lib/python3.12/site-packages/airflow/example_dags/example_external_task_marker_dag.py took 0.101 seconds
[2024-06-05T00:03:41.302+0000] {processor.py:161} INFO - Started process (PID=189) to work on /home/airflow/.local/lib/python3.12/site-packages/airflow/example_dags/example_external_task_marker_dag.py
[2024-06-05T00:03:41.303+0000] {processor.py:830} INFO - Processing file /home/airflow/.local/lib/python3.12/site-packages/airflow/example_dags/example_external_task_marker_dag.py for tasks to queue
[2024-06-05T00:03:41.305+0000] {logging_mixin.py:188} INFO - [2024-06-05T00:03:41.305+0000] {dagbag.py:545} INFO - Filling up the DagBag from /home/airflow/.local/lib/python3.12/site-packages/airflow/example_dags/example_external_task_marker_dag.py
[2024-06-05T00:03:41.310+0000] {processor.py:840} INFO - DAG(s) 'example_external_task_marker_child', 'example_external_task_marker_parent' retrieved from /home/airflow/.local/lib/python3.12/site-packages/airflow/example_dags/example_external_task_marker_dag.py
[2024-06-05T00:03:41.327+0000] {logging_mixin.py:188} INFO - [2024-06-05T00:03:41.327+0000] {dag.py:3096} INFO - Sync 2 DAGs
[2024-06-05T00:03:41.338+0000] {logging_mixin.py:188} INFO - [2024-06-05T00:03:41.338+0000] {dag.py:3954} INFO - Setting next_dagrun for example_external_task_marker_child to None, run_after=None
[2024-06-05T00:03:41.341+0000] {logging_mixin.py:188} INFO - [2024-06-05T00:03:41.341+0000] {dag.py:3954} INFO - Setting next_dagrun for example_external_task_marker_parent to None, run_after=None
[2024-06-05T00:03:41.353+0000] {processor.py:183} INFO - Processing /home/airflow/.local/lib/python3.12/site-packages/airflow/example_dags/example_external_task_marker_dag.py took 0.056 seconds
[2024-06-05T00:04:11.472+0000] {processor.py:161} INFO - Started process (PID=249) to work on /home/airflow/.local/lib/python3.12/site-packages/airflow/example_dags/example_external_task_marker_dag.py
[2024-06-05T00:04:11.473+0000] {processor.py:830} INFO - Processing file /home/airflow/.local/lib/python3.12/site-packages/airflow/example_dags/example_external_task_marker_dag.py for tasks to queue
[2024-06-05T00:04:11.475+0000] {logging_mixin.py:188} INFO - [2024-06-05T00:04:11.475+0000] {dagbag.py:545} INFO - Filling up the DagBag from /home/airflow/.local/lib/python3.12/site-packages/airflow/example_dags/example_external_task_marker_dag.py
[2024-06-05T00:04:11.480+0000] {processor.py:840} INFO - DAG(s) 'example_external_task_marker_child', 'example_external_task_marker_parent' retrieved from /home/airflow/.local/lib/python3.12/site-packages/airflow/example_dags/example_external_task_marker_dag.py
[2024-06-05T00:04:11.499+0000] {logging_mixin.py:188} INFO - [2024-06-05T00:04:11.498+0000] {dag.py:3096} INFO - Sync 2 DAGs
[2024-06-05T00:04:11.509+0000] {logging_mixin.py:188} INFO - [2024-06-05T00:04:11.509+0000] {dag.py:3954} INFO - Setting next_dagrun for example_external_task_marker_child to None, run_after=None
[2024-06-05T00:04:11.513+0000] {logging_mixin.py:188} INFO - [2024-06-05T00:04:11.513+0000] {dag.py:3954} INFO - Setting next_dagrun for example_external_task_marker_parent to None, run_after=None
[2024-06-05T00:04:11.528+0000] {processor.py:183} INFO - Processing /home/airflow/.local/lib/python3.12/site-packages/airflow/example_dags/example_external_task_marker_dag.py took 0.061 seconds
[2024-06-05T00:04:41.680+0000] {processor.py:161} INFO - Started process (PID=309) to work on /home/airflow/.local/lib/python3.12/site-packages/airflow/example_dags/example_external_task_marker_dag.py
[2024-06-05T00:04:41.681+0000] {processor.py:830} INFO - Processing file /home/airflow/.local/lib/python3.12/site-packages/airflow/example_dags/example_external_task_marker_dag.py for tasks to queue
[2024-06-05T00:04:41.683+0000] {logging_mixin.py:188} INFO - [2024-06-05T00:04:41.683+0000] {dagbag.py:545} INFO - Filling up the DagBag from /home/airflow/.local/lib/python3.12/site-packages/airflow/example_dags/example_external_task_marker_dag.py
[2024-06-05T00:04:41.688+0000] {processor.py:840} INFO - DAG(s) 'example_external_task_marker_child', 'example_external_task_marker_parent' retrieved from /home/airflow/.local/lib/python3.12/site-packages/airflow/example_dags/example_external_task_marker_dag.py
[2024-06-05T00:04:41.707+0000] {logging_mixin.py:188} INFO - [2024-06-05T00:04:41.707+0000] {dag.py:3096} INFO - Sync 2 DAGs
[2024-06-05T00:04:41.719+0000] {logging_mixin.py:188} INFO - [2024-06-05T00:04:41.719+0000] {dag.py:3954} INFO - Setting next_dagrun for example_external_task_marker_child to None, run_after=None
[2024-06-05T00:04:41.722+0000] {logging_mixin.py:188} INFO - [2024-06-05T00:04:41.722+0000] {dag.py:3954} INFO - Setting next_dagrun for example_external_task_marker_parent to None, run_after=None
[2024-06-05T00:04:41.736+0000] {processor.py:183} INFO - Processing /home/airflow/.local/lib/python3.12/site-packages/airflow/example_dags/example_external_task_marker_dag.py took 0.062 seconds
[2024-06-05T00:05:12.056+0000] {processor.py:161} INFO - Started process (PID=369) to work on /home/airflow/.local/lib/python3.12/site-packages/airflow/example_dags/example_external_task_marker_dag.py
[2024-06-05T00:05:12.057+0000] {processor.py:830} INFO - Processing file /home/airflow/.local/lib/python3.12/site-packages/airflow/example_dags/example_external_task_marker_dag.py for tasks to queue
[2024-06-05T00:05:12.059+0000] {logging_mixin.py:188} INFO - [2024-06-05T00:05:12.059+0000] {dagbag.py:545} INFO - Filling up the DagBag from /home/airflow/.local/lib/python3.12/site-packages/airflow/example_dags/example_external_task_marker_dag.py
[2024-06-05T00:05:12.065+0000] {processor.py:840} INFO - DAG(s) 'example_external_task_marker_parent', 'example_external_task_marker_child' retrieved from /home/airflow/.local/lib/python3.12/site-packages/airflow/example_dags/example_external_task_marker_dag.py
[2024-06-05T00:05:12.084+0000] {logging_mixin.py:188} INFO - [2024-06-05T00:05:12.083+0000] {dag.py:3096} INFO - Sync 2 DAGs
[2024-06-05T00:05:12.094+0000] {logging_mixin.py:188} INFO - [2024-06-05T00:05:12.094+0000] {dag.py:3954} INFO - Setting next_dagrun for example_external_task_marker_child to None, run_after=None
[2024-06-05T00:05:12.098+0000] {logging_mixin.py:188} INFO - [2024-06-05T00:05:12.097+0000] {dag.py:3954} INFO - Setting next_dagrun for example_external_task_marker_parent to None, run_after=None
[2024-06-05T00:05:12.110+0000] {processor.py:183} INFO - Processing /home/airflow/.local/lib/python3.12/site-packages/airflow/example_dags/example_external_task_marker_dag.py took 0.059 seconds
[2024-06-05T00:05:42.234+0000] {processor.py:161} INFO - Started process (PID=429) to work on /home/airflow/.local/lib/python3.12/site-packages/airflow/example_dags/example_external_task_marker_dag.py
[2024-06-05T00:05:42.235+0000] {processor.py:830} INFO - Processing file /home/airflow/.local/lib/python3.12/site-packages/airflow/example_dags/example_external_task_marker_dag.py for tasks to queue
[2024-06-05T00:05:42.237+0000] {logging_mixin.py:188} INFO - [2024-06-05T00:05:42.237+0000] {dagbag.py:545} INFO - Filling up the DagBag from /home/airflow/.local/lib/python3.12/site-packages/airflow/example_dags/example_external_task_marker_dag.py
[2024-06-05T00:05:42.242+0000] {processor.py:840} INFO - DAG(s) 'example_external_task_marker_child', 'example_external_task_marker_parent' retrieved from /home/airflow/.local/lib/python3.12/site-packages/airflow/example_dags/example_external_task_marker_dag.py
[2024-06-05T00:05:42.260+0000] {logging_mixin.py:188} INFO - [2024-06-05T00:05:42.260+0000] {dag.py:3096} INFO - Sync 2 DAGs
[2024-06-05T00:05:42.270+0000] {logging_mixin.py:188} INFO - [2024-06-05T00:05:42.270+0000] {dag.py:3954} INFO - Setting next_dagrun for example_external_task_marker_child to None, run_after=None
[2024-06-05T00:05:42.273+0000] {logging_mixin.py:188} INFO - [2024-06-05T00:05:42.273+0000] {dag.py:3954} INFO - Setting next_dagrun for example_external_task_marker_parent to None, run_after=None
[2024-06-05T00:05:42.286+0000] {processor.py:183} INFO - Processing /home/airflow/.local/lib/python3.12/site-packages/airflow/example_dags/example_external_task_marker_dag.py took 0.057 seconds
[2024-06-05T00:06:13.156+0000] {processor.py:161} INFO - Started process (PID=489) to work on /home/airflow/.local/lib/python3.12/site-packages/airflow/example_dags/example_external_task_marker_dag.py
[2024-06-05T00:06:13.157+0000] {processor.py:830} INFO - Processing file /home/airflow/.local/lib/python3.12/site-packages/airflow/example_dags/example_external_task_marker_dag.py for tasks to queue
[2024-06-05T00:06:13.159+0000] {logging_mixin.py:188} INFO - [2024-06-05T00:06:13.159+0000] {dagbag.py:545} INFO - Filling up the DagBag from /home/airflow/.local/lib/python3.12/site-packages/airflow/example_dags/example_external_task_marker_dag.py
[2024-06-05T00:06:13.165+0000] {processor.py:840} INFO - DAG(s) 'example_external_task_marker_parent', 'example_external_task_marker_child' retrieved from /home/airflow/.local/lib/python3.12/site-packages/airflow/example_dags/example_external_task_marker_dag.py
[2024-06-05T00:06:13.185+0000] {logging_mixin.py:188} INFO - [2024-06-05T00:06:13.184+0000] {dag.py:3096} INFO - Sync 2 DAGs
[2024-06-05T00:06:13.195+0000] {logging_mixin.py:188} INFO - [2024-06-05T00:06:13.195+0000] {dag.py:3954} INFO - Setting next_dagrun for example_external_task_marker_child to None, run_after=None
[2024-06-05T00:06:13.199+0000] {logging_mixin.py:188} INFO - [2024-06-05T00:06:13.199+0000] {dag.py:3954} INFO - Setting next_dagrun for example_external_task_marker_parent to None, run_after=None
[2024-06-05T00:06:13.211+0000] {processor.py:183} INFO - Processing /home/airflow/.local/lib/python3.12/site-packages/airflow/example_dags/example_external_task_marker_dag.py took 0.060 seconds
[2024-06-05T00:06:43.249+0000] {processor.py:161} INFO - Started process (PID=549) to work on /home/airflow/.local/lib/python3.12/site-packages/airflow/example_dags/example_external_task_marker_dag.py
[2024-06-05T00:06:43.250+0000] {processor.py:830} INFO - Processing file /home/airflow/.local/lib/python3.12/site-packages/airflow/example_dags/example_external_task_marker_dag.py for tasks to queue
[2024-06-05T00:06:43.253+0000] {logging_mixin.py:188} INFO - [2024-06-05T00:06:43.252+0000] {dagbag.py:545} INFO - Filling up the DagBag from /home/airflow/.local/lib/python3.12/site-packages/airflow/example_dags/example_external_task_marker_dag.py
[2024-06-05T00:06:43.260+0000] {processor.py:840} INFO - DAG(s) 'example_external_task_marker_child', 'example_external_task_marker_parent' retrieved from /home/airflow/.local/lib/python3.12/site-packages/airflow/example_dags/example_external_task_marker_dag.py
[2024-06-05T00:06:43.280+0000] {logging_mixin.py:188} INFO - [2024-06-05T00:06:43.280+0000] {dag.py:3096} INFO - Sync 2 DAGs
[2024-06-05T00:06:43.293+0000] {logging_mixin.py:188} INFO - [2024-06-05T00:06:43.292+0000] {dag.py:3954} INFO - Setting next_dagrun for example_external_task_marker_child to None, run_after=None
[2024-06-05T00:06:43.296+0000] {logging_mixin.py:188} INFO - [2024-06-05T00:06:43.296+0000] {dag.py:3954} INFO - Setting next_dagrun for example_external_task_marker_parent to None, run_after=None
[2024-06-05T00:06:43.310+0000] {processor.py:183} INFO - Processing /home/airflow/.local/lib/python3.12/site-packages/airflow/example_dags/example_external_task_marker_dag.py took 0.068 seconds
[2024-06-05T00:07:14.324+0000] {processor.py:161} INFO - Started process (PID=609) to work on /home/airflow/.local/lib/python3.12/site-packages/airflow/example_dags/example_external_task_marker_dag.py
[2024-06-05T00:07:14.325+0000] {processor.py:830} INFO - Processing file /home/airflow/.local/lib/python3.12/site-packages/airflow/example_dags/example_external_task_marker_dag.py for tasks to queue
[2024-06-05T00:07:14.327+0000] {logging_mixin.py:188} INFO - [2024-06-05T00:07:14.327+0000] {dagbag.py:545} INFO - Filling up the DagBag from /home/airflow/.local/lib/python3.12/site-packages/airflow/example_dags/example_external_task_marker_dag.py
[2024-06-05T00:07:14.335+0000] {processor.py:840} INFO - DAG(s) 'example_external_task_marker_parent', 'example_external_task_marker_child' retrieved from /home/airflow/.local/lib/python3.12/site-packages/airflow/example_dags/example_external_task_marker_dag.py
[2024-06-05T00:07:14.355+0000] {logging_mixin.py:188} INFO - [2024-06-05T00:07:14.355+0000] {dag.py:3096} INFO - Sync 2 DAGs
[2024-06-05T00:07:14.367+0000] {logging_mixin.py:188} INFO - [2024-06-05T00:07:14.366+0000] {dag.py:3954} INFO - Setting next_dagrun for example_external_task_marker_child to None, run_after=None
[2024-06-05T00:07:14.373+0000] {logging_mixin.py:188} INFO - [2024-06-05T00:07:14.373+0000] {dag.py:3954} INFO - Setting next_dagrun for example_external_task_marker_parent to None, run_after=None
[2024-06-05T00:07:14.389+0000] {processor.py:183} INFO - Processing /home/airflow/.local/lib/python3.12/site-packages/airflow/example_dags/example_external_task_marker_dag.py took 0.071 seconds
[2024-06-05T00:07:45.498+0000] {processor.py:161} INFO - Started process (PID=669) to work on /home/airflow/.local/lib/python3.12/site-packages/airflow/example_dags/example_external_task_marker_dag.py
[2024-06-05T00:07:45.502+0000] {processor.py:830} INFO - Processing file /home/airflow/.local/lib/python3.12/site-packages/airflow/example_dags/example_external_task_marker_dag.py for tasks to queue
[2024-06-05T00:07:45.505+0000] {logging_mixin.py:188} INFO - [2024-06-05T00:07:45.504+0000] {dagbag.py:545} INFO - Filling up the DagBag from /home/airflow/.local/lib/python3.12/site-packages/airflow/example_dags/example_external_task_marker_dag.py
[2024-06-05T00:07:45.514+0000] {processor.py:840} INFO - DAG(s) 'example_external_task_marker_child', 'example_external_task_marker_parent' retrieved from /home/airflow/.local/lib/python3.12/site-packages/airflow/example_dags/example_external_task_marker_dag.py
[2024-06-05T00:07:45.560+0000] {logging_mixin.py:188} INFO - [2024-06-05T00:07:45.560+0000] {dag.py:3096} INFO - Sync 2 DAGs
[2024-06-05T00:07:45.584+0000] {logging_mixin.py:188} INFO - [2024-06-05T00:07:45.584+0000] {dag.py:3954} INFO - Setting next_dagrun for example_external_task_marker_child to None, run_after=None
[2024-06-05T00:07:45.592+0000] {logging_mixin.py:188} INFO - [2024-06-05T00:07:45.591+0000] {dag.py:3954} INFO - Setting next_dagrun for example_external_task_marker_parent to None, run_after=None
[2024-06-05T00:07:45.618+0000] {processor.py:183} INFO - Processing /home/airflow/.local/lib/python3.12/site-packages/airflow/example_dags/example_external_task_marker_dag.py took 0.129 seconds
[2024-06-05T00:08:15.665+0000] {processor.py:161} INFO - Started process (PID=729) to work on /home/airflow/.local/lib/python3.12/site-packages/airflow/example_dags/example_external_task_marker_dag.py
[2024-06-05T00:08:15.666+0000] {processor.py:830} INFO - Processing file /home/airflow/.local/lib/python3.12/site-packages/airflow/example_dags/example_external_task_marker_dag.py for tasks to queue
[2024-06-05T00:08:15.668+0000] {logging_mixin.py:188} INFO - [2024-06-05T00:08:15.668+0000] {dagbag.py:545} INFO - Filling up the DagBag from /home/airflow/.local/lib/python3.12/site-packages/airflow/example_dags/example_external_task_marker_dag.py
[2024-06-05T00:08:15.675+0000] {processor.py:840} INFO - DAG(s) 'example_external_task_marker_parent', 'example_external_task_marker_child' retrieved from /home/airflow/.local/lib/python3.12/site-packages/airflow/example_dags/example_external_task_marker_dag.py
[2024-06-05T00:08:15.695+0000] {logging_mixin.py:188} INFO - [2024-06-05T00:08:15.695+0000] {dag.py:3096} INFO - Sync 2 DAGs
[2024-06-05T00:08:15.709+0000] {logging_mixin.py:188} INFO - [2024-06-05T00:08:15.709+0000] {dag.py:3954} INFO - Setting next_dagrun for example_external_task_marker_child to None, run_after=None
[2024-06-05T00:08:15.712+0000] {logging_mixin.py:188} INFO - [2024-06-05T00:08:15.712+0000] {dag.py:3954} INFO - Setting next_dagrun for example_external_task_marker_parent to None, run_after=None
[2024-06-05T00:08:15.723+0000] {processor.py:183} INFO - Processing /home/airflow/.local/lib/python3.12/site-packages/airflow/example_dags/example_external_task_marker_dag.py took 0.063 seconds
[2024-06-05T00:08:46.815+0000] {processor.py:161} INFO - Started process (PID=789) to work on /home/airflow/.local/lib/python3.12/site-packages/airflow/example_dags/example_external_task_marker_dag.py
[2024-06-05T00:08:46.816+0000] {processor.py:830} INFO - Processing file /home/airflow/.local/lib/python3.12/site-packages/airflow/example_dags/example_external_task_marker_dag.py for tasks to queue
[2024-06-05T00:08:46.818+0000] {logging_mixin.py:188} INFO - [2024-06-05T00:08:46.817+0000] {dagbag.py:545} INFO - Filling up the DagBag from /home/airflow/.local/lib/python3.12/site-packages/airflow/example_dags/example_external_task_marker_dag.py
[2024-06-05T00:08:46.823+0000] {processor.py:840} INFO - DAG(s) 'example_external_task_marker_parent', 'example_external_task_marker_child' retrieved from /home/airflow/.local/lib/python3.12/site-packages/airflow/example_dags/example_external_task_marker_dag.py
[2024-06-05T00:08:46.841+0000] {logging_mixin.py:188} INFO - [2024-06-05T00:08:46.840+0000] {dag.py:3096} INFO - Sync 2 DAGs
[2024-06-05T00:08:46.852+0000] {logging_mixin.py:188} INFO - [2024-06-05T00:08:46.851+0000] {dag.py:3954} INFO - Setting next_dagrun for example_external_task_marker_child to None, run_after=None
[2024-06-05T00:08:46.855+0000] {logging_mixin.py:188} INFO - [2024-06-05T00:08:46.855+0000] {dag.py:3954} INFO - Setting next_dagrun for example_external_task_marker_parent to None, run_after=None
[2024-06-05T00:08:46.867+0000] {processor.py:183} INFO - Processing /home/airflow/.local/lib/python3.12/site-packages/airflow/example_dags/example_external_task_marker_dag.py took 0.057 seconds
[2024-06-05T00:09:17.466+0000] {processor.py:161} INFO - Started process (PID=849) to work on /home/airflow/.local/lib/python3.12/site-packages/airflow/example_dags/example_external_task_marker_dag.py
[2024-06-05T00:09:17.467+0000] {processor.py:830} INFO - Processing file /home/airflow/.local/lib/python3.12/site-packages/airflow/example_dags/example_external_task_marker_dag.py for tasks to queue
[2024-06-05T00:09:17.469+0000] {logging_mixin.py:188} INFO - [2024-06-05T00:09:17.469+0000] {dagbag.py:545} INFO - Filling up the DagBag from /home/airflow/.local/lib/python3.12/site-packages/airflow/example_dags/example_external_task_marker_dag.py
[2024-06-05T00:09:17.475+0000] {processor.py:840} INFO - DAG(s) 'example_external_task_marker_parent', 'example_external_task_marker_child' retrieved from /home/airflow/.local/lib/python3.12/site-packages/airflow/example_dags/example_external_task_marker_dag.py
[2024-06-05T00:09:17.499+0000] {logging_mixin.py:188} INFO - [2024-06-05T00:09:17.499+0000] {dag.py:3096} INFO - Sync 2 DAGs
[2024-06-05T00:09:17.511+0000] {logging_mixin.py:188} INFO - [2024-06-05T00:09:17.511+0000] {dag.py:3954} INFO - Setting next_dagrun for example_external_task_marker_child to None, run_after=None
[2024-06-05T00:09:17.516+0000] {logging_mixin.py:188} INFO - [2024-06-05T00:09:17.515+0000] {dag.py:3954} INFO - Setting next_dagrun for example_external_task_marker_parent to None, run_after=None
[2024-06-05T00:09:17.529+0000] {processor.py:183} INFO - Processing /home/airflow/.local/lib/python3.12/site-packages/airflow/example_dags/example_external_task_marker_dag.py took 0.068 seconds
