[2024-06-05T00:02:36.272+0000] {processor.py:161} INFO - Started process (PID=45) to work on /home/airflow/.local/lib/python3.12/site-packages/airflow/example_dags/example_branch_labels.py
[2024-06-05T00:02:36.272+0000] {processor.py:830} INFO - Processing file /home/airflow/.local/lib/python3.12/site-packages/airflow/example_dags/example_branch_labels.py for tasks to queue
[2024-06-05T00:02:36.275+0000] {logging_mixin.py:188} INFO - [2024-06-05T00:02:36.275+0000] {dagbag.py:545} INFO - Filling up the DagBag from /home/airflow/.local/lib/python3.12/site-packages/airflow/example_dags/example_branch_labels.py
[2024-06-05T00:02:36.317+0000] {processor.py:840} INFO - DAG(s) 'example_branch_labels' retrieved from /home/airflow/.local/lib/python3.12/site-packages/airflow/example_dags/example_branch_labels.py
[2024-06-05T00:02:36.395+0000] {logging_mixin.py:188} INFO - [2024-06-05T00:02:36.393+0000] {dag.py:3096} INFO - Sync 1 DAGs
[2024-06-05T00:02:36.430+0000] {logging_mixin.py:188} INFO - [2024-06-05T00:02:36.430+0000] {dag.py:3954} INFO - Setting next_dagrun for example_branch_labels to 2024-06-04 00:00:00+00:00, run_after=2024-06-05 00:00:00+00:00
[2024-06-05T00:02:36.478+0000] {processor.py:183} INFO - Processing /home/airflow/.local/lib/python3.12/site-packages/airflow/example_dags/example_branch_labels.py took 0.236 seconds
[2024-06-05T00:03:07.180+0000] {processor.py:161} INFO - Started process (PID=105) to work on /home/airflow/.local/lib/python3.12/site-packages/airflow/example_dags/example_branch_labels.py
[2024-06-05T00:03:07.182+0000] {processor.py:830} INFO - Processing file /home/airflow/.local/lib/python3.12/site-packages/airflow/example_dags/example_branch_labels.py for tasks to queue
[2024-06-05T00:03:07.185+0000] {logging_mixin.py:188} INFO - [2024-06-05T00:03:07.184+0000] {dagbag.py:545} INFO - Filling up the DagBag from /home/airflow/.local/lib/python3.12/site-packages/airflow/example_dags/example_branch_labels.py
[2024-06-05T00:03:07.197+0000] {processor.py:840} INFO - DAG(s) 'example_branch_labels' retrieved from /home/airflow/.local/lib/python3.12/site-packages/airflow/example_dags/example_branch_labels.py
[2024-06-05T00:03:07.247+0000] {logging_mixin.py:188} INFO - [2024-06-05T00:03:07.245+0000] {dag.py:3096} INFO - Sync 1 DAGs
[2024-06-05T00:03:07.292+0000] {logging_mixin.py:188} INFO - [2024-06-05T00:03:07.292+0000] {dag.py:3954} INFO - Setting next_dagrun for example_branch_labels to 2024-06-04 00:00:00+00:00, run_after=2024-06-05 00:00:00+00:00
[2024-06-05T00:03:07.330+0000] {processor.py:183} INFO - Processing /home/airflow/.local/lib/python3.12/site-packages/airflow/example_dags/example_branch_labels.py took 0.158 seconds
[2024-06-05T00:03:38.136+0000] {processor.py:161} INFO - Started process (PID=165) to work on /home/airflow/.local/lib/python3.12/site-packages/airflow/example_dags/example_branch_labels.py
[2024-06-05T00:03:38.136+0000] {processor.py:830} INFO - Processing file /home/airflow/.local/lib/python3.12/site-packages/airflow/example_dags/example_branch_labels.py for tasks to queue
[2024-06-05T00:03:38.139+0000] {logging_mixin.py:188} INFO - [2024-06-05T00:03:38.138+0000] {dagbag.py:545} INFO - Filling up the DagBag from /home/airflow/.local/lib/python3.12/site-packages/airflow/example_dags/example_branch_labels.py
[2024-06-05T00:03:38.146+0000] {processor.py:840} INFO - DAG(s) 'example_branch_labels' retrieved from /home/airflow/.local/lib/python3.12/site-packages/airflow/example_dags/example_branch_labels.py
[2024-06-05T00:03:38.163+0000] {logging_mixin.py:188} INFO - [2024-06-05T00:03:38.163+0000] {dag.py:3096} INFO - Sync 1 DAGs
[2024-06-05T00:03:38.181+0000] {logging_mixin.py:188} INFO - [2024-06-05T00:03:38.181+0000] {dag.py:3954} INFO - Setting next_dagrun for example_branch_labels to 2024-06-04 00:00:00+00:00, run_after=2024-06-05 00:00:00+00:00
[2024-06-05T00:03:38.196+0000] {processor.py:183} INFO - Processing /home/airflow/.local/lib/python3.12/site-packages/airflow/example_dags/example_branch_labels.py took 0.066 seconds
[2024-06-05T00:04:09.240+0000] {processor.py:161} INFO - Started process (PID=225) to work on /home/airflow/.local/lib/python3.12/site-packages/airflow/example_dags/example_branch_labels.py
[2024-06-05T00:04:09.241+0000] {processor.py:830} INFO - Processing file /home/airflow/.local/lib/python3.12/site-packages/airflow/example_dags/example_branch_labels.py for tasks to queue
[2024-06-05T00:04:09.243+0000] {logging_mixin.py:188} INFO - [2024-06-05T00:04:09.243+0000] {dagbag.py:545} INFO - Filling up the DagBag from /home/airflow/.local/lib/python3.12/site-packages/airflow/example_dags/example_branch_labels.py
[2024-06-05T00:04:09.250+0000] {processor.py:840} INFO - DAG(s) 'example_branch_labels' retrieved from /home/airflow/.local/lib/python3.12/site-packages/airflow/example_dags/example_branch_labels.py
[2024-06-05T00:04:09.267+0000] {logging_mixin.py:188} INFO - [2024-06-05T00:04:09.267+0000] {dag.py:3096} INFO - Sync 1 DAGs
[2024-06-05T00:04:09.287+0000] {logging_mixin.py:188} INFO - [2024-06-05T00:04:09.287+0000] {dag.py:3954} INFO - Setting next_dagrun for example_branch_labels to 2024-06-04 00:00:00+00:00, run_after=2024-06-05 00:00:00+00:00
[2024-06-05T00:04:09.301+0000] {processor.py:183} INFO - Processing /home/airflow/.local/lib/python3.12/site-packages/airflow/example_dags/example_branch_labels.py took 0.067 seconds
[2024-06-05T00:04:39.366+0000] {processor.py:161} INFO - Started process (PID=285) to work on /home/airflow/.local/lib/python3.12/site-packages/airflow/example_dags/example_branch_labels.py
[2024-06-05T00:04:39.366+0000] {processor.py:830} INFO - Processing file /home/airflow/.local/lib/python3.12/site-packages/airflow/example_dags/example_branch_labels.py for tasks to queue
[2024-06-05T00:04:39.369+0000] {logging_mixin.py:188} INFO - [2024-06-05T00:04:39.368+0000] {dagbag.py:545} INFO - Filling up the DagBag from /home/airflow/.local/lib/python3.12/site-packages/airflow/example_dags/example_branch_labels.py
[2024-06-05T00:04:39.375+0000] {processor.py:840} INFO - DAG(s) 'example_branch_labels' retrieved from /home/airflow/.local/lib/python3.12/site-packages/airflow/example_dags/example_branch_labels.py
[2024-06-05T00:04:39.393+0000] {logging_mixin.py:188} INFO - [2024-06-05T00:04:39.393+0000] {dag.py:3096} INFO - Sync 1 DAGs
[2024-06-05T00:04:39.412+0000] {logging_mixin.py:188} INFO - [2024-06-05T00:04:39.412+0000] {dag.py:3954} INFO - Setting next_dagrun for example_branch_labels to 2024-06-04 00:00:00+00:00, run_after=2024-06-05 00:00:00+00:00
[2024-06-05T00:04:39.427+0000] {processor.py:183} INFO - Processing /home/airflow/.local/lib/python3.12/site-packages/airflow/example_dags/example_branch_labels.py took 0.066 seconds
[2024-06-05T00:05:09.477+0000] {processor.py:161} INFO - Started process (PID=343) to work on /home/airflow/.local/lib/python3.12/site-packages/airflow/example_dags/example_branch_labels.py
[2024-06-05T00:05:09.478+0000] {processor.py:830} INFO - Processing file /home/airflow/.local/lib/python3.12/site-packages/airflow/example_dags/example_branch_labels.py for tasks to queue
[2024-06-05T00:05:09.480+0000] {logging_mixin.py:188} INFO - [2024-06-05T00:05:09.479+0000] {dagbag.py:545} INFO - Filling up the DagBag from /home/airflow/.local/lib/python3.12/site-packages/airflow/example_dags/example_branch_labels.py
[2024-06-05T00:05:09.486+0000] {processor.py:840} INFO - DAG(s) 'example_branch_labels' retrieved from /home/airflow/.local/lib/python3.12/site-packages/airflow/example_dags/example_branch_labels.py
[2024-06-05T00:05:09.503+0000] {logging_mixin.py:188} INFO - [2024-06-05T00:05:09.503+0000] {dag.py:3096} INFO - Sync 1 DAGs
[2024-06-05T00:05:09.521+0000] {logging_mixin.py:188} INFO - [2024-06-05T00:05:09.521+0000] {dag.py:3954} INFO - Setting next_dagrun for example_branch_labels to 2024-06-04 00:00:00+00:00, run_after=2024-06-05 00:00:00+00:00
[2024-06-05T00:05:09.537+0000] {processor.py:183} INFO - Processing /home/airflow/.local/lib/python3.12/site-packages/airflow/example_dags/example_branch_labels.py took 0.065 seconds
[2024-06-05T00:05:39.682+0000] {processor.py:161} INFO - Started process (PID=403) to work on /home/airflow/.local/lib/python3.12/site-packages/airflow/example_dags/example_branch_labels.py
[2024-06-05T00:05:39.683+0000] {processor.py:830} INFO - Processing file /home/airflow/.local/lib/python3.12/site-packages/airflow/example_dags/example_branch_labels.py for tasks to queue
[2024-06-05T00:05:39.685+0000] {logging_mixin.py:188} INFO - [2024-06-05T00:05:39.685+0000] {dagbag.py:545} INFO - Filling up the DagBag from /home/airflow/.local/lib/python3.12/site-packages/airflow/example_dags/example_branch_labels.py
[2024-06-05T00:05:39.697+0000] {processor.py:840} INFO - DAG(s) 'example_branch_labels' retrieved from /home/airflow/.local/lib/python3.12/site-packages/airflow/example_dags/example_branch_labels.py
[2024-06-05T00:05:39.718+0000] {logging_mixin.py:188} INFO - [2024-06-05T00:05:39.718+0000] {dag.py:3096} INFO - Sync 1 DAGs
[2024-06-05T00:05:39.739+0000] {logging_mixin.py:188} INFO - [2024-06-05T00:05:39.739+0000] {dag.py:3954} INFO - Setting next_dagrun for example_branch_labels to 2024-06-04 00:00:00+00:00, run_after=2024-06-05 00:00:00+00:00
[2024-06-05T00:05:39.757+0000] {processor.py:183} INFO - Processing /home/airflow/.local/lib/python3.12/site-packages/airflow/example_dags/example_branch_labels.py took 0.082 seconds
[2024-06-05T00:06:10.244+0000] {processor.py:161} INFO - Started process (PID=463) to work on /home/airflow/.local/lib/python3.12/site-packages/airflow/example_dags/example_branch_labels.py
[2024-06-05T00:06:10.245+0000] {processor.py:830} INFO - Processing file /home/airflow/.local/lib/python3.12/site-packages/airflow/example_dags/example_branch_labels.py for tasks to queue
[2024-06-05T00:06:10.248+0000] {logging_mixin.py:188} INFO - [2024-06-05T00:06:10.248+0000] {dagbag.py:545} INFO - Filling up the DagBag from /home/airflow/.local/lib/python3.12/site-packages/airflow/example_dags/example_branch_labels.py
[2024-06-05T00:06:10.258+0000] {processor.py:840} INFO - DAG(s) 'example_branch_labels' retrieved from /home/airflow/.local/lib/python3.12/site-packages/airflow/example_dags/example_branch_labels.py
[2024-06-05T00:06:10.323+0000] {logging_mixin.py:188} INFO - [2024-06-05T00:06:10.322+0000] {dag.py:3096} INFO - Sync 1 DAGs
[2024-06-05T00:06:10.380+0000] {logging_mixin.py:188} INFO - [2024-06-05T00:06:10.380+0000] {dag.py:3954} INFO - Setting next_dagrun for example_branch_labels to 2024-06-04 00:00:00+00:00, run_after=2024-06-05 00:00:00+00:00
[2024-06-05T00:06:10.418+0000] {processor.py:183} INFO - Processing /home/airflow/.local/lib/python3.12/site-packages/airflow/example_dags/example_branch_labels.py took 0.180 seconds
[2024-06-05T00:06:40.518+0000] {processor.py:161} INFO - Started process (PID=523) to work on /home/airflow/.local/lib/python3.12/site-packages/airflow/example_dags/example_branch_labels.py
[2024-06-05T00:06:40.519+0000] {processor.py:830} INFO - Processing file /home/airflow/.local/lib/python3.12/site-packages/airflow/example_dags/example_branch_labels.py for tasks to queue
[2024-06-05T00:06:40.521+0000] {logging_mixin.py:188} INFO - [2024-06-05T00:06:40.521+0000] {dagbag.py:545} INFO - Filling up the DagBag from /home/airflow/.local/lib/python3.12/site-packages/airflow/example_dags/example_branch_labels.py
[2024-06-05T00:06:40.532+0000] {processor.py:840} INFO - DAG(s) 'example_branch_labels' retrieved from /home/airflow/.local/lib/python3.12/site-packages/airflow/example_dags/example_branch_labels.py
[2024-06-05T00:06:40.550+0000] {logging_mixin.py:188} INFO - [2024-06-05T00:06:40.550+0000] {dag.py:3096} INFO - Sync 1 DAGs
[2024-06-05T00:06:40.571+0000] {logging_mixin.py:188} INFO - [2024-06-05T00:06:40.571+0000] {dag.py:3954} INFO - Setting next_dagrun for example_branch_labels to 2024-06-04 00:00:00+00:00, run_after=2024-06-05 00:00:00+00:00
[2024-06-05T00:06:40.588+0000] {processor.py:183} INFO - Processing /home/airflow/.local/lib/python3.12/site-packages/airflow/example_dags/example_branch_labels.py took 0.077 seconds
[2024-06-05T00:07:10.839+0000] {processor.py:161} INFO - Started process (PID=582) to work on /home/airflow/.local/lib/python3.12/site-packages/airflow/example_dags/example_branch_labels.py
[2024-06-05T00:07:10.840+0000] {processor.py:830} INFO - Processing file /home/airflow/.local/lib/python3.12/site-packages/airflow/example_dags/example_branch_labels.py for tasks to queue
[2024-06-05T00:07:10.843+0000] {logging_mixin.py:188} INFO - [2024-06-05T00:07:10.842+0000] {dagbag.py:545} INFO - Filling up the DagBag from /home/airflow/.local/lib/python3.12/site-packages/airflow/example_dags/example_branch_labels.py
[2024-06-05T00:07:10.852+0000] {processor.py:840} INFO - DAG(s) 'example_branch_labels' retrieved from /home/airflow/.local/lib/python3.12/site-packages/airflow/example_dags/example_branch_labels.py
[2024-06-05T00:07:10.869+0000] {logging_mixin.py:188} INFO - [2024-06-05T00:07:10.869+0000] {dag.py:3096} INFO - Sync 1 DAGs
[2024-06-05T00:07:10.889+0000] {logging_mixin.py:188} INFO - [2024-06-05T00:07:10.889+0000] {dag.py:3954} INFO - Setting next_dagrun for example_branch_labels to 2024-06-04 00:00:00+00:00, run_after=2024-06-05 00:00:00+00:00
[2024-06-05T00:07:10.904+0000] {processor.py:183} INFO - Processing /home/airflow/.local/lib/python3.12/site-packages/airflow/example_dags/example_branch_labels.py took 0.070 seconds
[2024-06-05T00:07:41.676+0000] {processor.py:161} INFO - Started process (PID=643) to work on /home/airflow/.local/lib/python3.12/site-packages/airflow/example_dags/example_branch_labels.py
[2024-06-05T00:07:41.677+0000] {processor.py:830} INFO - Processing file /home/airflow/.local/lib/python3.12/site-packages/airflow/example_dags/example_branch_labels.py for tasks to queue
[2024-06-05T00:07:41.678+0000] {logging_mixin.py:188} INFO - [2024-06-05T00:07:41.678+0000] {dagbag.py:545} INFO - Filling up the DagBag from /home/airflow/.local/lib/python3.12/site-packages/airflow/example_dags/example_branch_labels.py
[2024-06-05T00:07:41.685+0000] {processor.py:840} INFO - DAG(s) 'example_branch_labels' retrieved from /home/airflow/.local/lib/python3.12/site-packages/airflow/example_dags/example_branch_labels.py
[2024-06-05T00:07:41.706+0000] {logging_mixin.py:188} INFO - [2024-06-05T00:07:41.706+0000] {dag.py:3096} INFO - Sync 1 DAGs
[2024-06-05T00:07:41.726+0000] {logging_mixin.py:188} INFO - [2024-06-05T00:07:41.726+0000] {dag.py:3954} INFO - Setting next_dagrun for example_branch_labels to 2024-06-04 00:00:00+00:00, run_after=2024-06-05 00:00:00+00:00
[2024-06-05T00:07:41.741+0000] {processor.py:183} INFO - Processing /home/airflow/.local/lib/python3.12/site-packages/airflow/example_dags/example_branch_labels.py took 0.070 seconds
[2024-06-05T00:08:11.940+0000] {processor.py:161} INFO - Started process (PID=703) to work on /home/airflow/.local/lib/python3.12/site-packages/airflow/example_dags/example_branch_labels.py
[2024-06-05T00:08:11.941+0000] {processor.py:830} INFO - Processing file /home/airflow/.local/lib/python3.12/site-packages/airflow/example_dags/example_branch_labels.py for tasks to queue
[2024-06-05T00:08:11.943+0000] {logging_mixin.py:188} INFO - [2024-06-05T00:08:11.943+0000] {dagbag.py:545} INFO - Filling up the DagBag from /home/airflow/.local/lib/python3.12/site-packages/airflow/example_dags/example_branch_labels.py
[2024-06-05T00:08:11.949+0000] {processor.py:840} INFO - DAG(s) 'example_branch_labels' retrieved from /home/airflow/.local/lib/python3.12/site-packages/airflow/example_dags/example_branch_labels.py
[2024-06-05T00:08:11.970+0000] {logging_mixin.py:188} INFO - [2024-06-05T00:08:11.969+0000] {dag.py:3096} INFO - Sync 1 DAGs
[2024-06-05T00:08:11.993+0000] {logging_mixin.py:188} INFO - [2024-06-05T00:08:11.993+0000] {dag.py:3954} INFO - Setting next_dagrun for example_branch_labels to 2024-06-04 00:00:00+00:00, run_after=2024-06-05 00:00:00+00:00
[2024-06-05T00:08:12.007+0000] {processor.py:183} INFO - Processing /home/airflow/.local/lib/python3.12/site-packages/airflow/example_dags/example_branch_labels.py took 0.072 seconds
[2024-06-05T00:08:42.483+0000] {processor.py:161} INFO - Started process (PID=763) to work on /home/airflow/.local/lib/python3.12/site-packages/airflow/example_dags/example_branch_labels.py
[2024-06-05T00:08:42.484+0000] {processor.py:830} INFO - Processing file /home/airflow/.local/lib/python3.12/site-packages/airflow/example_dags/example_branch_labels.py for tasks to queue
[2024-06-05T00:08:42.486+0000] {logging_mixin.py:188} INFO - [2024-06-05T00:08:42.486+0000] {dagbag.py:545} INFO - Filling up the DagBag from /home/airflow/.local/lib/python3.12/site-packages/airflow/example_dags/example_branch_labels.py
[2024-06-05T00:08:42.493+0000] {processor.py:840} INFO - DAG(s) 'example_branch_labels' retrieved from /home/airflow/.local/lib/python3.12/site-packages/airflow/example_dags/example_branch_labels.py
[2024-06-05T00:08:42.509+0000] {logging_mixin.py:188} INFO - [2024-06-05T00:08:42.509+0000] {dag.py:3096} INFO - Sync 1 DAGs
[2024-06-05T00:08:42.528+0000] {logging_mixin.py:188} INFO - [2024-06-05T00:08:42.528+0000] {dag.py:3954} INFO - Setting next_dagrun for example_branch_labels to 2024-06-04 00:00:00+00:00, run_after=2024-06-05 00:00:00+00:00
[2024-06-05T00:08:42.542+0000] {processor.py:183} INFO - Processing /home/airflow/.local/lib/python3.12/site-packages/airflow/example_dags/example_branch_labels.py took 0.064 seconds
[2024-06-05T00:09:13.029+0000] {processor.py:161} INFO - Started process (PID=823) to work on /home/airflow/.local/lib/python3.12/site-packages/airflow/example_dags/example_branch_labels.py
[2024-06-05T00:09:13.030+0000] {processor.py:830} INFO - Processing file /home/airflow/.local/lib/python3.12/site-packages/airflow/example_dags/example_branch_labels.py for tasks to queue
[2024-06-05T00:09:13.032+0000] {logging_mixin.py:188} INFO - [2024-06-05T00:09:13.032+0000] {dagbag.py:545} INFO - Filling up the DagBag from /home/airflow/.local/lib/python3.12/site-packages/airflow/example_dags/example_branch_labels.py
[2024-06-05T00:09:13.038+0000] {processor.py:840} INFO - DAG(s) 'example_branch_labels' retrieved from /home/airflow/.local/lib/python3.12/site-packages/airflow/example_dags/example_branch_labels.py
[2024-06-05T00:09:13.056+0000] {logging_mixin.py:188} INFO - [2024-06-05T00:09:13.056+0000] {dag.py:3096} INFO - Sync 1 DAGs
[2024-06-05T00:09:13.077+0000] {logging_mixin.py:188} INFO - [2024-06-05T00:09:13.077+0000] {dag.py:3954} INFO - Setting next_dagrun for example_branch_labels to 2024-06-04 00:00:00+00:00, run_after=2024-06-05 00:00:00+00:00
[2024-06-05T00:09:13.091+0000] {processor.py:183} INFO - Processing /home/airflow/.local/lib/python3.12/site-packages/airflow/example_dags/example_branch_labels.py took 0.067 seconds
[2024-06-05T00:09:43.725+0000] {processor.py:161} INFO - Started process (PID=884) to work on /home/airflow/.local/lib/python3.12/site-packages/airflow/example_dags/example_branch_labels.py
[2024-06-05T00:09:43.726+0000] {processor.py:830} INFO - Processing file /home/airflow/.local/lib/python3.12/site-packages/airflow/example_dags/example_branch_labels.py for tasks to queue
[2024-06-05T00:09:43.728+0000] {logging_mixin.py:188} INFO - [2024-06-05T00:09:43.728+0000] {dagbag.py:545} INFO - Filling up the DagBag from /home/airflow/.local/lib/python3.12/site-packages/airflow/example_dags/example_branch_labels.py
[2024-06-05T00:09:43.737+0000] {processor.py:840} INFO - DAG(s) 'example_branch_labels' retrieved from /home/airflow/.local/lib/python3.12/site-packages/airflow/example_dags/example_branch_labels.py
[2024-06-05T00:09:43.756+0000] {logging_mixin.py:188} INFO - [2024-06-05T00:09:43.756+0000] {dag.py:3096} INFO - Sync 1 DAGs
[2024-06-05T00:09:43.776+0000] {logging_mixin.py:188} INFO - [2024-06-05T00:09:43.775+0000] {dag.py:3954} INFO - Setting next_dagrun for example_branch_labels to 2024-06-04 00:00:00+00:00, run_after=2024-06-05 00:00:00+00:00
[2024-06-05T00:09:43.792+0000] {processor.py:183} INFO - Processing /home/airflow/.local/lib/python3.12/site-packages/airflow/example_dags/example_branch_labels.py took 0.072 seconds
