[2024-06-05T00:02:38.115+0000] {processor.py:161} INFO - Started process (PID=62) to work on /home/airflow/.local/lib/python3.12/site-packages/airflow/example_dags/example_task_group.py
[2024-06-05T00:02:38.116+0000] {processor.py:830} INFO - Processing file /home/airflow/.local/lib/python3.12/site-packages/airflow/example_dags/example_task_group.py for tasks to queue
[2024-06-05T00:02:38.119+0000] {logging_mixin.py:188} INFO - [2024-06-05T00:02:38.119+0000] {dagbag.py:545} INFO - Filling up the DagBag from /home/airflow/.local/lib/python3.12/site-packages/airflow/example_dags/example_task_group.py
[2024-06-05T00:02:38.127+0000] {processor.py:840} INFO - DAG(s) 'example_task_group' retrieved from /home/airflow/.local/lib/python3.12/site-packages/airflow/example_dags/example_task_group.py
[2024-06-05T00:02:38.148+0000] {logging_mixin.py:188} INFO - [2024-06-05T00:02:38.148+0000] {dag.py:3096} INFO - Sync 1 DAGs
[2024-06-05T00:02:38.170+0000] {logging_mixin.py:188} INFO - [2024-06-05T00:02:38.170+0000] {dag.py:3954} INFO - Setting next_dagrun for example_task_group to 2024-06-04 00:00:00+00:00, run_after=2024-06-05 00:00:00+00:00
[2024-06-05T00:02:38.190+0000] {processor.py:183} INFO - Processing /home/airflow/.local/lib/python3.12/site-packages/airflow/example_dags/example_task_group.py took 0.080 seconds
[2024-06-05T00:03:09.403+0000] {processor.py:161} INFO - Started process (PID=122) to work on /home/airflow/.local/lib/python3.12/site-packages/airflow/example_dags/example_task_group.py
[2024-06-05T00:03:09.407+0000] {processor.py:830} INFO - Processing file /home/airflow/.local/lib/python3.12/site-packages/airflow/example_dags/example_task_group.py for tasks to queue
[2024-06-05T00:03:09.412+0000] {logging_mixin.py:188} INFO - [2024-06-05T00:03:09.411+0000] {dagbag.py:545} INFO - Filling up the DagBag from /home/airflow/.local/lib/python3.12/site-packages/airflow/example_dags/example_task_group.py
[2024-06-05T00:03:09.440+0000] {processor.py:840} INFO - DAG(s) 'example_task_group' retrieved from /home/airflow/.local/lib/python3.12/site-packages/airflow/example_dags/example_task_group.py
[2024-06-05T00:03:09.478+0000] {logging_mixin.py:188} INFO - [2024-06-05T00:03:09.477+0000] {dag.py:3096} INFO - Sync 1 DAGs
[2024-06-05T00:03:09.525+0000] {logging_mixin.py:188} INFO - [2024-06-05T00:03:09.525+0000] {dag.py:3954} INFO - Setting next_dagrun for example_task_group to 2024-06-04 00:00:00+00:00, run_after=2024-06-05 00:00:00+00:00
[2024-06-05T00:03:09.566+0000] {processor.py:183} INFO - Processing /home/airflow/.local/lib/python3.12/site-packages/airflow/example_dags/example_task_group.py took 0.182 seconds
[2024-06-05T00:03:39.907+0000] {processor.py:161} INFO - Started process (PID=182) to work on /home/airflow/.local/lib/python3.12/site-packages/airflow/example_dags/example_task_group.py
[2024-06-05T00:03:39.908+0000] {processor.py:830} INFO - Processing file /home/airflow/.local/lib/python3.12/site-packages/airflow/example_dags/example_task_group.py for tasks to queue
[2024-06-05T00:03:39.911+0000] {logging_mixin.py:188} INFO - [2024-06-05T00:03:39.910+0000] {dagbag.py:545} INFO - Filling up the DagBag from /home/airflow/.local/lib/python3.12/site-packages/airflow/example_dags/example_task_group.py
[2024-06-05T00:03:39.919+0000] {processor.py:840} INFO - DAG(s) 'example_task_group' retrieved from /home/airflow/.local/lib/python3.12/site-packages/airflow/example_dags/example_task_group.py
[2024-06-05T00:03:39.937+0000] {logging_mixin.py:188} INFO - [2024-06-05T00:03:39.937+0000] {dag.py:3096} INFO - Sync 1 DAGs
[2024-06-05T00:03:39.954+0000] {logging_mixin.py:188} INFO - [2024-06-05T00:03:39.954+0000] {dag.py:3954} INFO - Setting next_dagrun for example_task_group to 2024-06-04 00:00:00+00:00, run_after=2024-06-05 00:00:00+00:00
[2024-06-05T00:03:39.970+0000] {processor.py:183} INFO - Processing /home/airflow/.local/lib/python3.12/site-packages/airflow/example_dags/example_task_group.py took 0.070 seconds
[2024-06-05T00:04:10.155+0000] {processor.py:161} INFO - Started process (PID=242) to work on /home/airflow/.local/lib/python3.12/site-packages/airflow/example_dags/example_task_group.py
[2024-06-05T00:04:10.156+0000] {processor.py:830} INFO - Processing file /home/airflow/.local/lib/python3.12/site-packages/airflow/example_dags/example_task_group.py for tasks to queue
[2024-06-05T00:04:10.158+0000] {logging_mixin.py:188} INFO - [2024-06-05T00:04:10.158+0000] {dagbag.py:545} INFO - Filling up the DagBag from /home/airflow/.local/lib/python3.12/site-packages/airflow/example_dags/example_task_group.py
[2024-06-05T00:04:10.165+0000] {processor.py:840} INFO - DAG(s) 'example_task_group' retrieved from /home/airflow/.local/lib/python3.12/site-packages/airflow/example_dags/example_task_group.py
[2024-06-05T00:04:10.183+0000] {logging_mixin.py:188} INFO - [2024-06-05T00:04:10.183+0000] {dag.py:3096} INFO - Sync 1 DAGs
[2024-06-05T00:04:10.202+0000] {logging_mixin.py:188} INFO - [2024-06-05T00:04:10.202+0000] {dag.py:3954} INFO - Setting next_dagrun for example_task_group to 2024-06-04 00:00:00+00:00, run_after=2024-06-05 00:00:00+00:00
[2024-06-05T00:04:10.216+0000] {processor.py:183} INFO - Processing /home/airflow/.local/lib/python3.12/site-packages/airflow/example_dags/example_task_group.py took 0.067 seconds
[2024-06-05T00:04:40.249+0000] {processor.py:161} INFO - Started process (PID=302) to work on /home/airflow/.local/lib/python3.12/site-packages/airflow/example_dags/example_task_group.py
[2024-06-05T00:04:40.250+0000] {processor.py:830} INFO - Processing file /home/airflow/.local/lib/python3.12/site-packages/airflow/example_dags/example_task_group.py for tasks to queue
[2024-06-05T00:04:40.251+0000] {logging_mixin.py:188} INFO - [2024-06-05T00:04:40.251+0000] {dagbag.py:545} INFO - Filling up the DagBag from /home/airflow/.local/lib/python3.12/site-packages/airflow/example_dags/example_task_group.py
[2024-06-05T00:04:40.258+0000] {processor.py:840} INFO - DAG(s) 'example_task_group' retrieved from /home/airflow/.local/lib/python3.12/site-packages/airflow/example_dags/example_task_group.py
[2024-06-05T00:04:40.276+0000] {logging_mixin.py:188} INFO - [2024-06-05T00:04:40.275+0000] {dag.py:3096} INFO - Sync 1 DAGs
[2024-06-05T00:04:40.294+0000] {logging_mixin.py:188} INFO - [2024-06-05T00:04:40.294+0000] {dag.py:3954} INFO - Setting next_dagrun for example_task_group to 2024-06-04 00:00:00+00:00, run_after=2024-06-05 00:00:00+00:00
[2024-06-05T00:04:40.310+0000] {processor.py:183} INFO - Processing /home/airflow/.local/lib/python3.12/site-packages/airflow/example_dags/example_task_group.py took 0.067 seconds
[2024-06-05T00:05:10.651+0000] {processor.py:161} INFO - Started process (PID=362) to work on /home/airflow/.local/lib/python3.12/site-packages/airflow/example_dags/example_task_group.py
[2024-06-05T00:05:10.651+0000] {processor.py:830} INFO - Processing file /home/airflow/.local/lib/python3.12/site-packages/airflow/example_dags/example_task_group.py for tasks to queue
[2024-06-05T00:05:10.653+0000] {logging_mixin.py:188} INFO - [2024-06-05T00:05:10.653+0000] {dagbag.py:545} INFO - Filling up the DagBag from /home/airflow/.local/lib/python3.12/site-packages/airflow/example_dags/example_task_group.py
[2024-06-05T00:05:10.660+0000] {processor.py:840} INFO - DAG(s) 'example_task_group' retrieved from /home/airflow/.local/lib/python3.12/site-packages/airflow/example_dags/example_task_group.py
[2024-06-05T00:05:10.677+0000] {logging_mixin.py:188} INFO - [2024-06-05T00:05:10.677+0000] {dag.py:3096} INFO - Sync 1 DAGs
[2024-06-05T00:05:10.696+0000] {logging_mixin.py:188} INFO - [2024-06-05T00:05:10.695+0000] {dag.py:3954} INFO - Setting next_dagrun for example_task_group to 2024-06-04 00:00:00+00:00, run_after=2024-06-05 00:00:00+00:00
[2024-06-05T00:05:10.710+0000] {processor.py:183} INFO - Processing /home/airflow/.local/lib/python3.12/site-packages/airflow/example_dags/example_task_group.py took 0.065 seconds
[2024-06-05T00:05:40.767+0000] {processor.py:161} INFO - Started process (PID=421) to work on /home/airflow/.local/lib/python3.12/site-packages/airflow/example_dags/example_task_group.py
[2024-06-05T00:05:40.768+0000] {processor.py:830} INFO - Processing file /home/airflow/.local/lib/python3.12/site-packages/airflow/example_dags/example_task_group.py for tasks to queue
[2024-06-05T00:05:40.770+0000] {logging_mixin.py:188} INFO - [2024-06-05T00:05:40.770+0000] {dagbag.py:545} INFO - Filling up the DagBag from /home/airflow/.local/lib/python3.12/site-packages/airflow/example_dags/example_task_group.py
[2024-06-05T00:05:40.776+0000] {processor.py:840} INFO - DAG(s) 'example_task_group' retrieved from /home/airflow/.local/lib/python3.12/site-packages/airflow/example_dags/example_task_group.py
[2024-06-05T00:05:40.792+0000] {logging_mixin.py:188} INFO - [2024-06-05T00:05:40.792+0000] {dag.py:3096} INFO - Sync 1 DAGs
[2024-06-05T00:05:40.808+0000] {logging_mixin.py:188} INFO - [2024-06-05T00:05:40.808+0000] {dag.py:3954} INFO - Setting next_dagrun for example_task_group to 2024-06-04 00:00:00+00:00, run_after=2024-06-05 00:00:00+00:00
[2024-06-05T00:05:40.822+0000] {processor.py:183} INFO - Processing /home/airflow/.local/lib/python3.12/site-packages/airflow/example_dags/example_task_group.py took 0.060 seconds
[2024-06-05T00:06:11.624+0000] {processor.py:161} INFO - Started process (PID=481) to work on /home/airflow/.local/lib/python3.12/site-packages/airflow/example_dags/example_task_group.py
[2024-06-05T00:06:11.625+0000] {processor.py:830} INFO - Processing file /home/airflow/.local/lib/python3.12/site-packages/airflow/example_dags/example_task_group.py for tasks to queue
[2024-06-05T00:06:11.627+0000] {logging_mixin.py:188} INFO - [2024-06-05T00:06:11.627+0000] {dagbag.py:545} INFO - Filling up the DagBag from /home/airflow/.local/lib/python3.12/site-packages/airflow/example_dags/example_task_group.py
[2024-06-05T00:06:11.635+0000] {processor.py:840} INFO - DAG(s) 'example_task_group' retrieved from /home/airflow/.local/lib/python3.12/site-packages/airflow/example_dags/example_task_group.py
[2024-06-05T00:06:11.653+0000] {logging_mixin.py:188} INFO - [2024-06-05T00:06:11.652+0000] {dag.py:3096} INFO - Sync 1 DAGs
[2024-06-05T00:06:11.670+0000] {logging_mixin.py:188} INFO - [2024-06-05T00:06:11.670+0000] {dag.py:3954} INFO - Setting next_dagrun for example_task_group to 2024-06-04 00:00:00+00:00, run_after=2024-06-05 00:00:00+00:00
[2024-06-05T00:06:11.686+0000] {processor.py:183} INFO - Processing /home/airflow/.local/lib/python3.12/site-packages/airflow/example_dags/example_task_group.py took 0.067 seconds
[2024-06-05T00:06:42.842+0000] {processor.py:161} INFO - Started process (PID=542) to work on /home/airflow/.local/lib/python3.12/site-packages/airflow/example_dags/example_task_group.py
[2024-06-05T00:06:42.842+0000] {processor.py:830} INFO - Processing file /home/airflow/.local/lib/python3.12/site-packages/airflow/example_dags/example_task_group.py for tasks to queue
[2024-06-05T00:06:42.844+0000] {logging_mixin.py:188} INFO - [2024-06-05T00:06:42.844+0000] {dagbag.py:545} INFO - Filling up the DagBag from /home/airflow/.local/lib/python3.12/site-packages/airflow/example_dags/example_task_group.py
[2024-06-05T00:06:42.851+0000] {processor.py:840} INFO - DAG(s) 'example_task_group' retrieved from /home/airflow/.local/lib/python3.12/site-packages/airflow/example_dags/example_task_group.py
[2024-06-05T00:06:42.870+0000] {logging_mixin.py:188} INFO - [2024-06-05T00:06:42.870+0000] {dag.py:3096} INFO - Sync 1 DAGs
[2024-06-05T00:06:42.889+0000] {logging_mixin.py:188} INFO - [2024-06-05T00:06:42.888+0000] {dag.py:3954} INFO - Setting next_dagrun for example_task_group to 2024-06-04 00:00:00+00:00, run_after=2024-06-05 00:00:00+00:00
[2024-06-05T00:06:42.907+0000] {processor.py:183} INFO - Processing /home/airflow/.local/lib/python3.12/site-packages/airflow/example_dags/example_task_group.py took 0.071 seconds
[2024-06-05T00:07:13.989+0000] {processor.py:161} INFO - Started process (PID=602) to work on /home/airflow/.local/lib/python3.12/site-packages/airflow/example_dags/example_task_group.py
[2024-06-05T00:07:13.990+0000] {processor.py:830} INFO - Processing file /home/airflow/.local/lib/python3.12/site-packages/airflow/example_dags/example_task_group.py for tasks to queue
[2024-06-05T00:07:13.992+0000] {logging_mixin.py:188} INFO - [2024-06-05T00:07:13.991+0000] {dagbag.py:545} INFO - Filling up the DagBag from /home/airflow/.local/lib/python3.12/site-packages/airflow/example_dags/example_task_group.py
[2024-06-05T00:07:13.998+0000] {processor.py:840} INFO - DAG(s) 'example_task_group' retrieved from /home/airflow/.local/lib/python3.12/site-packages/airflow/example_dags/example_task_group.py
[2024-06-05T00:07:14.017+0000] {logging_mixin.py:188} INFO - [2024-06-05T00:07:14.017+0000] {dag.py:3096} INFO - Sync 1 DAGs
[2024-06-05T00:07:14.038+0000] {logging_mixin.py:188} INFO - [2024-06-05T00:07:14.038+0000] {dag.py:3954} INFO - Setting next_dagrun for example_task_group to 2024-06-04 00:00:00+00:00, run_after=2024-06-05 00:00:00+00:00
[2024-06-05T00:07:14.055+0000] {processor.py:183} INFO - Processing /home/airflow/.local/lib/python3.12/site-packages/airflow/example_dags/example_task_group.py took 0.073 seconds
[2024-06-05T00:07:44.863+0000] {processor.py:161} INFO - Started process (PID=662) to work on /home/airflow/.local/lib/python3.12/site-packages/airflow/example_dags/example_task_group.py
[2024-06-05T00:07:44.864+0000] {processor.py:830} INFO - Processing file /home/airflow/.local/lib/python3.12/site-packages/airflow/example_dags/example_task_group.py for tasks to queue
[2024-06-05T00:07:44.868+0000] {logging_mixin.py:188} INFO - [2024-06-05T00:07:44.866+0000] {dagbag.py:545} INFO - Filling up the DagBag from /home/airflow/.local/lib/python3.12/site-packages/airflow/example_dags/example_task_group.py
[2024-06-05T00:07:44.890+0000] {processor.py:840} INFO - DAG(s) 'example_task_group' retrieved from /home/airflow/.local/lib/python3.12/site-packages/airflow/example_dags/example_task_group.py
[2024-06-05T00:07:44.925+0000] {logging_mixin.py:188} INFO - [2024-06-05T00:07:44.924+0000] {dag.py:3096} INFO - Sync 1 DAGs
[2024-06-05T00:07:44.964+0000] {logging_mixin.py:188} INFO - [2024-06-05T00:07:44.963+0000] {dag.py:3954} INFO - Setting next_dagrun for example_task_group to 2024-06-04 00:00:00+00:00, run_after=2024-06-05 00:00:00+00:00
[2024-06-05T00:07:45.000+0000] {processor.py:183} INFO - Processing /home/airflow/.local/lib/python3.12/site-packages/airflow/example_dags/example_task_group.py took 0.145 seconds
[2024-06-05T00:08:15.330+0000] {processor.py:161} INFO - Started process (PID=722) to work on /home/airflow/.local/lib/python3.12/site-packages/airflow/example_dags/example_task_group.py
[2024-06-05T00:08:15.330+0000] {processor.py:830} INFO - Processing file /home/airflow/.local/lib/python3.12/site-packages/airflow/example_dags/example_task_group.py for tasks to queue
[2024-06-05T00:08:15.332+0000] {logging_mixin.py:188} INFO - [2024-06-05T00:08:15.332+0000] {dagbag.py:545} INFO - Filling up the DagBag from /home/airflow/.local/lib/python3.12/site-packages/airflow/example_dags/example_task_group.py
[2024-06-05T00:08:15.339+0000] {processor.py:840} INFO - DAG(s) 'example_task_group' retrieved from /home/airflow/.local/lib/python3.12/site-packages/airflow/example_dags/example_task_group.py
[2024-06-05T00:08:15.356+0000] {logging_mixin.py:188} INFO - [2024-06-05T00:08:15.356+0000] {dag.py:3096} INFO - Sync 1 DAGs
[2024-06-05T00:08:15.374+0000] {logging_mixin.py:188} INFO - [2024-06-05T00:08:15.374+0000] {dag.py:3954} INFO - Setting next_dagrun for example_task_group to 2024-06-04 00:00:00+00:00, run_after=2024-06-05 00:00:00+00:00
[2024-06-05T00:08:15.389+0000] {processor.py:183} INFO - Processing /home/airflow/.local/lib/python3.12/site-packages/airflow/example_dags/example_task_group.py took 0.065 seconds
[2024-06-05T00:08:46.287+0000] {processor.py:161} INFO - Started process (PID=781) to work on /home/airflow/.local/lib/python3.12/site-packages/airflow/example_dags/example_task_group.py
[2024-06-05T00:08:46.288+0000] {processor.py:830} INFO - Processing file /home/airflow/.local/lib/python3.12/site-packages/airflow/example_dags/example_task_group.py for tasks to queue
[2024-06-05T00:08:46.290+0000] {logging_mixin.py:188} INFO - [2024-06-05T00:08:46.289+0000] {dagbag.py:545} INFO - Filling up the DagBag from /home/airflow/.local/lib/python3.12/site-packages/airflow/example_dags/example_task_group.py
[2024-06-05T00:08:46.296+0000] {processor.py:840} INFO - DAG(s) 'example_task_group' retrieved from /home/airflow/.local/lib/python3.12/site-packages/airflow/example_dags/example_task_group.py
[2024-06-05T00:08:46.320+0000] {logging_mixin.py:188} INFO - [2024-06-05T00:08:46.319+0000] {dag.py:3096} INFO - Sync 1 DAGs
[2024-06-05T00:08:46.337+0000] {logging_mixin.py:188} INFO - [2024-06-05T00:08:46.337+0000] {dag.py:3954} INFO - Setting next_dagrun for example_task_group to 2024-06-04 00:00:00+00:00, run_after=2024-06-05 00:00:00+00:00
[2024-06-05T00:08:46.356+0000] {processor.py:183} INFO - Processing /home/airflow/.local/lib/python3.12/site-packages/airflow/example_dags/example_task_group.py took 0.074 seconds
[2024-06-05T00:09:16.937+0000] {processor.py:161} INFO - Started process (PID=841) to work on /home/airflow/.local/lib/python3.12/site-packages/airflow/example_dags/example_task_group.py
[2024-06-05T00:09:16.938+0000] {processor.py:830} INFO - Processing file /home/airflow/.local/lib/python3.12/site-packages/airflow/example_dags/example_task_group.py for tasks to queue
[2024-06-05T00:09:16.940+0000] {logging_mixin.py:188} INFO - [2024-06-05T00:09:16.939+0000] {dagbag.py:545} INFO - Filling up the DagBag from /home/airflow/.local/lib/python3.12/site-packages/airflow/example_dags/example_task_group.py
[2024-06-05T00:09:16.946+0000] {processor.py:840} INFO - DAG(s) 'example_task_group' retrieved from /home/airflow/.local/lib/python3.12/site-packages/airflow/example_dags/example_task_group.py
[2024-06-05T00:09:16.963+0000] {logging_mixin.py:188} INFO - [2024-06-05T00:09:16.962+0000] {dag.py:3096} INFO - Sync 1 DAGs
[2024-06-05T00:09:16.980+0000] {logging_mixin.py:188} INFO - [2024-06-05T00:09:16.980+0000] {dag.py:3954} INFO - Setting next_dagrun for example_task_group to 2024-06-04 00:00:00+00:00, run_after=2024-06-05 00:00:00+00:00
[2024-06-05T00:09:16.996+0000] {processor.py:183} INFO - Processing /home/airflow/.local/lib/python3.12/site-packages/airflow/example_dags/example_task_group.py took 0.064 seconds
