[2024-06-05T00:02:35.001+0000] {processor.py:161} INFO - Started process (PID=33) to work on /home/airflow/.local/lib/python3.12/site-packages/airflow/example_dags/tutorial_dag.py
[2024-06-05T00:02:35.004+0000] {processor.py:830} INFO - Processing file /home/airflow/.local/lib/python3.12/site-packages/airflow/example_dags/tutorial_dag.py for tasks to queue
[2024-06-05T00:02:35.010+0000] {logging_mixin.py:188} INFO - [2024-06-05T00:02:35.009+0000] {dagbag.py:545} INFO - Filling up the DagBag from /home/airflow/.local/lib/python3.12/site-packages/airflow/example_dags/tutorial_dag.py
[2024-06-05T00:02:35.024+0000] {processor.py:840} INFO - DAG(s) 'tutorial_dag' retrieved from /home/airflow/.local/lib/python3.12/site-packages/airflow/example_dags/tutorial_dag.py
[2024-06-05T00:02:35.079+0000] {logging_mixin.py:188} INFO - [2024-06-05T00:02:35.079+0000] {dag.py:3096} INFO - Sync 1 DAGs
[2024-06-05T00:02:35.092+0000] {logging_mixin.py:188} INFO - [2024-06-05T00:02:35.092+0000] {dag.py:3954} INFO - Setting next_dagrun for tutorial_dag to None, run_after=None
[2024-06-05T00:02:35.108+0000] {processor.py:183} INFO - Processing /home/airflow/.local/lib/python3.12/site-packages/airflow/example_dags/tutorial_dag.py took 0.124 seconds
[2024-06-05T00:03:05.583+0000] {processor.py:161} INFO - Started process (PID=93) to work on /home/airflow/.local/lib/python3.12/site-packages/airflow/example_dags/tutorial_dag.py
[2024-06-05T00:03:05.584+0000] {processor.py:830} INFO - Processing file /home/airflow/.local/lib/python3.12/site-packages/airflow/example_dags/tutorial_dag.py for tasks to queue
[2024-06-05T00:03:05.587+0000] {logging_mixin.py:188} INFO - [2024-06-05T00:03:05.586+0000] {dagbag.py:545} INFO - Filling up the DagBag from /home/airflow/.local/lib/python3.12/site-packages/airflow/example_dags/tutorial_dag.py
[2024-06-05T00:03:05.593+0000] {processor.py:840} INFO - DAG(s) 'tutorial_dag' retrieved from /home/airflow/.local/lib/python3.12/site-packages/airflow/example_dags/tutorial_dag.py
[2024-06-05T00:03:05.622+0000] {logging_mixin.py:188} INFO - [2024-06-05T00:03:05.622+0000] {dag.py:3096} INFO - Sync 1 DAGs
[2024-06-05T00:03:05.643+0000] {logging_mixin.py:188} INFO - [2024-06-05T00:03:05.643+0000] {dag.py:3954} INFO - Setting next_dagrun for tutorial_dag to None, run_after=None
[2024-06-05T00:03:05.670+0000] {processor.py:183} INFO - Processing /home/airflow/.local/lib/python3.12/site-packages/airflow/example_dags/tutorial_dag.py took 0.096 seconds
[2024-06-05T00:03:36.300+0000] {processor.py:161} INFO - Started process (PID=151) to work on /home/airflow/.local/lib/python3.12/site-packages/airflow/example_dags/tutorial_dag.py
[2024-06-05T00:03:36.301+0000] {processor.py:830} INFO - Processing file /home/airflow/.local/lib/python3.12/site-packages/airflow/example_dags/tutorial_dag.py for tasks to queue
[2024-06-05T00:03:36.303+0000] {logging_mixin.py:188} INFO - [2024-06-05T00:03:36.303+0000] {dagbag.py:545} INFO - Filling up the DagBag from /home/airflow/.local/lib/python3.12/site-packages/airflow/example_dags/tutorial_dag.py
[2024-06-05T00:03:36.308+0000] {processor.py:840} INFO - DAG(s) 'tutorial_dag' retrieved from /home/airflow/.local/lib/python3.12/site-packages/airflow/example_dags/tutorial_dag.py
[2024-06-05T00:03:36.328+0000] {logging_mixin.py:188} INFO - [2024-06-05T00:03:36.328+0000] {dag.py:3096} INFO - Sync 1 DAGs
[2024-06-05T00:03:36.344+0000] {logging_mixin.py:188} INFO - [2024-06-05T00:03:36.344+0000] {dag.py:3954} INFO - Setting next_dagrun for tutorial_dag to None, run_after=None
[2024-06-05T00:03:36.364+0000] {processor.py:183} INFO - Processing /home/airflow/.local/lib/python3.12/site-packages/airflow/example_dags/tutorial_dag.py took 0.069 seconds
[2024-06-05T00:04:06.442+0000] {processor.py:161} INFO - Started process (PID=211) to work on /home/airflow/.local/lib/python3.12/site-packages/airflow/example_dags/tutorial_dag.py
[2024-06-05T00:04:06.443+0000] {processor.py:830} INFO - Processing file /home/airflow/.local/lib/python3.12/site-packages/airflow/example_dags/tutorial_dag.py for tasks to queue
[2024-06-05T00:04:06.444+0000] {logging_mixin.py:188} INFO - [2024-06-05T00:04:06.444+0000] {dagbag.py:545} INFO - Filling up the DagBag from /home/airflow/.local/lib/python3.12/site-packages/airflow/example_dags/tutorial_dag.py
[2024-06-05T00:04:06.449+0000] {processor.py:840} INFO - DAG(s) 'tutorial_dag' retrieved from /home/airflow/.local/lib/python3.12/site-packages/airflow/example_dags/tutorial_dag.py
[2024-06-05T00:04:06.465+0000] {logging_mixin.py:188} INFO - [2024-06-05T00:04:06.465+0000] {dag.py:3096} INFO - Sync 1 DAGs
[2024-06-05T00:04:06.476+0000] {logging_mixin.py:188} INFO - [2024-06-05T00:04:06.476+0000] {dag.py:3954} INFO - Setting next_dagrun for tutorial_dag to None, run_after=None
[2024-06-05T00:04:06.491+0000] {processor.py:183} INFO - Processing /home/airflow/.local/lib/python3.12/site-packages/airflow/example_dags/tutorial_dag.py took 0.055 seconds
[2024-06-05T00:04:36.545+0000] {processor.py:161} INFO - Started process (PID=271) to work on /home/airflow/.local/lib/python3.12/site-packages/airflow/example_dags/tutorial_dag.py
[2024-06-05T00:04:36.545+0000] {processor.py:830} INFO - Processing file /home/airflow/.local/lib/python3.12/site-packages/airflow/example_dags/tutorial_dag.py for tasks to queue
[2024-06-05T00:04:36.547+0000] {logging_mixin.py:188} INFO - [2024-06-05T00:04:36.547+0000] {dagbag.py:545} INFO - Filling up the DagBag from /home/airflow/.local/lib/python3.12/site-packages/airflow/example_dags/tutorial_dag.py
[2024-06-05T00:04:36.552+0000] {processor.py:840} INFO - DAG(s) 'tutorial_dag' retrieved from /home/airflow/.local/lib/python3.12/site-packages/airflow/example_dags/tutorial_dag.py
[2024-06-05T00:04:36.569+0000] {logging_mixin.py:188} INFO - [2024-06-05T00:04:36.568+0000] {dag.py:3096} INFO - Sync 1 DAGs
[2024-06-05T00:04:36.581+0000] {logging_mixin.py:188} INFO - [2024-06-05T00:04:36.580+0000] {dag.py:3954} INFO - Setting next_dagrun for tutorial_dag to None, run_after=None
[2024-06-05T00:04:36.607+0000] {processor.py:183} INFO - Processing /home/airflow/.local/lib/python3.12/site-packages/airflow/example_dags/tutorial_dag.py took 0.068 seconds
[2024-06-05T00:05:06.787+0000] {processor.py:161} INFO - Started process (PID=331) to work on /home/airflow/.local/lib/python3.12/site-packages/airflow/example_dags/tutorial_dag.py
[2024-06-05T00:05:06.787+0000] {processor.py:830} INFO - Processing file /home/airflow/.local/lib/python3.12/site-packages/airflow/example_dags/tutorial_dag.py for tasks to queue
[2024-06-05T00:05:06.789+0000] {logging_mixin.py:188} INFO - [2024-06-05T00:05:06.789+0000] {dagbag.py:545} INFO - Filling up the DagBag from /home/airflow/.local/lib/python3.12/site-packages/airflow/example_dags/tutorial_dag.py
[2024-06-05T00:05:06.793+0000] {processor.py:840} INFO - DAG(s) 'tutorial_dag' retrieved from /home/airflow/.local/lib/python3.12/site-packages/airflow/example_dags/tutorial_dag.py
[2024-06-05T00:05:06.810+0000] {logging_mixin.py:188} INFO - [2024-06-05T00:05:06.810+0000] {dag.py:3096} INFO - Sync 1 DAGs
[2024-06-05T00:05:06.822+0000] {logging_mixin.py:188} INFO - [2024-06-05T00:05:06.821+0000] {dag.py:3954} INFO - Setting next_dagrun for tutorial_dag to None, run_after=None
[2024-06-05T00:05:06.849+0000] {processor.py:183} INFO - Processing /home/airflow/.local/lib/python3.12/site-packages/airflow/example_dags/tutorial_dag.py took 0.068 seconds
[2024-06-05T00:05:37.163+0000] {processor.py:161} INFO - Started process (PID=391) to work on /home/airflow/.local/lib/python3.12/site-packages/airflow/example_dags/tutorial_dag.py
[2024-06-05T00:05:37.164+0000] {processor.py:830} INFO - Processing file /home/airflow/.local/lib/python3.12/site-packages/airflow/example_dags/tutorial_dag.py for tasks to queue
[2024-06-05T00:05:37.165+0000] {logging_mixin.py:188} INFO - [2024-06-05T00:05:37.165+0000] {dagbag.py:545} INFO - Filling up the DagBag from /home/airflow/.local/lib/python3.12/site-packages/airflow/example_dags/tutorial_dag.py
[2024-06-05T00:05:37.170+0000] {processor.py:840} INFO - DAG(s) 'tutorial_dag' retrieved from /home/airflow/.local/lib/python3.12/site-packages/airflow/example_dags/tutorial_dag.py
[2024-06-05T00:05:37.187+0000] {logging_mixin.py:188} INFO - [2024-06-05T00:05:37.187+0000] {dag.py:3096} INFO - Sync 1 DAGs
[2024-06-05T00:05:37.198+0000] {logging_mixin.py:188} INFO - [2024-06-05T00:05:37.198+0000] {dag.py:3954} INFO - Setting next_dagrun for tutorial_dag to None, run_after=None
[2024-06-05T00:05:37.213+0000] {processor.py:183} INFO - Processing /home/airflow/.local/lib/python3.12/site-packages/airflow/example_dags/tutorial_dag.py took 0.056 seconds
[2024-06-05T00:06:07.302+0000] {processor.py:161} INFO - Started process (PID=451) to work on /home/airflow/.local/lib/python3.12/site-packages/airflow/example_dags/tutorial_dag.py
[2024-06-05T00:06:07.303+0000] {processor.py:830} INFO - Processing file /home/airflow/.local/lib/python3.12/site-packages/airflow/example_dags/tutorial_dag.py for tasks to queue
[2024-06-05T00:06:07.306+0000] {logging_mixin.py:188} INFO - [2024-06-05T00:06:07.305+0000] {dagbag.py:545} INFO - Filling up the DagBag from /home/airflow/.local/lib/python3.12/site-packages/airflow/example_dags/tutorial_dag.py
[2024-06-05T00:06:07.313+0000] {processor.py:840} INFO - DAG(s) 'tutorial_dag' retrieved from /home/airflow/.local/lib/python3.12/site-packages/airflow/example_dags/tutorial_dag.py
[2024-06-05T00:06:07.332+0000] {logging_mixin.py:188} INFO - [2024-06-05T00:06:07.332+0000] {dag.py:3096} INFO - Sync 1 DAGs
[2024-06-05T00:06:07.357+0000] {logging_mixin.py:188} INFO - [2024-06-05T00:06:07.357+0000] {dag.py:3954} INFO - Setting next_dagrun for tutorial_dag to None, run_after=None
[2024-06-05T00:06:07.391+0000] {processor.py:183} INFO - Processing /home/airflow/.local/lib/python3.12/site-packages/airflow/example_dags/tutorial_dag.py took 0.095 seconds
[2024-06-05T00:06:37.916+0000] {processor.py:161} INFO - Started process (PID=511) to work on /home/airflow/.local/lib/python3.12/site-packages/airflow/example_dags/tutorial_dag.py
[2024-06-05T00:06:37.917+0000] {processor.py:830} INFO - Processing file /home/airflow/.local/lib/python3.12/site-packages/airflow/example_dags/tutorial_dag.py for tasks to queue
[2024-06-05T00:06:37.920+0000] {logging_mixin.py:188} INFO - [2024-06-05T00:06:37.919+0000] {dagbag.py:545} INFO - Filling up the DagBag from /home/airflow/.local/lib/python3.12/site-packages/airflow/example_dags/tutorial_dag.py
[2024-06-05T00:06:37.925+0000] {processor.py:840} INFO - DAG(s) 'tutorial_dag' retrieved from /home/airflow/.local/lib/python3.12/site-packages/airflow/example_dags/tutorial_dag.py
[2024-06-05T00:06:37.944+0000] {logging_mixin.py:188} INFO - [2024-06-05T00:06:37.943+0000] {dag.py:3096} INFO - Sync 1 DAGs
[2024-06-05T00:06:37.959+0000] {logging_mixin.py:188} INFO - [2024-06-05T00:06:37.959+0000] {dag.py:3954} INFO - Setting next_dagrun for tutorial_dag to None, run_after=None
[2024-06-05T00:06:37.988+0000] {processor.py:183} INFO - Processing /home/airflow/.local/lib/python3.12/site-packages/airflow/example_dags/tutorial_dag.py took 0.078 seconds
[2024-06-05T00:07:08.357+0000] {processor.py:161} INFO - Started process (PID=571) to work on /home/airflow/.local/lib/python3.12/site-packages/airflow/example_dags/tutorial_dag.py
[2024-06-05T00:07:08.357+0000] {processor.py:830} INFO - Processing file /home/airflow/.local/lib/python3.12/site-packages/airflow/example_dags/tutorial_dag.py for tasks to queue
[2024-06-05T00:07:08.359+0000] {logging_mixin.py:188} INFO - [2024-06-05T00:07:08.359+0000] {dagbag.py:545} INFO - Filling up the DagBag from /home/airflow/.local/lib/python3.12/site-packages/airflow/example_dags/tutorial_dag.py
[2024-06-05T00:07:08.364+0000] {processor.py:840} INFO - DAG(s) 'tutorial_dag' retrieved from /home/airflow/.local/lib/python3.12/site-packages/airflow/example_dags/tutorial_dag.py
[2024-06-05T00:07:08.381+0000] {logging_mixin.py:188} INFO - [2024-06-05T00:07:08.380+0000] {dag.py:3096} INFO - Sync 1 DAGs
[2024-06-05T00:07:08.393+0000] {logging_mixin.py:188} INFO - [2024-06-05T00:07:08.393+0000] {dag.py:3954} INFO - Setting next_dagrun for tutorial_dag to None, run_after=None
[2024-06-05T00:07:08.413+0000] {processor.py:183} INFO - Processing /home/airflow/.local/lib/python3.12/site-packages/airflow/example_dags/tutorial_dag.py took 0.062 seconds
[2024-06-05T00:07:39.063+0000] {processor.py:161} INFO - Started process (PID=631) to work on /home/airflow/.local/lib/python3.12/site-packages/airflow/example_dags/tutorial_dag.py
[2024-06-05T00:07:39.064+0000] {processor.py:830} INFO - Processing file /home/airflow/.local/lib/python3.12/site-packages/airflow/example_dags/tutorial_dag.py for tasks to queue
[2024-06-05T00:07:39.066+0000] {logging_mixin.py:188} INFO - [2024-06-05T00:07:39.065+0000] {dagbag.py:545} INFO - Filling up the DagBag from /home/airflow/.local/lib/python3.12/site-packages/airflow/example_dags/tutorial_dag.py
[2024-06-05T00:07:39.070+0000] {processor.py:840} INFO - DAG(s) 'tutorial_dag' retrieved from /home/airflow/.local/lib/python3.12/site-packages/airflow/example_dags/tutorial_dag.py
[2024-06-05T00:07:39.089+0000] {logging_mixin.py:188} INFO - [2024-06-05T00:07:39.089+0000] {dag.py:3096} INFO - Sync 1 DAGs
[2024-06-05T00:07:39.100+0000] {logging_mixin.py:188} INFO - [2024-06-05T00:07:39.100+0000] {dag.py:3954} INFO - Setting next_dagrun for tutorial_dag to None, run_after=None
[2024-06-05T00:07:39.131+0000] {processor.py:183} INFO - Processing /home/airflow/.local/lib/python3.12/site-packages/airflow/example_dags/tutorial_dag.py took 0.074 seconds
[2024-06-05T00:08:09.401+0000] {processor.py:161} INFO - Started process (PID=691) to work on /home/airflow/.local/lib/python3.12/site-packages/airflow/example_dags/tutorial_dag.py
[2024-06-05T00:08:09.402+0000] {processor.py:830} INFO - Processing file /home/airflow/.local/lib/python3.12/site-packages/airflow/example_dags/tutorial_dag.py for tasks to queue
[2024-06-05T00:08:09.404+0000] {logging_mixin.py:188} INFO - [2024-06-05T00:08:09.404+0000] {dagbag.py:545} INFO - Filling up the DagBag from /home/airflow/.local/lib/python3.12/site-packages/airflow/example_dags/tutorial_dag.py
[2024-06-05T00:08:09.409+0000] {processor.py:840} INFO - DAG(s) 'tutorial_dag' retrieved from /home/airflow/.local/lib/python3.12/site-packages/airflow/example_dags/tutorial_dag.py
[2024-06-05T00:08:09.427+0000] {logging_mixin.py:188} INFO - [2024-06-05T00:08:09.427+0000] {dag.py:3096} INFO - Sync 1 DAGs
[2024-06-05T00:08:09.441+0000] {logging_mixin.py:188} INFO - [2024-06-05T00:08:09.440+0000] {dag.py:3954} INFO - Setting next_dagrun for tutorial_dag to None, run_after=None
[2024-06-05T00:08:09.458+0000] {processor.py:183} INFO - Processing /home/airflow/.local/lib/python3.12/site-packages/airflow/example_dags/tutorial_dag.py took 0.063 seconds
[2024-06-05T00:08:39.886+0000] {processor.py:161} INFO - Started process (PID=751) to work on /home/airflow/.local/lib/python3.12/site-packages/airflow/example_dags/tutorial_dag.py
[2024-06-05T00:08:39.887+0000] {processor.py:830} INFO - Processing file /home/airflow/.local/lib/python3.12/site-packages/airflow/example_dags/tutorial_dag.py for tasks to queue
[2024-06-05T00:08:39.889+0000] {logging_mixin.py:188} INFO - [2024-06-05T00:08:39.889+0000] {dagbag.py:545} INFO - Filling up the DagBag from /home/airflow/.local/lib/python3.12/site-packages/airflow/example_dags/tutorial_dag.py
[2024-06-05T00:08:39.895+0000] {processor.py:840} INFO - DAG(s) 'tutorial_dag' retrieved from /home/airflow/.local/lib/python3.12/site-packages/airflow/example_dags/tutorial_dag.py
[2024-06-05T00:08:39.913+0000] {logging_mixin.py:188} INFO - [2024-06-05T00:08:39.913+0000] {dag.py:3096} INFO - Sync 1 DAGs
[2024-06-05T00:08:39.927+0000] {logging_mixin.py:188} INFO - [2024-06-05T00:08:39.927+0000] {dag.py:3954} INFO - Setting next_dagrun for tutorial_dag to None, run_after=None
[2024-06-05T00:08:39.954+0000] {processor.py:183} INFO - Processing /home/airflow/.local/lib/python3.12/site-packages/airflow/example_dags/tutorial_dag.py took 0.075 seconds
[2024-06-05T00:09:10.521+0000] {processor.py:161} INFO - Started process (PID=811) to work on /home/airflow/.local/lib/python3.12/site-packages/airflow/example_dags/tutorial_dag.py
[2024-06-05T00:09:10.522+0000] {processor.py:830} INFO - Processing file /home/airflow/.local/lib/python3.12/site-packages/airflow/example_dags/tutorial_dag.py for tasks to queue
[2024-06-05T00:09:10.524+0000] {logging_mixin.py:188} INFO - [2024-06-05T00:09:10.524+0000] {dagbag.py:545} INFO - Filling up the DagBag from /home/airflow/.local/lib/python3.12/site-packages/airflow/example_dags/tutorial_dag.py
[2024-06-05T00:09:10.529+0000] {processor.py:840} INFO - DAG(s) 'tutorial_dag' retrieved from /home/airflow/.local/lib/python3.12/site-packages/airflow/example_dags/tutorial_dag.py
[2024-06-05T00:09:10.547+0000] {logging_mixin.py:188} INFO - [2024-06-05T00:09:10.547+0000] {dag.py:3096} INFO - Sync 1 DAGs
[2024-06-05T00:09:10.558+0000] {logging_mixin.py:188} INFO - [2024-06-05T00:09:10.558+0000] {dag.py:3954} INFO - Setting next_dagrun for tutorial_dag to None, run_after=None
[2024-06-05T00:09:10.575+0000] {processor.py:183} INFO - Processing /home/airflow/.local/lib/python3.12/site-packages/airflow/example_dags/tutorial_dag.py took 0.060 seconds
[2024-06-05T00:09:41.126+0000] {processor.py:161} INFO - Started process (PID=872) to work on /home/airflow/.local/lib/python3.12/site-packages/airflow/example_dags/tutorial_dag.py
[2024-06-05T00:09:41.127+0000] {processor.py:830} INFO - Processing file /home/airflow/.local/lib/python3.12/site-packages/airflow/example_dags/tutorial_dag.py for tasks to queue
[2024-06-05T00:09:41.129+0000] {logging_mixin.py:188} INFO - [2024-06-05T00:09:41.129+0000] {dagbag.py:545} INFO - Filling up the DagBag from /home/airflow/.local/lib/python3.12/site-packages/airflow/example_dags/tutorial_dag.py
[2024-06-05T00:09:41.137+0000] {processor.py:840} INFO - DAG(s) 'tutorial_dag' retrieved from /home/airflow/.local/lib/python3.12/site-packages/airflow/example_dags/tutorial_dag.py
[2024-06-05T00:09:41.159+0000] {logging_mixin.py:188} INFO - [2024-06-05T00:09:41.158+0000] {dag.py:3096} INFO - Sync 1 DAGs
[2024-06-05T00:09:41.172+0000] {logging_mixin.py:188} INFO - [2024-06-05T00:09:41.172+0000] {dag.py:3954} INFO - Setting next_dagrun for tutorial_dag to None, run_after=None
[2024-06-05T00:09:41.204+0000] {processor.py:183} INFO - Processing /home/airflow/.local/lib/python3.12/site-packages/airflow/example_dags/tutorial_dag.py took 0.084 seconds
