[2024-06-04T22:46:35.919+0000] {local_task_job_runner.py:120} INFO - ::group::Pre task execution logs
[2024-06-04T22:46:35.936+0000] {taskinstance.py:2076} INFO - Dependencies all met for dep_context=non-requeueable deps ti=<TaskInstance: ingestion_data.transformacion_de_datos manual__2024-06-04T22:46:32.936015+00:00 [queued]>
[2024-06-04T22:46:35.941+0000] {taskinstance.py:2076} INFO - Dependencies all met for dep_context=requeueable deps ti=<TaskInstance: ingestion_data.transformacion_de_datos manual__2024-06-04T22:46:32.936015+00:00 [queued]>
[2024-06-04T22:46:35.942+0000] {taskinstance.py:2306} INFO - Starting attempt 1 of 2
[2024-06-04T22:46:35.950+0000] {taskinstance.py:2330} INFO - Executing <Task(PythonOperator): transformacion_de_datos> on 2024-06-04 22:46:32.936015+00:00
[2024-06-04T22:46:35.956+0000] {warnings.py:110} WARNING - /home/***/.local/lib/python3.12/site-packages/***/task/task_runner/standard_task_runner.py:61: DeprecationWarning: This process (pid=65) is multi-threaded, use of fork() may lead to deadlocks in the child.
  pid = os.fork()

[2024-06-04T22:46:35.957+0000] {standard_task_runner.py:63} INFO - Started process 67 to run task
[2024-06-04T22:46:35.958+0000] {standard_task_runner.py:90} INFO - Running: ['***', 'tasks', 'run', 'ingestion_data', 'transformacion_de_datos', 'manual__2024-06-04T22:46:32.936015+00:00', '--job-id', '11', '--raw', '--subdir', 'DAGS_FOLDER/entregable_dag.py', '--cfg-path', '/tmp/tmpvtttwah3']
[2024-06-04T22:46:35.959+0000] {standard_task_runner.py:91} INFO - Job 11: Subtask transformacion_de_datos
[2024-06-04T22:46:35.995+0000] {task_command.py:426} INFO - Running <TaskInstance: ingestion_data.transformacion_de_datos manual__2024-06-04T22:46:32.936015+00:00 [running]> on host fd0d5636e48d
[2024-06-04T22:46:36.061+0000] {taskinstance.py:2648} INFO - Exporting env vars: AIRFLOW_CTX_DAG_OWNER='Guillermo Hernández' AIRFLOW_CTX_DAG_ID='ingestion_data' AIRFLOW_CTX_TASK_ID='transformacion_de_datos' AIRFLOW_CTX_EXECUTION_DATE='2024-06-04T22:46:32.936015+00:00' AIRFLOW_CTX_TRY_NUMBER='1' AIRFLOW_CTX_DAG_RUN_ID='manual__2024-06-04T22:46:32.936015+00:00'
[2024-06-04T22:46:36.063+0000] {taskinstance.py:430} INFO - ::endgroup::
[2024-06-04T22:46:38.095+0000] {python.py:237} INFO - Done. Returned value was:      Latitude  Longitude  ...  Wind_Speed_10M              Creation_Date
0       52.52  13.419998  ...             6.8 2024-06-04 22:46:38.090426
1       52.52  13.419998  ...             5.4 2024-06-04 22:46:38.090426
2       52.52  13.419998  ...             6.5 2024-06-04 22:46:38.090426
3       52.52  13.419998  ...             6.5 2024-06-04 22:46:38.090426
4       52.52  13.419998  ...             6.3 2024-06-04 22:46:38.090426
..        ...        ...  ...             ...                        ...
163     52.52  13.419998  ...             6.2 2024-06-04 22:46:38.090426
164     52.52  13.419998  ...             4.7 2024-06-04 22:46:38.090426
165     52.52  13.419998  ...             3.4 2024-06-04 22:46:38.090426
166     52.52  13.419998  ...             3.3 2024-06-04 22:46:38.090426
167     52.52  13.419998  ...             3.8 2024-06-04 22:46:38.090426

[168 rows x 16 columns]
[2024-06-04T22:46:38.133+0000] {taskinstance.py:441} INFO - ::group::Post task execution logs
[2024-06-04T22:46:38.244+0000] {taskinstance.py:1206} INFO - Marking task as SUCCESS. dag_id=ingestion_data, task_id=transformacion_de_datos, run_id=manual__2024-06-04T22:46:32.936015+00:00, execution_date=20240604T224632, start_date=20240604T224635, end_date=20240604T224638
[2024-06-04T22:46:38.301+0000] {local_task_job_runner.py:240} INFO - Task exited with return code 0
[2024-06-04T22:46:38.324+0000] {taskinstance.py:3498} INFO - 1 downstream tasks scheduled from follow-on schedule check
[2024-06-04T22:46:38.325+0000] {local_task_job_runner.py:222} INFO - ::endgroup::
