[2024-06-05T00:02:33.704+0000] {processor.py:161} INFO - Started process (PID=26) to work on /opt/airflow/dags/entregable_dag.py
[2024-06-05T00:02:33.705+0000] {processor.py:830} INFO - Processing file /opt/airflow/dags/entregable_dag.py for tasks to queue
[2024-06-05T00:02:33.707+0000] {logging_mixin.py:188} INFO - [2024-06-05T00:02:33.707+0000] {dagbag.py:545} INFO - Filling up the DagBag from /opt/airflow/dags/entregable_dag.py
[2024-06-05T00:02:34.479+0000] {processor.py:840} INFO - DAG(s) 'get_weather_data' retrieved from /opt/airflow/dags/entregable_dag.py
[2024-06-05T00:02:34.752+0000] {logging_mixin.py:188} INFO - [2024-06-05T00:02:34.752+0000] {dag.py:3096} INFO - Sync 1 DAGs
[2024-06-05T00:02:34.781+0000] {logging_mixin.py:188} INFO - [2024-06-05T00:02:34.781+0000] {dag.py:3954} INFO - Setting next_dagrun for get_weather_data to 2024-06-05 00:00:00+00:00, run_after=2024-06-06 00:00:00+00:00
[2024-06-05T00:02:34.828+0000] {processor.py:183} INFO - Processing /opt/airflow/dags/entregable_dag.py took 1.128 seconds
[2024-06-05T00:03:05.035+0000] {processor.py:161} INFO - Started process (PID=89) to work on /opt/airflow/dags/entregable_dag.py
[2024-06-05T00:03:05.036+0000] {processor.py:830} INFO - Processing file /opt/airflow/dags/entregable_dag.py for tasks to queue
[2024-06-05T00:03:05.038+0000] {logging_mixin.py:188} INFO - [2024-06-05T00:03:05.038+0000] {dagbag.py:545} INFO - Filling up the DagBag from /opt/airflow/dags/entregable_dag.py
[2024-06-05T00:03:06.496+0000] {processor.py:840} INFO - DAG(s) 'get_weather_data' retrieved from /opt/airflow/dags/entregable_dag.py
[2024-06-05T00:03:06.517+0000] {logging_mixin.py:188} INFO - [2024-06-05T00:03:06.517+0000] {dag.py:3096} INFO - Sync 1 DAGs
[2024-06-05T00:03:06.544+0000] {logging_mixin.py:188} INFO - [2024-06-05T00:03:06.544+0000] {dag.py:3954} INFO - Setting next_dagrun for get_weather_data to 2024-06-05 00:00:00+00:00, run_after=2024-06-06 00:00:00+00:00
[2024-06-05T00:03:06.588+0000] {processor.py:183} INFO - Processing /opt/airflow/dags/entregable_dag.py took 1.558 seconds
[2024-06-05T00:03:37.594+0000] {processor.py:161} INFO - Started process (PID=156) to work on /opt/airflow/dags/entregable_dag.py
[2024-06-05T00:03:37.595+0000] {processor.py:830} INFO - Processing file /opt/airflow/dags/entregable_dag.py for tasks to queue
[2024-06-05T00:03:37.597+0000] {logging_mixin.py:188} INFO - [2024-06-05T00:03:37.597+0000] {dagbag.py:545} INFO - Filling up the DagBag from /opt/airflow/dags/entregable_dag.py
[2024-06-05T00:03:38.067+0000] {processor.py:840} INFO - DAG(s) 'get_weather_data' retrieved from /opt/airflow/dags/entregable_dag.py
[2024-06-05T00:03:38.075+0000] {logging_mixin.py:188} INFO - [2024-06-05T00:03:38.075+0000] {dag.py:3096} INFO - Sync 1 DAGs
[2024-06-05T00:03:38.090+0000] {logging_mixin.py:188} INFO - [2024-06-05T00:03:38.090+0000] {dag.py:3954} INFO - Setting next_dagrun for get_weather_data to 2024-06-05 00:00:00+00:00, run_after=2024-06-06 00:00:00+00:00
[2024-06-05T00:03:38.103+0000] {processor.py:183} INFO - Processing /opt/airflow/dags/entregable_dag.py took 0.516 seconds
[2024-06-05T00:04:08.798+0000] {processor.py:161} INFO - Started process (PID=218) to work on /opt/airflow/dags/entregable_dag.py
[2024-06-05T00:04:08.799+0000] {processor.py:830} INFO - Processing file /opt/airflow/dags/entregable_dag.py for tasks to queue
[2024-06-05T00:04:08.801+0000] {logging_mixin.py:188} INFO - [2024-06-05T00:04:08.801+0000] {dagbag.py:545} INFO - Filling up the DagBag from /opt/airflow/dags/entregable_dag.py
[2024-06-05T00:04:09.180+0000] {processor.py:840} INFO - DAG(s) 'get_weather_data' retrieved from /opt/airflow/dags/entregable_dag.py
[2024-06-05T00:04:09.187+0000] {logging_mixin.py:188} INFO - [2024-06-05T00:04:09.187+0000] {dag.py:3096} INFO - Sync 1 DAGs
[2024-06-05T00:04:09.200+0000] {logging_mixin.py:188} INFO - [2024-06-05T00:04:09.200+0000] {dag.py:3954} INFO - Setting next_dagrun for get_weather_data to 2024-06-05 00:00:00+00:00, run_after=2024-06-06 00:00:00+00:00
[2024-06-05T00:04:09.212+0000] {processor.py:183} INFO - Processing /opt/airflow/dags/entregable_dag.py took 0.420 seconds
[2024-06-05T00:04:39.253+0000] {processor.py:161} INFO - Started process (PID=282) to work on /opt/airflow/dags/entregable_dag.py
[2024-06-05T00:04:39.254+0000] {processor.py:830} INFO - Processing file /opt/airflow/dags/entregable_dag.py for tasks to queue
[2024-06-05T00:04:39.256+0000] {logging_mixin.py:188} INFO - [2024-06-05T00:04:39.256+0000] {dagbag.py:545} INFO - Filling up the DagBag from /opt/airflow/dags/entregable_dag.py
[2024-06-05T00:04:39.619+0000] {processor.py:840} INFO - DAG(s) 'get_weather_data' retrieved from /opt/airflow/dags/entregable_dag.py
[2024-06-05T00:04:39.626+0000] {logging_mixin.py:188} INFO - [2024-06-05T00:04:39.626+0000] {dag.py:3096} INFO - Sync 1 DAGs
[2024-06-05T00:04:39.641+0000] {logging_mixin.py:188} INFO - [2024-06-05T00:04:39.641+0000] {dag.py:3954} INFO - Setting next_dagrun for get_weather_data to 2024-06-05 00:00:00+00:00, run_after=2024-06-06 00:00:00+00:00
[2024-06-05T00:04:39.655+0000] {processor.py:183} INFO - Processing /opt/airflow/dags/entregable_dag.py took 0.406 seconds
[2024-06-05T00:05:09.710+0000] {processor.py:161} INFO - Started process (PID=346) to work on /opt/airflow/dags/entregable_dag.py
[2024-06-05T00:05:09.710+0000] {processor.py:830} INFO - Processing file /opt/airflow/dags/entregable_dag.py for tasks to queue
[2024-06-05T00:05:09.712+0000] {logging_mixin.py:188} INFO - [2024-06-05T00:05:09.712+0000] {dagbag.py:545} INFO - Filling up the DagBag from /opt/airflow/dags/entregable_dag.py
[2024-06-05T00:05:10.104+0000] {processor.py:840} INFO - DAG(s) 'get_weather_data' retrieved from /opt/airflow/dags/entregable_dag.py
[2024-06-05T00:05:10.113+0000] {logging_mixin.py:188} INFO - [2024-06-05T00:05:10.112+0000] {dag.py:3096} INFO - Sync 1 DAGs
[2024-06-05T00:05:10.127+0000] {logging_mixin.py:188} INFO - [2024-06-05T00:05:10.126+0000] {dag.py:3954} INFO - Setting next_dagrun for get_weather_data to 2024-06-05 00:00:00+00:00, run_after=2024-06-06 00:00:00+00:00
[2024-06-05T00:05:10.139+0000] {processor.py:183} INFO - Processing /opt/airflow/dags/entregable_dag.py took 0.435 seconds
[2024-06-05T00:05:40.177+0000] {processor.py:161} INFO - Started process (PID=410) to work on /opt/airflow/dags/entregable_dag.py
[2024-06-05T00:05:40.178+0000] {processor.py:830} INFO - Processing file /opt/airflow/dags/entregable_dag.py for tasks to queue
[2024-06-05T00:05:40.180+0000] {logging_mixin.py:188} INFO - [2024-06-05T00:05:40.180+0000] {dagbag.py:545} INFO - Filling up the DagBag from /opt/airflow/dags/entregable_dag.py
[2024-06-05T00:05:40.558+0000] {processor.py:840} INFO - DAG(s) 'get_weather_data' retrieved from /opt/airflow/dags/entregable_dag.py
[2024-06-05T00:05:40.566+0000] {logging_mixin.py:188} INFO - [2024-06-05T00:05:40.566+0000] {dag.py:3096} INFO - Sync 1 DAGs
[2024-06-05T00:05:40.580+0000] {logging_mixin.py:188} INFO - [2024-06-05T00:05:40.580+0000] {dag.py:3954} INFO - Setting next_dagrun for get_weather_data to 2024-06-05 00:00:00+00:00, run_after=2024-06-06 00:00:00+00:00
[2024-06-05T00:05:40.592+0000] {processor.py:183} INFO - Processing /opt/airflow/dags/entregable_dag.py took 0.420 seconds
[2024-06-05T00:06:10.866+0000] {processor.py:161} INFO - Started process (PID=473) to work on /opt/airflow/dags/entregable_dag.py
[2024-06-05T00:06:10.867+0000] {processor.py:830} INFO - Processing file /opt/airflow/dags/entregable_dag.py for tasks to queue
[2024-06-05T00:06:10.869+0000] {logging_mixin.py:188} INFO - [2024-06-05T00:06:10.868+0000] {dagbag.py:545} INFO - Filling up the DagBag from /opt/airflow/dags/entregable_dag.py
[2024-06-05T00:06:11.341+0000] {processor.py:840} INFO - DAG(s) 'get_weather_data' retrieved from /opt/airflow/dags/entregable_dag.py
[2024-06-05T00:06:11.355+0000] {logging_mixin.py:188} INFO - [2024-06-05T00:06:11.354+0000] {dag.py:3096} INFO - Sync 1 DAGs
[2024-06-05T00:06:11.383+0000] {logging_mixin.py:188} INFO - [2024-06-05T00:06:11.382+0000] {dag.py:3954} INFO - Setting next_dagrun for get_weather_data to 2024-06-05 00:00:00+00:00, run_after=2024-06-06 00:00:00+00:00
[2024-06-05T00:06:11.401+0000] {processor.py:183} INFO - Processing /opt/airflow/dags/entregable_dag.py took 0.540 seconds
[2024-06-05T00:06:42.310+0000] {processor.py:161} INFO - Started process (PID=537) to work on /opt/airflow/dags/entregable_dag.py
[2024-06-05T00:06:42.310+0000] {processor.py:830} INFO - Processing file /opt/airflow/dags/entregable_dag.py for tasks to queue
[2024-06-05T00:06:42.312+0000] {logging_mixin.py:188} INFO - [2024-06-05T00:06:42.312+0000] {dagbag.py:545} INFO - Filling up the DagBag from /opt/airflow/dags/entregable_dag.py
[2024-06-05T00:06:42.705+0000] {processor.py:840} INFO - DAG(s) 'get_weather_data' retrieved from /opt/airflow/dags/entregable_dag.py
[2024-06-05T00:06:42.712+0000] {logging_mixin.py:188} INFO - [2024-06-05T00:06:42.712+0000] {dag.py:3096} INFO - Sync 1 DAGs
[2024-06-05T00:06:42.727+0000] {logging_mixin.py:188} INFO - [2024-06-05T00:06:42.727+0000] {dag.py:3954} INFO - Setting next_dagrun for get_weather_data to 2024-06-05 00:00:00+00:00, run_after=2024-06-06 00:00:00+00:00
[2024-06-05T00:06:42.739+0000] {processor.py:183} INFO - Processing /opt/airflow/dags/entregable_dag.py took 0.435 seconds
[2024-06-05T00:07:13.579+0000] {processor.py:161} INFO - Started process (PID=597) to work on /opt/airflow/dags/entregable_dag.py
[2024-06-05T00:07:13.582+0000] {processor.py:830} INFO - Processing file /opt/airflow/dags/entregable_dag.py for tasks to queue
[2024-06-05T00:07:13.585+0000] {logging_mixin.py:188} INFO - [2024-06-05T00:07:13.584+0000] {dagbag.py:545} INFO - Filling up the DagBag from /opt/airflow/dags/entregable_dag.py
[2024-06-05T00:07:13.994+0000] {processor.py:840} INFO - DAG(s) 'get_weather_data' retrieved from /opt/airflow/dags/entregable_dag.py
[2024-06-05T00:07:14.003+0000] {logging_mixin.py:188} INFO - [2024-06-05T00:07:14.003+0000] {dag.py:3096} INFO - Sync 1 DAGs
[2024-06-05T00:07:14.018+0000] {logging_mixin.py:188} INFO - [2024-06-05T00:07:14.018+0000] {dag.py:3954} INFO - Setting next_dagrun for get_weather_data to 2024-06-05 00:00:00+00:00, run_after=2024-06-06 00:00:00+00:00
[2024-06-05T00:07:14.029+0000] {processor.py:183} INFO - Processing /opt/airflow/dags/entregable_dag.py took 0.456 seconds
[2024-06-05T00:07:44.268+0000] {processor.py:161} INFO - Started process (PID=657) to work on /opt/airflow/dags/entregable_dag.py
[2024-06-05T00:07:44.269+0000] {processor.py:830} INFO - Processing file /opt/airflow/dags/entregable_dag.py for tasks to queue
[2024-06-05T00:07:44.274+0000] {logging_mixin.py:188} INFO - [2024-06-05T00:07:44.273+0000] {dagbag.py:545} INFO - Filling up the DagBag from /opt/airflow/dags/entregable_dag.py
[2024-06-05T00:07:44.799+0000] {processor.py:840} INFO - DAG(s) 'get_weather_data' retrieved from /opt/airflow/dags/entregable_dag.py
[2024-06-05T00:07:44.815+0000] {logging_mixin.py:188} INFO - [2024-06-05T00:07:44.815+0000] {dag.py:3096} INFO - Sync 1 DAGs
[2024-06-05T00:07:44.843+0000] {logging_mixin.py:188} INFO - [2024-06-05T00:07:44.842+0000] {dag.py:3954} INFO - Setting next_dagrun for get_weather_data to 2024-06-05 00:00:00+00:00, run_after=2024-06-06 00:00:00+00:00
[2024-06-05T00:07:44.860+0000] {processor.py:183} INFO - Processing /opt/airflow/dags/entregable_dag.py took 0.597 seconds
[2024-06-05T00:08:14.908+0000] {processor.py:161} INFO - Started process (PID=719) to work on /opt/airflow/dags/entregable_dag.py
[2024-06-05T00:08:14.909+0000] {processor.py:830} INFO - Processing file /opt/airflow/dags/entregable_dag.py for tasks to queue
[2024-06-05T00:08:14.911+0000] {logging_mixin.py:188} INFO - [2024-06-05T00:08:14.911+0000] {dagbag.py:545} INFO - Filling up the DagBag from /opt/airflow/dags/entregable_dag.py
[2024-06-05T00:08:15.253+0000] {processor.py:840} INFO - DAG(s) 'get_weather_data' retrieved from /opt/airflow/dags/entregable_dag.py
[2024-06-05T00:08:15.261+0000] {logging_mixin.py:188} INFO - [2024-06-05T00:08:15.260+0000] {dag.py:3096} INFO - Sync 1 DAGs
[2024-06-05T00:08:15.273+0000] {logging_mixin.py:188} INFO - [2024-06-05T00:08:15.273+0000] {dag.py:3954} INFO - Setting next_dagrun for get_weather_data to 2024-06-05 00:00:00+00:00, run_after=2024-06-06 00:00:00+00:00
[2024-06-05T00:08:15.296+0000] {processor.py:183} INFO - Processing /opt/airflow/dags/entregable_dag.py took 0.394 seconds
[2024-06-05T00:08:46.285+0000] {processor.py:161} INFO - Started process (PID=780) to work on /opt/airflow/dags/entregable_dag.py
[2024-06-05T00:08:46.286+0000] {processor.py:830} INFO - Processing file /opt/airflow/dags/entregable_dag.py for tasks to queue
[2024-06-05T00:08:46.289+0000] {logging_mixin.py:188} INFO - [2024-06-05T00:08:46.288+0000] {dagbag.py:545} INFO - Filling up the DagBag from /opt/airflow/dags/entregable_dag.py
[2024-06-05T00:08:46.667+0000] {processor.py:840} INFO - DAG(s) 'get_weather_data' retrieved from /opt/airflow/dags/entregable_dag.py
[2024-06-05T00:08:46.674+0000] {logging_mixin.py:188} INFO - [2024-06-05T00:08:46.674+0000] {dag.py:3096} INFO - Sync 1 DAGs
[2024-06-05T00:08:46.690+0000] {logging_mixin.py:188} INFO - [2024-06-05T00:08:46.690+0000] {dag.py:3954} INFO - Setting next_dagrun for get_weather_data to 2024-06-05 00:00:00+00:00, run_after=2024-06-06 00:00:00+00:00
[2024-06-05T00:08:46.705+0000] {processor.py:183} INFO - Processing /opt/airflow/dags/entregable_dag.py took 0.428 seconds
[2024-06-05T00:09:16.932+0000] {processor.py:161} INFO - Started process (PID=840) to work on /opt/airflow/dags/entregable_dag.py
[2024-06-05T00:09:16.933+0000] {processor.py:830} INFO - Processing file /opt/airflow/dags/entregable_dag.py for tasks to queue
[2024-06-05T00:09:16.935+0000] {logging_mixin.py:188} INFO - [2024-06-05T00:09:16.935+0000] {dagbag.py:545} INFO - Filling up the DagBag from /opt/airflow/dags/entregable_dag.py
[2024-06-05T00:09:17.316+0000] {processor.py:840} INFO - DAG(s) 'get_weather_data' retrieved from /opt/airflow/dags/entregable_dag.py
[2024-06-05T00:09:17.324+0000] {logging_mixin.py:188} INFO - [2024-06-05T00:09:17.323+0000] {dag.py:3096} INFO - Sync 1 DAGs
[2024-06-05T00:09:17.341+0000] {logging_mixin.py:188} INFO - [2024-06-05T00:09:17.340+0000] {dag.py:3954} INFO - Setting next_dagrun for get_weather_data to 2024-06-05 00:00:00+00:00, run_after=2024-06-06 00:00:00+00:00
[2024-06-05T00:09:17.353+0000] {processor.py:183} INFO - Processing /opt/airflow/dags/entregable_dag.py took 0.427 seconds
