[2024-06-04T23:35:33.996+0000] {local_task_job_runner.py:120} INFO - ::group::Pre task execution logs
[2024-06-04T23:35:34.015+0000] {taskinstance.py:2076} INFO - Dependencies all met for dep_context=non-requeueable deps ti=<TaskInstance: ingestion_data.limpieza_de_datos manual__2024-06-04T23:35:29.225305+00:00 [queued]>
[2024-06-04T23:35:34.022+0000] {taskinstance.py:2076} INFO - Dependencies all met for dep_context=requeueable deps ti=<TaskInstance: ingestion_data.limpieza_de_datos manual__2024-06-04T23:35:29.225305+00:00 [queued]>
[2024-06-04T23:35:34.022+0000] {taskinstance.py:2306} INFO - Starting attempt 1 of 2
[2024-06-04T23:35:34.033+0000] {taskinstance.py:2330} INFO - Executing <Task(PythonOperator): limpieza_de_datos> on 2024-06-04 23:35:29.225305+00:00
[2024-06-04T23:35:34.038+0000] {warnings.py:110} WARNING - /home/***/.local/lib/python3.12/site-packages/***/task/task_runner/standard_task_runner.py:61: DeprecationWarning: This process (pid=76) is multi-threaded, use of fork() may lead to deadlocks in the child.
  pid = os.fork()

[2024-06-04T23:35:34.040+0000] {standard_task_runner.py:63} INFO - Started process 78 to run task
[2024-06-04T23:35:34.040+0000] {standard_task_runner.py:90} INFO - Running: ['***', 'tasks', 'run', 'ingestion_data', 'limpieza_de_datos', 'manual__2024-06-04T23:35:29.225305+00:00', '--job-id', '30', '--raw', '--subdir', 'DAGS_FOLDER/entregable_dag.py', '--cfg-path', '/tmp/tmpkk0qqf12']
[2024-06-04T23:35:34.041+0000] {standard_task_runner.py:91} INFO - Job 30: Subtask limpieza_de_datos
[2024-06-04T23:35:34.078+0000] {task_command.py:426} INFO - Running <TaskInstance: ingestion_data.limpieza_de_datos manual__2024-06-04T23:35:29.225305+00:00 [running]> on host fd0d5636e48d
[2024-06-04T23:35:34.141+0000] {taskinstance.py:2648} INFO - Exporting env vars: AIRFLOW_CTX_DAG_OWNER='Guillermo Hernández' AIRFLOW_CTX_DAG_ID='ingestion_data' AIRFLOW_CTX_TASK_ID='limpieza_de_datos' AIRFLOW_CTX_EXECUTION_DATE='2024-06-04T23:35:29.225305+00:00' AIRFLOW_CTX_TRY_NUMBER='1' AIRFLOW_CTX_DAG_RUN_ID='manual__2024-06-04T23:35:29.225305+00:00'
[2024-06-04T23:35:34.143+0000] {taskinstance.py:430} INFO - ::endgroup::
[2024-06-04T23:35:35.130+0000] {python.py:237} INFO - Done. Returned value was:      Latitude  Longitude  ...  Wind_Speed_10M              Creation_Date
0       52.52  13.419998  ...             6.8 2024-06-04 23:35:35.123403
1       52.52  13.419998  ...             5.4 2024-06-04 23:35:35.123403
2       52.52  13.419998  ...             6.5 2024-06-04 23:35:35.123403
3       52.52  13.419998  ...             6.5 2024-06-04 23:35:35.123403
4       52.52  13.419998  ...             6.3 2024-06-04 23:35:35.123403
..        ...        ...  ...             ...                        ...
163     52.52  13.419998  ...             6.2 2024-06-04 23:35:35.123403
164     52.52  13.419998  ...             4.7 2024-06-04 23:35:35.123403
165     52.52  13.419998  ...             3.4 2024-06-04 23:35:35.123403
166     52.52  13.419998  ...             3.3 2024-06-04 23:35:35.123403
167     52.52  13.419998  ...             3.8 2024-06-04 23:35:35.123403

[168 rows x 16 columns]
[2024-06-04T23:35:35.157+0000] {taskinstance.py:441} INFO - ::group::Post task execution logs
[2024-06-04T23:35:35.197+0000] {taskinstance.py:1206} INFO - Marking task as SUCCESS. dag_id=ingestion_data, task_id=limpieza_de_datos, run_id=manual__2024-06-04T23:35:29.225305+00:00, execution_date=20240604T233529, start_date=20240604T233534, end_date=20240604T233535
[2024-06-04T23:35:35.219+0000] {local_task_job_runner.py:240} INFO - Task exited with return code 0
[2024-06-04T23:35:35.238+0000] {taskinstance.py:3498} INFO - 1 downstream tasks scheduled from follow-on schedule check
[2024-06-04T23:35:35.240+0000] {local_task_job_runner.py:222} INFO - ::endgroup::
